1568189282 10:08:02.576313 0,0
1568189282 10:08:02.576837 1,0
1568189282 10:08:02.577056 2,0
1568189282 10:08:02.577304 3,0
1568189282 10:08:02.589529 4,0
1568189282 10:08:02.597167 5,0
1568189282 10:08:02.599321 6,0
1568189282 10:08:02.600740 7,0
1568189282 10:08:02.621292 8,0
1568189282 10:08:02.631399 9,0
1568189282 10:08:02.642234 10,0
1568189292 10:08:12.439886 1,1
1568189292 10:08:12.612176 2,1
1568189292 10:08:12.762768 7,1
1568189292 10:08:12.800433 1,1
1568189292 10:08:12.815957 5,1
1568189292 10:08:12.903918 4,1
1568189292 10:08:12.970913 0,1
1568189293 10:08:13.383371 10,1
1568189293 10:08:13.487291 6,1
1568189293 10:08:13.534401 3,1
1568189293 10:08:13.684549 5,1
1568189293 10:08:13.897430 10,1
1568189293 10:08:13.992831 4,1
1568189294 10:08:14.315536 2,1
1568189294 10:08:14.710212 0,1
1568189295 10:08:15.194756 9,1
1568189295 10:08:15.305634 6,1
1568189295 10:08:15.738386 8,1
1568189295 10:08:15.779405 7,1
1568189301 10:08:21.555155 3,1
1568189309 10:08:29.145653 5,2
1568189309 10:08:29.798178 10,2
1568189309 10:08:29.873698 6,2
1568189309 10:08:29.994569 8,2
1568189310 10:08:30.296559 7,2
1568189310 10:08:30.322163 3,2
1568189310 10:08:30.324473 0,2
1568189310 10:08:30.365120 4,2
1568189310 10:08:30.433723 2,2
1568189310 10:08:30.458963 1,2
1568189310 10:08:30.642822 9,2
1568189310 10:08:30.764336 10,2
1568189311 10:08:31.513424 4,2
1568189312 10:08:32.743679 8,2
1568189312 10:08:32.790183 9,2
1568189312 10:08:32.843632 3,2
1568189313 10:08:33.419917 5,2
1568189313 10:08:33.793310 7,2
1568189313 10:08:33.982487 5,2
1568189314 10:08:34.817221 0,2
1568189314 10:08:34.846655 9,2
1568189315 10:08:35.526401 1,2
1568189315 10:08:35.548414 3,2
1568189320 10:08:40.350807 4,2
1568189320 10:08:40.553997 6,3
1568189321 10:08:41.078806 3,3
1568189321 10:08:41.374071 8,3
1568189322 10:08:42.217529 1,2
1568189322 10:08:42.543555 2,2
1568189322 10:08:42.676212 4,2
1568189324 10:08:44.753694 2,2
1568189325 10:08:45.049235 7,3
1568189325 10:08:45.361292 10,3
1568189325 10:08:45.615295 4,3
1568189325 10:08:45.895404 2,2
1568189326 10:08:46.082882 5,3
1568189327 10:08:47.032346 8,3
1568189327 10:08:47.094400 9,3
1568189327 10:08:47.354952 0,3
1568189327 10:08:47.427502 9,3
1568189327 10:08:47.524458 1,3
1568189327 10:08:47.979919 2,3
1568189328 10:08:48.120944 2,3
1568189329 10:08:49.000337 1,3
1568189329 10:08:49.762493 2,3
1568189329 10:08:49.785898 7,3
1568189330 10:08:50.158775 2,3
1568189330 10:08:50.354218 1,3
1568189330 10:08:50.438862 2,3
1568189331 10:08:51.493719 10,3
1568189331 10:08:51.598304 0,3
1568189331 10:08:51.942585 2,3
1568189332 10:08:52.811212 4,3
1568189334 10:08:54.550370 5,3
1568189334 10:08:54.552156 2,3
1568189335 10:08:55.987140 10,3
1568189336 10:08:56.074390 0,3
1568189337 10:08:57.269685 4,3
1568189338 10:08:58.451643 9,3
1568189338 10:08:58.533106 7,3
1568189340 10:09:00.167007 10,3
1568189342 10:09:02.117278 4,3
1568189343 10:09:03.367383 9,3
1568189344 10:09:04.421072 5,3
1568189346 10:09:06.750727 4,3
1568189350 10:09:10.245385 6,4
1568189350 10:09:10.539701 6,4
1568189350 10:09:10.544625 3,4
1568189350 10:09:10.555352 1,4
1568189350 10:09:10.636625 7,4
1568189351 10:09:11.137820 0,4
1568189351 10:09:11.271087 2,4
1568189351 10:09:11.437200 0,4
1568189351 10:09:11.519612 0,4
1568189351 10:09:11.726678 0,4
1568189352 10:09:12.217561 4,4
1568189352 10:09:12.516675 7,4
1568189352 10:09:12.682089 8,4
1568189353 10:09:13.098800 3,4
1568189353 10:09:13.383733 5,4
1568189353 10:09:13.384279 10,4
1568189353 10:09:13.403716 10,4
1568189355 10:09:15.336772 10,4
1568189355 10:09:15.902356 9,4
1568189356 10:09:16.073303 4,4
1568189356 10:09:16.493304 0,4
1568189357 10:09:17.302861 5,4
1568189357 10:09:17.450668 2,4
1568189357 10:09:17.894319 9,4
1568189357 10:09:17.973193 4,4
1568189358 10:09:18.890245 0,4
1568189360 10:09:20.535799 2,4
1568189361 10:09:21.114197 9,4
1568189361 10:09:21.930543 4,4
1568189364 10:09:24.992291 5,4
1568189366 10:09:26.166410 9,4
1568189367 10:09:27.156494 4,4
1568189368 10:09:28.046042 10,5
1568189368 10:09:28.500093 5,4
1568189369 10:09:29.222207 9,4
1568189369 10:09:29.595770 4,4
1568189370 10:09:30.114924 2,5
1568189370 10:09:30.117331 7,5
1568189370 10:09:30.706647 5,4
1568189370 10:09:30.755776 9,4
1568189370 10:09:30.818734 4,4
1568189371 10:09:31.569937 6,5
1568189371 10:09:31.774418 5,4
1568189371 10:09:31.793664 9,4
1568189371 10:09:31.904079 4,5
1568189372 10:09:32.126590 1,5
1568189372 10:09:32.302679 10,5
1568189372 10:09:32.340644 8,5
1568189372 10:09:32.528281 4,5
1568189372 10:09:32.540387 9,4
1568189372 10:09:32.558604 4,5
1568189372 10:09:32.832782 3,5
1568189373 10:09:33.019231 7,5
1568189373 10:09:33.242479 5,4
1568189373 10:09:33.244213 9,4
1568189373 10:09:33.281711 0,5
1568189373 10:09:33.591620 2,5
1568189373 10:09:33.591781 5,4
1568189373 10:09:33.856572 5,5
1568189373 10:09:33.872120 9,4
1568189373 10:09:33.914888 9,4
1568189374 10:09:34.083344 1,5
1568189374 10:09:34.291984 9,5
1568189374 10:09:34.524573 9,5
1568189374 10:09:34.558269 0,5
1568189374 10:09:34.566132 1,5
1568189374 10:09:34.566558 2,5
1568189374 10:09:34.571749 3,5
1568189374 10:09:34.572010 4,5
1568189374 10:09:34.572119 5,5
1568189374 10:09:34.580971 6,5
1568189374 10:09:34.581118 7,5
1568189374 10:09:34.581225 8,5
1568189374 10:09:34.587848 9,5
1568189374 10:09:34.588017 10,5