1566813644 12:00:44.524561 0,0
1566813644 12:00:44.524965 1,0
1566813644 12:00:44.525073 2,0
1566813644 12:00:44.525138 3,0
1566813644 12:00:44.525323 4,0
1566813644 12:00:44.525448 5,0
1566813644 12:00:44.525540 6,0
1566813644 12:00:44.525615 7,0
1566813644 12:00:44.525656 8,0
1566813644 12:00:44.525686 9,0
1566813649 12:00:49.831781 5,1
1566813649 12:00:49.833364 8,1
1566813649 12:00:49.835185 9,1
1566813649 12:00:49.836084 7,1
1566813649 12:00:49.836598 6,1
1566813649 12:00:49.836654 4,1
1566813654 12:00:54.602420 9,2
1566813654 12:00:54.604943 7,2
1566813654 12:00:54.607622 8,2
1566813654 12:00:54.608595 4,2
1566813654 12:00:54.609708 5,2
1566813654 12:00:54.610190 6,2
1566813659 12:00:59.741274 8,3
1566813659 12:00:59.742662 4,3
1566813659 12:00:59.742798 6,3
1566813659 12:00:59.744285 7,3
1566813659 12:00:59.745054 5,3
1566813659 12:00:59.745314 9,3
1566813664 12:01:04.168143 5,4
1566813664 12:01:04.169739 9,4
1566813664 12:01:04.171205 7,4
1566813664 12:01:04.171501 8,4
1566813664 12:01:04.171946 4,4
1566813664 12:01:04.172386 6,4
1566813669 12:01:09.775021 5,5
1566813669 12:01:09.776498 7,5
1566813669 12:01:09.777061 9,5
1566813669 12:01:09.778503 8,5
1566813669 12:01:09.778912 4,5
1566813669 12:01:09.779102 6,5
1566813675 12:01:15.182466 7,6
1566813675 12:01:15.184072 4,6
1566813675 12:01:15.184339 5,6
1566813675 12:01:15.186247 8,6
1566813675 12:01:15.186764 9,6
1566813675 12:01:15.187015 6,6
1566813680 12:01:20.429709 4,7
1566813680 12:01:20.433656 8,7
1566813680 12:01:20.436650 7,7
1566813680 12:01:20.437631 9,7
1566813680 12:01:20.438094 6,7
1566813680 12:01:20.438370 5,7
1566813692 12:01:32.423786 0,1
1566813692 12:01:32.424207 0,2
1566813692 12:01:32.424634 0,3
1566813692 12:01:32.425049 0,4
1566813692 12:01:32.425377 0,5
1566813692 12:01:32.425774 0,6
1566813692 12:01:32.426242 0,7
1566813693 12:01:33.540210 7,8
1566813693 12:01:33.542498 6,8
1566813693 12:01:33.542896 5,8
1566813693 12:01:33.544607 0,8
1566813693 12:01:33.544913 4,8
1566813693 12:01:33.545917 8,8
1566813698 12:01:38.336446 5,9
1566813698 12:01:38.338197 7,9
1566813698 12:01:38.340530 8,9
1566813698 12:01:38.341387 6,9
1566813698 12:01:38.341516 4,9
1566813698 12:01:38.341638 0,9
1566813703 12:01:43.880844 6,10
1566813703 12:01:43.881678 7,10
1566813703 12:01:43.882030 8,10
1566813703 12:01:43.883232 0,10
1566813703 12:01:43.883620 4,10
1566813703 12:01:43.883881 5,10
