1566831890 17:04:50.150570 0,0
1566831890 17:04:50.150800 1,0
1566831890 17:04:50.150872 2,0
1566831890 17:04:50.150933 3,0
1566831890 17:04:50.151014 4,0
1566831890 17:04:50.151086 5,0
1566831890 17:04:50.151161 6,0
1566831890 17:04:50.151197 7,0
1566831890 17:04:50.151226 8,0
1566831890 17:04:50.151264 9,0
1566831890 17:04:50.151332 10,0
1566831892 17:04:52.690647 4,1
1566831892 17:04:52.696048 9,1
1566831892 17:04:52.696156 8,1
1566831892 17:04:52.696373 5,1
1566831892 17:04:52.696460 0,1
1566831892 17:04:52.696665 10,1
1566831892 17:04:52.696697 6,1
1566831892 17:04:52.696796 1,1
1566831892 17:04:52.696845 7,1
1566831892 17:04:52.696866 2,1
1566831892 17:04:52.696900 3,1
1566831896 17:04:56.063852 9,2
1566831896 17:04:56.067114 8,2
1566831896 17:04:56.073638 7,2
1566831896 17:04:56.074322 6,2
1566831896 17:04:56.076651 10,2
1566831896 17:04:56.078362 5,2
1566831900 17:05:00.816779 6,3
1566831900 17:05:00.818227 10,3
1566831900 17:05:00.819700 5,3
1566831900 17:05:00.820847 9,3
1566831900 17:05:00.821347 8,3
1566831900 17:05:00.821601 7,3
1566831905 17:05:05.784224 10,4
1566831905 17:05:05.786247 7,4
1566831905 17:05:05.788905 9,4
1566831905 17:05:05.789198 8,4
1566831905 17:05:05.791554 6,4
1566831905 17:05:05.792502 5,4
1566831923 17:05:23.054625 0,2
1566831923 17:05:23.055087 0,3
1566831923 17:05:23.055429 0,4
1566831923 17:05:23.989824 7,5
1566831923 17:05:23.990569 8,5
1566831923 17:05:23.990745 6,5
1566831923 17:05:23.991738 0,5
1566831923 17:05:23.992353 9,5
1566831923 17:05:23.992939 5,5
1566831928 17:05:28.054421 1,2
1566831928 17:05:28.054836 1,3
1566831928 17:05:28.055663 1,4
1566831928 17:05:28.057030 1,5
1566831928 17:05:28.630236 6,6
1566831928 17:05:28.635695 5,6
1566831928 17:05:28.637018 0,6
1566831928 17:05:28.637453 7,6
1566831928 17:05:28.638431 8,6
1566831928 17:05:28.639141 1,6
1566831928 17:05:28.639256 9,6
1566831932 17:05:32.159992 5,7
1566831932 17:05:32.160089 9,7
1566831932 17:05:32.162770 1,7
1566831932 17:05:32.162831 8,7
1566831932 17:05:32.162897 0,7
1566831932 17:05:32.162991 7,7
1566831932 17:05:32.162992 6,7
1566831935 17:05:35.750298 1,8
1566831935 17:05:35.750438 9,8
1566831935 17:05:35.751930 5,8
1566831935 17:05:35.752513 0,8
1566831935 17:05:35.752650 8,8
1566831935 17:05:35.752828 7,8
1566831935 17:05:35.752873 6,8
1566831935 17:05:35.836181 0,8
1566831935 17:05:35.836230 1,8
1566831935 17:05:35.836255 2,1
1566831935 17:05:35.836305 3,1
1566831935 17:05:35.836321 4,1
1566831935 17:05:35.836330 5,8
1566831935 17:05:35.836338 6,8
1566831935 17:05:35.836345 7,8
1566831935 17:05:35.836353 8,8
1566831935 17:05:35.836360 9,8
1566831935 17:05:35.836368 10,4
