1566833758 17:35:58.010097 0,0
1566833758 17:35:58.010533 1,0
1566833758 17:35:58.010600 2,0
1566833758 17:35:58.010647 3,0
1566833758 17:35:58.010722 4,0
1566833758 17:35:58.010765 5,0
1566833758 17:35:58.010804 6,0
1566833758 17:35:58.010831 7,0
1566833758 17:35:58.010866 8,0
1566833758 17:35:58.010910 9,0
1566833758 17:35:58.010938 10,0
1566833759 17:35:59.355938 1,1
1566833759 17:35:59.359678 10,1
1566833759 17:35:59.360438 9,1
1566833759 17:35:59.360612 7,1
1566833759 17:35:59.361973 4,1
1566833759 17:35:59.362168 0,1
1566833759 17:35:59.362374 5,1
1566833759 17:35:59.362452 6,1
1566833759 17:35:59.362562 8,1
1566833759 17:35:59.362696 3,1
1566833759 17:35:59.363499 2,1
1566833760 17:36:00.791542 2,2
1566833760 17:36:00.794177 4,2
1566833760 17:36:00.794360 3,2
1566833760 17:36:00.794523 1,2
1566833760 17:36:00.795138 5,2
1566833760 17:36:00.795628 10,2
1566833760 17:36:00.796132 0,2
1566833760 17:36:00.796385 6,2
1566833760 17:36:00.796413 7,2
1566833760 17:36:00.796467 8,2
1566833760 17:36:00.796478 9,2
1566833762 17:36:02.292367 7,3
1566833762 17:36:02.293185 5,3
1566833762 17:36:02.293436 10,3
1566833762 17:36:02.293612 9,3
1566833762 17:36:02.293782 8,3
1566833762 17:36:02.293799 6,3
1566833765 17:36:05.282505 6,4
1566833765 17:36:05.283782 10,4
1566833765 17:36:05.283922 5,4
1566833765 17:36:05.286061 8,4
1566833765 17:36:05.286444 9,4
1566833765 17:36:05.286871 7,4
1566833773 17:36:13.916636 0,3
1566833773 17:36:13.917266 0,4
1566833774 17:36:14.856284 7,5
1566833774 17:36:14.860912 5,5
1566833774 17:36:14.861430 8,5
1566833774 17:36:14.861771 0,5
1566833774 17:36:14.862232 6,5
1566833774 17:36:14.863849 9,5
1566833776 17:36:16.913178 1,3
1566833776 17:36:16.913846 1,4
1566833776 17:36:16.914358 1,5
1566833777 17:36:17.211644 8,6
1566833777 17:36:17.212690 0,6
1566833777 17:36:17.212814 7,6
1566833777 17:36:17.214449 1,6
1566833777 17:36:17.214764 6,6
1566833777 17:36:17.214931 9,6
1566833777 17:36:17.215089 5,6
1566833779 17:36:19.030704 8,7
1566833779 17:36:19.031382 0,7
1566833779 17:36:19.033270 9,7
1566833779 17:36:19.033535 1,7
1566833779 17:36:19.033778 5,7
1566833779 17:36:19.033846 7,7
1566833779 17:36:19.033863 6,7
1566833781 17:36:21.065796 0,8
1566833781 17:36:21.066862 1,8
1566833781 17:36:21.070802 7,8
1566833781 17:36:21.071429 8,8
1566833781 17:36:21.071653 5,8
1566833781 17:36:21.071758 6,8
1566833781 17:36:21.071823 9,8
1566833781 17:36:21.096212 0,8
1566833781 17:36:21.096409 1,8
1566833781 17:36:21.096470 2,2
1566833781 17:36:21.096490 3,2
1566833781 17:36:21.096510 4,2
1566833781 17:36:21.096603 5,8
1566833781 17:36:21.096622 6,8
1566833781 17:36:21.096631 7,8
1566833781 17:36:21.096640 8,8
1566833781 17:36:21.096647 9,8
1566833781 17:36:21.096655 10,4
