1572274974 08:02:54.183313 2,0
1572274974 08:02:54.889103 1,0
1572274974 08:02:54.947628 0,0
1572274975 08:02:55.198338 4,0
1572274975 08:02:55.191930 9,0
1572274975 08:02:55.188135 7,0
1572274975 08:02:55.236414 6,0
1572274975 08:02:55.138741 8,0
1572274975 08:02:55.611566 1,1
1572274975 08:02:55.594528 0,1
1572274975 08:02:55.694205 9,1
1572274975 08:02:55.686278 2,1
1572274975 08:02:55.709291 4,1
1572274975 08:02:55.696990 7,1
1572274975 08:02:55.586384 8,1
1572274975 08:02:55.771903 6,1
1572274976 08:02:56.190428 3,0
1572274976 08:02:56.195062 0,2
1572274976 08:02:56.215277 3,1
1572274976 08:02:56.201530 2,2
1572274976 08:02:56.094202 8,2
1572274976 08:02:56.212746 9,2
1572274976 08:02:56.207467 7,2
1572274976 08:02:56.219732 6,2
1572274976 08:02:56.225295 1,2
1572274976 08:02:56.225327 4,2
1572274976 08:02:56.243794 5,0
1572274976 08:02:56.277194 10,0
1572274976 08:02:56.289133 5,1
1572274976 08:02:56.312146 3,2
1572274976 08:02:56.354668 10,1
1572274976 08:02:56.326156 5,2
1572274976 08:02:56.361930 10,2
1572274976 08:02:56.637412 1,3
1572274976 08:02:56.712557 9,3
1572274976 08:02:56.704609 2,3
1572274976 08:02:56.718880 3,3
1572274976 08:02:56.709999 0,3
1572274976 08:02:56.730579 4,3
1572274976 08:02:56.734103 5,3
1572274976 08:02:56.769133 10,3
1572274976 08:02:56.604398 8,3
1572274976 08:02:56.717583 7,3
1572274976 08:02:56.729550 6,3
1572274977 08:02:57.047127 1,4
1572274977 08:02:57.122050 9,4
1572274977 08:02:57.119894 0,4
1572274977 08:02:57.126971 2,4
1572274977 08:02:57.140826 3,4
1572274977 08:02:57.182560 10,4
1572274977 08:02:57.230539 4,4
1572274977 08:02:57.214875 7,4
1572274977 08:02:57.102726 8,4
1572274977 08:02:57.237812 5,4
1572274977 08:02:57.235861 6,4
1572274977 08:02:57.455714 1,5
1572274977 08:02:57.533809 9,5
1572274977 08:02:57.528850 0,5
1572274977 08:02:57.551497 3,5
1572274977 08:02:57.537788 2,5
1572274977 08:02:57.593972 10,5
1572274977 08:02:57.628552 7,5
1572274977 08:02:57.518221 8,5
1572274977 08:02:57.654646 4,5
1572274977 08:02:57.651636 6,5
1572274977 08:02:57.660231 5,5
