1568207298 15:08:18.500517 0,0
1568207298 15:08:18.503064 1,0
1568207298 15:08:18.505417 2,0
1568207298 15:08:18.505832 3,0
1568207298 15:08:18.507358 4,0
1568207298 15:08:18.507457 5,0
1568207298 15:08:18.507620 6,0
1568207298 15:08:18.507753 7,0
1568207298 15:08:18.508817 8,0
1568207298 15:08:18.509088 9,0
1568207298 15:08:18.509205 10,0
1568207298 15:08:18.510432 11,0
1568207298 15:08:18.512519 12,0
1568207298 15:08:18.515547 13,0
1568207298 15:08:18.516464 14,0
1568207298 15:08:18.519000 15,0
1568207298 15:08:18.521086 16,0
1568207298 15:08:18.521806 17,0
1568207298 15:08:18.527479 18,0
1568207298 15:08:18.530410 19,0
1568207298 15:08:18.534697 20,0
1568207302 15:08:22.398295 5,1
1568207302 15:08:22.458957 20,1
1568207302 15:08:22.460232 20,1
1568207303 15:08:23.328469 20,1
1568207303 15:08:23.549718 8,1
1568207303 15:08:23.610111 3,1
1568207303 15:08:23.715676 6,1
1568207303 15:08:23.789293 15,1
1568207303 15:08:23.811569 19,1
1568207303 15:08:23.865534 9,1
1568207304 15:08:24.051290 18,1
1568207304 15:08:24.149824 11,1
1568207304 15:08:24.265240 10,1
1568207304 15:08:24.386423 7,1
1568207304 15:08:24.495337 17,1
1568207304 15:08:24.823730 5,1
1568207304 15:08:24.845194 13,1
1568207305 15:08:25.140106 1,1
1568207305 15:08:25.334707 9,1
1568207305 15:08:25.342547 12,1
1568207305 15:08:25.432744 18,1
1568207305 15:08:25.439259 7,1
1568207305 15:08:25.629232 16,1
1568207305 15:08:25.654330 5,1
1568207305 15:08:25.667551 19,1
1568207305 15:08:25.686952 1,1
1568207305 15:08:25.846267 12,1
1568207305 15:08:25.859665 10,1
1568207305 15:08:25.921744 8,1
1568207305 15:08:25.932931 15,1
1568207305 15:08:25.956911 1,1
1568207306 15:08:26.007309 9,1
1568207306 15:08:26.031531 11,1
1568207306 15:08:26.054501 16,1
1568207306 15:08:26.081218 13,1
1568207306 15:08:26.122315 8,1
1568207306 15:08:26.134634 1,1
1568207306 15:08:26.135636 1,1
1568207306 15:08:26.193839 16,1
1568207306 15:08:26.212901 17,1
1568207306 15:08:26.216270 8,1
1568207306 15:08:26.218385 12,1
1568207306 15:08:26.228659 13,1
1568207306 15:08:26.229772 6,1
1568207306 15:08:26.230197 8,1
1568207306 15:08:26.232229 12,1
1568207306 15:08:26.234314 3,1
1568207306 15:08:26.235024 13,1
1568207306 15:08:26.235893 13,1
1568207306 15:08:26.241767 8,1
1568207306 15:08:26.243429 9,1
1568207306 15:08:26.247387 12,1
1568207306 15:08:26.249276 1,1
1568207306 15:08:26.258073 12,1
1568207306 15:08:26.260628 13,1
1568207306 15:08:26.262454 9,1
1568207306 15:08:26.269111 19,1
1568207306 15:08:26.271020 18,1
1568207306 15:08:26.274825 3,1
1568207306 15:08:26.275095 15,1
1568207306 15:08:26.283042 10,1
1568207306 15:08:26.283417 19,1
1568207306 15:08:26.284109 19,1
1568207306 15:08:26.284306 13,1
1568207306 15:08:26.284930 2,1
1568207306 15:08:26.285133 14,1
1568207306 15:08:26.388142 17,1
1568207306 15:08:26.392453 11,1
1568207306 15:08:26.394236 14,1
1568207306 15:08:26.395292 17,1
1568207306 15:08:26.396161 3,1
1568207306 15:08:26.397409 15,1
1568207306 15:08:26.401521 11,1
1568207306 15:08:26.401828 18,1
1568207306 15:08:26.403801 18,1
1568207306 15:08:26.405488 13,1
1568207306 15:08:26.405992 12,1
1568207306 15:08:26.408141 15,1
1568207306 15:08:26.451808 10,1
1568207306 15:08:26.452910 19,1
1568207306 15:08:26.453380 17,1
1568207306 15:08:26.455732 17,1
1568207306 15:08:26.458778 17,1
1568207306 15:08:26.460785 12,1
1568207306 15:08:26.462271 12,1
1568207306 15:08:26.466016 11,1
1568207306 15:08:26.467337 6,1
1568207306 15:08:26.467866 7,1
1568207306 15:08:26.468337 6,1
1568207306 15:08:26.470763 6,1
1568207306 15:08:26.511365 9,1
1568207306 15:08:26.513771 0,1
1568207306 15:08:26.514295 2,1
1568207306 15:08:26.532346 15,1
1568207306 15:08:26.535311 17,1
1568207306 15:08:26.585827 10,1
1568207306 15:08:26.587411 14,1
1568207306 15:08:26.606775 4,1
1568207306 15:08:26.609825 20,1
1568207306 15:08:26.667863 11,1
1568207306 15:08:26.669150 11,1
1568207306 15:08:26.676814 14,1
1568207306 15:08:26.679458 18,1
1568207306 15:08:26.681512 0,1
1568207306 15:08:26.685634 20,1
1568207306 15:08:26.700648 7,1
1568207306 15:08:26.752341 18,1
1568207306 15:08:26.754380 3,1
1568207306 15:08:26.870901 1,1
1568207306 15:08:26.892301 10,1
1568207306 15:08:26.947036 10,1
1568207306 15:08:26.984138 14,1
1568207307 15:08:27.067842 7,1
1568207307 15:08:27.380079 0,1
1568207307 15:08:27.381973 14,1
1568207307 15:08:27.383653 14,1
1568207307 15:08:27.403082 20,1
1568207307 15:08:27.536877 7,1
1568207307 15:08:27.828578 4,1
1568207307 15:08:27.888100 14,1
1568207307 15:08:27.994727 7,1
1568207309 15:08:29.026905 14,1
1568207309 15:08:29.053950 2,1
1568207310 15:08:30.441979 0,1
1568207313 15:08:33.115724 0,1
1568207313 15:08:33.124311 4,1
1568207313 15:08:33.342276 14,1
1568207313 15:08:33.344177 2,1
1568207313 15:08:33.825847 2,1
1568207314 15:08:34.131316 5,2
1568207314 15:08:34.298049 0,1
1568207314 15:08:34.301103 2,1
1568207314 15:08:34.500589 9,2
1568207314 15:08:34.539332 13,2
1568207314 15:08:34.539568 4,2
1568207314 15:08:34.543013 14,2
1568207314 15:08:34.544424 15,2
1568207314 15:08:34.544426 16,2
1568207314 15:08:34.544427 17,2
1568207314 15:08:34.544428 18,2
1568207314 15:08:34.544429 19,2
1568207314 15:08:34.544430 20,2
1568207314 15:08:34.577025 0,2
1568207314 15:08:34.583708 0,2
1568207314 15:08:34.618154 12,2
1568207314 15:08:34.621003 10,2
1568207314 15:08:34.625106 11,2
1568207314 15:08:34.635632 10,2
1568207314 15:08:34.635690 11,2
1568207314 15:08:34.636092 12,2
1568207314 15:08:34.636563 13,2
1568207314 15:08:34.637598 14,2
1568207314 15:08:34.639015 15,2
1568207314 15:08:34.639829 16,2
1568207314 15:08:34.641571 4,2
1568207314 15:08:34.643175 0,2
1568207314 15:08:34.644148 20,2
1568207314 15:08:34.644648 19,2
1568207314 15:08:34.646009 17,2
1568207314 15:08:34.646610 8,2
1568207314 15:08:34.650110 7,2
1568207314 15:08:34.655359 6,2
1568207314 15:08:34.664598 12,2
1568207314 15:08:34.666210 11,2
1568207314 15:08:34.672695 4,2
1568207314 15:08:34.696968 0,2
1568207314 15:08:34.748768 0,2
1568207314 15:08:34.787523 2,2
1568207314 15:08:34.801802 2,2
1568207314 15:08:34.845542 2,2
1568207314 15:08:34.879848 2,2
1568207314 15:08:34.912290 1,2
1568207315 15:08:35.003485 2,2
1568207315 15:08:35.066718 2,2
1568207315 15:08:35.196768 2,2
1568207315 15:08:35.438073 11,2
1568207315 15:08:35.451956 11,2
1568207315 15:08:35.643696 18,2
1568207315 15:08:35.678364 1,2
1568207315 15:08:35.679136 1,2
1568207315 15:08:35.794691 1,2
1568207315 15:08:35.794942 1,2
1568207315 15:08:35.795733 1,2
1568207315 15:08:35.797193 1,2
1568207315 15:08:35.799040 6,2
1568207315 15:08:35.834059 10,2
1568207315 15:08:35.967737 0,2
1568207316 15:08:36.060992 0,2
1568207316 15:08:36.070044 0,2
1568207316 15:08:36.112437 1,2
1568207316 15:08:36.142108 1,2
1568207316 15:08:36.142998 1,2
1568207316 15:08:36.147223 1,2
1568207316 15:08:36.173685 2,2
1568207317 15:08:37.937745 11,2
1568207319 15:08:39.373682 0,2
1568207319 15:08:39.947481 3,2
1568207320 15:08:40.499075 8,2
1568207320 15:08:40.685587 1,2
1568207320 15:08:40.841284 2,2
1568207321 15:08:41.977513 1,2
1568207322 15:08:42.011036 2,2
1568207322 15:08:42.405849 0,3
1568207322 15:08:42.458983 1,2
1568207323 15:08:43.552044 1,2
1568207323 15:08:43.555423 1,2
1568207323 15:08:43.568941 20,3
1568207323 15:08:43.618460 18,3
1568207323 15:08:43.769191 7,3
1568207323 15:08:43.971251 9,3
1568207323 15:08:43.973002 9,3
1568207323 15:08:43.985076 12,3
1568207324 15:08:44.262157 19,3
1568207324 15:08:44.302079 11,3
1568207324 15:08:44.484391 1,2
1568207324 15:08:44.485639 1,2
1568207324 15:08:44.499425 14,3
1568207324 15:08:44.653569 10,3
1568207324 15:08:44.664481 3,3
1568207324 15:08:44.838314 17,3
1568207324 15:08:44.886824 5,3
1568207324 15:08:44.939259 3,3
1568207324 15:08:44.941394 3,3
1568207324 15:08:44.957807 16,3
1568207324 15:08:44.971015 13,3
1568207324 15:08:44.972198 13,3
1568207325 15:08:45.067885 1,2
1568207325 15:08:45.075081 14,3
1568207325 15:08:45.078194 8,3
1568207325 15:08:45.083577 8,3
1568207325 15:08:45.083856 8,3
1568207325 15:08:45.085005 8,3
1568207325 15:08:45.086256 15,3
1568207325 15:08:45.124733 9,3
1568207325 15:08:45.135576 4,3
1568207325 15:08:45.136015 12,3
1568207325 15:08:45.157403 17,3
1568207325 15:08:45.185643 11,3
1568207325 15:08:45.249692 1,2
1568207325 15:08:45.250493 1,2
1568207325 15:08:45.252882 1,2
1568207325 15:08:45.253480 1,2
1568207325 15:08:45.254346 1,2
1568207325 15:08:45.254861 1,2
1568207325 15:08:45.255749 1,2
1568207325 15:08:45.257781 8,3
1568207325 15:08:45.261784 15,3
1568207325 15:08:45.278725 10,3
1568207325 15:08:45.286249 7,3
1568207325 15:08:45.286580 7,3
1568207325 15:08:45.288021 7,3
1568207325 15:08:45.289341 12,3
1568207325 15:08:45.290281 12,3
1568207325 15:08:45.337526 19,3
1568207325 15:08:45.338918 17,3
1568207325 15:08:45.346228 11,3
1568207325 15:08:45.371704 13,3
1568207325 15:08:45.398475 8,3
1568207325 15:08:45.400888 8,3
1568207325 15:08:45.415967 10,3
1568207325 15:08:45.417515 7,3
1568207325 15:08:45.420853 5,3
1568207325 15:08:45.428793 3,3
1568207325 15:08:45.449479 8,3
1568207325 15:08:45.452035 1,2
1568207325 15:08:45.498114 15,3
1568207325 15:08:45.560666 2,3
1568207325 15:08:45.653326 3,3
1568207325 15:08:45.664903 16,3
1568207325 15:08:45.716639 14,3
1568207325 15:08:45.716822 1,2
1568207325 15:08:45.775575 15,3
1568207325 15:08:45.818960 4,3
1568207325 15:08:45.844939 6,3
1568207325 15:08:45.845380 6,3
1568207325 15:08:45.847632 6,3
1568207325 15:08:45.967802 3,3
1568207325 15:08:45.970573 16,3
1568207325 15:08:45.992477 14,3
1568207326 15:08:46.005091 1,3
1568207326 15:08:46.015858 1,3
1568207326 15:08:46.018280 1,3
1568207326 15:08:46.019709 1,3
1568207326 15:08:46.020005 1,3
1568207326 15:08:46.020665 1,3
1568207326 15:08:46.061632 15,3
1568207326 15:08:46.062730 15,3
1568207326 15:08:46.091294 5,3
1568207326 15:08:46.103657 17,3
1568207326 15:08:46.352488 1,3
1568207326 15:08:46.435500 15,3
1568207326 15:08:46.482538 5,3
1568207326 15:08:46.485478 17,3
1568207326 15:08:46.493753 6,3
1568207326 15:08:46.494543 6,3
1568207326 15:08:46.587888 1,3
1568207326 15:08:46.766183 15,3
1568207327 15:08:47.271507 17,3
1568207327 15:08:47.288553 6,3
1568207327 15:08:47.348229 2,3
1568207327 15:08:47.394519 1,3
1568207328 15:08:48.949833 5,3
1568207329 15:08:49.178506 6,3
1568207329 15:08:49.585898 1,3
1568207332 15:08:52.058339 6,3
1568207332 15:08:52.059405 6,3
1568207332 15:08:52.432353 2,3
1568207333 15:08:53.496286 5,3
1568207333 15:08:53.524253 9,4
1568207333 15:08:53.560992 15,4
1568207333 15:08:53.619858 4,4
1568207333 15:08:53.708045 16,4
1568207333 15:08:53.763848 2,3
1568207333 15:08:53.831303 1,3
1568207333 15:08:53.939545 9,4
1568207333 15:08:53.941421 8,4
1568207333 15:08:53.943730 7,4
1568207333 15:08:53.951116 12,4
1568207333 15:08:53.951757 13,4
1568207333 15:08:53.960808 15,4
1568207333 15:08:53.964864 16,4
1568207333 15:08:53.967130 14,4
1568207333 15:08:53.969678 16,4
1568207334 15:08:54.018583 18,4
1568207334 15:08:54.021450 19,4
1568207334 15:08:54.022671 19,4
1568207334 15:08:54.023932 20,4
1568207334 15:08:54.025171 0,4
1568207334 15:08:54.038165 0,4
1568207334 15:08:54.038267 8,4
1568207334 15:08:54.048826 6,3
1568207334 15:08:54.066332 7,4
1568207334 15:08:54.068745 0,4
1568207334 15:08:54.068969 8,4
1568207334 15:08:54.070529 20,4
1568207334 15:08:54.077400 19,4
1568207334 15:08:54.084283 18,4
1568207334 15:08:54.094074 14,4
1568207334 15:08:54.121356 14,4
1568207334 15:08:54.133095 1,3
1568207334 15:08:54.133887 18,4
1568207334 15:08:54.135153 19,4
1568207334 15:08:54.135155 20,4
1568207334 15:08:54.137562 4,4
1568207334 15:08:54.135157 8,4
1568207334 15:08:54.135158 7,4
1568207334 15:08:54.135159 2,3
1568207334 15:08:54.159469 5,3
1568207334 15:08:54.160636 11,4
1568207334 15:08:54.161000 11,4
1568207334 15:08:54.161155 13,4
1568207334 15:08:54.163096 12,4
1568207334 15:08:54.175405 11,4
1568207334 15:08:54.175956 13,4
1568207334 15:08:54.186696 14,4
1568207334 15:08:54.189470 14,4
1568207334 15:08:54.200555 11,4
1568207334 15:08:54.211793 11,4
1568207334 15:08:54.215086 14,4
1568207334 15:08:54.256227 18,4
1568207334 15:08:54.274606 18,4
1568207334 15:08:54.275908 19,4
1568207334 15:08:54.284202 18,4
1568207334 15:08:54.288543 19,4
1568207334 15:08:54.292072 19,4
1568207334 15:08:54.303550 18,4
1568207334 15:08:54.304211 20,4
1568207334 15:08:54.307764 19,4
1568207334 15:08:54.311053 19,4
1568207334 15:08:54.316298 19,4
1568207334 15:08:54.319202 20,4
1568207334 15:08:54.324803 20,4
1568207334 15:08:54.326052 20,4
1568207334 15:08:54.327601 20,4
1568207334 15:08:54.329092 0,4
1568207334 15:08:54.331102 11,4
1568207334 15:08:54.332368 11,4
1568207334 15:08:54.332793 11,4
1568207334 15:08:54.338056 0,4
1568207334 15:08:54.339532 0,4
1568207334 15:08:54.340774 0,4
1568207334 15:08:54.341529 0,4
1568207334 15:08:54.366892 18,4
1568207334 15:08:54.370757 18,4
1568207334 15:08:54.371874 20,4
1568207334 15:08:54.373625 19,4
1568207334 15:08:54.382709 0,4
1568207334 15:08:54.393972 7,4
1568207334 15:08:54.419360 6,3
1568207334 15:08:54.581345 16,4
1568207334 15:08:54.606743 0,4
1568207334 15:08:54.608255 1,3
1568207334 15:08:54.620838 2,3
1568207334 15:08:54.634389 13,4
1568207334 15:08:54.639706 12,4
1568207334 15:08:54.662440 12,4
1568207334 15:08:54.671503 12,4
1568207334 15:08:54.676012 14,4
1568207334 15:08:54.880942 2,4
1568207335 15:08:55.371628 19,4
1568207335 15:08:55.378049 18,4
1568207335 15:08:55.417266 18,4
1568207335 15:08:55.442504 20,4
1568207335 15:08:55.699565 0,4
1568207335 15:08:55.702440 11,4
1568207335 15:08:55.924063 6,3
1568207335 15:08:55.925106 6,3
1568207336 15:08:56.233464 1,3
1568207336 15:08:56.234736 1,3
1568207336 15:08:56.239970 3,4
1568207336 15:08:56.289932 17,4
1568207336 15:08:56.311332 2,4
1568207336 15:08:56.316797 2,4
1568207336 15:08:56.317862 2,4
1568207336 15:08:56.318494 2,4
1568207336 15:08:56.391348 5,4
1568207336 15:08:56.391815 5,4
1568207336 15:08:56.393761 5,4
1568207336 15:08:56.438800 5,4
1568207336 15:08:56.442049 5,4
1568207336 15:08:56.467168 2,4
1568207336 15:08:56.473591 5,4
1568207336 15:08:56.474080 5,4
1568207336 15:08:56.474297 5,4
1568207336 15:08:56.489137 2,4
1568207336 15:08:56.489581 5,4
1568207336 15:08:56.506818 5,4
1568207336 15:08:56.549702 5,4
1568207336 15:08:56.622515 5,4
1568207336 15:08:56.654878 5,4
1568207336 15:08:56.669199 5,4
1568207336 15:08:56.672980 5,4
1568207337 15:08:57.154363 18,4
1568207337 15:08:57.542502 20,4
1568207337 15:08:57.664294 0,4
1568207337 15:08:57.795848 20,4
1568207337 15:08:57.797918 10,4
1568207337 15:08:57.909157 6,3
1568207338 15:08:58.068780 2,4
1568207338 15:08:58.108276 17,4
1568207338 15:08:58.141602 3,4
1568207338 15:08:58.184754 2,4
1568207338 15:08:58.333953 5,4
1568207339 15:08:59.180377 11,4
1568207339 15:08:59.311182 10,4
1568207339 15:08:59.418932 6,4
1568207339 15:08:59.439250 6,4
1568207339 15:08:59.439710 6,4
1568207339 15:08:59.441149 6,4
1568207339 15:08:59.441737 6,4
1568207339 15:08:59.464707 6,4
1568207339 15:08:59.465279 6,4
1568207339 15:08:59.467901 6,4
1568207339 15:08:59.505889 2,4
1568207339 15:08:59.545189 17,4
1568207339 15:08:59.546086 17,4
1568207339 15:08:59.553169 6,4
1568207339 15:08:59.556866 1,3
1568207339 15:08:59.563035 3,4
1568207339 15:08:59.570123 6,4
1568207339 15:08:59.572006 6,4
1568207339 15:08:59.579084 6,4
1568207339 15:08:59.579165 6,4
1568207339 15:08:59.592844 5,4
1568207339 15:08:59.593653 5,4
1568207339 15:08:59.877782 11,4
1568207339 15:08:59.878548 11,4
1568207340 15:09:00.042137 10,4
1568207340 15:09:00.043004 10,4
1568207340 15:09:00.340791 17,4
1568207340 15:09:00.358921 1,3
1568207340 15:09:00.363593 3,4
1568207340 15:09:00.384002 6,4
1568207340 15:09:00.402992 5,4
1568207340 15:09:00.606848 11,4
1568207340 15:09:00.907236 17,4
1568207340 15:09:00.934812 1,3
1568207340 15:09:00.942404 3,4
1568207340 15:09:00.943342 3,4
1568207340 15:09:00.961506 6,4
1568207340 15:09:00.972841 5,4
1568207341 15:09:01.064160 11,4
1568207341 15:09:01.390047 17,4
1568207341 15:09:01.390911 17,4
1568207341 15:09:01.391852 17,4
1568207341 15:09:01.401698 1,3
1568207341 15:09:01.405232 3,4
1568207341 15:09:01.409083 6,4
1568207341 15:09:01.409536 5,4
1568207341 15:09:01.410464 5,4
1568207341 15:09:01.438384 11,4
1568207341 15:09:01.802577 17,4
1568207341 15:09:01.823886 1,3
1568207341 15:09:01.829555 3,4
1568207341 15:09:01.833666 6,4
1568207341 15:09:01.843908 11,4
1568207342 15:09:02.126008 17,4
1568207342 15:09:02.161306 1,3
1568207342 15:09:02.161898 1,3
1568207342 15:09:02.165456 3,4
1568207342 15:09:02.171311 6,4
1568207342 15:09:02.171419 5,4
1568207342 15:09:02.171566 6,4
1568207342 15:09:02.179222 11,4
1568207342 15:09:02.389562 17,4
1568207342 15:09:02.422282 1,3
1568207342 15:09:02.423281 3,4
1568207342 15:09:02.433424 6,4
1568207342 15:09:02.439858 11,4
1568207342 15:09:02.932760 17,4
1568207342 15:09:02.946244 1,3
1568207342 15:09:02.947309 1,3
1568207342 15:09:02.957062 5,4
1568207342 15:09:02.957125 6,4
1568207344 15:09:04.158222 17,4
1568207344 15:09:04.173791 1,3
1568207344 15:09:04.184752 5,4
1568207344 15:09:04.185359 6,4
1568207344 15:09:04.239407 11,4
1568207346 15:09:06.082589 1,3
1568207346 15:09:06.099968 5,4
1568207346 15:09:06.100865 6,4
1568207346 15:09:06.355217 11,4
1568207348 15:09:08.965158 11,4
1568207348 15:09:08.971695 5,4
1568207349 15:09:09.725958 6,4
1568207349 15:09:09.726685 5,4
1568207349 15:09:09.734394 1,3
1568207349 15:09:09.964599 6,4
1568207349 15:09:09.964668 5,4
1568207349 15:09:09.967016 5,4
1568207349 15:09:09.972003 1,3
1568207350 15:09:10.184807 6,4
1568207350 15:09:10.186220 5,4
1568207350 15:09:10.186511 1,3
1568207350 15:09:10.531884 6,4
1568207350 15:09:10.532413 1,3
1568207350 15:09:10.532669 5,4
1568207350 15:09:10.607115 6,4
1568207350 15:09:10.608116 1,3
1568207350 15:09:10.608778 5,4
1568207350 15:09:10.609590 5,4
1568207350 15:09:10.749420 1,3
1568207350 15:09:10.750982 5,4
1568207351 15:09:11.067805 6,4
1568207351 15:09:11.068167 1,3
1568207351 15:09:11.068350 5,4
1568207351 15:09:11.548112 1,3
1568207351 15:09:11.573732 5,4
1568207351 15:09:11.575508 5,4
1568207351 15:09:11.919036 1,3
1568207351 15:09:11.952730 5,4
1568207352 15:09:12.164734 1,3
1568207352 15:09:12.199483 5,4
1568207352 15:09:12.201888 5,4
1568207352 15:09:12.367980 1,4
1568207352 15:09:12.370119 1,4
1568207352 15:09:12.372055 1,4
1568207352 15:09:12.373705 1,4
1568207352 15:09:12.374759 1,4
1568207352 15:09:12.374997 1,4
1568207352 15:09:12.375323 1,4
1568207352 15:09:12.375799 1,4
1568207352 15:09:12.397766 1,4
1568207352 15:09:12.408349 1,4
1568207352 15:09:12.411662 1,4
1568207352 15:09:12.421505 1,4
1568207352 15:09:12.439646 1,4
1568207352 15:09:12.460758 1,4
1568207352 15:09:12.529617 5,4
1568207352 15:09:12.571985 1,4
1568207352 15:09:12.617000 1,4
1568207352 15:09:12.619701 1,4
1568207352 15:09:12.625524 1,4
1568207352 15:09:12.628940 1,4
1568207352 15:09:12.631326 1,4
1568207352 15:09:12.631982 1,4
1568207352 15:09:12.710706 1,4
1568207352 15:09:12.727258 1,4
1568207352 15:09:12.860021 5,4
1568207353 15:09:13.333365 1,4
1568207354 15:09:14.319764 5,4
1568207354 15:09:14.728287 1,4
1568207355 15:09:15.057395 5,4
1568207355 15:09:15.233056 1,4
1568207355 15:09:15.368994 5,4
1568207355 15:09:15.457832 1,4
1568207355 15:09:15.534349 5,4
1568207355 15:09:15.535677 5,4
1568207355 15:09:15.566027 1,4
1568207355 15:09:15.630688 5,4
1568207355 15:09:15.684623 1,4
1568207355 15:09:15.786417 5,4
1568207355 15:09:15.806734 1,4
1568207356 15:09:16.101315 5,4
1568207356 15:09:16.132251 1,4
1568207356 15:09:16.369942 5,4
1568207356 15:09:16.393540 1,4
1568207356 15:09:16.502998 5,4
1568207356 15:09:16.506594 1,4
1568207356 15:09:16.707856 5,4
1568207356 15:09:16.709238 5,4
1568207356 15:09:16.710022 5,4
1568207356 15:09:16.974355 5,4
1568207356 15:09:16.977234 1,4
1568207357 15:09:17.206726 5,4
1568207357 15:09:17.211045 1,4
1568207357 15:09:17.537036 5,4
1568207357 15:09:17.539678 5,4
1568207357 15:09:17.541976 5,4
1568207357 15:09:17.956382 5,4
1568207359 15:09:19.564612 18,5
1568207359 15:09:19.573612 18,5
1568207359 15:09:19.588202 16,5
1568207359 15:09:19.610191 13,5
1568207359 15:09:19.611733 13,5
1568207359 15:09:19.626584 20,5
1568207359 15:09:19.631008 7,5
1568207359 15:09:19.667447 15,5
1568207359 15:09:19.702930 10,5
1568207359 15:09:19.782223 14,5
1568207359 15:09:19.782432 13,5
1568207359 15:09:19.828439 16,5
1568207359 15:09:19.831358 9,5
1568207359 15:09:19.835354 9,5
1568207359 15:09:19.885268 19,5
1568207359 15:09:19.891951 20,5
1568207359 15:09:19.966056 12,5
1568207360 15:09:20.108111 2,5
1568207360 15:09:20.136799 11,5
1568207360 15:09:20.210900 19,5
1568207360 15:09:20.269419 4,5
1568207360 15:09:20.288316 0,5
1568207360 15:09:20.332147 12,5
1568207360 15:09:20.376838 6,5
1568207360 15:09:20.385444 1,5
1568207360 15:09:20.440117 20,5
1568207360 15:09:20.444047 17,5
1568207360 15:09:20.448944 11,5
1568207360 15:09:20.450518 11,5
1568207360 15:09:20.454758 14,5
1568207360 15:09:20.487447 19,5
1568207360 15:09:20.489801 7,5
1568207360 15:09:20.493887 3,5
1568207360 15:09:20.615691 0,5
1568207360 15:09:20.805032 12,5
1568207360 15:09:20.805351 15,5
1568207360 15:09:20.806616 15,5
1568207360 15:09:20.819454 10,5
1568207360 15:09:20.820375 10,5
1568207360 15:09:20.822225 10,5
1568207360 15:09:20.837282 6,5
1568207360 15:09:20.885588 2,5
1568207360 15:09:20.901870 11,5
1568207360 15:09:20.901954 14,5
1568207360 15:09:20.902972 14,5
1568207360 15:09:20.935464 8,5
1568207360 15:09:20.990402 5,5
1568207360 15:09:20.998119 4,5
1568207361 15:09:21.178265 6,5
1568207361 15:09:21.186037 1,5
1568207361 15:09:21.186999 1,5
1568207361 15:09:21.188620 1,5
1568207361 15:09:21.195708 2,5
1568207361 15:09:21.197415 2,5
1568207361 15:09:21.243829 17,5
1568207361 15:09:21.261038 11,5
1568207361 15:09:21.261326 14,5
1568207361 15:09:21.294575 8,5
1568207361 15:09:21.329974 3,5
1568207361 15:09:21.335732 5,5
1568207361 15:09:21.337253 5,5
1568207361 15:09:21.521044 4,5
1568207361 15:09:21.656196 12,5
1568207361 15:09:21.686772 6,5
1568207361 15:09:21.687937 6,5
1568207361 15:09:21.695591 1,5
1568207361 15:09:21.698069 1,5
1568207361 15:09:21.698507 2,5
1568207361 15:09:21.699314 2,5
1568207361 15:09:21.703235 17,5
1568207361 15:09:21.706583 11,5
1568207361 15:09:21.707252 14,5
1568207361 15:09:21.708588 14,5
1568207361 15:09:21.725121 3,5
1568207361 15:09:21.729020 5,5
1568207361 15:09:21.729825 5,5
1568207361 15:09:21.891434 4,5
1568207361 15:09:21.892866 4,5
1568207361 15:09:21.958725 12,5
1568207361 15:09:21.974247 6,5
1568207361 15:09:21.974759 1,5
1568207361 15:09:21.975136 2,5
1568207361 15:09:21.976914 17,5
1568207361 15:09:21.980190 11,5
1568207361 15:09:21.981017 14,5
1568207361 15:09:21.981706 8,5
1568207362 15:09:22.017362 5,5
1568207362 15:09:22.211180 4,5
1568207362 15:09:22.213226 4,5
1568207362 15:09:22.319763 1,5
1568207362 15:09:22.320668 2,5
1568207362 15:09:22.321319 17,5
1568207362 15:09:22.322961 11,5
1568207362 15:09:22.323231 14,5
1568207362 15:09:22.323311 8,5
1568207362 15:09:22.324118 11,5
1568207362 15:09:22.382436 5,5
1568207362 15:09:22.383318 5,5
1568207362 15:09:22.474608 4,5
1568207362 15:09:22.627304 6,5
1568207362 15:09:22.629560 2,5
1568207362 15:09:22.631193 17,5
1568207362 15:09:22.632521 8,5
1568207362 15:09:22.633252 14,5
1568207362 15:09:22.637941 11,5
1568207362 15:09:22.736597 5,5
1568207362 15:09:22.966438 6,5
1568207362 15:09:22.966951 17,5
1568207362 15:09:22.967115 1,5
1568207362 15:09:22.967468 8,5
1568207362 15:09:22.967886 2,5
1568207362 15:09:22.968276 1,5
1568207362 15:09:22.986369 11,5
1568207363 15:09:23.102289 5,5
1568207363 15:09:23.232934 4,5
1568207363 15:09:23.246608 4,5
1568207363 15:09:23.310092 6,5
1568207363 15:09:23.311082 17,5
1568207363 15:09:23.312766 8,5
1568207363 15:09:23.328524 1,5
1568207363 15:09:23.358368 11,5
1568207363 15:09:23.438180 5,5
1568207363 15:09:23.439037 5,5
1568207363 15:09:23.716139 6,5
1568207363 15:09:23.726207 8,5
1568207363 15:09:23.733042 4,5
1568207363 15:09:23.736104 17,5
1568207363 15:09:23.860622 1,5
1568207363 15:09:23.964279 5,5
1568207364 15:09:24.128902 6,5
1568207364 15:09:24.158840 8,5
1568207364 15:09:24.247269 4,5
1568207364 15:09:24.247630 17,5
1568207364 15:09:24.860130 1,5
1568207365 15:09:25.515414 5,5
1568207365 15:09:25.828164 6,5
1568207365 15:09:25.874469 4,5
1568207366 15:09:26.631725 1,5
1568207367 15:09:27.625844 5,5
1568207368 15:09:28.216258 6,5
1568207368 15:09:28.219277 8,5
1568207368 15:09:28.226441 4,5
1568207368 15:09:28.526821 1,5
1568207369 15:09:29.089014 5,5
1568207369 15:09:29.090071 5,5
1568207369 15:09:29.268198 6,5
1568207369 15:09:29.269917 8,5
1568207369 15:09:29.270207 4,5
1568207369 15:09:29.950186 5,5
1568207370 15:09:30.155446 8,5
1568207370 15:09:30.733638 5,5
1568207370 15:09:30.924131 6,5
1568207370 15:09:30.934752 8,5
1568207370 15:09:30.937495 8,5
1568207371 15:09:31.540255 8,5
1568207371 15:09:31.845396 8,5
1568207372 15:09:32.438764 8,5
1568207373 15:09:33.123761 12,6
1568207373 15:09:33.136054 19,6
1568207373 15:09:33.180701 8,6
1568207373 15:09:33.206213 4,6
1568207373 15:09:33.991705 11,6
1568207374 15:09:34.010159 0,6
1568207374 15:09:34.010632 3,6
1568207374 15:09:34.021068 2,6
1568207374 15:09:34.049028 8,6
1568207374 15:09:34.068549 8,6
1568207374 15:09:34.165138 14,6
1568207374 15:09:34.167314 16,6
1568207374 15:09:34.192964 18,6
1568207374 15:09:34.198221 2,6
1568207374 15:09:34.198798 2,6
1568207374 15:09:34.200304 2,6
1568207374 15:09:34.202283 2,6
1568207374 15:09:34.258644 4,6
1568207374 15:09:34.511385 10,6
1568207374 15:09:34.715555 3,6
1568207374 15:09:34.716673 3,6
1568207374 15:09:34.723337 9,6
1568207374 15:09:34.811290 14,6
1568207374 15:09:34.811377 13,6
1568207374 15:09:34.824281 13,6
1568207374 15:09:34.826106 1,6
1568207374 15:09:34.837970 7,6
1568207374 15:09:34.838988 15,6
1568207374 15:09:34.904557 4,6
1568207374 15:09:34.944699 5,6
1568207374 15:09:34.952522 6,6
1568207375 15:09:35.019214 10,6
1568207375 15:09:35.021873 11,6
1568207375 15:09:35.023292 11,6
1568207375 15:09:35.038796 0,6
1568207375 15:09:35.116313 19,6
1568207375 15:09:35.119359 20,6
1568207375 15:09:35.184704 18,6
1568207375 15:09:35.191082 13,6
1568207375 15:09:35.212385 15,6
1568207375 15:09:35.292077 5,6
1568207375 15:09:35.296033 5,6
1568207375 15:09:35.300188 5,6
1568207375 15:09:35.304379 5,6
1568207375 15:09:35.306715 5,6
1568207375 15:09:35.322061 11,6
1568207375 15:09:35.405405 9,6
1568207375 15:09:35.418451 19,6
1568207375 15:09:35.421341 20,6
1568207375 15:09:35.425814 16,6
1568207375 15:09:35.445330 13,6
1568207375 15:09:35.458267 1,6
1568207375 15:09:35.478732 4,6
1568207375 15:09:35.481057 15,6
1568207375 15:09:35.522198 10,6
1568207375 15:09:35.525952 5,6
1568207375 15:09:35.532265 11,6
1568207375 15:09:35.536483 11,6
1568207375 15:09:35.548945 12,6
1568207375 15:09:35.558437 20,6
1568207375 15:09:35.559489 20,6
1568207375 15:09:35.560684 17,6
1568207375 15:09:35.570864 18,6
1568207375 15:09:35.579060 13,6
1568207375 15:09:35.581605 7,6
1568207375 15:09:35.585174 13,6
1568207375 15:09:35.720064 10,6
1568207375 15:09:35.723537 11,6
1568207375 15:09:35.725164 12,6
1568207375 15:09:35.726749 9,6
1568207375 15:09:35.787898 18,6
1568207375 15:09:35.792641 1,6
1568207375 15:09:35.793706 15,6
1568207375 15:09:35.852979 6,6
1568207375 15:09:35.853962 10,6
1568207375 15:09:35.854864 5,6
1568207375 15:09:35.856487 10,6
1568207375 15:09:35.949289 14,6
1568207375 15:09:35.950207 14,6
1568207375 15:09:35.959923 17,6
1568207375 15:09:35.970349 1,6
1568207375 15:09:35.972725 1,6
1568207375 15:09:35.974014 1,6
1568207375 15:09:35.984044 7,6
1568207376 15:09:36.001403 15,6
1568207376 15:09:36.051516 2,6
1568207376 15:09:36.057391 6,6
1568207376 15:09:36.245829 20,6
1568207376 15:09:36.249508 14,6
1568207376 15:09:36.258001 17,6
1568207376 15:09:36.268448 18,6
1568207376 15:09:36.294988 4,6
1568207376 15:09:36.314684 7,6
1568207376 15:09:36.320834 15,6
1568207376 15:09:36.322036 15,6
1568207376 15:09:36.392909 2,6
1568207376 15:09:36.488376 6,6
1568207376 15:09:36.490024 6,6
1568207376 15:09:36.618788 18,6
1568207376 15:09:36.715348 7,6
1568207376 15:09:36.717270 7,6
1568207377 15:09:37.091728 6,6
1568207377 15:09:37.292157 14,6
1568207381 15:09:41.755423 6,7
1568207381 15:09:41.915736 13,7
1568207382 15:09:42.374003 0,7
1568207382 15:09:42.388602 19,7
1568207382 15:09:42.844086 19,7
1568207383 15:09:43.113201 16,7
1568207383 15:09:43.582467 11,7
1568207383 15:09:43.732228 20,7
1568207383 15:09:43.764831 17,7
1568207383 15:09:43.773076 17,7
1568207383 15:09:43.793594 5,7
1568207383 15:09:43.805218 16,7
1568207383 15:09:43.832809 9,7
1568207383 15:09:43.836418 3,7
1568207383 15:09:43.838522 7,7
1568207383 15:09:43.841792 7,7
1568207383 15:09:43.865399 2,7
1568207383 15:09:43.876646 10,7
1568207383 15:09:43.880516 1,7
1568207383 15:09:43.942716 8,7
1568207383 15:09:43.971350 12,7
1568207383 15:09:43.990755 13,7
1568207384 15:09:44.051672 18,7
1568207384 15:09:44.056606 20,7
1568207384 15:09:44.090855 17,7
1568207384 15:09:44.092864 17,7
1568207384 15:09:44.094315 5,7
1568207384 15:09:44.106886 9,7
1568207384 15:09:44.117338 2,7
1568207384 15:09:44.124911 1,7
1568207384 15:09:44.126699 8,7
1568207384 15:09:44.129057 14,7
1568207384 15:09:44.147552 4,7
1568207384 15:09:44.148018 18,7
1568207384 15:09:44.166276 17,7
1568207384 15:09:44.245155 5,7
1568207384 15:09:44.246461 5,7
1568207384 15:09:44.289132 16,7
1568207384 15:09:44.349238 3,7
1568207384 15:09:44.394643 10,7
1568207384 15:09:44.410438 1,7
1568207384 15:09:44.412638 8,7
1568207384 15:09:44.425278 0,7
1568207384 15:09:44.455088 17,7
1568207384 15:09:44.540427 7,7
1568207384 15:09:44.546664 2,7
1568207384 15:09:44.547966 15,7
1568207384 15:09:44.553993 12,7
1568207384 15:09:44.584532 13,7
1568207384 15:09:44.589532 20,7
1568207384 15:09:44.589886 4,7
1568207384 15:09:44.592481 4,7
1568207384 15:09:44.593567 4,7
1568207384 15:09:44.624273 17,7
1568207384 15:09:44.645232 9,7
1568207384 15:09:44.648524 9,7
1568207384 15:09:44.650303 9,7
1568207384 15:09:44.675309 14,7
1568207384 15:09:44.685238 20,7
1568207384 15:09:44.686213 20,7
1568207384 15:09:44.688161 17,7
1568207384 15:09:44.689734 5,7
1568207384 15:09:44.691037 5,7
1568207384 15:09:44.693113 9,7
1568207384 15:09:44.698465 7,7
1568207384 15:09:44.699592 7,7
1568207384 15:09:44.703026 7,7
1568207384 15:09:44.712041 3,7
1568207384 15:09:44.746088 10,7
1568207384 15:09:44.751569 1,7
1568207384 15:09:44.758594 11,7
1568207384 15:09:44.782496 0,7
1568207384 15:09:44.799652 5,7
1568207384 15:09:44.812777 9,7
1568207384 15:09:44.813936 7,7
1568207384 15:09:44.820516 3,7
1568207384 15:09:44.822336 3,7
1568207384 15:09:44.826590 2,7
1568207384 15:09:44.827853 2,7
1568207384 15:09:44.831723 2,7
1568207384 15:09:44.843682 15,7
1568207384 15:09:44.871710 11,7
1568207384 15:09:44.872375 11,7
1568207384 15:09:44.876509 0,7
1568207384 15:09:44.876902 20,7
1568207384 15:09:44.889311 5,7
1568207384 15:09:44.896827 7,7
1568207384 15:09:44.942271 2,7
1568207384 15:09:44.956146 10,7
1568207384 15:09:44.962226 14,7
1568207384 15:09:44.974138 12,7
1568207384 15:09:44.975911 8,7
1568207384 15:09:44.977468 8,7
1568207384 15:09:44.979284 8,7
1568207384 15:09:44.981233 8,7
1568207384 15:09:44.984909 18,7
1568207384 15:09:44.986018 0,7
1568207384 15:09:44.986947 0,7
1568207384 15:09:44.995055 9,7
1568207385 15:09:45.153381 3,7
1568207385 15:09:45.216682 2,7
1568207385 15:09:45.231620 10,7
1568207385 15:09:45.241202 14,7
1568207385 15:09:45.256419 12,7
1568207385 15:09:45.275149 19,7
1568207385 15:09:45.383233 3,7
1568207385 15:09:45.384312 3,7
1568207385 15:09:45.433959 10,7
1568207385 15:09:45.452974 1,7
1568207385 15:09:45.453977 15,7
1568207385 15:09:45.467862 14,7
1568207385 15:09:45.470796 12,7
1568207385 15:09:45.472816 12,7
1568207385 15:09:45.489562 19,7
1568207385 15:09:45.501152 11,7
1568207385 15:09:45.535571 20,7
1568207385 15:09:45.886251 1,7
1568207385 15:09:45.892124 15,7
1568207385 15:09:45.934570 14,7
1568207385 15:09:45.943757 12,7
1568207386 15:09:46.474717 10,7
1568207386 15:09:46.531191 1,7
1568207386 15:09:46.554138 15,7
1568207386 15:09:46.923946 11,7
1568207386 15:09:46.936301 18,7
1568207387 15:09:47.275484 10,7
1568207387 15:09:47.313333 15,7
1568207387 15:09:47.340432 14,7
1568207387 15:09:47.637428 11,7
1568207387 15:09:47.643024 18,7
1568207387 15:09:47.643772 18,7
1568207387 15:09:47.895743 1,7
1568207387 15:09:47.916502 15,7
1568207387 15:09:47.917862 15,7
1568207387 15:09:47.959966 14,7
1568207388 15:09:48.777666 19,7
1568207388 15:09:48.923370 18,7
1568207391 15:09:51.778688 18,7
1568207394 15:09:54.485737 13,8
1568207394 15:09:54.492000 11,8
1568207394 15:09:54.493917 0,8
1568207394 15:09:54.494973 1,8
1568207394 15:09:54.494974 14,8
1568207394 15:09:54.494976 16,8
1568207394 15:09:54.526427 9,8
1568207394 15:09:54.526650 8,8
1568207394 15:09:54.527128 8,8
1568207394 15:09:54.527368 6,8
1568207394 15:09:54.528414 5,8
1568207394 15:09:54.528702 12,8
1568207394 15:09:54.529137 15,8
1568207394 15:09:54.530811 4,8
1568207394 15:09:54.531562 3,8
1568207394 15:09:54.531639 18,8
1568207394 15:09:54.539251 20,8
1568207394 15:09:54.540616 14,8
1568207394 15:09:54.542958 16,8
1568207394 15:09:54.544546 9,8
1568207394 15:09:54.548126 2,8
1568207394 15:09:54.552281 8,8
1568207394 15:09:54.554471 19,8
1568207394 15:09:54.562443 3,8
1568207394 15:09:54.564703 7,8
1568207394 15:09:54.568310 18,8
1568207394 15:09:54.574477 4,8
1568207394 15:09:54.580553 5,8
1568207394 15:09:54.582134 17,8
1568207394 15:09:54.586998 6,8
1568207394 15:09:54.589681 7,8
1568207394 15:09:54.663046 4,8
1568207394 15:09:54.664381 15,8
1568207394 15:09:54.666555 8,8
1568207394 15:09:54.690641 2,8
1568207394 15:09:54.698793 17,8
1568207394 15:09:54.702865 17,8
1568207394 15:09:54.703409 15,8
1568207394 15:09:54.704642 18,8
1568207394 15:09:54.704888 20,8
1568207394 15:09:54.705151 19,8
1568207394 15:09:54.706495 17,8
1568207394 15:09:54.709709 18,8
1568207394 15:09:54.715917 2,8
1568207394 15:09:54.721216 2,8
1568207394 15:09:54.723644 3,8
1568207394 15:09:54.725445 5,8
1568207394 15:09:54.727791 6,8
1568207394 15:09:54.729164 5,8
1568207394 15:09:54.730049 7,8
1568207394 15:09:54.731357 6,8
1568207394 15:09:54.733862 8,8
1568207394 15:09:54.739125 7,8
1568207394 15:09:54.743111 8,8
1568207394 15:09:54.744649 7,8
1568207394 15:09:54.784130 5,8
1568207394 15:09:54.787565 11,8
1568207394 15:09:54.791889 18,8
1568207394 15:09:54.795848 12,8
1568207394 15:09:54.879788 17,8
1568207394 15:09:54.926822 15,8
1568207394 15:09:54.928554 17,8
1568207394 15:09:54.942291 19,8
1568207394 15:09:54.958677 7,8
1568207394 15:09:54.995627 6,8
1568207395 15:09:55.009988 17,8
1568207395 15:09:55.019064 17,8
1568207395 15:09:55.044019 5,8
1568207395 15:09:55.074583 18,8
1568207395 15:09:55.404554 3,8
1568207395 15:09:55.407195 20,8
1568207395 15:09:55.482814 15,8
1568207395 15:09:55.509126 19,8
1568207395 15:09:55.521172 20,8
1568207395 15:09:55.583563 4,8
1568207395 15:09:55.591728 3,8
1568207395 15:09:55.605743 5,8
1568207395 15:09:55.607755 6,8
1568207395 15:09:55.623018 7,8
1568207395 15:09:55.709815 13,8
1568207395 15:09:55.724488 6,8
1568207395 15:09:55.825474 15,8
1568207395 15:09:55.882999 3,8
1568207395 15:09:55.960371 17,8
1568207395 15:09:55.976247 19,8
1568207395 15:09:55.999429 0,8
1568207396 15:09:56.006955 20,8
1568207396 15:09:56.079058 10,8
1568207396 15:09:56.353513 19,8
1568207396 15:09:56.403234 17,8
1568207396 15:09:56.469870 17,8
1568207397 15:09:57.619687 19,8
1568207397 15:09:57.733129 15,8
1568207397 15:09:57.748314 18,8
1568207397 15:09:57.903164 19,8
1568207398 15:09:58.073554 3,8
1568207398 15:09:58.075150 20,8
1568207398 15:09:58.199670 19,8
1568207398 15:09:58.237781 20,8
1568207398 15:09:58.318455 2,8
1568207398 15:09:58.319504 2,8
1568207398 15:09:58.740830 17,8
1568207399 15:09:59.240798 10,8
1568207400 15:10:00.136623 4,8
1568207400 15:10:00.137374 4,8
1568207400 15:10:00.198637 2,8
1568207400 15:10:00.772233 10,8
1568207401 15:10:01.047781 4,8
1568207401 15:10:01.075578 2,8
1568207401 15:10:01.076516 2,8
1568207401 15:10:01.438730 6,9
1568207401 15:10:01.510087 10,8
1568207401 15:10:01.511106 10,8
1568207401 15:10:01.697646 2,8
1568207402 15:10:02.074718 10,8
1568207402 15:10:02.199198 2,8
1568207402 15:10:02.515452 8,9
1568207403 15:10:03.016022 10,8
1568207403 15:10:03.641573 13,9
1568207403 15:10:03.660089 19,9
1568207403 15:10:03.708644 9,9
1568207404 15:10:04.082681 10,8
1568207404 15:10:04.176650 18,9
1568207404 15:10:04.407358 12,9
1568207404 15:10:04.441957 11,9
1568207404 15:10:04.454118 3,9
1568207404 15:10:04.520272 7,9
1568207404 15:10:04.540735 9,9
1568207404 15:10:04.924306 15,9
1568207404 15:10:04.934324 10,8
1568207404 15:10:04.935450 10,8
1568207405 15:10:05.158289 1,9
1568207405 15:10:05.190672 11,9
1568207405 15:10:05.204592 17,9
1568207405 15:10:05.219599 5,9
1568207405 15:10:05.222650 14,9
1568207405 15:10:05.380744 17,9
1568207405 15:10:05.382934 0,9
1568207405 15:10:05.597577 20,9
1568207405 15:10:05.709700 2,9
1568207406 15:10:06.107470 8,9
1568207406 15:10:06.159458 9,9
1568207406 15:10:06.276317 20,9
1568207406 15:10:06.277285 2,9
1568207406 15:10:06.352301 3,9
1568207406 15:10:06.353693 11,9
1568207406 15:10:06.384613 7,9
1568207406 15:10:06.572334 10,8
1568207406 15:10:06.579083 16,9
1568207406 15:10:06.845434 10,8
1568207406 15:10:06.848146 0,9
1568207406 15:10:06.855289 18,9
1568207406 15:10:06.859800 2,9
1568207406 15:10:06.900766 3,9
1568207407 15:10:07.002222 17,9
1568207407 15:10:07.006731 10,8
1568207407 15:10:07.014946 4,9
1568207407 15:10:07.025546 20,9
1568207407 15:10:07.027553 2,9
1568207407 15:10:07.109322 17,9
1568207407 15:10:07.117086 10,8
1568207407 15:10:07.118201 0,9
1568207407 15:10:07.157263 4,9
1568207407 15:10:07.320490 17,9
1568207407 15:10:07.326117 10,8
1568207408 15:10:08.149299 17,9
1568207408 15:10:08.192630 16,9
1568207410 15:10:10.289271 17,9
1568207411 15:10:11.712084 10,9
1568207411 15:10:11.795018 17,9
1568207411 15:10:11.859524 16,9
1568207412 15:10:12.204680 10,9
1568207412 15:10:12.257331 17,9
1568207412 15:10:12.323749 16,9
1568207412 15:10:12.519878 10,9
1568207412 15:10:12.624502 17,9
1568207412 15:10:12.749249 10,9
1568207412 15:10:12.764896 17,9
1568207412 15:10:12.885713 10,9
1568207412 15:10:12.909871 14,10
1568207412 15:10:12.918834 13,10
1568207412 15:10:12.943427 17,9
1568207413 15:10:13.195111 12,10
1568207413 15:10:13.197493 13,10
1568207413 15:10:13.217780 15,10
1568207413 15:10:13.219692 11,10
1568207413 15:10:13.219923 15,10
1568207413 15:10:13.224152 16,10
1568207413 15:10:13.228475 17,9
1568207413 15:10:13.243429 19,10
1568207413 15:10:13.257463 8,10
1568207413 15:10:13.259967 7,10
1568207413 15:10:13.265569 6,10
1568207413 15:10:13.278868 8,10
1568207413 15:10:13.279258 7,10
1568207413 15:10:13.283537 6,10
1568207413 15:10:13.301215 2,10
1568207413 15:10:13.308434 18,10
1568207413 15:10:13.311792 4,10
1568207413 15:10:13.314852 20,10
1568207413 15:10:13.333858 4,10
1568207413 15:10:13.348797 0,10
1568207413 15:10:13.359449 3,10
1568207413 15:10:13.365812 3,10
1568207413 15:10:13.368491 0,10
1568207413 15:10:13.382480 2,10
1568207413 15:10:13.535680 10,9
1568207413 15:10:13.570501 19,10
1568207413 15:10:13.572185 11,10
1568207413 15:10:13.572627 11,10
1568207413 15:10:13.574066 15,10
1568207413 15:10:13.574498 15,10
1568207413 15:10:13.575440 16,10
1568207413 15:10:13.577707 8,10
1568207413 15:10:13.578075 7,10
1568207413 15:10:13.579205 8,10
1568207413 15:10:13.581661 6,10
1568207413 15:10:13.582405 18,10
1568207413 15:10:13.584969 12,10
1568207413 15:10:13.587707 7,10
1568207413 15:10:13.589200 5,10
1568207413 15:10:13.590261 6,10
1568207413 15:10:13.590865 4,10
1568207413 15:10:13.591278 19,10
1568207413 15:10:13.592805 20,10
1568207413 15:10:13.596577 0,10
1568207413 15:10:13.598319 4,10
1568207413 15:10:13.599025 20,10
1568207413 15:10:13.599846 16,10
1568207413 15:10:13.600620 0,10
1568207413 15:10:13.600873 2,10
1568207413 15:10:13.602264 3,10
1568207413 15:10:13.607213 17,9
1568207413 15:10:13.608665 19,10
1568207413 15:10:13.609475 18,10
1568207413 15:10:13.611839 8,10
1568207413 15:10:13.612431 19,10
1568207413 15:10:13.613414 7,10
1568207413 15:10:13.613738 0,10
1568207413 15:10:13.615560 20,10
1568207413 15:10:13.616824 6,10
1568207413 15:10:13.617588 5,10
1568207413 15:10:13.618873 2,10
1568207413 15:10:13.619963 0,10
1568207413 15:10:13.621804 0,10
1568207413 15:10:13.707008 3,10
1568207413 15:10:13.707168 6,10
1568207413 15:10:13.707299 3,10
1568207413 15:10:13.709693 4,10
1568207413 15:10:13.710403 5,10
1568207413 15:10:13.728620 18,10
1568207413 15:10:13.730511 2,10
1568207413 15:10:13.735183 5,10
1568207413 15:10:13.745552 4,10
1568207413 15:10:13.752674 4,10
1568207413 15:10:13.759279 4,10
1568207413 15:10:13.762351 3,10
1568207413 15:10:13.771085 5,10
1568207413 15:10:13.774266 5,10
1568207413 15:10:13.776515 2,10
1568207413 15:10:13.777631 2,10
1568207413 15:10:13.784988 5,10
1568207413 15:10:13.790107 5,10
1568207413 15:10:13.810648 4,10
1568207413 15:10:13.811650 3,10
1568207413 15:10:13.812657 4,10
1568207413 15:10:13.815015 20,10
1568207413 15:10:13.819926 5,10
1568207413 15:10:13.826281 5,10
1568207413 15:10:13.827666 0,10
1568207413 15:10:13.853084 4,10
1568207413 15:10:13.856276 3,10
1568207413 15:10:13.860240 1,10
1568207413 15:10:13.862324 3,10
1568207413 15:10:13.865431 9,10
1568207413 15:10:13.871023 9,10
1568207413 15:10:13.873191 9,10
1568207413 15:10:13.898073 3,10
1568207413 15:10:13.898831 3,10
1568207413 15:10:13.900817 3,10
1568207413 15:10:13.903634 9,10
1568207413 15:10:13.905428 9,10
1568207413 15:10:13.906345 3,10
1568207413 15:10:13.910563 5,10
1568207413 15:10:13.911874 5,10
1568207413 15:10:13.914492 9,10
1568207413 15:10:13.919190 9,10
1568207413 15:10:13.920129 2,10
1568207413 15:10:13.921479 5,10
1568207413 15:10:13.921801 9,10
1568207413 15:10:13.923494 5,10
1568207413 15:10:13.928838 5,10
1568207413 15:10:13.939561 9,10
1568207413 15:10:13.939740 9,10
1568207413 15:10:13.942410 9,10
1568207413 15:10:13.944587 9,10
1568207413 15:10:13.946323 5,10
1568207413 15:10:13.947764 9,10
1568207413 15:10:13.950039 9,10
1568207413 15:10:13.953396 10,9
1568207413 15:10:13.955916 19,10
1568207413 15:10:13.956634 11,10
1568207413 15:10:13.956867 16,10
1568207413 15:10:13.958163 18,10
1568207413 15:10:13.958987 9,10
1568207413 15:10:13.959688 19,10
1568207413 15:10:13.960071 3,10
1568207413 15:10:13.960489 9,10
1568207413 15:10:13.962194 9,10
1568207413 15:10:13.964533 2,10
1568207413 15:10:13.966489 17,9
1568207413 15:10:13.967856 18,10
1568207413 15:10:13.969808 18,10
1568207413 15:10:13.970121 20,10
1568207413 15:10:13.972939 18,10
1568207413 15:10:13.973877 20,10
1568207413 15:10:13.974248 7,10
1568207413 15:10:13.978083 4,10
1568207413 15:10:13.978521 0,10
1568207413 15:10:13.980112 2,10
1568207413 15:10:13.981525 3,10
1568207413 15:10:13.983300 4,10
1568207413 15:10:13.984515 18,10
1568207413 15:10:13.985584 4,10
1568207413 15:10:13.985934 0,10
1568207413 15:10:13.987297 1,10
1568207413 15:10:13.987627 1,10
1568207413 15:10:13.989214 1,10
1568207413 15:10:13.990554 1,10
1568207413 15:10:13.992863 1,10
1568207413 15:10:13.993724 1,10
1568207413 15:10:13.995706 1,10
1568207413 15:10:13.997488 1,10
1568207414 15:10:14.007952 1,10
1568207414 15:10:14.010589 1,10
1568207414 15:10:14.023675 5,10
1568207414 15:10:14.028046 10,9
1568207414 15:10:14.028452 12,10
1568207414 15:10:14.029966 9,10
1568207414 15:10:14.034806 3,10
1568207414 15:10:14.035621 1,10
1568207414 15:10:14.035792 1,10
1568207414 15:10:14.045591 1,10
1568207414 15:10:14.047757 0,10
1568207414 15:10:14.051888 5,10
1568207414 15:10:14.057079 9,10
1568207414 15:10:14.058977 8,10
1568207414 15:10:14.059217 17,9
1568207414 15:10:14.060170 3,10
1568207414 15:10:14.067567 5,10
1568207414 15:10:14.068655 10,9
1568207414 15:10:14.068771 9,10
1568207414 15:10:14.069108 4,10
1568207414 15:10:14.070944 17,10
1568207414 15:10:14.082851 5,10
1568207414 15:10:14.084755 20,10
1568207414 15:10:14.086659 9,10
1568207414 15:10:14.089788 17,10
1568207414 15:10:14.091600 17,10
1568207414 15:10:14.094433 5,10
1568207414 15:10:14.094745 10,9
1568207414 15:10:14.095506 17,10
1568207414 15:10:14.095736 10,9
1568207414 15:10:14.099080 5,10
1568207414 15:10:14.099539 9,10
1568207414 15:10:14.100075 10,9
1568207414 15:10:14.100913 5,10
1568207414 15:10:14.101670 10,9
1568207414 15:10:14.101847 9,10
1568207414 15:10:14.102124 10,9
1568207414 15:10:14.102722 5,10
1568207414 15:10:14.103722 10,9
1568207414 15:10:14.104044 9,10
1568207414 15:10:14.105887 10,9
1568207414 15:10:14.106074 9,10
1568207414 15:10:14.106642 10,9
1568207414 15:10:14.107220 10,9
1568207414 15:10:14.107479 10,9
1568207414 15:10:14.108518 10,9
1568207414 15:10:14.108589 9,10
1568207414 15:10:14.109014 10,9
1568207414 15:10:14.110684 9,10
1568207414 15:10:14.111201 10,9
1568207414 15:10:14.112351 10,9
1568207414 15:10:14.112463 9,10
1568207414 15:10:14.113776 9,10
1568207414 15:10:14.116148 10,9
1568207414 15:10:14.116344 9,10
1568207414 15:10:14.117305 10,9
1568207414 15:10:14.117947 9,10
1568207414 15:10:14.118289 10,9
1568207414 15:10:14.119640 10,9
1568207414 15:10:14.120874 10,9
1568207414 15:10:14.121644 10,9
1568207414 15:10:14.121959 10,9
1568207414 15:10:14.122409 10,9
1568207414 15:10:14.122868 10,9
1568207414 15:10:14.123140 10,9
1568207414 15:10:14.123549 10,9
1568207414 15:10:14.124958 10,9
1568207414 15:10:14.125360 10,9
1568207414 15:10:14.127634 10,9
1568207414 15:10:14.128650 10,9
1568207414 15:10:14.131282 10,9
1568207414 15:10:14.132150 10,9
1568207414 15:10:14.133939 10,9
1568207414 15:10:14.140223 10,9
1568207414 15:10:14.141789 10,9
1568207414 15:10:14.146585 10,9
1568207414 15:10:14.153757 10,10
1568207414 15:10:14.156672 10,10
1568207414 15:10:14.158411 10,10
1568207414 15:10:14.163567 10,10
1568207414 15:10:14.166948 10,10
1568207414 15:10:14.167960 10,10
1568207414 15:10:14.170037 10,10
1568207414 15:10:14.190746 0,10
1568207414 15:10:14.190806 1,10
1568207414 15:10:14.190831 2,10
1568207414 15:10:14.190854 3,10
1568207414 15:10:14.190893 4,10
1568207414 15:10:14.191254 5,10
1568207414 15:10:14.191772 6,10
1568207414 15:10:14.191950 7,10
1568207414 15:10:14.192429 8,10
1568207414 15:10:14.192512 9,10
1568207414 15:10:14.192797 10,10
1568207414 15:10:14.192838 11,10
1568207414 15:10:14.192858 12,10
1568207414 15:10:14.192881 13,10
1568207414 15:10:14.192901 14,10
1568207414 15:10:14.192919 15,10
1568207414 15:10:14.192942 16,10
1568207414 15:10:14.192960 17,10
1568207414 15:10:14.193004 18,10
1568207414 15:10:14.193540 19,10
1568207414 15:10:14.193697 20,10
