1568208154 15:22:34.933109 0,0
1568208154 15:22:34.933423 1,0
1568208154 15:22:34.933492 2,0
1568208154 15:22:34.933576 3,0
1568208154 15:22:34.934445 4,0
1568208154 15:22:34.937130 5,0
1568208154 15:22:34.937443 6,0
1568208154 15:22:34.937725 7,0
1568208154 15:22:34.938639 8,0
1568208154 15:22:34.939431 9,0
1568208154 15:22:34.940208 10,0
1568208155 15:22:35.413618 4,1
1568208155 15:22:35.415332 4,1
1568208155 15:22:35.431197 1,1
1568208155 15:22:35.433414 1,1
1568208155 15:22:35.477053 1,1
1568208155 15:22:35.509808 3,1
1568208155 15:22:35.570723 3,1
1568208155 15:22:35.591007 8,1
1568208155 15:22:35.592476 1,1
1568208155 15:22:35.602563 10,1
1568208155 15:22:35.619759 2,1
1568208155 15:22:35.653911 6,1
1568208155 15:22:35.657417 2,1
1568208155 15:22:35.684730 0,1
1568208155 15:22:35.686071 0,1
1568208155 15:22:35.724295 10,1
1568208155 15:22:35.726400 10,1
1568208155 15:22:35.737709 10,1
1568208155 15:22:35.739247 10,1
1568208155 15:22:35.763581 6,1
1568208155 15:22:35.765328 6,1
1568208155 15:22:35.767315 6,1
1568208155 15:22:35.768727 9,1
1568208155 15:22:35.787048 0,1
1568208155 15:22:35.789710 0,1
1568208155 15:22:35.793988 0,1
1568208155 15:22:35.799555 7,1
1568208155 15:22:35.818411 10,1
1568208155 15:22:35.823203 2,1
1568208155 15:22:35.826089 6,1
1568208155 15:22:35.861515 3,1
1568208155 15:22:35.866461 0,1
1568208155 15:22:35.871396 10,1
1568208155 15:22:35.913386 3,1
1568208155 15:22:35.914779 3,1
1568208155 15:22:35.914987 3,1
1568208155 15:22:35.919996 0,1
1568208155 15:22:35.999497 6,1
1568208156 15:22:36.000364 6,1
1568208156 15:22:36.007613 5,1
1568208156 15:22:36.027613 3,1
1568208156 15:22:36.090554 6,1
1568208156 15:22:36.107182 5,1
1568208156 15:22:36.112224 7,1
1568208156 15:22:36.241978 6,1
1568208156 15:22:36.246016 6,1
1568208156 15:22:36.250708 6,1
1568208156 15:22:36.256608 9,2
1568208156 15:22:36.271215 8,2
1568208156 15:22:36.305601 3,1
1568208156 15:22:36.400341 10,2
1568208156 15:22:36.452551 3,2
1568208156 15:22:36.493429 2,2
1568208156 15:22:36.508832 1,2
1568208156 15:22:36.559431 3,2
1568208156 15:22:36.563771 4,2
1568208156 15:22:36.575989 5,1
1568208156 15:22:36.578516 6,2
1568208156 15:22:36.578612 6,2
1568208156 15:22:36.592023 6,2
1568208156 15:22:36.606523 0,2
1568208156 15:22:36.626186 1,2
1568208156 15:22:36.628372 4,2
1568208156 15:22:36.630014 4,2
1568208156 15:22:36.726172 7,1
1568208156 15:22:36.732672 5,1
1568208156 15:22:36.733335 10,2
1568208156 15:22:36.734337 6,2
1568208156 15:22:36.761354 0,2
1568208156 15:22:36.775833 2,2
1568208156 15:22:36.789574 4,2
1568208156 15:22:36.817187 7,1
1568208156 15:22:36.818040 5,1
1568208156 15:22:36.842269 0,2
1568208156 15:22:36.858579 2,2
1568208156 15:22:36.921243 3,2
1568208156 15:22:36.968174 5,1
1568208157 15:22:37.075675 2,2
1568208157 15:22:37.114456 4,2
1568208157 15:22:37.177348 5,1
1568208157 15:22:37.177810 7,1
1568208157 15:22:37.178204 5,1
1568208157 15:22:37.179183 5,1
1568208157 15:22:37.219928 4,2
1568208157 15:22:37.334671 7,1
1568208157 15:22:37.335421 5,1
1568208157 15:22:37.336818 5,1
1568208157 15:22:37.347728 8,3
1568208157 15:22:37.477465 7,1
1568208157 15:22:37.484189 5,1
1568208157 15:22:37.526076 9,3
1568208157 15:22:37.579301 6,3
1568208157 15:22:37.587133 7,1
1568208157 15:22:37.591711 6,3
1568208157 15:22:37.603819 5,2
1568208157 15:22:37.690907 10,3
1568208157 15:22:37.723009 2,3
1568208157 15:22:37.755468 7,1
1568208157 15:22:37.763963 5,2
1568208157 15:22:37.764414 5,2
1568208157 15:22:37.764867 5,2
1568208157 15:22:37.779896 10,3
1568208157 15:22:37.780179 10,3
1568208157 15:22:37.791812 4,3
1568208157 15:22:37.797161 10,3
1568208157 15:22:37.801938 2,3
1568208157 15:22:37.821380 1,3
1568208157 15:22:37.836124 7,1
1568208157 15:22:37.842391 3,3
1568208157 15:22:37.867358 5,2
1568208157 15:22:37.960969 5,2
1568208157 15:22:37.964318 4,3
1568208157 15:22:37.966360 4,3
1568208157 15:22:37.967837 4,3
1568208157 15:22:37.990037 0,3
1568208157 15:22:37.991531 1,3
1568208158 15:22:38.004487 7,1
1568208158 15:22:38.008561 3,3
1568208158 15:22:38.009166 3,3
1568208158 15:22:38.058063 5,2
1568208158 15:22:38.068816 4,3
1568208158 15:22:38.068853 0,3
1568208158 15:22:38.085866 7,3
1568208158 15:22:38.087793 5,2
1568208158 15:22:38.188306 5,3
1568208158 15:22:38.289512 0,3
1568208158 15:22:38.325015 0,3
1568208158 15:22:38.329896 5,2
1568208158 15:22:38.338087 0,3
1568208158 15:22:38.339545 5,3
1568208158 15:22:38.344591 5,3
1568208158 15:22:38.345942 5,3
1568208158 15:22:38.348731 5,3
1568208158 15:22:38.351816 5,3
1568208158 15:22:38.355860 5,3
1568208158 15:22:38.357183 5,3
1568208158 15:22:38.360178 5,3
1568208158 15:22:38.361282 5,3
1568208158 15:22:38.361828 5,2
1568208158 15:22:38.362194 5,2
1568208158 15:22:38.362824 5,3
1568208158 15:22:38.363946 5,3
1568208158 15:22:38.364158 5,3
1568208158 15:22:38.365921 5,3
1568208158 15:22:38.366470 5,3
1568208158 15:22:38.367119 5,3
1568208158 15:22:38.367570 5,3
1568208158 15:22:38.368559 5,3
1568208158 15:22:38.400182 5,3
1568208158 15:22:38.893223 5,3
1568208158 15:22:38.964073 6,4
1568208159 15:22:39.154514 6,4
1568208159 15:22:39.156302 5,4
1568208159 15:22:39.158939 7,4
1568208159 15:22:39.167241 4,4
1568208159 15:22:39.173417 10,4
1568208159 15:22:39.188873 8,4
1568208159 15:22:39.189251 9,4
1568208159 15:22:39.200954 5,4
1568208159 15:22:39.201125 7,4
1568208159 15:22:39.208575 9,4
1568208159 15:22:39.214674 10,4
1568208159 15:22:39.216589 0,4
1568208159 15:22:39.217163 0,4
1568208159 15:22:39.221574 0,4
1568208159 15:22:39.223056 0,4
1568208159 15:22:39.226062 8,4
1568208159 15:22:39.234476 8,4
1568208159 15:22:39.235594 0,4
1568208159 15:22:39.240427 0,4
1568208159 15:22:39.244489 0,4
1568208159 15:22:39.255068 8,4
1568208159 15:22:39.260591 3,4
1568208159 15:22:39.261105 3,4
1568208159 15:22:39.261663 3,4
1568208159 15:22:39.262953 3,4
1568208159 15:22:39.263429 3,4
1568208159 15:22:39.286617 8,4
1568208159 15:22:39.322065 1,4
1568208159 15:22:39.367848 3,4
1568208159 15:22:39.372258 8,4
1568208159 15:22:39.431922 2,4
1568208159 15:22:39.445899 8,4
1568208159 15:22:39.481617 3,4
1568208159 15:22:39.483510 9,4
1568208159 15:22:39.488368 2,4
1568208159 15:22:39.493836 1,4
1568208159 15:22:39.501768 3,4
1568208159 15:22:39.569042 2,4
1568208159 15:22:39.573759 2,4
1568208159 15:22:39.593738 2,4
1568208159 15:22:39.596441 2,4
1568208159 15:22:39.677669 2,4
1568208159 15:22:39.686590 2,4
1568208159 15:22:39.692397 2,4
1568208159 15:22:39.703055 2,4
1568208159 15:22:39.710695 2,4
1568208159 15:22:39.714102 2,4
1568208159 15:22:39.726429 2,4
1568208159 15:22:39.750938 2,4
1568208159 15:22:39.773049 2,4
1568208159 15:22:39.796727 3,4
1568208159 15:22:39.848087 3,4
1568208159 15:22:39.852499 9,4
1568208159 15:22:39.978286 2,4
1568208160 15:22:40.016877 1,4
1568208160 15:22:40.169580 9,4
1568208160 15:22:40.252698 1,4
1568208160 15:22:40.253436 1,4
1568208160 15:22:40.254770 1,4
1568208160 15:22:40.267808 9,4
1568208160 15:22:40.349653 2,4
1568208160 15:22:40.568968 2,4
1568208160 15:22:40.570898 2,4
1568208160 15:22:40.679889 3,4
1568208160 15:22:40.684141 2,4
1568208160 15:22:40.752207 2,4
1568208160 15:22:40.754079 2,4
1568208160 15:22:40.853069 3,4
1568208160 15:22:40.876750 6,5
1568208161 15:22:41.090750 0,5
1568208161 15:22:41.123335 4,5
1568208161 15:22:41.152160 5,5
1568208161 15:22:41.220788 9,5
1568208161 15:22:41.550270 4,5
1568208161 15:22:41.566280 7,5
1568208161 15:22:41.611353 8,5
1568208161 15:22:41.727219 2,5
1568208161 15:22:41.728552 2,5
1568208161 15:22:41.729211 2,5
1568208161 15:22:41.790149 9,5
1568208161 15:22:41.797393 8,5
1568208161 15:22:41.799335 8,5
1568208161 15:22:41.822672 1,5
1568208161 15:22:41.836068 2,5
1568208161 15:22:41.853367 5,5
1568208161 15:22:41.854927 5,5
1568208161 15:22:41.859029 10,5
1568208161 15:22:41.869729 8,5
1568208161 15:22:41.871168 3,5
1568208161 15:22:41.884575 7,5
1568208161 15:22:41.887866 9,5
1568208161 15:22:41.906479 10,5
1568208161 15:22:41.908564 7,5
1568208161 15:22:41.909235 9,5
1568208161 15:22:41.911025 7,5
1568208161 15:22:41.925623 3,5
1568208161 15:22:41.926371 2,5
1568208161 15:22:41.932118 1,5
1568208161 15:22:41.936455 7,5
1568208161 15:22:41.937108 8,5
1568208161 15:22:41.941519 3,5
1568208161 15:22:41.948190 1,5
1568208161 15:22:41.963471 8,5
1568208161 15:22:41.964174 1,5
1568208161 15:22:41.964274 8,5
1568208161 15:22:41.964668 2,5
1568208161 15:22:41.967628 3,5
1568208161 15:22:41.967630 7,5
1568208161 15:22:41.967632 10,5
1568208161 15:22:41.967633 4,5
1568208161 15:22:41.967634 1,5
1568208161 15:22:41.967635 8,5
1568208161 15:22:41.975405 2,5
1568208161 15:22:41.978122 2,5
1568208161 15:22:41.990888 8,5
1568208161 15:22:41.991157 7,5
1568208161 15:22:41.991158 3,5
1568208161 15:22:41.991160 10,5
1568208161 15:22:41.991161 1,5
1568208161 15:22:41.995342 8,5
1568208161 15:22:41.996122 3,5
1568208162 15:22:42.003255 10,5
1568208162 15:22:42.004830 10,5
1568208162 15:22:42.008417 8,5
1568208162 15:22:42.032780 2,5
1568208162 15:22:42.050674 3,5
1568208162 15:22:42.055635 10,5
1568208162 15:22:42.189523 10,5
1568208162 15:22:42.537585 10,5
1568208163 15:22:43.072855 3,5
1568208163 15:22:43.110506 1,6
1568208163 15:22:43.113842 3,5
1568208163 15:22:43.114643 0,6
1568208163 15:22:43.120693 10,6
1568208163 15:22:43.137201 2,6
1568208163 15:22:43.187111 2,6
1568208163 15:22:43.196678 10,6
1568208163 15:22:43.198417 4,6
1568208163 15:22:43.201076 9,6
1568208163 15:22:43.220110 0,6
1568208163 15:22:43.221529 8,6
1568208163 15:22:43.226078 5,6
1568208163 15:22:43.228959 5,6
1568208163 15:22:43.229487 5,6
1568208163 15:22:43.231660 8,6
1568208163 15:22:43.240198 2,6
1568208163 15:22:43.243222 3,6
1568208163 15:22:43.251394 8,6
1568208163 15:22:43.253306 8,6
1568208163 15:22:43.254502 6,6
1568208163 15:22:43.259874 4,6
1568208163 15:22:43.261095 9,6
1568208163 15:22:43.303265 5,6
1568208163 15:22:43.313574 7,6
1568208163 15:22:43.341879 5,6
1568208163 15:22:43.374093 3,6
1568208163 15:22:43.385881 8,6
1568208163 15:22:43.392435 6,6
1568208163 15:22:43.401986 4,6
1568208163 15:22:43.540741 3,6
1568208163 15:22:43.581496 8,6
1568208163 15:22:43.857110 6,6
1568208164 15:22:44.022273 9,6
1568208164 15:22:44.114762 7,7
1568208164 15:22:44.122258 0,7
1568208164 15:22:44.123227 9,6
1568208164 15:22:44.127476 1,7
1568208164 15:22:44.128154 2,7
1568208164 15:22:44.322357 5,7
1568208164 15:22:44.323215 4,7
1568208164 15:22:44.327654 4,7
1568208164 15:22:44.346799 4,7
1568208164 15:22:44.352137 0,7
1568208164 15:22:44.364705 4,7
1568208164 15:22:44.367274 4,7
1568208164 15:22:44.432447 9,7
1568208164 15:22:44.466394 6,7
1568208164 15:22:44.467306 10,7
1568208164 15:22:44.468206 1,7
1568208164 15:22:44.485298 1,7
1568208164 15:22:44.526850 3,7
1568208164 15:22:44.527044 4,7
1568208164 15:22:44.533405 9,7
1568208164 15:22:44.571033 10,7
1568208164 15:22:44.587919 8,7
1568208164 15:22:44.652292 2,7
1568208164 15:22:44.670516 9,7
1568208164 15:22:44.679648 6,7
1568208164 15:22:44.680866 6,7
1568208164 15:22:44.682093 6,7
1568208164 15:22:44.690950 10,7
1568208164 15:22:44.741171 9,7
1568208164 15:22:44.751332 6,7
1568208164 15:22:44.752159 10,7
1568208164 15:22:44.758268 8,7
1568208164 15:22:44.758946 10,7
1568208164 15:22:44.767474 5,7
1568208164 15:22:44.767805 3,7
1568208164 15:22:44.768719 5,7
1568208164 15:22:44.770330 5,7
1568208164 15:22:44.771691 5,7
1568208164 15:22:44.777901 7,8
1568208164 15:22:44.794988 8,7
1568208164 15:22:44.796752 8,7
1568208164 15:22:44.798508 3,7
1568208164 15:22:44.825390 8,7
1568208164 15:22:44.825681 3,7
1568208164 15:22:44.839453 6,8
1568208164 15:22:44.850245 3,7
1568208164 15:22:44.863336 3,7
1568208165 15:22:45.176754 10,8
1568208165 15:22:45.410146 8,8
1568208165 15:22:45.410646 8,8
1568208165 15:22:45.410969 8,8
1568208165 15:22:45.411452 8,8
1568208165 15:22:45.411915 8,8
1568208165 15:22:45.423159 5,8
1568208165 15:22:45.429657 0,8
1568208165 15:22:45.576271 1,8
1568208165 15:22:45.659438 4,8
1568208165 15:22:45.662360 4,8
1568208165 15:22:45.670134 9,8
1568208165 15:22:45.671297 9,8
1568208165 15:22:45.686696 10,8
1568208165 15:22:45.709433 2,8
1568208165 15:22:45.713346 8,8
1568208165 15:22:45.714332 0,8
1568208165 15:22:45.716114 3,8
1568208165 15:22:45.722034 2,8
1568208165 15:22:45.722920 1,8
1568208165 15:22:45.735707 2,8
1568208165 15:22:45.751550 10,8
1568208165 15:22:45.763808 5,8
1568208165 15:22:45.768083 0,8
1568208165 15:22:45.780882 1,8
1568208165 15:22:45.821879 4,8
1568208165 15:22:45.824064 2,8
1568208165 15:22:45.837613 5,8
1568208165 15:22:45.838512 5,8
1568208165 15:22:45.838901 8,8
1568208165 15:22:45.840661 0,8
1568208165 15:22:45.846182 1,8
1568208165 15:22:45.875478 4,8
1568208165 15:22:45.876465 2,8
1568208165 15:22:45.878337 2,8
1568208165 15:22:45.942632 3,8
1568208165 15:22:45.975696 4,8
1568208165 15:22:45.982755 2,8
1568208165 15:22:45.994832 4,8
1568208165 15:22:46.004973 0,8
1568208165 15:22:46.005006 1,8
1568208166 15:22:46.157281 5,8
1568208166 15:22:46.163711 4,8
1568208166 15:22:46.278615 0,8
1568208166 15:22:46.282590 1,8
1568208166 15:22:46.392302 5,8
1568208166 15:22:46.393058 4,8
1568208166 15:22:46.472250 0,8
1568208166 15:22:46.473410 1,8
1568208166 15:22:46.474522 1,8
1568208166 15:22:46.484031 5,8
1568208166 15:22:46.505039 4,8
1568208166 15:22:46.522304 7,9
1568208166 15:22:46.550048 6,9
1568208166 15:22:46.555370 8,9
1568208166 15:22:46.573430 0,8
1568208166 15:22:46.576592 1,8
1568208166 15:22:46.577324 1,8
1568208166 15:22:46.578830 5,8
1568208166 15:22:46.579824 5,8
1568208166 15:22:46.605793 10,9
1568208166 15:22:46.647865 9,9
1568208166 15:22:46.654266 1,8
1568208166 15:22:46.655207 5,8
1568208166 15:22:46.657456 2,9
1568208166 15:22:46.664042 0,9
1568208166 15:22:46.705438 0,9
1568208166 15:22:46.707292 0,9
1568208166 15:22:46.722930 3,9
1568208166 15:22:46.736279 4,9
1568208166 15:22:46.744582 1,9
1568208166 15:22:46.752528 0,9
1568208166 15:22:46.758953 10,9
1568208166 15:22:46.830911 5,8
1568208166 15:22:46.922278 1,9
1568208166 15:22:46.923355 1,9
1568208166 15:22:46.923918 1,9
1568208167 15:22:47.120175 0,9
1568208167 15:22:47.125312 0,9
1568208167 15:22:47.172689 5,8
1568208167 15:22:47.230037 0,9
1568208167 15:22:47.340446 4,9
1568208167 15:22:47.371813 5,8
1568208167 15:22:47.567173 4,9
1568208167 15:22:47.582808 5,9
1568208167 15:22:47.583420 4,9
1568208167 15:22:47.583851 5,9
1568208167 15:22:47.586103 5,9
1568208167 15:22:47.594946 4,9
1568208167 15:22:47.598842 9,9
1568208167 15:22:47.798846 1,9
1568208167 15:22:47.873043 1,9
1568208167 15:22:47.880963 5,9
1568208168 15:22:48.012883 8,10
1568208168 15:22:48.020126 7,10
1568208168 15:22:48.023577 1,9
1568208168 15:22:48.025165 1,9
1568208168 15:22:48.026909 1,9
1568208168 15:22:48.028999 1,9
1568208168 15:22:48.044244 5,9
1568208168 15:22:48.067237 6,10
1568208168 15:22:48.075848 10,10
1568208168 15:22:48.077642 5,9
1568208168 15:22:48.083032 3,10
1568208168 15:22:48.093938 0,10
1568208168 15:22:48.094086 0,10
1568208168 15:22:48.096160 4,10
1568208168 15:22:48.098598 5,9
1568208168 15:22:48.100322 2,10
1568208168 15:22:48.100383 9,10
1568208168 15:22:48.102237 9,10
1568208168 15:22:48.104576 9,10
1568208168 15:22:48.105188 9,10
1568208168 15:22:48.106415 9,10
1568208168 15:22:48.106884 5,9
1568208168 15:22:48.108472 3,10
1568208168 15:22:48.111278 1,9
1568208168 15:22:48.111537 4,10
1568208168 15:22:48.111698 7,10
1568208168 15:22:48.113123 3,10
1568208168 15:22:48.113331 0,10
1568208168 15:22:48.113481 5,9
1568208168 15:22:48.113606 1,9
1568208168 15:22:48.114280 4,10
1568208168 15:22:48.114802 5,9
1568208168 15:22:48.115809 0,10
1568208168 15:22:48.116030 4,10
1568208168 15:22:48.162913 5,10
1568208168 15:22:48.191884 1,10
1568208168 15:22:48.196151 1,10
1568208168 15:22:48.199047 1,10
1568208168 15:22:48.210029 1,10
1568208168 15:22:48.214233 0,10
1568208168 15:22:48.214299 1,10
1568208168 15:22:48.214331 2,10
1568208168 15:22:48.214350 3,10
1568208168 15:22:48.214369 4,10
1568208168 15:22:48.214408 5,10
1568208168 15:22:48.214429 6,10
1568208168 15:22:48.214446 7,10
1568208168 15:22:48.214462 8,10
1568208168 15:22:48.214479 9,10
1568208168 15:22:48.214495 10,10
