1567007319 17:48:39.787944 0,0
1567007320 17:48:40.537864 1,0
1567007320 17:48:40.974331 2,0
1567007321 17:48:41.536498 3,0
1567007322 17:48:42.129159 4,0
1567007360 17:49:20.504378 4,1
1567007360 17:49:20.810907 2,1
1567007361 17:49:21.098607 0,1
1567007361 17:49:21.129456 1,1
1567007361 17:49:21.354832 3,1
1567007410 17:50:10.955377 2,2
1567007411 17:50:11.220505 1,2
1567007411 17:50:11.264250 4,2
1567007411 17:50:11.291442 0,2
1567007411 17:50:11.328784 3,2
1567007436 17:50:36.045490 0,3
1567007436 17:50:36.244211 3,3
1567007436 17:50:36.441428 1,3
1567007437 17:50:37.634837 4,3
1567007438 17:50:38.988825 2,3
1567007478 17:51:18.208838 3,4
1567007478 17:51:18.274775 1,4
1567007478 17:51:18.308154 2,4
1567007479 17:51:19.206446 4,4
1567007479 17:51:19.624277 0,4
1567007525 17:52:05.654432 2,5
1567007526 17:52:06.221778 1,5
1567007526 17:52:06.910260 0,5
1567007527 17:52:07.250695 3,5
1567007527 17:52:07.314963 4,5
1567007546 17:52:26.882598 3,6
1567007547 17:52:27.599990 2,6
1567007547 17:52:27.916897 1,6
1567007548 17:52:28.009324 0,6
1567007548 17:52:28.585482 4,6
1567007594 17:53:14.734303 4,7
1567007595 17:53:15.072258 3,7
1567007595 17:53:15.462103 2,7
1567007595 17:53:15.682041 1,7
1567007595 17:53:15.791506 0,7
1567007639 17:53:59.296570 0,8
1567007641 17:54:01.649822 1,8
1567007641 17:54:01.677711 2,8
1567007641 17:54:01.728638 4,8
1567007642 17:54:02.928974 3,8
1567007669 17:54:29.825174 0,9
1567007669 17:54:29.897032 3,9
1567007669 17:54:29.983501 4,9
1567007670 17:54:30.288415 2,9
1567007670 17:54:30.761578 1,9
1567007714 17:55:14.417672 1,10
1567007714 17:55:14.725501 4,10
1567007715 17:55:15.014383 2,10
1567007715 17:55:15.165562 3,10
1567007716 17:55:16.149432 0,10
1567007716 17:55:17.398375 0,10
1567007716 17:55:17.398417 1,10
1567007716 17:55:17.398435 2,10
1567007716 17:55:17.398448 3,10
1567007716 17:55:17.398460 4,10
