1566829685 16:28:05.548157 0,0
1566829685 16:28:05.548536 1,0
1566829685 16:28:05.548648 2,0
1566829685 16:28:05.548751 3,0
1566829685 16:28:05.548816 4,0
1566829685 16:28:05.548866 5,0
1566829685 16:28:05.548915 6,0
1566829685 16:28:05.548974 7,0
1566829685 16:28:05.549098 8,0
1566829685 16:28:05.549186 9,0
1566829688 16:28:08.313441 2,1
1566829688 16:28:08.314376 5,1
1566829688 16:28:08.315687 3,1
1566829688 16:28:08.315972 9,1
1566829688 16:28:08.316217 7,1
1566829688 16:28:08.316373 0,1
1566829688 16:28:08.316484 4,1
1566829688 16:28:08.317270 6,1
1566829688 16:28:08.317425 8,1
1566829688 16:28:08.317612 1,1
1566829690 16:28:10.945153 2,2
1566829690 16:28:10.946382 6,2
1566829690 16:28:10.946751 8,2
1566829690 16:28:10.946975 9,2
1566829690 16:28:10.947055 4,2
1566829690 16:28:10.947172 3,2
1566829690 16:28:10.947291 1,2
1566829690 16:28:10.947411 5,2
1566829690 16:28:10.947871 7,2
1566829690 16:28:10.947976 0,2
1566829699 16:28:10.945153 2,2
1566829699 16:28:10.946382 6,2
1566829699 16:28:10.946751 8,2
1566829699 16:28:10.946975 9,2
1566829699 16:28:10.947055 4,2
1566829699 16:28:10.947172 3,2
1566829699 16:28:10.947291 1,2
1566829699 16:28:10.947411 5,2
1566829699 16:28:10.947871 7,2
1566829699 16:28:10.947976 0,2