1566835044 17:57:24.768390 0,0
1566835044 17:57:24.768667 1,0
1566835044 17:57:24.768756 2,0
1566835044 17:57:24.768815 3,0
1566835044 17:57:24.768887 4,0
1566835044 17:57:24.768936 5,0
1566835044 17:57:24.768993 6,0
1566835044 17:57:24.769111 7,0
1566835044 17:57:24.769155 8,0
1566835044 17:57:24.769186 9,0
1566835044 17:57:24.769209 10,0
1566835046 17:57:26.126867 6,1
1566835046 17:57:26.128348 8,1
1566835046 17:57:26.128584 4,1
1566835046 17:57:26.128857 3,1
1566835046 17:57:26.129283 9,1
1566835046 17:57:26.130881 10,1
1566835046 17:57:26.131332 2,1
1566835046 17:57:26.131646 7,1
1566835046 17:57:26.131853 1,1
1566835046 17:57:26.131956 5,1
1566835046 17:57:26.132013 0,1
1566835047 17:57:27.307065 3,2
1566835047 17:57:27.309376 2,2
1566835047 17:57:27.309613 0,2
1566835047 17:57:27.310000 5,2
1566835047 17:57:27.314432 6,2
1566835047 17:57:27.315180 8,2
1566835047 17:57:27.315174 10,2
1566835047 17:57:27.315176 9,2
1566835047 17:57:27.315177 1,2
1566835047 17:57:27.315178 7,2
1566835047 17:57:27.315179 4,2
1566835050 17:57:30.458501 9,3
1566835050 17:57:30.504304 10,3
1566835050 17:57:30.534685 6,3
1566835050 17:57:30.546903 8,3
1566835050 17:57:30.599293 5,3
1566835050 17:57:30.881672 7,3
1566835055 17:57:35.792633 8,4
1566835055 17:57:35.857172 9,4
1566835055 17:57:35.904483 10,4
1566835055 17:57:35.949187 6,4
1566835055 17:57:35.969441 7,4
1566835056 17:57:36.012678 5,4
1566835060 17:57:40.225336 6,5
1566835060 17:57:40.226078 10,5
1566835060 17:57:40.226331 8,5
1566835060 17:57:40.227064 5,5
1566835060 17:57:40.227914 7,5
1566835060 17:57:40.275713 9,5
1566835060 17:57:40.504670 0,2
1566835060 17:57:40.504738 1,2
1566835060 17:57:40.504772 2,2
1566835060 17:57:40.504799 3,2
1566835060 17:57:40.504829 4,2
1566835060 17:57:40.504858 5,5
1566835060 17:57:40.504887 6,5
1566835060 17:57:40.504915 7,5
1566835060 17:57:40.504952 8,5
1566835060 17:57:40.504986 9,5
1566835060 17:57:40.505018 10,5
