1566829417 16:23:37.827329 0,0
1566829417 16:23:37.827471 1,0
1566829417 16:23:37.827525 2,0
1566829417 16:23:37.827564 3,0
1566829417 16:23:37.827584 4,0
1566829417 16:23:37.827611 5,0
1566829417 16:23:37.827638 6,0
1566829417 16:23:37.827661 7,0
1566829417 16:23:37.827694 8,0
1566829417 16:23:37.827709 9,0
1566829417 16:23:37.827729 10,0
1566829420 16:23:40.570742 8,1
1566829420 16:23:40.576572 9,1
1566829420 16:23:40.577958 5,1
1566829420 16:23:40.578940 6,1
1566829420 16:23:40.579433 1,1
1566829420 16:23:40.580233 4,1
1566829420 16:23:40.580712 3,1
1566829420 16:23:40.580875 2,1
1566829420 16:23:40.580923 7,1
1566829420 16:23:40.580977 10,1
1566829420 16:23:40.581051 0,1
1566829423 16:23:43.226406 6,2
1566829423 16:23:43.227681 8,2
1566829423 16:23:43.229089 9,2
1566829423 16:23:43.229184 10,2
1566829423 16:23:43.229364 7,2
1566829423 16:23:43.229865 3,2
1566829423 16:23:43.230043 4,2
1566829423 16:23:43.230279 1,2
1566829423 16:23:43.230330 5,2
1566829423 16:23:43.230370 2,2
1566829423 16:23:43.230402 0,2
1566829426 16:23:46.617668 10,3
1566829426 16:23:46.879345 7,3
1566829427 16:23:47.294821 6,3
1566829427 16:23:47.295925 9,3
1566829427 16:23:47.297265 5,3
1566829427 16:23:47.297447 8,3
1566829432 16:23:52.581762 10,4
1566829432 16:23:52.613615 8,4
1566829432 16:23:52.615364 9,4
1566829432 16:23:52.643980 7,4
1566829432 16:23:52.675648 6,4
1566829432 16:23:52.695965 5,4
1566829438 16:23:58.395521 10,5
1566829438 16:23:58.407023 6,5
1566829438 16:23:58.407320 8,5
1566829438 16:23:58.407633 7,5
1566829438 16:23:58.450981 9,5
1566829438 16:23:58.451957 5,5
1566829438 16:23:58.859689 0,2
1566829438 16:23:58.870214 1,2
1566829438 16:23:58.870259 2,2
1566829438 16:23:58.881999 3,2
1566829438 16:23:58.892679 4,2
1566829438 16:23:58.915539 5,5
1566829438 16:23:58.938306 6,5
1566829438 16:23:58.959151 7,5
1566829438 16:23:58.980944 8,5
1566829438 16:23:58.985014 9,5
1566829438 16:23:58.991863 10,5
