1566740352 15:39:12.461616 0,0
1566740352 15:39:12.462248 1,0
1566740352 15:39:12.463046 2,0
1566740352 15:39:12.463742 3,0
1566740352 15:39:12.463920 4,0
1566740352 15:39:12.464042 5,0
1566740352 15:39:12.464153 6,0
1566740352 15:39:12.464218 7,0
1566740352 15:39:12.464257 8,0
1566740352 15:39:12.464360 9,0
1566740358 15:39:18.232873 5,1
1566740358 15:39:18.273155 6,1
1566740358 15:39:18.315715 7,1
1566740358 15:39:18.328829 8,1
1566740358 15:39:18.363446 9,1
1566740358 15:39:18.383920 4,1
1566740363 15:39:23.699986 6,2
1566740363 15:39:23.700528 4,2
1566740363 15:39:23.700774 9,2
1566740363 15:39:23.700997 7,2
1566740363 15:39:23.701219 5,2
1566740363 15:39:23.701427 8,2
1566740369 15:39:29.437731 6,3
1566740369 15:39:29.438633 9,3
1566740369 15:39:29.438703 7,3
1566740369 15:39:29.438775 8,3
1566740369 15:39:29.438825 4,3
1566740369 15:39:29.439888 5,3
1566740375 15:39:35.684215 6,4
1566740375 15:39:35.779458 9,4
1566740375 15:39:35.802041 4,4
1566740375 15:39:35.825617 5,4
1566740375 15:39:35.855928 7,4
1566740375 15:39:35.888495 8,4
1566740380 15:39:40.940029 8,5
1566740380 15:39:40.971341 4,5
1566740380 15:39:40.994180 5,5
1566740381 15:39:41.018902 7,5
1566740381 15:39:41.052439 9,5
1566740381 15:39:41.072751 6,5
1566740385 15:39:45.617855 6,6
1566740385 15:39:45.618911 7,6
1566740385 15:39:45.621851 4,6
1566740385 15:39:45.622762 9,6
1566740385 15:39:45.623003 8,6
1566740385 15:39:45.648092 5,6
1566740390 15:39:50.135576 6,7
1566740390 15:39:50.166200 5,7
1566740390 15:39:50.176672 7,7
1566740390 15:39:50.206968 4,7
1566740390 15:39:50.231312 8,7
1566740390 15:39:50.261475 9,7
1566740396 15:39:56.174758 4,8
1566740396 15:39:56.175193 6,8
1566740396 15:39:56.178159 5,8
1566740396 15:39:56.178512 9,8
1566740396 15:39:56.178839 8,8
1566740396 15:39:56.179179 7,8
1566740401 15:40:01.521403 7,9
1566740401 15:40:01.613870 6,9
1566740401 15:40:01.625472 4,9
1566740401 15:40:01.635939 8,9
1566740401 15:40:01.665851 5,9
1566740401 15:40:01.686929 9,9
1566740406 15:40:06.655127 6,10
1566740406 15:40:06.667244 9,10
1566740406 15:40:06.677540 7,10
1566740406 15:40:06.698012 5,10
1566740406 15:40:06.697996 4,10
1566740406 15:40:06.739893 8,10
