1566738910 15:15:10.312943 0,0
1566738910 15:15:10.313111 1,0
1566738910 15:15:10.313141 2,0
1566738910 15:15:10.313291 3,0
1566738910 15:15:10.314404 4,0
1566738910 15:15:10.314502 5,0
1566738910 15:15:10.315456 6,0
1566738910 15:15:10.315594 7,0
1566738910 15:15:10.315771 8,0
1566738910 15:15:10.316605 9,0
1566738910 15:15:10.621115 6,1
1566738910 15:15:10.645601 9,1
1566738910 15:15:10.653210 3,1
1566738910 15:15:10.674935 1,1
1566738910 15:15:10.679471 7,1
1566738910 15:15:10.688713 2,1
1566738910 15:15:10.733096 0,1
1566738910 15:15:10.772862 8,1
1566738910 15:15:10.883833 6,2
1566738910 15:15:10.884715 3,2
1566738910 15:15:10.890204 4,1
1566738910 15:15:10.890456 1,2
1566738910 15:15:10.897674 2,2
1566738910 15:15:10.906335 8,2
1566738910 15:15:10.930104 4,2
1566738910 15:15:10.989964 7,2
1566738911 15:15:11.025116 5,1
1566738911 15:15:11.026088 9,2
1566738911 15:15:11.059483 0,2
1566738911 15:15:11.103722 8,3
1566738911 15:15:11.140911 2,3
1566738911 15:15:11.181376 9,3
1566738911 15:15:11.206364 7,3
1566738911 15:15:11.208145 5,2
1566738911 15:15:11.277771 6,3
1566738911 15:15:11.282938 1,3
1566738911 15:15:11.287172 3,3
1566738911 15:15:11.323142 5,3
1566738911 15:15:11.341041 0,3
1566738911 15:15:11.477676 4,3
1566738911 15:15:11.486276 8,4
1566738911 15:15:11.487307 2,4
1566738911 15:15:11.487923 7,4
1566738911 15:15:11.488530 9,4
1566738911 15:15:11.489157 6,4
1566738911 15:15:11.540577 3,4
1566738911 15:15:11.606932 5,4
1566738911 15:15:11.623561 4,4
1566738911 15:15:11.687692 0,4
1566738911 15:15:11.721142 1,4
1566738911 15:15:11.758798 6,5
1566738911 15:15:11.763740 0,5
1566738911 15:15:11.813244 9,5
1566738911 15:15:11.850088 8,5
1566738911 15:15:11.865699 2,5
1566738911 15:15:11.869459 5,5
1566738911 15:15:11.888648 7,5
1566738911 15:15:11.889220 1,5
1566738911 15:15:11.910179 4,5
1566738912 15:15:12.023460 3,5
1566738912 15:15:12.081575 0,6
1566738912 15:15:12.087941 2,6
1566738912 15:15:12.091767 9,6
1566738912 15:15:12.096311 8,6
1566738912 15:15:12.097357 4,6
1566738912 15:15:12.131377 1,6
1566738912 15:15:12.154961 3,6
1566738912 15:15:12.160402 6,6
1566738912 15:15:12.182352 5,6
1566738912 15:15:12.293136 7,6
1566738912 15:15:12.336922 8,7
1566738912 15:15:12.347929 9,7
1566738912 15:15:12.356048 5,7
1566738912 15:15:12.356985 6,7
1566738912 15:15:12.364128 7,7
1566738912 15:15:12.408871 1,7
1566738912 15:15:12.453266 4,7
1566738912 15:15:12.486703 0,7
1566738912 15:15:12.523657 3,7
1566738912 15:15:12.574717 2,7
1566738912 15:15:12.652404 9,8
1566738912 15:15:12.689585 1,8
1566738912 15:15:12.689964 5,8
1566738912 15:15:12.697974 3,8
1566738912 15:15:12.710738 6,8
1566738912 15:15:12.711113 7,8
1566738912 15:15:12.756177 2,8
1566738912 15:15:12.778192 0,8
1566738912 15:15:12.812256 4,8
1566738912 15:15:12.847256 8,8
1566738912 15:15:12.947947 6,9
1566738912 15:15:12.955859 2,9
1566738912 15:15:12.961676 3,9
1566738912 15:15:12.987867 8,9
1566738913 15:15:13.023391 5,9
1566738913 15:15:13.048221 9,9
1566738913 15:15:13.052993 7,9
1566738913 15:15:13.060423 1,9
1566738913 15:15:13.130600 4,9
1566738913 15:15:13.237379 7,10
1566738913 15:15:13.237980 8,10
1566738913 15:15:13.244440 4,10
1566738913 15:15:13.246040 6,10
1566738913 15:15:13.273260 9,10
1566738913 15:15:13.279727 5,10
1566738913 15:15:13.279867 3,10
1566738913 15:15:13.299161 1,10
1566738913 15:15:13.299822 2,10
1566738913 15:15:13.301273 0,9
1566738913 15:15:13.308872 0,10
