1566744289 16:44:49.698002 0,0
1566744296 16:44:56.045525 1,0
1566744296 16:44:56.159297 2,0
1566744296 16:44:56.230701 3,0
1566744296 16:44:56.347899 4,0
1566744323 16:45:23.763310 3,1
1566744323 16:45:23.882425 4,1
1566744325 16:45:25.255114 2,1
1566744325 16:45:25.807131 0,1
1566744325 16:45:25.916444 1,1
1566744352 16:45:52.726104 4,2
1566744352 16:45:52.852854 2,2
1566744352 16:45:52.990256 1,2
1566744353 16:45:53.010298 0,2
1566744353 16:45:53.653709 3,2
1566744383 16:46:23.025657 3,3
1566744383 16:46:23.083867 2,3
1566744383 16:46:23.184331 4,3
1566744383 16:46:23.334892 1,3
1566744384 16:46:24.155546 0,3
1566744415 16:46:55.303318 1,4
1566744415 16:46:55.720199 3,4
1566744415 16:46:55.811310 0,4
1566744416 16:46:56.045004 2,4
1566744416 16:46:56.106703 4,4
1566744445 16:47:25.634095 0,5
1566744445 16:47:25.822903 1,5
1566744446 16:47:26.230095 2,5
1566744446 16:47:26.990368 4,5
1566744447 16:47:27.961544 3,5
