1566812269 11:37:49.185319 0,0
1566812269 11:37:49.185798 1,0
1566812269 11:37:49.185909 2,0
1566812269 11:37:49.185971 3,0
1566812269 11:37:49.186007 4,0
1566812269 11:37:49.186036 5,0
1566812269 11:37:49.186086 6,0
1566812269 11:37:49.186197 7,0
1566812269 11:37:49.186268 8,0
1566812269 11:37:49.186302 9,0
1566812300 11:38:20.152033 8,1
1566812300 11:38:20.154900 5,1
1566812300 11:38:20.156663 9,1
1566812300 11:38:20.158123 6,1
1566812300 11:38:20.158501 7,1
1566812300 11:38:20.159088 0,1
1566812305 11:38:25.367466 7,2
1566812305 11:38:25.367659 6,2
1566812305 11:38:25.368362 9,2
1566812305 11:38:25.372341 8,2
1566812305 11:38:25.373877 0,2
1566812305 11:38:25.375133 5,2
1566812310 11:38:30.903456 0,3
1566812310 11:38:30.905654 6,3
1566812310 11:38:30.906106 8,3
1566812310 11:38:30.907273 7,3
1566812310 11:38:30.908057 5,3
1566812310 11:38:30.908226 9,3
1566812316 11:38:36.343440 6,4
1566812316 11:38:36.345783 7,4
1566812316 11:38:36.347277 9,4
1566812316 11:38:36.347746 5,4
1566812316 11:38:36.348083 0,4
1566812316 11:38:36.348248 8,4
1566812320 11:38:40.908810 6,5
1566812320 11:38:40.910928 8,5
1566812320 11:38:40.911023 9,5
1566812320 11:38:40.912448 7,5
1566812320 11:38:40.913791 5,5
1566812320 11:38:40.914447 0,5
1566812326 11:38:46.049644 7,6
1566812326 11:38:46.054890 6,6
1566812326 11:38:46.055118 8,6
1566812326 11:38:46.055501 5,6
1566812326 11:38:46.055660 0,6
1566812326 11:38:46.055813 9,6
1566812330 11:38:50.819026 6,7
1566812330 11:38:50.821472 0,7
1566812330 11:38:50.822574 5,7
1566812330 11:38:50.822821 7,7
1566812330 11:38:50.823083 8,7
1566812330 11:38:50.823087 9,7
1566812335 11:38:55.595735 8,8
1566812335 11:38:55.597120 9,8
1566812335 11:38:55.597367 6,8
1566812335 11:38:55.597452 7,8
1566812335 11:38:55.598838 0,8
1566812335 11:38:55.599072 5,8
1566812341 11:39:01.076532 8,9
1566812341 11:39:01.077847 6,9
1566812341 11:39:01.079617 0,9
1566812341 11:39:01.080004 5,9
1566812341 11:39:01.080427 9,9
1566812341 11:39:01.080644 7,9
1566812345 11:39:05.783120 9,10
1566812345 11:39:05.784958 7,10
1566812345 11:39:05.786222 0,10
1566812345 11:39:05.786554 8,10
1566812345 11:39:05.787143 6,10
1566812345 11:39:05.787245 5,10
