1566812186 11:36:26.506725 0,0
1566812186 11:36:26.507064 1,0
1566812186 11:36:26.507213 2,0
1566812186 11:36:26.507314 3,0
1566812186 11:36:26.507389 4,0
1566812186 11:36:26.507444 5,0
1566812186 11:36:26.507478 6,0
1566812186 11:36:26.507507 7,0
1566812186 11:36:26.507536 8,0
1566812186 11:36:26.507564 9,0
1566812191 11:36:31.182001 4,1
1566812191 11:36:31.185179 6,1
1566812191 11:36:31.187230 7,1
1566812191 11:36:31.187999 5,1
1566812191 11:36:31.188294 9,1
1566812191 11:36:31.188464 8,1
1566812195 11:36:35.788223 8,2
1566812195 11:36:35.797216 5,2
1566812195 11:36:35.798498 9,2
1566812195 11:36:35.806813 4,2
1566812195 11:36:35.807955 6,2
1566812195 11:36:35.808197 7,2
1566812200 11:36:40.793029 8,3
1566812200 11:36:40.796625 7,3
1566812200 11:36:40.796745 9,3
1566812200 11:36:40.803264 6,3
1566812200 11:36:40.804976 4,3
1566812200 11:36:40.805543 5,3
1566812204 11:36:44.389299 0,1
1566812204 11:36:44.390758 0,2
1566812204 11:36:44.391882 0,3
1566812205 11:36:45.200527 5,4
1566812205 11:36:45.203012 8,4
1566812205 11:36:45.204295 7,4
1566812205 11:36:45.204663 4,4
1566812205 11:36:45.205063 9,4
1566812205 11:36:45.206243 0,4
1566812205 11:36:45.206663 6,4
1566812209 11:36:49.035419 0,5
1566812209 11:36:49.037416 6,5
1566812209 11:36:49.038256 8,5
1566812209 11:36:49.041976 9,5
1566812209 11:36:49.042790 4,5
1566812209 11:36:49.043015 7,5
1566812209 11:36:49.043322 5,5
1566812211 11:36:51.916776 0,6
1566812211 11:36:51.917538 6,6
1566812211 11:36:51.918424 9,6
1566812211 11:36:51.919079 8,6
1566812211 11:36:51.919898 5,6
1566812211 11:36:51.920031 4,6
1566812211 11:36:51.920649 7,6
1566812215 11:36:55.870925 6,7
1566812215 11:36:55.872620 7,7
1566812215 11:36:55.872919 8,7
1566812215 11:36:55.873296 0,7
1566812215 11:36:55.873828 4,7
1566812215 11:36:55.875078 9,7
1566812215 11:36:55.875148 5,7
1566812220 11:37:00.149212 7,8
1566812220 11:37:00.151723 8,8
1566812220 11:37:00.152539 4,8
1566812220 11:37:00.154049 9,8
1566812220 11:37:00.154475 0,8
1566812220 11:37:00.154550 5,8
1566812220 11:37:00.154577 6,8
1566812224 11:37:04.253111 5,9
1566812224 11:37:04.257144 9,9
1566812224 11:37:04.257758 8,9
1566812224 11:37:04.258015 0,9
1566812224 11:37:04.258558 4,9
1566812224 11:37:04.258772 6,9
1566812224 11:37:04.258826 7,9
1566812227 11:37:07.508922 6,10
1566812227 11:37:07.510854 0,10
1566812227 11:37:07.511162 4,10
1566812227 11:37:07.511825 9,10
1566812227 11:37:07.512855 7,10
1566812227 11:37:07.513265 8,10
1566812227 11:37:07.513387 5,10
