1566754746 19:39:06.954068 0,0
1566754746 19:39:06.954339 1,0
1566754746 19:39:06.954419 2,0
1566754746 19:39:06.954509 3,0
1566754746 19:39:06.954657 4,0
1566754752 19:39:12.477028 3,1
1566754752 19:39:12.479621 4,1
1566754752 19:39:12.479808 2,1
1566754756 19:39:16.857924 3,2
1566754756 19:39:16.859372 4,2
1566754756 19:39:16.859705 2,2
1566754761 19:39:21.729514 2,3
1566754761 19:39:21.730684 3,3
1566754761 19:39:21.731111 4,3
1566754766 19:39:26.565286 3,4
1566754766 19:39:26.566419 4,4
1566754766 19:39:26.566910 2,4
1566754771 19:39:31.905584 2,5
1566754771 19:39:31.909539 3,5
1566754771 19:39:31.910923 4,5
1566754775 19:39:35.084040 0,1
1566754775 19:39:35.084230 0,2
1566754775 19:39:35.084396 0,3
1566754775 19:39:35.084675 0,4
1566754775 19:39:35.084891 0,5
1566754776 19:39:36.558351 2,6
1566754776 19:39:36.560960 4,6
1566754776 19:39:36.561672 0,6
1566754776 19:39:36.561756 3,6
1566754779 19:39:39.901076 0,7
1566754779 19:39:39.904306 2,7
1566754779 19:39:39.905248 3,7
1566754779 19:39:39.905525 4,7
1566754782 19:39:42.633247 2,8
1566754782 19:39:42.634188 0,8
1566754782 19:39:42.634461 4,8
1566754782 19:39:42.634537 3,8
1566754785 19:39:45.524976 0,9
1566754785 19:39:45.526882 2,9
1566754785 19:39:45.527054 3,9
1566754785 19:39:45.527136 4,9
1566754788 19:39:48.372245 2,10
1566754788 19:39:48.373941 3,10
1566754788 19:39:48.375973 0,10
1566754788 19:39:48.376411 4,10
