1566896859 11:07:39.909922 0,0
1566896859 11:07:39.910289 1,0
1566896859 11:07:39.910479 2,0
1566896859 11:07:39.910559 3,0
1566896859 11:07:39.910646 4,0
1566896859 11:07:39.910729 5,0
1566896859 11:07:39.910779 6,0
1566896859 11:07:39.910819 7,0
1566896859 11:07:39.910853 8,0
1566896859 11:07:39.910887 9,0
1566896859 11:07:39.910932 10,0
1566896861 11:07:41.108250 9,1
1566896861 11:07:41.108496 8,1
1566896861 11:07:41.108876 10,1
1566896861 11:07:41.108919 7,1
1566896861 11:07:41.108936 1,1
1566896861 11:07:41.108976 2,1
1566896861 11:07:41.109144 3,1
1566896861 11:07:41.109258 0,1
1566896861 11:07:41.109283 5,1
1566896861 11:07:41.109317 6,1
1566896861 11:07:41.109356 4,1
1566896862 11:07:42.469272 8,2
1566896862 11:07:42.469734 7,2
1566896862 11:07:42.473807 1,2
1566896862 11:07:42.474152 2,2
1566896862 11:07:42.474954 10,2
1566896862 11:07:42.475235 5,2
1566896862 11:07:42.475542 4,2
1566896862 11:07:42.475654 0,2
1566896862 11:07:42.475965 9,2
1566896862 11:07:42.480576 6,2
1566896862 11:07:42.482807 3,2
1566896864 11:07:44.193735 3,3
1566896864 11:07:44.199222 4,3
1566896864 11:07:44.202348 5,3
1566896864 11:07:44.222387 0,3
1566896864 11:07:44.223823 2,3
1566896864 11:07:44.225365 1,3
1566896892 11:08:12.712969 1,4
1566896892 11:08:12.715041 5,4
1566896892 11:08:12.717394 0,4
1566896892 11:08:12.717620 2,4
1566896892 11:08:12.717871 4,4
1566896892 11:08:12.717919 3,4
1566896895 11:08:15.167174 5,5
1566896895 11:08:15.168819 1,5
1566896895 11:08:15.170085 3,5
1566896895 11:08:15.171011 2,5
1566896895 11:08:15.171340 0,5
1566896895 11:08:15.171387 4,5
1566896897 11:08:17.773098 5,6
1566896897 11:08:17.776565 3,6
1566896897 11:08:17.776619 1,6
1566896897 11:08:17.776713 0,6
1566896897 11:08:17.777339 4,6
1566896897 11:08:17.777520 2,6
1566896900 11:08:20.585854 3,7
1566896900 11:08:20.587487 5,7
1566896900 11:08:20.589057 2,7
1566896900 11:08:20.589209 0,7
1566896900 11:08:20.589978 4,7
1566896900 11:08:20.590317 1,7
1566896903 11:08:23.585121 0,8
1566896903 11:08:23.587555 1,8
1566896903 11:08:23.589586 2,8
1566896903 11:08:23.590177 4,8
1566896903 11:08:23.591160 3,8
1566896903 11:08:23.591838 5,8
1566896903 11:08:23.790832 0,8
1566896903 11:08:23.791012 1,8
1566896903 11:08:23.791183 2,8
1566896903 11:08:23.791238 3,8
1566896903 11:08:23.791290 4,8
1566896903 11:08:23.791309 5,8
1566896903 11:08:23.791321 6,2
1566896903 11:08:23.791331 7,2
1566896903 11:08:23.791342 8,2
1566896903 11:08:23.791356 9,2
1566896903 11:08:23.791368 10,2
