1567008139 18:02:19.555209 0,0
1567008139 18:02:19.556913 1,0
1567008139 18:02:19.556970 2,0
1567008139 18:02:19.557055 3,0
1567008139 18:02:19.557150 4,0
1567008139 18:02:19.557217 5,0
1567008139 18:02:19.557256 6,0
1567008139 18:02:19.557281 7,0
1567008139 18:02:19.557298 8,0
1567008139 18:02:19.557315 9,0
1567008139 18:02:19.557368 10,0
1567008140 18:02:20.864404 7,1
1567008140 18:02:20.867275 1,1
1567008140 18:02:20.868271 2,1
1567008140 18:02:20.868869 10,1
1567008140 18:02:20.872613 4,1
1567008140 18:02:20.873723 3,1
1567008140 18:02:20.874852 9,1
1567008140 18:02:20.876287 0,1
1567008140 18:02:20.881407 6,1
1567008140 18:02:20.882248 8,1
1567008140 18:02:20.897357 5,1
1567008142 18:02:22.341116 2,2
1567008142 18:02:22.341937 8,2
1567008142 18:02:22.343608 3,2
1567008142 18:02:22.344099 9,2
1567008142 18:02:22.344698 10,2
1567008142 18:02:22.344946 5,2
1567008142 18:02:22.345036 6,2
1567008142 18:02:22.345266 0,2
1567008142 18:02:22.345381 7,2
1567008142 18:02:22.345732 4,2
1567008142 18:02:22.345860 1,2
1567008143 18:02:23.875987 0,3
1567008143 18:02:23.879087 1,3
1567008143 18:02:23.879493 2,3
1567008144 18:02:24.192017 4,3
1567008144 18:02:24.192635 5,3
1567008144 18:02:24.194414 3,3
1567008161 18:02:41.433850 0,4
1567008161 18:02:41.437454 1,4
1567008161 18:02:41.438853 3,4
1567008161 18:02:41.439076 5,4
1567008161 18:02:41.439244 2,4
1567008161 18:02:41.439855 4,4
1567008163 18:02:43.965938 3,5
1567008163 18:02:43.967756 0,5
1567008163 18:02:43.968314 2,5
1567008163 18:02:43.968716 1,5
1567008163 18:02:43.968894 4,5
1567008163 18:02:43.969109 5,5
1567008166 18:02:46.388976 3,6
1567008166 18:02:46.393090 5,6
1567008166 18:02:46.393576 1,6
1567008166 18:02:46.394403 0,6
1567008166 18:02:46.394499 2,6
1567008166 18:02:46.394561 4,6
1567008168 18:02:48.788618 4,7
1567008168 18:02:48.789840 5,7
1567008168 18:02:48.791763 3,7
1567008168 18:02:48.791947 1,7
1567008168 18:02:48.792388 2,7
1567008168 18:02:48.792911 0,7
1567008171 18:02:51.537533 1,8
1567008171 18:02:51.538829 5,8
1567008171 18:02:51.540545 0,8
1567008171 18:02:51.541001 4,8
1567008171 18:02:51.541409 2,8
1567008171 18:02:51.541454 3,8
1567008171 18:02:51.656033 0,8
1567008171 18:02:51.656096 1,8
1567008171 18:02:51.656182 2,8
1567008171 18:02:51.656209 3,8
1567008171 18:02:51.656285 4,8
1567008171 18:02:51.656303 5,8
1567008171 18:02:51.656312 6,2
1567008171 18:02:51.656322 7,2
1567008171 18:02:51.656329 8,2
1567008171 18:02:51.656335 9,2
1567008171 18:02:51.656341 10,2
