1566899778 11:56:18.100470 0,0
1566899778 11:56:18.100697 1,0
1566899778 11:56:18.100785 2,0
1566899778 11:56:18.101017 3,0
1566899778 11:56:18.101977 4,0
1566899778 11:56:18.105646 5,0
1566899778 11:56:18.105814 6,0
1566899778 11:56:18.108869 7,0
1566899778 11:56:18.109886 8,0
1566899778 11:56:18.109975 9,0
1566899778 11:56:18.111164 10,0
1566899778 11:56:18.496736 7,1
1566899778 11:56:18.498147 8,1
1566899778 11:56:18.501115 4,1
1566899778 11:56:18.501603 0,1
1566899778 11:56:18.504859 6,1
1566899778 11:56:18.505701 5,1
1566899778 11:56:18.521568 10,1
1566899778 11:56:18.557010 3,1
1566899778 11:56:18.610403 1,1
1566899778 11:56:18.638704 9,1
1566899778 11:56:18.673184 2,1
1566899778 11:56:18.889586 4,2
1566899778 11:56:18.901052 2,2
1566899778 11:56:18.901125 6,2
1566899778 11:56:18.906362 0,2
1566899778 11:56:18.915041 9,2
1566899778 11:56:18.916855 1,2
1566899779 11:56:19.021977 10,2
1566899779 11:56:19.022638 5,2
1566899779 11:56:19.022842 8,2
1566899779 11:56:19.113352 3,2
1566899779 11:56:19.236175 4,3
1566899779 11:56:19.241007 8,3
1566899779 11:56:19.241248 7,2
1566899779 11:56:19.272747 9,3
1566899779 11:56:19.291495 6,3
1566899779 11:56:19.292876 0,3
1566899779 11:56:19.294450 1,3
1566899779 11:56:19.329408 3,3
1566899779 11:56:19.347598 2,3
1566899779 11:56:19.420471 10,3
1566899779 11:56:19.427350 7,3
1566899779 11:56:19.557423 4,4
1566899779 11:56:19.567641 3,4
1566899779 11:56:19.591410 9,4
1566899779 11:56:19.599862 10,4
1566899779 11:56:19.607803 8,4
1566899779 11:56:19.637306 5,3
1566899779 11:56:19.638424 0,4
1566899779 11:56:19.669760 1,4
1566899779 11:56:19.670405 6,4
1566899779 11:56:19.708209 5,4
1566899779 11:56:19.855784 2,4
1566899779 11:56:19.948869 9,5
1566899779 11:56:19.950016 7,4
1566899779 11:56:19.963489 2,5
1566899779 11:56:19.965568 4,5
1566899779 11:56:19.966053 8,5
1566899779 11:56:19.985296 10,5
1566899779 11:56:19.990494 6,5
1566899780 11:56:20.067194 7,5
1566899780 11:56:20.074726 5,5
1566899780 11:56:20.175931 1,5
1566899780 11:56:20.199650 3,5
1566899780 11:56:20.289266 0,5
1566899780 11:56:20.382701 9,6
1566899780 11:56:20.383153 2,6
1566899780 11:56:20.384813 3,6
1566899780 11:56:20.385027 8,6
1566899780 11:56:20.385794 5,6
1566899780 11:56:20.390032 10,6
1566899780 11:56:20.393519 6,6
1566899780 11:56:20.420603 7,6
1566899780 11:56:20.422199 1,6
1566899780 11:56:20.545524 4,6
1566899780 11:56:20.627922 0,6
1566899780 11:56:20.691136 1,7
1566899780 11:56:20.704706 5,7
1566899780 11:56:20.716794 3,7
1566899780 11:56:20.716869 4,7
1566899780 11:56:20.762576 2,7
1566899780 11:56:20.770645 8,7
1566899780 11:56:20.772014 10,7
1566899780 11:56:20.859840 6,7
1566899780 11:56:20.892651 7,7
1566899780 11:56:20.980810 0,7
1566899780 11:56:20.982704 9,7
1566899781 11:56:21.055384 2,8
1566899781 11:56:21.086930 0,8
1566899781 11:56:21.087594 3,8
1566899781 11:56:21.089447 7,8
1566899781 11:56:21.089937 1,8
1566899781 11:56:21.090123 5,8
1566899781 11:56:21.091371 4,8
1566899781 11:56:21.214181 6,8
1566899781 11:56:21.307729 8,8
1566899781 11:56:21.315845 10,8
1566899781 11:56:21.316417 9,8
1566899781 11:56:21.338215 2,9
1566899781 11:56:21.387703 10,9
1566899781 11:56:21.388453 5,9
1566899781 11:56:21.393753 1,9
1566899781 11:56:21.393978 9,9
1566899781 11:56:21.408446 6,9
1566899781 11:56:21.414841 7,9
1566899781 11:56:21.436767 8,9
1566899781 11:56:21.494036 3,9
1566899781 11:56:21.570702 0,9
1566899781 11:56:21.735742 4,9
1566899781 11:56:21.769951 4,10
1566899781 11:56:21.774767 8,10
1566899781 11:56:21.778501 3,10
1566899781 11:56:21.780728 1,10
1566899781 11:56:21.780993 0,10
1566899781 11:56:21.781366 7,10
1566899781 11:56:21.783451 5,10
1566899781 11:56:21.783656 9,10
1566899781 11:56:21.788991 6,10
1566899781 11:56:21.801786 10,10
1566899781 11:56:21.802384 2,10
1566899781 11:56:21.805823 0,10
1566899781 11:56:21.805889 1,10
1566899781 11:56:21.805942 2,10
1566899781 11:56:21.805971 3,10
1566899781 11:56:21.805999 4,10
1566899781 11:56:21.806027 5,10
1566899781 11:56:21.806073 6,10
1566899781 11:56:21.806142 7,10
1566899781 11:56:21.806228 8,10
1566899781 11:56:21.806305 9,10
1566899781 11:56:21.806445 10,10
