1579538118 08:35:18.477449 22,0
1579538118 08:35:18.477567 23,0
1579538118 08:35:18.477581 24,0
1579538118 08:35:18.477594 25,0
1579538118 08:35:18.477607 26,0
1579538118 08:35:18.477618 27,0
1579538118 08:35:18.477631 28,0
1579538118 08:35:18.477642 29,0
1579538118 08:35:18.477653 30,0
1579538118 08:35:18.477678 31,0
1579538118 08:35:18.477690 32,0
1579538118 08:35:18.815770 11,0
1579538118 08:35:18.815881 12,0
1579538118 08:35:18.815895 13,0
1579538118 08:35:18.815909 14,0
1579538118 08:35:18.815920 15,0
1579538118 08:35:18.815934 16,0
1579538118 08:35:18.815948 17,0
1579538118 08:35:18.815962 18,0
1579538118 08:35:18.815975 19,0
1579538118 08:35:18.815986 20,0
1579538118 08:35:18.815997 21,0
1579538119 08:35:19.286815 0,0
1579538119 08:35:19.286924 1,0
1579538119 08:35:19.286937 2,0
1579538119 08:35:19.286948 3,0
1579538119 08:35:19.286959 4,0
1579538119 08:35:19.286970 5,0
1579538119 08:35:19.287021 6,0
1579538119 08:35:19.287034 7,0
1579538119 08:35:19.287046 8,0
1579538119 08:35:19.287057 9,0
1579538119 08:35:19.287069 10,0
1579538119 08:35:19.169503 143,0
1579538119 08:35:19.169604 144,0
1579538119 08:35:19.169619 145,0
1579538119 08:35:19.169636 146,0
1579538119 08:35:19.169652 147,0
1579538119 08:35:19.169663 148,0
1579538119 08:35:19.169678 149,0
1579538119 08:35:19.169700 150,0
1579538119 08:35:19.169714 151,0
1579538119 08:35:19.169735 152,0
1579538119 08:35:19.169759 153,0
1579538119 08:35:19.589205 88,0
1579538119 08:35:19.589331 89,0
1579538119 08:35:19.589346 90,0
1579538119 08:35:19.589361 91,0
1579538119 08:35:19.589375 92,0
1579538119 08:35:19.589386 93,0
1579538119 08:35:19.589399 94,0
1579538119 08:35:19.589415 95,0
1579538119 08:35:19.589427 96,0
1579538119 08:35:19.589439 97,0
1579538119 08:35:19.589451 98,0
1579538119 08:35:19.407545 66,0
1579538119 08:35:19.407671 67,0
1579538119 08:35:19.407684 68,0
1579538119 08:35:19.407696 69,0
1579538119 08:35:19.407710 70,0
1579538119 08:35:19.407721 71,0
1579538119 08:35:19.407735 72,0
1579538119 08:35:19.407747 73,0
1579538119 08:35:19.407759 74,0
1579538119 08:35:19.407771 75,0
1579538119 08:35:19.407793 76,0
1579538119 08:35:19.279016 187,0
1579538119 08:35:19.279139 188,0
1579538119 08:35:19.279153 189,0
1579538119 08:35:19.279165 190,0
1579538119 08:35:19.279176 191,0
1579538119 08:35:19.279187 192,0
1579538119 08:35:19.279201 193,0
1579538119 08:35:19.279228 194,0
1579538119 08:35:19.279240 195,0
1579538119 08:35:19.279252 196,0
1579538119 08:35:19.279263 197,0
1579538119 08:35:19.439703 55,0
1579538119 08:35:19.439819 56,0
1579538119 08:35:19.439832 57,0
1579538119 08:35:19.439842 58,0
1579538119 08:35:19.439854 59,0
1579538119 08:35:19.439866 60,0
1579538119 08:35:19.439877 61,0
1579538119 08:35:19.439888 62,0
1579538119 08:35:19.439902 63,0
1579538119 08:35:19.439916 64,0
1579538119 08:35:19.439926 65,0
1579538119 08:35:19.506538 176,0
1579538119 08:35:19.506656 177,0
1579538119 08:35:19.506675 178,0
1579538119 08:35:19.506694 179,0
1579538119 08:35:19.506709 180,0
1579538119 08:35:19.506726 181,0
1579538119 08:35:19.506739 182,0
1579538119 08:35:19.506750 183,0
1579538119 08:35:19.506763 184,0
1579538119 08:35:19.506783 185,0
1579538119 08:35:19.506802 186,0
1579538119 08:35:19.408833 198,0
1579538119 08:35:19.408963 199,0
1579538119 08:35:19.408979 200,0
1579538119 08:35:19.408990 201,0
1579538119 08:35:19.409001 202,0
1579538119 08:35:19.409012 203,0
1579538119 08:35:19.409022 204,0
1579538119 08:35:19.409033 205,0
1579538119 08:35:19.409044 206,0
1579538119 08:35:19.409054 207,0
1579538119 08:35:19.409066 208,0
1579538119 08:35:19.707476 132,0
1579538119 08:35:19.707574 133,0
1579538119 08:35:19.707586 134,0
1579538119 08:35:19.707597 135,0
1579538119 08:35:19.707610 136,0
1579538119 08:35:19.707620 137,0
1579538119 08:35:19.707631 138,0
1579538119 08:35:19.707642 139,0
1579538119 08:35:19.707653 140,0
1579538119 08:35:19.707664 141,0
1579538119 08:35:19.707674 142,0
1579538119 08:35:19.463284 121,0
1579538119 08:35:19.463417 122,0
1579538119 08:35:19.463431 123,0
1579538119 08:35:19.463443 124,0
1579538119 08:35:19.463495 125,0
1579538119 08:35:19.463509 126,0
1579538119 08:35:19.463521 127,0
1579538119 08:35:19.463532 128,0
1579538119 08:35:19.463546 129,0
1579538119 08:35:19.463557 130,0
1579538119 08:35:19.463579 131,0
1579538119 08:35:19.435826 99,0
1579538119 08:35:19.435948 100,0
1579538119 08:35:19.435966 101,0
1579538119 08:35:19.435986 102,0
1579538119 08:35:19.436001 103,0
1579538119 08:35:19.436013 104,0
1579538119 08:35:19.436025 105,0
1579538119 08:35:19.436037 106,0
1579538119 08:35:19.436048 107,0
1579538119 08:35:19.436059 108,0
1579538119 08:35:19.436071 109,0
1579538119 08:35:19.437621 33,0
1579538119 08:35:19.437740 34,0
1579538119 08:35:19.437756 35,0
1579538119 08:35:19.437769 36,0
1579538119 08:35:19.437781 37,0
1579538119 08:35:19.437793 38,0
1579538119 08:35:19.437804 39,0
1579538119 08:35:19.437817 40,0
1579538119 08:35:19.437831 41,0
1579538119 08:35:19.437844 42,0
1579538119 08:35:19.437856 43,0
1579538119 08:35:19.657302 154,0
1579538119 08:35:19.657426 155,0
1579538119 08:35:19.657440 156,0
1579538119 08:35:19.657454 157,0
1579538119 08:35:19.657466 158,0
1579538119 08:35:19.657477 159,0
1579538119 08:35:19.657490 160,0
1579538119 08:35:19.657502 161,0
1579538119 08:35:19.657514 162,0
1579538119 08:35:19.657525 163,0
1579538119 08:35:19.657538 164,0
1579538119 08:35:19.677886 44,0
1579538119 08:35:19.678014 45,0
1579538119 08:35:19.678029 46,0
1579538119 08:35:19.678046 47,0
1579538119 08:35:19.678057 48,0
1579538119 08:35:19.678068 49,0
1579538119 08:35:19.678080 50,0
1579538119 08:35:19.678093 51,0
1579538119 08:35:19.678107 52,0
1579538119 08:35:19.678119 53,0
1579538119 08:35:19.678131 54,0
1579538119 08:35:19.544763 77,0
1579538119 08:35:19.544926 78,0
1579538119 08:35:19.544944 79,0
1579538119 08:35:19.544959 80,0
1579538119 08:35:19.544976 81,0
1579538119 08:35:19.544990 82,0
1579538119 08:35:19.545003 83,0
1579538119 08:35:19.545015 84,0
1579538119 08:35:19.545028 85,0
1579538119 08:35:19.545040 86,0
1579538119 08:35:19.545052 87,0
1579538119 08:35:19.599293 110,0
1579538119 08:35:19.599424 111,0
1579538119 08:35:19.599439 112,0
1579538119 08:35:19.599451 113,0
1579538119 08:35:19.599463 114,0
1579538119 08:35:19.599475 115,0
1579538119 08:35:19.599486 116,0
1579538119 08:35:19.599500 117,0
1579538119 08:35:19.599513 118,0
1579538119 08:35:19.599525 119,0
1579538119 08:35:19.599537 120,0
1579538119 08:35:19.598893 165,0
1579538119 08:35:19.599021 166,0
1579538119 08:35:19.599043 167,0
1579538119 08:35:19.599060 168,0
1579538119 08:35:19.599078 169,0
1579538119 08:35:19.599091 170,0
1579538119 08:35:19.599103 171,0
1579538119 08:35:19.599127 172,0
1579538119 08:35:19.599146 173,0
1579538119 08:35:19.599167 174,0
1579538119 08:35:19.599185 175,0
1579538132 08:35:32.918623 29,1
1579538132 08:35:32.920857 27,1
1579538132 08:35:32.924790 31,1
1579538132 08:35:32.930700 32,1
1579538132 08:35:32.931011 30,1
1579538132 08:35:32.931515 24,1
1579538132 08:35:32.939659 22,1
1579538132 08:35:32.941071 25,1
1579538132 08:35:32.942757 28,1
1579538132 08:35:32.950329 23,1
1579538133 08:35:33.040609 26,1
1579538133 08:35:33.214422 36,1
1579538133 08:35:33.228033 34,1
1579538133 08:35:33.234985 40,1
1579538133 08:35:33.239660 35,1
1579538133 08:35:33.261264 42,1
1579538133 08:35:33.263036 43,1
1579538133 08:35:33.263473 39,1
1579538133 08:35:33.264616 37,1
1579538133 08:35:33.282147 38,1
1579538133 08:35:33.309987 41,1
1579538133 08:35:33.412616 33,1
1579538136 08:35:36.072077 202,1
1579538136 08:35:36.072493 199,1
1579538136 08:35:36.073042 201,1
1579538136 08:35:36.077285 198,1
1579538136 08:35:36.086937 206,1
1579538136 08:35:36.088026 204,1
1579538136 08:35:36.097958 200,1
1579538136 08:35:36.100650 203,1
1579538136 08:35:36.107499 205,1
1579538136 08:35:36.112170 207,1
1579538136 08:35:36.127044 208,1
1579538136 08:35:36.610481 8,1
1579538136 08:35:36.612660 10,1
1579538136 08:35:36.613367 5,1
1579538136 08:35:36.614599 1,1
1579538136 08:35:36.614811 4,1
1579538136 08:35:36.615062 2,1
1579538136 08:35:36.615566 3,1
1579538136 08:35:36.615832 0,1
1579538136 08:35:36.618668 7,1
1579538136 08:35:36.666705 9,1
1579538136 08:35:36.668386 6,1
1579538136 08:35:36.390458 16,1
1579538136 08:35:36.392907 19,1
1579538136 08:35:36.395484 18,1
1579538136 08:35:36.400125 13,1
1579538136 08:35:36.409070 12,1
1579538136 08:35:36.411047 20,1
1579538136 08:35:36.411857 14,1
1579538136 08:35:36.419822 21,1
1579538136 08:35:36.428838 17,1
1579538136 08:35:36.436569 15,1
1579538136 08:35:36.459919 11,1
1579538136 08:35:36.767166 59,1
1579538136 08:35:36.771183 57,1
1579538136 08:35:36.772897 55,1
1579538136 08:35:36.774486 56,1
1579538136 08:35:36.776007 58,1
1579538136 08:35:36.791173 60,1
1579538136 08:35:36.795972 63,1
1579538136 08:35:36.811282 64,1
1579538136 08:35:36.824513 61,1
1579538136 08:35:36.825381 65,1
1579538136 08:35:36.827862 62,1
1579538136 08:35:36.804801 195,1
1579538136 08:35:36.862660 189,1
1579538136 08:35:36.865523 193,1
1579538136 08:35:36.865921 194,1
1579538136 08:35:36.867969 196,1
1579538136 08:35:36.868068 191,1
1579538136 08:35:36.871870 190,1
1579538136 08:35:36.880889 197,1
1579538136 08:35:36.902595 187,1
1579538136 08:35:36.904917 188,1
1579538137 08:35:37.129019 51,1
1579538137 08:35:37.129346 46,1
1579538137 08:35:37.129759 47,1
1579538137 08:35:37.136485 49,1
1579538136 08:35:36.953765 192,1
1579538137 08:35:37.149930 54,1
1579538137 08:35:37.150883 45,1
1579538137 08:35:37.163071 52,1
1579538137 08:35:37.167375 44,1
1579538137 08:35:37.172701 50,1
1579538137 08:35:37.179352 48,1
1579538137 08:35:37.190822 53,1
1579538137 08:35:37.296904 74,1
1579538137 08:35:37.315711 75,1
1579538137 08:35:37.319570 76,1
1579538137 08:35:37.319969 71,1
1579538137 08:35:37.320648 70,1
1579538137 08:35:37.332497 69,1
1579538137 08:35:37.332708 73,1
1579538137 08:35:37.333207 67,1
1579538137 08:35:37.375444 66,1
1579538137 08:35:37.385486 72,1
1579538137 08:35:37.416635 68,1
1579538138 08:35:38.481963 85,1
1579538138 08:35:38.491487 87,1
1579538138 08:35:38.507883 84,1
1579538138 08:35:38.509252 82,1
1579538138 08:35:38.510253 86,1
1579538138 08:35:38.511663 78,1
1579538138 08:35:38.512096 80,1
1579538138 08:35:38.512517 79,1
1579538138 08:35:38.512966 81,1
1579538138 08:35:38.528569 83,1
1579538138 08:35:38.537469 77,1
1579538139 08:35:39.256608 159,1
1579538139 08:35:39.257230 162,1
1579538139 08:35:39.259743 164,1
1579538139 08:35:39.262949 161,1
1579538139 08:35:39.270340 157,1
1579538139 08:35:39.272279 154,1
1579538139 08:35:39.273560 156,1
1579538139 08:35:39.282194 155,1
1579538139 08:35:39.301412 160,1
1579538139 08:35:39.303565 158,1
1579538139 08:35:39.310895 163,1
1579538139 08:35:39.288874 175,1
1579538139 08:35:39.295058 173,1
1579538139 08:35:39.296687 174,1
1579538139 08:35:39.304345 168,1
1579538139 08:35:39.305447 166,1
1579538139 08:35:39.305885 167,1
1579538139 08:35:39.314267 170,1
1579538139 08:35:39.322444 171,1
1579538139 08:35:39.325073 169,1
1579538139 08:35:39.335133 172,1
1579538139 08:35:39.372266 165,1
1579538139 08:35:39.857808 183,1
1579538139 08:35:39.864894 186,1
1579538139 08:35:39.866181 185,1
1579538139 08:35:39.866331 184,1
1579538139 08:35:39.870577 179,1
1579538139 08:35:39.880117 180,1
1579538139 08:35:39.881194 182,1
1579538139 08:35:39.908476 178,1
1579538139 08:35:39.909002 176,1
1579538139 08:35:39.918986 177,1
1579538139 08:35:39.939570 181,1
1579538140 08:35:40.309546 97,1
1579538140 08:35:40.315445 96,1
1579538140 08:35:40.317235 95,1
1579538140 08:35:40.322416 90,1
1579538140 08:35:40.330165 93,1
1579538140 08:35:40.331793 94,1
1579538140 08:35:40.335257 88,1
1579538140 08:35:40.343934 89,1
1579538140 08:35:40.348624 91,1
1579538140 08:35:40.375623 92,1
1579538140 08:35:40.415301 98,1
1579538140 08:35:40.571405 118,1
1579538140 08:35:40.576152 120,1
1579538140 08:35:40.581495 119,1
1579538140 08:35:40.583399 117,1
1579538140 08:35:40.584384 115,1
1579538140 08:35:40.552498 101,1
1579538140 08:35:40.604968 111,1
1579538140 08:35:40.576307 104,1
1579538140 08:35:40.577537 99,1
1579538140 08:35:40.578561 102,1
1579538140 08:35:40.626404 114,1
1579538140 08:35:40.633306 112,1
1579538140 08:35:40.635775 116,1
1579538140 08:35:40.637941 113,1
1579538140 08:35:40.597450 107,1
1579538140 08:35:40.642575 110,1
1579538140 08:35:40.601222 100,1
1579538140 08:35:40.602262 106,1
1579538140 08:35:40.606413 105,1
1579538140 08:35:40.609259 103,1
1579538140 08:35:40.639122 108,1
1579538140 08:35:40.641634 109,1
1579538140 08:35:40.921091 146,1
1579538140 08:35:40.926693 150,1
1579538140 08:35:40.930047 148,1
1579538140 08:35:40.931345 153,1
1579538140 08:35:40.932897 152,1
1579538140 08:35:40.935742 151,1
1579538140 08:35:40.936174 145,1
1579538140 08:35:40.938104 149,1
1579538140 08:35:40.945031 144,1
1579538140 08:35:40.949887 147,1
1579538140 08:35:40.982208 143,1
1579538141 08:35:41.289126 123,1
1579538141 08:35:41.541478 135,1
1579538141 08:35:41.296543 121,1
1579538141 08:35:41.545141 139,1
1579538141 08:35:41.298663 128,1
1579538141 08:35:41.546190 138,1
1579538141 08:35:41.300013 127,1
1579538141 08:35:41.300178 124,1
1579538141 08:35:41.300877 130,1
1579538141 08:35:41.301354 125,1
1579538141 08:35:41.302098 131,1
1579538141 08:35:41.550858 141,1
1579538141 08:35:41.305698 122,1
1579538141 08:35:41.555371 136,1
1579538141 08:35:41.556848 134,1
1579538141 08:35:41.557690 132,1
1579538141 08:35:41.558381 133,1
1579538141 08:35:41.312955 126,1
1579538141 08:35:41.319762 129,1
1579538141 08:35:41.578164 140,1
1579538141 08:35:41.587447 137,1
1579538141 08:35:41.589799 142,1
1579538156 08:35:56.062715 27,2
1579538156 08:35:56.064683 24,2
1579538156 08:35:56.066432 31,2
1579538156 08:35:56.067117 29,2
1579538156 08:35:56.068171 28,2
1579538156 08:35:56.068806 25,2
1579538156 08:35:56.072508 23,2
1579538156 08:35:56.078520 30,2
1579538156 08:35:56.085323 26,2
1579538156 08:35:56.101467 32,2
1579538156 08:35:56.144633 22,2
1579538156 08:35:56.163572 39,2
1579538156 08:35:56.166029 36,2
1579538156 08:35:56.171110 41,2
1579538156 08:35:56.174119 34,2
1579538156 08:35:56.174509 40,2
1579538156 08:35:56.177509 33,2
1579538156 08:35:56.178674 42,3
1579538156 08:35:56.180717 37,2
1579538156 08:35:56.181774 40,3
1579538156 08:35:56.181847 42,3
1579538156 08:35:56.181895 43,3
1579538156 08:35:56.182040 35,2
1579538156 08:35:56.183882 39,3
1579538156 08:35:56.198264 43,3
1579538156 08:35:56.199334 38,3
1579538156 08:35:56.203686 38,3
1579538156 08:35:56.206062 36,3
1579538156 08:35:56.207178 34,3
1579538156 08:35:56.207461 37,3
1579538156 08:35:56.213336 33,3
1579538156 08:35:56.228040 35,3
1579538156 08:35:56.262483 41,3
1579538156 08:35:56.403440 24,3
1579538156 08:35:56.409767 22,3
1579538156 08:35:56.410211 23,3
1579538156 08:35:56.410552 26,3
1579538156 08:35:56.418066 27,3
1579538156 08:35:56.423885 29,3
1579538156 08:35:56.424238 28,3
1579538156 08:35:56.439075 30,3
1579538156 08:35:56.440814 25,3
1579538156 08:35:56.442010 31,3
1579538156 08:35:56.525560 32,3
1579538157 08:35:57.841117 19,2
1579538157 08:35:57.844992 18,2
1579538157 08:35:57.845098 15,2
1579538157 08:35:57.845270 16,2
1579538157 08:35:57.852386 13,2
1579538157 08:35:57.854426 14,2
1579538157 08:35:57.862927 21,2
1579538157 08:35:57.873382 12,2
1579538157 08:35:57.876132 11,2
1579538158 08:35:58.299741 5,2
1579538158 08:35:58.302041 6,2
1579538158 08:35:58.302518 9,2
1579538158 08:35:58.302969 8,2
1579538157 08:35:57.889527 17,2
1579538158 08:35:58.306001 4,2
1579538158 08:35:58.306264 0,2
1579538158 08:35:58.308475 3,2
1579538158 08:35:58.308818 2,2
1579538158 08:35:58.309326 1,2
1579538158 08:35:58.334712 7,2
1579538157 08:35:57.969984 20,2
1579538158 08:35:58.397863 10,2
1579538158 08:35:58.549287 14,3
1579538158 08:35:58.552485 16,3
1579538158 08:35:58.554020 11,3
1579538158 08:35:58.556151 12,3
1579538158 08:35:58.558584 13,3
1579538158 08:35:58.560689 21,3
1579538158 08:35:58.562125 20,3
1579538158 08:35:58.981144 4,3
1579538158 08:35:58.575577 19,3
1579538158 08:35:58.577912 15,3
1579538159 08:35:59.001405 1,3
1579538159 08:35:59.004968 10,3
1579538159 08:35:59.008351 8,3
1579538159 08:35:59.016462 6,3
1579538159 08:35:59.018723 7,3
1579538159 08:35:59.033403 9,3
1579538159 08:35:59.036339 5,3
1579538159 08:35:59.038504 0,3
1579538158 08:35:58.631587 17,3
1579538158 08:35:58.638004 18,3
1579538159 08:35:59.066899 2,3
1579538159 08:35:59.104263 3,3
1579538159 08:35:59.152162 196,2
1579538159 08:35:59.162751 193,2
1579538159 08:35:59.162869 192,2
1579538159 08:35:59.170117 189,2
1579538159 08:35:59.171435 197,2
1579538159 08:35:59.171986 188,2
1579538159 08:35:59.173203 191,2
1579538159 08:35:59.173282 187,2
1579538159 08:35:59.174220 190,2
1579538159 08:35:59.176260 194,2
1579538159 08:35:59.234768 195,2
1579538159 08:35:59.393358 69,2
1579538159 08:35:59.393873 69,3
1579538159 08:35:59.409863 71,2
1579538159 08:35:59.417594 67,2
1579538159 08:35:59.419450 73,2
1579538159 08:35:59.423319 74,2
1579538159 08:35:59.428828 71,3
1579538159 08:35:59.439748 70,2
1579538159 08:35:59.439970 73,3
1579538159 08:35:59.440754 70,3
1579538159 08:35:59.443042 67,3
1579538159 08:35:59.443564 76,2
1579538159 08:35:59.447861 76,3
1579538159 08:35:59.452269 66,2
1579538159 08:35:59.455111 68,2
1579538159 08:35:59.462164 66,3
1579538159 08:35:59.479048 72,2
1579538159 08:35:59.483619 75,2
1579538159 08:35:59.484844 75,3
1579538159 08:35:59.499776 74,3
1579538159 08:35:59.514016 72,3
1579538159 08:35:59.539312 68,3
1579538159 08:35:59.635262 196,3
1579538159 08:35:59.655182 194,3
1579538159 08:35:59.655617 197,3
1579538159 08:35:59.658465 193,3
1579538159 08:35:59.659499 192,3
1579538159 08:35:59.665368 189,3
1579538159 08:35:59.859369 49,2
1579538159 08:35:59.862340 52,2
1579538159 08:35:59.676481 191,3
1579538159 08:35:59.877282 51,2
1579538159 08:35:59.879229 54,2
1579538159 08:35:59.880029 53,2
1579538159 08:35:59.880593 46,2
1579538159 08:35:59.884388 45,2
1579538159 08:35:59.692440 187,3
1579538159 08:35:59.889333 44,2
1579538159 08:35:59.696397 188,3
1579538159 08:35:59.898456 50,2
1579538159 08:35:59.904102 47,2
1579538159 08:35:59.726136 195,3
1579538159 08:35:59.745119 190,3
1579538159 08:35:59.941734 48,2
1579538160 08:36:00.019991 51,3
1579538160 08:36:00.021700 54,3
1579538160 08:36:00.027372 49,3
1579538160 08:36:00.045774 52,3
1579538160 08:36:00.055426 53,3
1579538160 08:36:00.062351 48,3
1579538160 08:36:00.068020 44,3
1579538160 08:36:00.071974 45,3
1579538160 08:36:00.078168 50,3
1579538160 08:36:00.085515 46,3
1579538159 08:35:59.980925 85,2
1579538159 08:35:59.983794 86,2
1579538159 08:35:59.987263 84,2
1579538159 08:35:59.987725 82,2
1579538159 08:35:59.992543 80,2
1579538160 08:36:00.089855 65,2
1579538160 08:36:00.146578 47,3
1579538159 08:35:59.997104 78,2
1579538159 08:35:59.998699 87,2
1579538159 08:35:59.999366 83,2
1579538160 08:36:00.095138 65,3
1579538160 08:36:00.096043 63,2
1579538160 08:36:00.000897 77,2
1579538160 08:36:00.097084 60,2
1579538160 08:36:00.100047 62,2
1579538160 08:36:00.101151 62,3
1579538160 08:36:00.102957 55,2
1579538160 08:36:00.103473 56,2
1579538160 08:36:00.105436 61,2
1579538160 08:36:00.106556 61,3
1579538160 08:36:00.111088 64,2
1579538160 08:36:00.111931 64,3
1579538160 08:36:00.118946 63,3
1579538160 08:36:00.121542 59,2
1579538160 08:36:00.122824 59,3
1579538160 08:36:00.125651 60,3
1579538160 08:36:00.036132 81,2
1579538160 08:36:00.134402 57,2
1579538160 08:36:00.045889 79,2
1579538160 08:36:00.160333 57,3
1579538160 08:36:00.163675 56,3
1579538160 08:36:00.197062 58,2
1579538160 08:36:00.199659 58,3
1579538160 08:36:00.207424 55,3
1579538160 08:36:00.475591 203,2
1579538160 08:36:00.487092 201,2
1579538160 08:36:00.492381 199,2
1579538160 08:36:00.494367 207,2
1579538160 08:36:00.503695 198,2
1579538160 08:36:00.510549 204,2
1579538160 08:36:00.512423 200,2
1579538160 08:36:00.516056 205,2
1579538160 08:36:00.518646 206,2
1579538160 08:36:00.526220 208,2
1579538160 08:36:00.578356 202,2
1579538160 08:36:00.596299 207,3
1579538160 08:36:00.604710 206,3
1579538160 08:36:00.607506 205,3
1579538160 08:36:00.608348 208,3
1579538160 08:36:00.609006 202,3
1579538160 08:36:00.610955 201,3
1579538160 08:36:00.614534 198,3
1579538160 08:36:00.618853 203,3
1579538160 08:36:00.621569 204,3
1579538160 08:36:00.621915 200,3
1579538160 08:36:00.732419 199,3
1579538160 08:36:00.999547 180,2
1579538161 08:36:01.003083 178,2
1579538161 08:36:01.006425 184,2
1579538161 08:36:01.013331 179,2
1579538161 08:36:01.019318 183,2
1579538161 08:36:01.027037 182,2
1579538161 08:36:01.029032 176,2
1579538161 08:36:01.037374 181,2
1579538161 08:36:01.065631 185,2
1579538161 08:36:01.074681 186,2
1579538161 08:36:01.086066 177,2
1579538160 08:36:00.976361 171,2
1579538160 08:36:00.977525 169,2
1579538160 08:36:00.986819 172,2
1579538160 08:36:00.988004 173,2
1579538160 08:36:00.994561 166,2
1579538160 08:36:00.997778 175,2
1579538161 08:36:01.005163 174,2
1579538161 08:36:01.022252 168,2
1579538161 08:36:01.036623 167,2
1579538161 08:36:01.065389 165,2
1579538161 08:36:01.077589 170,2
1579538161 08:36:01.442846 89,2
1579538161 08:36:01.462162 88,2
1579538161 08:36:01.467583 94,2
1579538161 08:36:01.468066 95,2
1579538161 08:36:01.473143 92,2
1579538161 08:36:01.476186 93,2
1579538161 08:36:01.478639 98,2
1579538161 08:36:01.481699 91,2
1579538161 08:36:01.490598 97,2
1579538161 08:36:01.502478 93,3
1579538161 08:36:01.518395 92,3
1579538161 08:36:01.520385 96,2
1579538161 08:36:01.523506 91,3
1579538161 08:36:01.525524 97,3
1579538161 08:36:01.526000 98,3
1579538161 08:36:01.530242 96,3
1579538161 08:36:01.533242 94,3
1579538161 08:36:01.535743 88,3
1579538161 08:36:01.542752 90,2
1579538161 08:36:01.547743 89,3
1579538161 08:36:01.573420 95,3
1579538161 08:36:01.580960 90,3
1579538161 08:36:01.584847 169,3
1579538161 08:36:01.589569 173,3
1579538161 08:36:01.590617 172,3
1579538161 08:36:01.595085 170,3
1579538161 08:36:01.598102 168,3
1579538161 08:36:01.602022 175,3
1579538161 08:36:01.604682 171,3
1579538161 08:36:01.608814 165,3
1579538161 08:36:01.608833 166,3
1579538161 08:36:01.615963 167,3
1579538161 08:36:01.648800 174,3
1579538161 08:36:01.897191 162,2
1579538161 08:36:01.906970 162,3
1579538161 08:36:01.916450 159,2
1579538161 08:36:01.917721 159,3
1579538161 08:36:01.917770 161,2
1579538161 08:36:01.920609 163,2
1579538161 08:36:01.941923 155,2
1579538161 08:36:01.942366 155,3
1579538161 08:36:01.947309 157,2
1579538161 08:36:01.947454 161,3
1579538161 08:36:01.808526 104,2
1579538161 08:36:01.950207 158,2
1579538161 08:36:01.812926 106,2
1579538161 08:36:01.814250 105,2
1579538161 08:36:01.818033 109,2
1579538161 08:36:01.963640 164,2
1579538161 08:36:01.826624 108,2
1579538161 08:36:01.969107 158,3
1579538161 08:36:01.829905 100,2
1579538161 08:36:01.830402 100,3
1579538161 08:36:01.972749 160,2
1579538161 08:36:01.833537 103,2
1579538161 08:36:01.838010 104,3
1579538161 08:36:01.838691 102,2
1579538161 08:36:01.843661 109,3
1579538161 08:36:01.844518 108,3
1579538161 08:36:01.985748 164,3
1579538161 08:36:01.846049 105,3
1579538161 08:36:01.848623 106,3
1579538161 08:36:01.849865 107,2
1579538161 08:36:01.861323 101,2
1579538162 08:36:02.001913 154,2
1579538161 08:36:01.862332 101,3
1579538161 08:36:01.867011 99,2
1579538161 08:36:01.870239 99,3
1579538161 08:36:01.870446 103,3
1579538162 08:36:02.012755 156,2
1579538161 08:36:01.889737 107,3
1579538161 08:36:01.892721 102,3
1579538162 08:36:02.035540 157,3
1579538162 08:36:02.042430 156,3
1579538162 08:36:02.048358 163,3
1579538162 08:36:02.078901 160,3
1579538162 08:36:02.089966 154,3
1579538161 08:36:01.919807 148,2
1579538161 08:36:01.928546 150,2
1579538161 08:36:01.929483 149,2
1579538161 08:36:01.944254 152,2
1579538161 08:36:01.944672 146,2
1579538161 08:36:01.945064 144,2
1579538161 08:36:01.946454 145,2
1579538161 08:36:01.947526 147,2
1579538161 08:36:01.953458 153,2
1579538162 08:36:02.173435 179,3
1579538162 08:36:02.177304 177,3
1579538162 08:36:02.178362 180,3
1579538162 08:36:02.180177 176,3
1579538161 08:36:01.966836 152,3
1579538162 08:36:02.195913 182,3
1579538162 08:36:02.200344 183,3
1579538161 08:36:01.991369 151,2
1579538162 08:36:02.212426 185,3
1579538162 08:36:02.217888 186,3
1579538162 08:36:02.005681 147,3
1579538162 08:36:02.009746 151,3
1579538162 08:36:02.009994 149,3
1579538162 08:36:02.011613 150,3
1579538162 08:36:02.126979 85,3
1579538162 08:36:02.012653 148,3
1579538162 08:36:02.141903 84,3
1579538162 08:36:02.031663 153,3
1579538162 08:36:02.147130 86,3
1579538162 08:36:02.032572 146,3
1579538162 08:36:02.151681 83,3
1579538162 08:36:02.264858 181,3
1579538162 08:36:02.163482 82,3
1579538162 08:36:02.455137 142,2
1579538162 08:36:02.052656 143,2
1579538162 08:36:02.457695 137,2
1579538162 08:36:02.271720 178,3
1579538162 08:36:02.459553 133,2
1579538162 08:36:02.459781 136,2
1579538162 08:36:02.460503 134,2
1579538162 08:36:02.171973 87,3
1579538162 08:36:02.173194 80,3
1579538162 08:36:02.461997 135,2
1579538162 08:36:02.464207 141,2
1579538162 08:36:02.466044 132,2
1579538162 08:36:02.466643 138,2
1579538162 08:36:02.066024 145,3
1579538162 08:36:02.469641 139,2
1579538162 08:36:02.284621 184,3
1579538162 08:36:02.190280 79,3
1579538162 08:36:02.084976 144,3
1579538162 08:36:02.215168 78,3
1579538162 08:36:02.100992 143,3
1579538162 08:36:02.522288 140,2
1579538162 08:36:02.266245 77,3
1579538162 08:36:02.270772 81,3
1579538162 08:36:02.961448 130,2
1579538162 08:36:02.966447 124,2
1579538162 08:36:02.966614 127,2
1579538162 08:36:02.967025 128,2
1579538162 08:36:02.970366 131,2
1579538162 08:36:02.970739 129,2
1579538162 08:36:02.976678 122,2
1579538162 08:36:02.997980 125,2
1579538163 08:36:03.012082 121,2
1579538163 08:36:03.012388 123,2
1579538163 08:36:03.047391 117,2
1579538163 08:36:03.052716 119,2
1579538163 08:36:03.056470 120,2
1579538163 08:36:03.061742 118,2
1579538163 08:36:03.062486 116,2
1579538163 08:36:03.071903 126,2
1579538163 08:36:03.069814 113,2
1579538163 08:36:03.080809 110,2
1579538163 08:36:03.081379 114,2
1579538163 08:36:03.090313 112,2
1579538163 08:36:03.093246 115,2
1579538163 08:36:03.160236 111,2
1579538163 08:36:03.188733 113,3
1579538163 08:36:03.189636 120,3
1579538163 08:36:03.191219 119,3
1579538163 08:36:03.192960 112,3
1579538163 08:36:03.196893 128,3
1579538163 08:36:03.194911 115,3
1579538163 08:36:03.196341 118,3
1579538163 08:36:03.196789 117,3
1579538163 08:36:03.202597 124,3
1579538163 08:36:03.199793 116,3
1579538163 08:36:03.205077 130,3
1579538163 08:36:03.205951 129,3
1579538163 08:36:03.212967 122,3
1579538163 08:36:03.214427 121,3
1579538163 08:36:03.214888 123,3
1579538163 08:36:03.214784 111,3
1579538163 08:36:03.218526 125,3
1579538163 08:36:03.218773 126,3
1579538163 08:36:03.242419 127,3
1579538163 08:36:03.252395 114,3
1579538163 08:36:03.268133 131,3
1579538163 08:36:03.285583 110,3
1579538163 08:36:03.914017 133,3
1579538163 08:36:03.917764 136,3
1579538163 08:36:03.921116 139,3
1579538163 08:36:03.929171 135,3
1579538163 08:36:03.929215 141,3
1579538163 08:36:03.931242 142,3
1579538163 08:36:03.933760 137,3
1579538163 08:36:03.950352 138,3
1579538163 08:36:03.955698 132,3
1579538163 08:36:03.957103 140,3
1579538163 08:36:03.957369 134,3
1579538177 08:36:17.756641 41,4
1579538177 08:36:17.758245 37,4
1579538177 08:36:17.758304 39,4
1579538177 08:36:17.758325 38,4
1579538177 08:36:17.758545 42,4
1579538177 08:36:17.758736 40,4
1579538177 08:36:17.758892 33,4
1579538177 08:36:17.759030 35,4
1579538177 08:36:17.759051 43,4
1579538177 08:36:17.759064 36,4
1579538177 08:36:17.759138 34,4
1579538178 08:36:18.087091 24,4
1579538178 08:36:18.099676 25,4
1579538178 08:36:18.103606 26,4
1579538178 08:36:18.111745 28,4
1579538178 08:36:18.120581 22,4
1579538178 08:36:18.126851 31,4
1579538178 08:36:18.128275 32,4
1579538178 08:36:18.137444 30,4
1579538178 08:36:18.139615 27,4
1579538178 08:36:18.151628 23,4
1579538178 08:36:18.155025 29,4
1579538181 08:36:21.444882 10,4
1579538181 08:36:21.450829 6,4
1579538181 08:36:21.455372 2,4
1579538181 08:36:21.475318 0,4
1579538181 08:36:21.481808 8,4
1579538181 08:36:21.489199 4,4
1579538181 08:36:21.500275 9,4
1579538181 08:36:21.085333 16,4
1579538181 08:36:21.502421 3,4
1579538181 08:36:21.100819 12,4
1579538181 08:36:21.105692 19,4
1579538181 08:36:21.522860 5,4
1579538181 08:36:21.523400 7,4
1579538181 08:36:21.108559 18,4
1579538181 08:36:21.109723 15,4
1579538181 08:36:21.111597 20,4
1579538181 08:36:21.116524 14,4
1579538181 08:36:21.127944 17,4
1579538181 08:36:21.142696 13,4
1579538181 08:36:21.147352 21,4
1579538181 08:36:21.153916 11,4
1579538181 08:36:21.582793 1,4
1579538181 08:36:21.892303 44,4
1579538181 08:36:21.896661 46,4
1579538181 08:36:21.897506 50,4
1579538181 08:36:21.905036 49,4
1579538181 08:36:21.907021 52,4
1579538181 08:36:21.907916 51,4
1579538181 08:36:21.908033 47,4
1579538181 08:36:21.913567 53,4
1579538181 08:36:21.935660 48,4
1579538181 08:36:21.957920 54,4
1579538181 08:36:21.959763 45,4
1579538181 08:36:21.856942 198,4
1579538181 08:36:21.861514 199,4
1579538181 08:36:21.875391 200,4
1579538181 08:36:21.883532 203,4
1579538181 08:36:21.888427 201,4
1579538181 08:36:21.890488 204,4
1579538181 08:36:21.896136 208,4
1579538181 08:36:21.907242 207,4
1579538182 08:36:22.011743 63,4
1579538181 08:36:21.911546 202,4
1579538181 08:36:21.916461 206,4
1579538182 08:36:22.021303 62,4
1579538181 08:36:21.917497 205,4
1579538182 08:36:22.034068 61,4
1579538182 08:36:22.041630 60,4
1579538182 08:36:22.042925 65,4
1579538182 08:36:22.052080 58,4
1579538182 08:36:22.060762 64,4
1579538182 08:36:22.071966 59,4
1579538182 08:36:22.088751 56,4
1579538182 08:36:22.153047 55,4
1579538182 08:36:22.197436 57,4
1579538183 08:36:23.222328 71,4
1579538183 08:36:23.227983 67,4
1579538183 08:36:23.256361 66,4
1579538183 08:36:23.261381 68,4
1579538183 08:36:23.261619 74,4
1579538183 08:36:23.265549 75,4
1579538183 08:36:23.274530 70,4
1579538183 08:36:23.282651 69,4
1579538183 08:36:23.292750 76,4
1579538183 08:36:23.301624 73,4
1579538183 08:36:23.309992 72,4
1579538183 08:36:23.364746 195,4
1579538183 08:36:23.367774 196,4
1579538183 08:36:23.380707 191,4
1579538183 08:36:23.386306 193,4
1579538183 08:36:23.387154 187,4
1579538183 08:36:23.401205 192,4
1579538183 08:36:23.403655 190,4
1579538183 08:36:23.414540 188,4
1579538183 08:36:23.415155 197,4
1579538183 08:36:23.426819 189,4
1579538183 08:36:23.448298 194,4
1579538185 08:36:25.176177 94,4
1579538185 08:36:25.181775 96,4
1579538185 08:36:25.187633 90,4
1579538185 08:36:25.189324 88,4
1579538185 08:36:25.190080 98,4
1579538185 08:36:25.195540 89,4
1579538185 08:36:25.198614 95,4
1579538185 08:36:25.200754 92,4
1579538185 08:36:25.204695 97,4
1579538185 08:36:25.220342 91,4
1579538185 08:36:25.254088 93,4
1579538185 08:36:25.436520 79,4
1579538185 08:36:25.436968 83,4
1579538185 08:36:25.442571 81,4
1579538185 08:36:25.444447 82,4
1579538185 08:36:25.446583 86,4
1579538185 08:36:25.449818 84,4
1579538185 08:36:25.450585 78,4
1579538185 08:36:25.454343 77,4
1579538185 08:36:25.468865 85,4
1579538185 08:36:25.469983 80,4
1579538185 08:36:25.474137 87,4
1579538185 08:36:25.705353 180,4
1579538185 08:36:25.712378 181,4
1579538185 08:36:25.714554 179,4
1579538185 08:36:25.714656 183,4
1579538185 08:36:25.715031 184,4
1579538185 08:36:25.715920 182,4
1579538185 08:36:25.716001 186,4
1579538185 08:36:25.718999 177,4
1579538185 08:36:25.721669 176,4
1579538185 08:36:25.753834 178,4
1579538185 08:36:25.774469 185,4
1579538185 08:36:25.817401 158,4
1579538185 08:36:25.822168 159,4
1579538185 08:36:25.822892 162,4
1579538185 08:36:25.826461 156,4
1579538185 08:36:25.827866 155,4
1579538185 08:36:25.832953 157,4
1579538185 08:36:25.850108 154,4
1579538185 08:36:25.861861 163,4
1579538185 08:36:25.862795 160,4
1579538185 08:36:25.869926 164,4
1579538185 08:36:25.891733 161,4
1579538185 08:36:25.910649 101,4
1579538185 08:36:25.913361 102,4
1579538185 08:36:25.914292 105,4
1579538185 08:36:25.916966 100,4
1579538185 08:36:25.920605 104,4
1579538185 08:36:25.935188 106,4
1579538185 08:36:25.939730 107,4
1579538185 08:36:25.953786 103,4
1579538185 08:36:25.957853 108,4
1579538185 08:36:25.965848 99,4
1579538185 08:36:25.966275 109,4
1579538186 08:36:26.027856 168,4
1579538186 08:36:26.030260 165,4
1579538186 08:36:26.030732 166,4
1579538186 08:36:26.039021 171,4
1579538186 08:36:26.046639 173,4
1579538186 08:36:26.050779 169,4
1579538186 08:36:26.055940 172,4
1579538186 08:36:26.067673 175,4
1579538186 08:36:26.071469 170,4
1579538186 08:36:26.127954 174,4
1579538186 08:36:26.140734 167,4
1579538186 08:36:26.352155 143,4
1579538186 08:36:26.364593 147,4
1579538186 08:36:26.364723 145,4
1579538186 08:36:26.365808 146,4
1579538186 08:36:26.369656 149,4
1579538186 08:36:26.383475 153,4
1579538186 08:36:26.388735 144,4
1579538186 08:36:26.397703 152,4
1579538186 08:36:26.400109 151,4
1579538186 08:36:26.430497 150,4
1579538186 08:36:26.436742 148,4
1579538186 08:36:26.871482 111,4
1579538186 08:36:26.888117 116,4
1579538186 08:36:26.890906 112,4
1579538186 08:36:26.899830 120,4
1579538186 08:36:26.907785 119,4
1579538186 08:36:26.909757 115,4
1579538186 08:36:26.914703 110,4
1579538186 08:36:26.927711 117,4
1579538186 08:36:26.936069 114,4
1579538186 08:36:26.941607 118,4
1579538186 08:36:26.946993 113,4
1579538188 08:36:28.061925 136,4
1579538188 08:36:28.063334 134,4
1579538188 08:36:28.063915 133,4
1579538188 08:36:28.064858 138,4
1579538188 08:36:28.065055 137,4
1579538188 08:36:28.065394 135,4
1579538188 08:36:28.067789 142,4
1579538188 08:36:28.068542 139,4
1579538188 08:36:28.071468 140,4
1579538188 08:36:28.075061 141,4
1579538188 08:36:28.090356 132,4
1579538187 08:36:27.983177 126,4
1579538187 08:36:27.992002 129,4
1579538187 08:36:27.994007 125,4
1579538187 08:36:27.994487 124,4
1579538187 08:36:27.998276 122,4
1579538188 08:36:28.001572 121,4
1579538188 08:36:28.011425 130,4
1579538188 08:36:28.011973 127,4
1579538188 08:36:28.020458 128,4
1579538188 08:36:28.022322 131,4
1579538188 08:36:28.031156 123,4
1579538209 08:36:49.874494 5,5
1579538209 08:36:49.878014 6,5
1579538209 08:36:49.879801 3,5
1579538209 08:36:49.883717 4,5
1579538209 08:36:49.886047 4,5
1579538209 08:36:49.886388 9,5
1579538209 08:36:49.889682 8,5
1579538209 08:36:49.890357 10,5
1579538209 08:36:49.908568 7,5
1579538209 08:36:49.909598 0,5
1579538209 08:36:49.923094 1,5
1579538209 08:36:49.957230 2,5
1579538209 08:36:49.606849 20,5
1579538209 08:36:49.609713 16,5
1579538209 08:36:49.610451 17,5
1579538209 08:36:49.610464 14,5
1579538209 08:36:49.610775 13,5
1579538209 08:36:49.611275 18,5
1579538209 08:36:49.611428 15,5
1579538209 08:36:49.611472 19,5
1579538209 08:36:49.612899 12,5
1579538209 08:36:49.614493 21,5
1579538209 08:36:49.614580 11,5
1579538210 08:36:50.220254 40,5
1579538210 08:36:50.221906 43,5
1579538210 08:36:50.221928 38,5
1579538210 08:36:50.221950 39,5
1579538210 08:36:50.221975 42,5
1579538210 08:36:50.222078 37,5
1579538210 08:36:50.222227 41,5
1579538210 08:36:50.222512 36,5
1579538210 08:36:50.222649 35,5
1579538210 08:36:50.222694 34,5
1579538210 08:36:50.222850 33,5
1579538210 08:36:50.375593 22,5
1579538210 08:36:50.377700 26,5
1579538210 08:36:50.378085 23,5
1579538210 08:36:50.380281 30,5
1579538210 08:36:50.380404 28,5
1579538210 08:36:50.380521 29,5
1579538210 08:36:50.382307 32,5
1579538210 08:36:50.383104 31,5
1579538210 08:36:50.383311 24,5
1579538210 08:36:50.386091 25,5
1579538210 08:36:50.413745 27,5
1579538214 08:36:54.569505 151,5
1579538214 08:36:54.571014 153,5
1579538214 08:36:54.571461 147,5
1579538214 08:36:54.571564 148,5
1579538214 08:36:54.571682 149,5
1579538214 08:36:54.572509 146,5
1579538214 08:36:54.573024 145,5
1579538214 08:36:54.574033 144,5
1579538214 08:36:54.574238 143,5
1579538214 08:36:54.580086 152,5
1579538214 08:36:54.584268 150,5
1579538214 08:36:54.888613 160,5
1579538214 08:36:54.899666 155,5
1579538214 08:36:54.900086 158,5
1579538214 08:36:54.900680 159,5
1579538214 08:36:54.906329 163,5
1579538214 08:36:54.907283 161,5
1579538214 08:36:54.912229 154,5
1579538214 08:36:54.921712 162,5
1579538214 08:36:54.926515 164,5
1579538214 08:36:54.895763 176,5
1579538214 08:36:54.897657 180,5
1579538214 08:36:54.897738 178,5
1579538214 08:36:54.897768 177,5
1579538214 08:36:54.898534 182,5
1579538214 08:36:54.898640 181,5
1579538214 08:36:54.898667 183,5
1579538214 08:36:54.898792 179,5
1579538214 08:36:54.899307 184,5
1579538214 08:36:54.900806 186,5
1579538214 08:36:54.901148 185,5
1579538214 08:36:54.936322 156,5
1579538214 08:36:54.949244 157,5
1579538214 08:36:54.950267 69,5
1579538214 08:36:54.952152 67,5
1579538214 08:36:54.952899 71,5
1579538214 08:36:54.953621 72,5
1579538214 08:36:54.954613 66,5
1579538214 08:36:54.954701 74,5
1579538214 08:36:54.955024 70,5
1579538214 08:36:54.955551 76,5
1579538214 08:36:54.955827 75,5
1579538214 08:36:54.956229 73,5
1579538214 08:36:54.960748 68,5
1579538215 08:36:55.098618 207,5
1579538215 08:36:55.099674 205,5
1579538215 08:36:55.101737 208,5
1579538215 08:36:55.102424 198,5
1579538215 08:36:55.103658 206,5
1579538215 08:36:55.105349 202,5
1579538215 08:36:55.117948 203,5
1579538215 08:36:55.118464 201,5
1579538215 08:36:55.119694 199,5
1579538215 08:36:55.121143 200,5
1579538215 08:36:55.122077 199,6
1579538215 08:36:55.126566 204,5
1579538215 08:36:55.736846 103,5
1579538215 08:36:55.739510 108,5
1579538215 08:36:55.752221 107,5
1579538215 08:36:55.754970 109,5
1579538215 08:36:55.757743 106,5
1579538215 08:36:55.760183 100,5
1579538215 08:36:55.761866 101,5
1579538215 08:36:55.763433 102,5
1579538215 08:36:55.778360 99,5
1579538215 08:36:55.790984 105,5
1579538215 08:36:55.796038 104,5
1579538215 08:36:55.908751 130,5
1579538215 08:36:55.911162 127,5
1579538215 08:36:55.911323 126,5
1579538215 08:36:55.911475 129,5
1579538215 08:36:55.912661 128,5
1579538215 08:36:55.912905 123,5
1579538215 08:36:55.915915 124,5
1579538215 08:36:55.928139 122,5
1579538215 08:36:55.934301 121,5
1579538215 08:36:55.934910 131,5
1579538215 08:36:55.942427 125,5
1579538216 08:36:56.284802 97,5
1579538216 08:36:56.287310 98,5
1579538216 08:36:56.291322 94,5
1579538216 08:36:56.294374 91,5
1579538216 08:36:56.297308 90,5
1579538216 08:36:56.306784 89,5
1579538216 08:36:56.310668 92,5
1579538216 08:36:56.312161 95,5
1579538216 08:36:56.324396 93,5
1579538216 08:36:56.335152 96,5
1579538216 08:36:56.345624 88,5
1579538216 08:36:56.133181 120,5
1579538216 08:36:56.142837 116,5
1579538216 08:36:56.148329 118,5
1579538216 08:36:56.149337 112,5
1579538216 08:36:56.149832 113,5
1579538216 08:36:56.151054 111,5
1579538216 08:36:56.151822 117,5
1579538216 08:36:56.152333 119,5
1579538216 08:36:56.152698 115,5
1579538216 08:36:56.404592 142,5
1579538216 08:36:56.408907 139,5
1579538216 08:36:56.159119 114,5
1579538216 08:36:56.411262 141,5
1579538216 08:36:56.411812 135,5
1579538216 08:36:56.412600 134,5
1579538216 08:36:56.415205 136,5
1579538216 08:36:56.415460 133,5
1579538216 08:36:56.417328 140,5
1579538216 08:36:56.429098 137,5
1579538216 08:36:56.180534 110,5
1579538216 08:36:56.432525 138,5
1579538216 08:36:56.442253 132,5
1579538216 08:36:56.862142 86,5
1579538216 08:36:56.863444 85,5
1579538216 08:36:56.863452 84,5
1579538216 08:36:56.863737 83,5
1579538216 08:36:56.863868 87,5
1579538216 08:36:56.864022 82,5
1579538216 08:36:56.869307 81,5
1579538216 08:36:56.869382 80,5
1579538216 08:36:56.869464 79,5
1579538216 08:36:56.869512 78,5
1579538216 08:36:56.873993 77,5
1579538217 08:36:57.018768 56,5
1579538217 08:36:57.021951 58,5
1579538217 08:36:57.022057 57,5
1579538217 08:36:57.022361 55,5
1579538217 08:36:57.023112 60,5
1579538217 08:36:57.026782 59,5
1579538217 08:36:57.027446 62,5
1579538217 08:36:57.030828 63,5
1579538217 08:36:57.033047 65,5
1579538217 08:36:57.035490 61,5
1579538217 08:36:57.042699 64,5
1579538217 08:36:57.101855 169,5
1579538217 08:36:57.104580 173,5
1579538217 08:36:57.105150 168,5
1579538217 08:36:57.105539 167,5
1579538217 08:36:57.107431 175,5
1579538217 08:36:57.108470 166,5
1579538217 08:36:57.109341 165,5
1579538217 08:36:57.109589 171,5
1579538217 08:36:57.109745 170,5
1579538217 08:36:57.114005 174,5
1579538217 08:36:57.120783 172,5
