1579537581 08:26:21.753690 26,0
1579537581 08:26:21.753805 27,0
1579537581 08:26:21.753819 28,0
1579537581 08:26:21.753832 29,0
1579537581 08:26:21.753843 30,0
1579537581 08:26:21.753854 31,0
1579537581 08:26:21.753866 32,0
1579537581 08:26:21.753877 33,0
1579537581 08:26:21.753889 34,0
1579537581 08:26:21.753902 35,0
1579537581 08:26:21.753915 36,0
1579537581 08:26:21.753927 37,0
1579537581 08:26:21.753938 38,0
1579537582 08:26:22.473197 0,0
1579537582 08:26:22.473336 1,0
1579537582 08:26:22.473352 2,0
1579537582 08:26:22.473371 3,0
1579537582 08:26:22.473383 4,0
1579537582 08:26:22.473395 5,0
1579537582 08:26:22.473408 6,0
1579537582 08:26:22.473421 7,0
1579537582 08:26:22.473432 8,0
1579537582 08:26:22.473446 9,0
1579537582 08:26:22.473458 10,0
1579537582 08:26:22.473469 11,0
1579537582 08:26:22.473480 12,0
1579537582 08:26:22.141001 13,0
1579537582 08:26:22.141138 14,0
1579537582 08:26:22.141154 15,0
1579537582 08:26:22.141168 16,0
1579537582 08:26:22.141183 17,0
1579537582 08:26:22.141196 18,0
1579537582 08:26:22.141208 19,0
1579537582 08:26:22.141220 20,0
1579537582 08:26:22.141232 21,0
1579537582 08:26:22.141245 22,0
1579537582 08:26:22.141257 23,0
1579537582 08:26:22.141270 24,0
1579537582 08:26:22.141281 25,0
1579537582 08:26:22.674404 169,0
1579537582 08:26:22.674523 170,0
1579537582 08:26:22.674540 171,0
1579537582 08:26:22.674554 172,0
1579537582 08:26:22.674568 173,0
1579537582 08:26:22.674580 174,0
1579537582 08:26:22.674591 175,0
1579537582 08:26:22.674607 176,0
1579537582 08:26:22.674619 177,0
1579537582 08:26:22.674633 178,0
1579537582 08:26:22.674645 179,0
1579537582 08:26:22.674657 180,0
1579537582 08:26:22.674670 181,0
1579537582 08:26:22.751009 221,0
1579537582 08:26:22.751136 222,0
1579537582 08:26:22.751150 223,0
1579537582 08:26:22.751165 224,0
1579537582 08:26:22.751179 225,0
1579537582 08:26:22.751191 226,0
1579537582 08:26:22.751203 227,0
1579537582 08:26:22.751214 228,0
1579537582 08:26:22.751226 229,0
1579537582 08:26:22.751237 230,0
1579537582 08:26:22.751249 231,0
1579537582 08:26:22.751260 232,0
1579537582 08:26:22.751272 233,0
1579537582 08:26:22.935856 52,0
1579537582 08:26:22.936031 53,0
1579537582 08:26:22.936045 54,0
1579537582 08:26:22.936057 55,0
1579537582 08:26:22.936069 56,0
1579537582 08:26:22.936080 57,0
1579537582 08:26:22.936092 58,0
1579537582 08:26:22.936103 59,0
1579537582 08:26:22.936115 60,0
1579537582 08:26:22.936127 61,0
1579537582 08:26:22.936139 62,0
1579537582 08:26:22.936150 63,0
1579537582 08:26:22.936161 64,0
1579537582 08:26:22.746761 39,0
1579537582 08:26:22.746896 40,0
1579537582 08:26:22.746910 41,0
1579537582 08:26:22.746923 42,0
1579537582 08:26:22.746934 43,0
1579537582 08:26:22.746946 44,0
1579537582 08:26:22.746957 45,0
1579537582 08:26:22.746971 46,0
1579537582 08:26:22.746982 47,0
1579537582 08:26:22.746993 48,0
1579537582 08:26:22.747004 49,0
1579537582 08:26:22.747015 50,0
1579537582 08:26:22.747025 51,0
1579537582 08:26:22.882886 130,0
1579537582 08:26:22.883002 131,0
1579537582 08:26:22.883015 132,0
1579537582 08:26:22.883028 133,0
1579537582 08:26:22.883039 134,0
1579537582 08:26:22.883050 135,0
1579537582 08:26:22.883061 136,0
1579537582 08:26:22.883074 137,0
1579537582 08:26:22.883086 138,0
1579537582 08:26:22.883097 139,0
1579537582 08:26:22.883110 140,0
1579537582 08:26:22.883148 141,0
1579537582 08:26:22.883172 142,0
1579537582 08:26:22.980777 182,0
1579537582 08:26:22.980901 183,0
1579537582 08:26:22.980915 184,0
1579537582 08:26:22.980931 185,0
1579537582 08:26:22.980943 186,0
1579537582 08:26:22.980955 187,0
1579537582 08:26:22.980968 188,0
1579537582 08:26:22.980982 189,0
1579537582 08:26:22.980995 190,0
1579537582 08:26:22.981010 191,0
1579537582 08:26:22.981022 192,0
1579537582 08:26:22.981036 193,0
1579537582 08:26:22.981048 194,0
1579537582 08:26:22.953138 78,0
1579537582 08:26:22.953259 79,0
1579537582 08:26:22.953276 80,0
1579537582 08:26:22.953290 81,0
1579537582 08:26:22.953304 82,0
1579537582 08:26:22.953318 83,0
1579537582 08:26:22.953330 84,0
1579537582 08:26:22.953343 85,0
1579537582 08:26:22.953358 86,0
1579537582 08:26:22.953370 87,0
1579537582 08:26:22.953381 88,0
1579537582 08:26:22.953393 89,0
1579537582 08:26:22.953407 90,0
1579537582 08:26:22.862493 195,0
1579537582 08:26:22.862634 196,0
1579537582 08:26:22.862647 197,0
1579537582 08:26:22.862658 198,0
1579537582 08:26:22.862672 199,0
1579537582 08:26:22.862682 200,0
1579537582 08:26:22.862695 201,0
1579537582 08:26:22.862706 202,0
1579537582 08:26:22.862717 203,0
1579537582 08:26:22.862728 204,0
1579537582 08:26:22.862738 205,0
1579537582 08:26:22.862748 206,0
1579537582 08:26:22.862758 207,0
1579537582 08:26:22.996759 65,0
1579537582 08:26:22.996895 66,0
1579537582 08:26:22.996910 67,0
1579537582 08:26:22.996922 68,0
1579537582 08:26:22.996934 69,0
1579537582 08:26:22.996948 70,0
1579537582 08:26:22.996959 71,0
1579537582 08:26:22.996979 72,0
1579537582 08:26:22.996991 73,0
1579537582 08:26:22.997002 74,0
1579537582 08:26:22.997016 75,0
1579537582 08:26:22.997028 76,0
1579537582 08:26:22.997040 77,0
1579537583 08:26:23.189506 156,0
1579537583 08:26:23.189653 157,0
1579537583 08:26:23.189666 158,0
1579537583 08:26:23.189678 159,0
1579537583 08:26:23.189689 160,0
1579537583 08:26:23.189700 161,0
1579537583 08:26:23.189710 162,0
1579537583 08:26:23.189721 163,0
1579537583 08:26:23.189731 164,0
1579537583 08:26:23.189741 165,0
1579537583 08:26:23.189751 166,0
1579537583 08:26:23.189762 167,0
1579537583 08:26:23.189772 168,0
1579537582 08:26:22.901223 234,0
1579537582 08:26:22.901428 235,0
1579537582 08:26:22.901455 236,0
1579537582 08:26:22.901477 237,0
1579537582 08:26:22.901499 238,0
1579537582 08:26:22.901521 239,0
1579537582 08:26:22.901542 240,0
1579537582 08:26:22.901564 241,0
1579537582 08:26:22.901585 242,0
1579537582 08:26:22.901617 243,0
1579537582 08:26:22.901639 244,0
1579537582 08:26:22.901662 245,0
1579537582 08:26:22.901685 246,0
1579537583 08:26:23.015292 208,0
1579537583 08:26:23.015419 209,0
1579537583 08:26:23.015433 210,0
1579537583 08:26:23.015445 211,0
1579537583 08:26:23.015457 212,0
1579537583 08:26:23.015468 213,0
1579537583 08:26:23.015481 214,0
1579537583 08:26:23.015493 215,0
1579537583 08:26:23.015505 216,0
1579537583 08:26:23.015517 217,0
1579537583 08:26:23.015532 218,0
1579537583 08:26:23.015544 219,0
1579537583 08:26:23.015556 220,0
1579537582 08:26:22.930601 117,0
1579537582 08:26:22.930719 118,0
1579537582 08:26:22.930733 119,0
1579537582 08:26:22.930747 120,0
1579537582 08:26:22.930758 121,0
1579537582 08:26:22.930770 122,0
1579537582 08:26:22.930783 123,0
1579537582 08:26:22.930794 124,0
1579537582 08:26:22.930806 125,0
1579537582 08:26:22.930818 126,0
1579537582 08:26:22.930829 127,0
1579537582 08:26:22.930840 128,0
1579537582 08:26:22.930853 129,0
1579537582 08:26:22.997861 143,0
1579537582 08:26:22.997971 144,0
1579537582 08:26:22.998021 145,0
1579537582 08:26:22.998035 146,0
1579537582 08:26:22.998048 147,0
1579537582 08:26:22.998064 148,0
1579537582 08:26:22.998074 149,0
1579537582 08:26:22.998085 150,0
1579537582 08:26:22.998096 151,0
1579537582 08:26:22.998111 152,0
1579537582 08:26:22.998122 153,0
1579537582 08:26:22.998133 154,0
1579537582 08:26:22.998146 155,0
1579537583 08:26:23.059208 91,0
1579537583 08:26:23.059332 92,0
1579537583 08:26:23.059347 93,0
1579537583 08:26:23.059358 94,0
1579537583 08:26:23.059371 95,0
1579537583 08:26:23.059385 96,0
1579537583 08:26:23.059397 97,0
1579537583 08:26:23.059409 98,0
1579537583 08:26:23.059421 99,0
1579537583 08:26:23.059443 100,0
1579537583 08:26:23.059458 101,0
1579537583 08:26:23.059470 102,0
1579537583 08:26:23.059483 103,0
1579537583 08:26:23.434707 104,0
1579537583 08:26:23.434804 105,0
1579537583 08:26:23.434818 106,0
1579537583 08:26:23.434832 107,0
1579537583 08:26:23.434843 108,0
1579537583 08:26:23.434854 109,0
1579537583 08:26:23.434865 110,0
1579537583 08:26:23.434877 111,0
1579537583 08:26:23.434888 112,0
1579537583 08:26:23.434901 113,0
1579537583 08:26:23.434926 114,0
1579537583 08:26:23.434940 115,0
1579537583 08:26:23.434952 116,0
1579537603 08:26:43.891124 33,1
1579537603 08:26:43.896875 36,1
1579537603 08:26:43.897561 30,1
1579537603 08:26:43.897960 32,1
1579537603 08:26:43.897984 35,1
1579537603 08:26:43.898318 37,1
1579537603 08:26:43.901741 27,1
1579537603 08:26:43.902935 26,1
1579537603 08:26:43.905561 34,1
1579537603 08:26:43.909390 38,1
1579537603 08:26:43.910065 28,1
1579537603 08:26:43.920193 29,1
1579537603 08:26:43.920236 31,1
1579537604 08:26:44.092256 44,1
1579537604 08:26:44.096384 45,1
1579537604 08:26:44.096449 48,1
1579537604 08:26:44.122158 42,1
1579537604 08:26:44.123653 47,1
1579537604 08:26:44.138650 43,1
1579537604 08:26:44.153808 41,1
1579537604 08:26:44.166669 49,1
1579537604 08:26:44.171052 51,1
1579537604 08:26:44.175814 46,1
1579537604 08:26:44.182693 39,1
1579537604 08:26:44.201274 50,1
1579537604 08:26:44.255978 40,1
1579537606 08:26:46.925827 13,1
1579537606 08:26:46.950316 16,1
1579537606 08:26:46.950958 14,1
1579537606 08:26:46.951337 25,1
1579537606 08:26:46.952457 21,1
1579537606 08:26:46.955138 23,1
1579537606 08:26:46.957045 18,1
1579537606 08:26:46.957684 15,1
1579537606 08:26:46.981671 19,1
1579537606 08:26:46.984971 22,1
1579537607 08:26:47.006341 20,1
1579537607 08:26:47.038636 24,1
1579537607 08:26:47.047687 17,1
1579537607 08:26:47.532984 60,1
1579537607 08:26:47.547653 59,1
1579537607 08:26:47.552281 57,1
1579537607 08:26:47.553492 64,1
1579537607 08:26:47.567915 58,1
1579537607 08:26:47.603433 62,1
1579537607 08:26:47.615745 54,1
1579537607 08:26:47.624519 55,1
1579537607 08:26:47.640683 52,1
1579537607 08:26:47.679085 53,1
1579537607 08:26:47.504933 233,1
1579537607 08:26:47.697426 56,1
1579537607 08:26:47.529669 230,1
1579537607 08:26:47.714592 61,1
1579537607 08:26:47.542487 227,1
1579537607 08:26:47.546681 229,1
1579537607 08:26:47.566020 232,1
1579537607 08:26:47.567562 231,1
1579537607 08:26:47.573843 226,1
1579537607 08:26:47.582369 228,1
1579537607 08:26:47.600756 223,1
1579537607 08:26:47.814862 63,1
1579537607 08:26:47.665742 221,1
1579537607 08:26:47.670430 224,1
1579537607 08:26:47.682241 225,1
1579537607 08:26:47.698226 222,1
1579537607 08:26:47.847686 236,1
1579537607 08:26:47.850890 234,1
1579537607 08:26:47.856794 237,1
1579537607 08:26:47.858890 238,1
1579537607 08:26:47.859566 235,1
1579537607 08:26:47.860020 240,1
1579537607 08:26:47.860753 239,1
1579537607 08:26:47.860976 244,1
1579537607 08:26:47.862617 241,1
1579537607 08:26:47.862824 243,1
1579537607 08:26:47.874495 246,1
1579537607 08:26:47.874523 245,1
1579537608 08:26:48.036084 68,1
1579537608 08:26:48.040029 67,1
1579537608 08:26:48.044665 65,1
1579537608 08:26:48.049825 70,1
1579537608 08:26:48.054469 75,1
1579537608 08:26:48.055105 73,1
1579537608 08:26:48.055923 74,1
1579537608 08:26:48.059449 77,1
1579537608 08:26:48.059720 76,1
1579537608 08:26:48.062838 69,1
1579537608 08:26:48.075491 72,1
1579537607 08:26:47.982414 242,1
1579537608 08:26:48.143524 71,1
1579537608 08:26:48.172475 80,1
1579537608 08:26:48.176649 82,1
1579537608 08:26:48.177463 78,1
1579537608 08:26:48.179818 66,1
1579537608 08:26:48.182895 79,1
1579537608 08:26:48.186065 85,1
1579537608 08:26:48.187097 83,1
1579537608 08:26:48.189521 81,1
1579537608 08:26:48.197163 87,1
1579537608 08:26:48.206963 89,1
1579537608 08:26:48.214679 88,1
1579537608 08:26:48.227578 90,1
1579537608 08:26:48.229085 86,1
1579537608 08:26:48.272569 84,1
1579537608 08:26:48.354856 96,1
1579537608 08:26:48.362906 92,1
1579537608 08:26:48.371357 93,1
1579537608 08:26:48.372359 97,1
1579537608 08:26:48.379339 91,1
1579537608 08:26:48.380997 99,1
1579537608 08:26:48.385132 94,1
1579537608 08:26:48.390287 95,1
1579537608 08:26:48.390565 98,1
1579537608 08:26:48.391002 100,1
1579537608 08:26:48.449947 101,1
1579537608 08:26:48.804799 11,1
1579537608 08:26:48.824644 7,1
1579537608 08:26:48.837690 10,1
1579537608 08:26:48.840897 8,1
1579537608 08:26:48.514335 103,1
1579537608 08:26:48.855576 6,1
1579537608 08:26:48.859531 3,1
1579537608 08:26:48.863722 0,1
1579537608 08:26:48.864032 1,1
1579537608 08:26:48.868110 2,1
1579537608 08:26:48.879606 5,1
1579537608 08:26:48.880476 4,1
1579537608 08:26:48.547111 102,1
1579537608 08:26:48.902385 12,1
1579537608 08:26:48.958007 9,1
1579537609 08:26:49.407248 210,1
1579537609 08:26:49.446471 213,1
1579537609 08:26:49.446937 215,1
1579537609 08:26:49.459190 214,1
1579537609 08:26:49.471199 208,1
1579537609 08:26:49.473383 216,1
1579537609 08:26:49.473714 219,1
1579537609 08:26:49.475636 212,1
1579537609 08:26:49.481324 211,1
1579537609 08:26:49.495818 218,1
1579537609 08:26:49.498521 220,1
1579537609 08:26:49.517299 217,1
1579537609 08:26:49.587874 209,1
1579537609 08:26:49.697280 185,1
1579537609 08:26:49.708038 188,1
1579537609 08:26:49.722852 190,1
1579537609 08:26:49.725510 186,1
1579537609 08:26:49.729427 183,1
1579537609 08:26:49.746702 187,1
1579537609 08:26:49.748230 184,1
1579537609 08:26:49.751701 191,1
1579537609 08:26:49.755782 192,1
1579537609 08:26:49.769562 194,1
1579537609 08:26:49.784507 193,1
1579537609 08:26:49.808731 182,1
1579537609 08:26:49.842910 189,1
1579537610 08:26:50.665150 107,1
1579537610 08:26:50.675669 109,1
1579537610 08:26:50.680286 108,1
1579537610 08:26:50.682180 111,1
1579537610 08:26:50.698878 104,1
1579537610 08:26:50.710476 112,1
1579537610 08:26:50.715200 105,1
1579537610 08:26:50.715465 113,1
1579537610 08:26:50.718851 106,1
1579537610 08:26:50.722754 110,1
1579537610 08:26:50.755941 116,1
1579537610 08:26:50.774912 115,1
1579537610 08:26:50.797233 114,1
1579537610 08:26:50.593315 152,1
1579537610 08:26:50.593478 147,1
1579537610 08:26:50.599719 148,1
1579537610 08:26:50.600478 153,1
1579537610 08:26:50.601611 154,1
1579537610 08:26:50.602336 146,1
1579537610 08:26:50.603545 144,1
1579537610 08:26:50.605483 143,1
1579537610 08:26:50.606736 155,1
1579537610 08:26:50.608120 151,1
1579537610 08:26:50.616930 145,1
1579537610 08:26:50.641827 150,1
1579537610 08:26:50.681787 149,1
1579537610 08:26:50.840925 140,1
1579537610 08:26:50.846993 138,1
1579537610 08:26:50.853137 133,1
1579537610 08:26:50.854315 142,1
1579537610 08:26:50.857779 137,1
1579537610 08:26:50.860525 130,1
1579537610 08:26:50.862470 132,1
1579537610 08:26:50.863975 141,1
1579537610 08:26:50.864336 131,1
1579537610 08:26:50.869136 136,1
1579537610 08:26:50.892758 135,1
1579537610 08:26:50.931034 134,1
1579537610 08:26:50.981221 139,1
1579537611 08:26:51.119002 128,1
1579537611 08:26:51.122363 127,1
1579537611 08:26:51.147995 126,1
1579537611 08:26:51.155716 124,1
1579537611 08:26:51.167826 121,1
1579537611 08:26:51.173728 117,1
1579537611 08:26:51.189050 122,1
1579537611 08:26:51.189959 120,1
1579537611 08:26:51.190717 123,1
1579537611 08:26:51.207037 129,1
1579537611 08:26:51.217462 119,1
1579537611 08:26:51.233672 125,1
1579537611 08:26:51.267250 118,1
1579537611 08:26:51.233718 177,1
1579537611 08:26:51.241264 175,1
1579537611 08:26:51.244631 176,1
1579537611 08:26:51.245497 172,1
1579537611 08:26:51.245723 181,1
1579537611 08:26:51.251235 173,1
1579537611 08:26:51.252373 174,1
1579537611 08:26:51.263749 178,1
1579537611 08:26:51.264034 171,1
1579537611 08:26:51.267938 179,1
1579537611 08:26:51.268103 169,1
1579537611 08:26:51.350285 170,1
1579537611 08:26:51.385698 180,1
1579537611 08:26:51.957635 197,1
1579537611 08:26:51.969233 205,1
1579537611 08:26:51.973971 199,1
1579537611 08:26:51.983810 200,1
1579537611 08:26:51.992936 207,1
1579537612 08:26:52.000395 203,1
1579537612 08:26:52.009281 198,1
1579537612 08:26:52.046106 202,1
1579537612 08:26:52.057429 195,1
1579537612 08:26:52.063141 196,1
1579537612 08:26:52.086120 206,1
1579537612 08:26:52.103145 204,1
1579537612 08:26:52.159326 201,1
1579537612 08:26:52.655330 156,1
1579537612 08:26:52.661363 162,1
1579537612 08:26:52.667589 157,1
1579537612 08:26:52.667812 163,1
1579537612 08:26:52.674914 160,1
1579537612 08:26:52.701209 164,1
1579537612 08:26:52.701606 161,1
1579537612 08:26:52.713630 167,1
1579537612 08:26:52.716646 165,1
1579537612 08:26:52.740079 159,1
1579537612 08:26:52.742734 166,1
1579537612 08:26:52.749418 168,1
1579537612 08:26:52.765637 158,1
1579537635 08:27:15.701928 41,2
1579537635 08:27:15.703349 43,2
1579537635 08:27:15.703483 39,2
1579537635 08:27:15.703502 45,2
1579537635 08:27:15.704021 46,2
1579537635 08:27:15.704111 47,2
1579537635 08:27:15.704170 49,2
1579537635 08:27:15.704190 48,2
1579537635 08:27:15.704551 44,2
1579537635 08:27:15.704894 50,2
1579537635 08:27:15.704552 42,2
1579537635 08:27:15.709655 40,2
1579537635 08:27:15.710748 51,2
1579537635 08:27:15.882701 29,2
1579537635 08:27:15.884327 26,2
1579537635 08:27:15.885227 30,2
1579537635 08:27:15.887853 28,2
1579537635 08:27:15.888348 35,2
1579537635 08:27:15.891904 33,2
1579537635 08:27:15.893820 36,2
1579537635 08:27:15.894080 31,2
1579537635 08:27:15.894550 37,2
1579537635 08:27:15.898998 32,2
1579537635 08:27:15.911670 34,2
1579537635 08:27:15.924256 27,2
1579537635 08:27:15.931707 38,2
1579537636 08:27:16.753969 236,2
1579537636 08:27:16.770664 235,2
1579537636 08:27:16.776176 239,2
1579537636 08:27:16.779208 240,2
1579537636 08:27:16.787380 243,2
1579537636 08:27:16.795548 244,2
1579537636 08:27:16.798794 242,2
1579537636 08:27:16.798807 234,2
1579537636 08:27:16.800350 237,2
1579537636 08:27:16.802422 245,2
1579537636 08:27:16.809140 241,2
1579537636 08:27:16.816970 246,2
1579537636 08:27:16.822281 238,2
1579537636 08:27:16.897666 229,2
1579537636 08:27:16.910920 225,2
1579537636 08:27:16.915049 233,2
1579537636 08:27:16.915231 226,2
1579537636 08:27:16.933747 232,2
1579537636 08:27:16.935725 231,2
1579537636 08:27:16.936133 221,2
1579537636 08:27:16.938217 227,2
1579537636 08:27:16.939072 230,2
1579537636 08:27:16.942948 228,2
1579537636 08:27:16.949051 223,2
1579537636 08:27:16.952700 224,2
1579537636 08:27:16.997359 222,2
1579537638 08:27:18.248969 80,2
1579537638 08:27:18.252334 78,2
1579537638 08:27:18.255775 82,2
1579537638 08:27:18.257185 81,2
1579537638 08:27:18.262308 85,2
1579537638 08:27:18.271215 88,2
1579537638 08:27:18.282510 84,2
1579537638 08:27:18.292323 79,2
1579537638 08:27:18.303499 83,2
1579537638 08:27:18.304754 89,2
1579537638 08:27:18.311521 86,2
1579537638 08:27:18.328079 90,2
1579537638 08:27:18.421933 87,2
1579537638 08:27:18.995154 18,2
1579537638 08:27:18.998565 19,2
1579537638 08:27:18.999714 15,2
1579537639 08:27:19.000750 22,2
1579537639 08:27:19.001259 17,2
1579537639 08:27:19.002305 20,2
1579537639 08:27:19.002675 13,2
1579537639 08:27:19.002697 21,2
1579537639 08:27:19.004506 23,2
1579537639 08:27:19.005163 14,2
1579537639 08:27:19.005343 24,2
1579537639 08:27:19.008231 25,2
1579537639 08:27:19.046709 16,2
1579537639 08:27:19.536315 0,2
1579537639 08:27:19.547080 1,2
1579537639 08:27:19.555812 8,2
1579537639 08:27:19.570453 10,2
1579537639 08:27:19.573688 2,2
1579537639 08:27:19.580407 6,2
1579537639 08:27:19.588695 11,2
1579537639 08:27:19.591534 7,2
1579537639 08:27:19.631920 3,2
1579537639 08:27:19.632856 5,2
1579537639 08:27:19.634485 4,2
1579537639 08:27:19.659079 9,2
1579537639 08:27:19.695700 12,2
1579537639 08:27:19.544910 72,2
1579537639 08:27:19.549881 71,2
1579537639 08:27:19.555542 68,2
1579537639 08:27:19.556954 75,2
1579537639 08:27:19.558933 69,2
1579537639 08:27:19.559469 67,2
1579537639 08:27:19.561471 70,2
1579537639 08:27:19.566273 73,2
1579537639 08:27:19.566388 74,2
1579537639 08:27:19.567166 76,2
1579537639 08:27:19.589084 66,2
1579537639 08:27:19.628886 77,2
1579537639 08:27:19.630281 65,2
1579537639 08:27:19.738126 220,2
1579537639 08:27:19.738757 217,2
1579537639 08:27:19.747783 216,2
1579537639 08:27:19.749207 215,2
1579537639 08:27:19.749747 211,2
1579537639 08:27:19.798597 59,2
1579537639 08:27:19.800416 58,2
1579537639 08:27:19.802208 56,2
1579537639 08:27:19.802317 57,2
1579537639 08:27:19.760643 214,2
1579537639 08:27:19.762760 208,2
1579537639 08:27:19.763789 213,2
1579537639 08:27:19.765494 219,2
1579537639 08:27:19.813189 55,2
1579537639 08:27:19.769939 210,2
1579537639 08:27:19.821033 52,2
1579537639 08:27:19.822912 53,2
1579537639 08:27:19.835540 61,2
1579537639 08:27:19.836383 62,2
1579537639 08:27:19.802468 212,2
1579537639 08:27:19.854506 60,2
1579537639 08:27:19.855012 64,2
1579537639 08:27:19.872950 54,2
1579537639 08:27:19.888528 63,2
1579537639 08:27:19.850286 218,2
1579537639 08:27:19.857339 209,2
1579537639 08:27:19.980283 188,2
1579537639 08:27:19.983633 182,2
1579537639 08:27:19.983925 183,2
1579537639 08:27:19.986274 185,2
1579537639 08:27:19.987933 189,2
1579537639 08:27:19.988607 192,2
1579537639 08:27:19.989696 191,2
1579537639 08:27:19.989878 186,2
1579537639 08:27:19.990063 193,2
1579537639 08:27:19.990931 194,2
1579537639 08:27:19.991640 184,2
1579537639 08:27:19.992724 187,2
1579537639 08:27:19.905969 102,2
1579537640 08:27:20.064607 190,2
1579537639 08:27:19.939486 99,2
1579537639 08:27:19.947461 95,2
1579537639 08:27:19.955771 97,2
1579537639 08:27:19.962149 100,2
1579537639 08:27:19.963541 96,2
1579537639 08:27:19.964235 101,2
1579537639 08:27:19.968146 103,2
1579537639 08:27:19.974171 92,2
1579537639 08:27:19.979959 94,2
1579537640 08:27:20.013893 98,2
1579537640 08:27:20.014490 91,2
1579537640 08:27:20.122577 93,2
1579537640 08:27:20.153703 178,2
1579537640 08:27:20.172875 176,2
1579537640 08:27:20.173391 179,2
1579537640 08:27:20.178721 177,2
1579537640 08:27:20.180703 181,2
1579537640 08:27:20.188256 175,2
1579537640 08:27:20.193894 173,2
1579537640 08:27:20.215773 169,2
1579537640 08:27:20.218683 180,2
1579537640 08:27:20.219953 170,2
1579537640 08:27:20.223712 172,2
1579537640 08:27:20.252058 171,2
1579537640 08:27:20.258867 174,2
1579537640 08:27:20.644747 109,2
1579537640 08:27:20.653175 113,2
1579537640 08:27:20.663279 105,2
1579537640 08:27:20.685949 110,2
1579537640 08:27:20.688458 108,2
1579537640 08:27:20.705174 107,2
1579537640 08:27:20.727023 116,2
1579537640 08:27:20.727721 106,2
1579537640 08:27:20.733661 111,2
1579537640 08:27:20.739095 114,2
1579537640 08:27:20.749185 112,2
1579537640 08:27:20.465836 206,2
1579537640 08:27:20.469530 202,2
1579537640 08:27:20.470667 199,2
1579537640 08:27:20.473878 204,2
1579537640 08:27:20.476475 207,2
1579537640 08:27:20.476553 201,2
1579537640 08:27:20.478499 197,2
1579537640 08:27:20.482093 195,2
1579537640 08:27:20.482667 205,2
1579537640 08:27:20.483031 196,2
1579537640 08:27:20.483252 200,2
1579537640 08:27:20.492875 203,2
1579537640 08:27:20.495283 198,2
1579537640 08:27:20.822412 104,2
1579537640 08:27:20.858804 115,2
1579537641 08:27:21.296163 125,2
1579537641 08:27:21.302441 129,2
1579537641 08:27:21.306253 122,2
1579537641 08:27:21.313272 127,2
1579537641 08:27:21.316275 119,2
1579537641 08:27:21.358991 139,2
1579537641 08:27:21.322315 123,2
1579537641 08:27:21.325212 121,2
1579537641 08:27:21.331909 128,2
1579537641 08:27:21.333871 124,2
1579537641 08:27:21.338093 120,2
1579537641 08:27:21.379188 142,2
1579537641 08:27:21.380962 141,2
1579537641 08:27:21.382650 140,2
1579537641 08:27:21.348035 126,2
1579537641 08:27:21.393946 138,2
1579537641 08:27:21.358238 118,2
1579537641 08:27:21.404441 134,2
1579537641 08:27:21.405195 135,2
1579537641 08:27:21.413785 136,2
1579537641 08:27:21.414307 133,2
1579537641 08:27:21.384294 117,2
1579537641 08:27:21.433340 132,2
1579537641 08:27:21.452596 137,2
1579537641 08:27:21.557731 148,2
1579537641 08:27:21.562730 147,2
1579537641 08:27:21.572488 149,2
1579537641 08:27:21.583799 145,2
1579537641 08:27:21.586867 151,2
1579537641 08:27:21.596820 152,2
1579537641 08:27:21.596636 130,2
1579537641 08:27:21.599777 131,2
1579537641 08:27:21.609433 146,2
1579537641 08:27:21.610762 154,2
1579537641 08:27:21.625396 143,2
1579537641 08:27:21.654018 144,2
1579537641 08:27:21.671278 150,2
1579537641 08:27:21.677788 155,2
1579537641 08:27:21.680422 153,2
1579537642 08:27:22.269144 168,2
1579537642 08:27:22.283100 167,2
1579537642 08:27:22.292715 162,2
1579537642 08:27:22.307488 160,2
1579537642 08:27:22.317392 164,2
1579537642 08:27:22.329324 161,2
1579537642 08:27:22.330329 165,2
1579537642 08:27:22.332036 163,2
1579537642 08:27:22.337540 158,2
1579537642 08:27:22.343003 166,2
1579537642 08:27:22.343102 156,2
1579537642 08:27:22.366986 159,2
1579537642 08:27:22.394478 157,2
1579537662 08:27:42.689955 44,3
1579537662 08:27:42.703390 40,3
1579537662 08:27:42.704095 41,3
1579537662 08:27:42.705048 43,3
1579537662 08:27:42.707919 49,3
1579537662 08:27:42.709341 39,3
1579537662 08:27:42.710733 46,3
1579537662 08:27:42.717378 48,3
1579537662 08:27:42.725762 50,3
1579537662 08:27:42.726465 42,3
1579537662 08:27:42.726814 45,3
1579537662 08:27:42.751341 47,3
1579537662 08:27:42.752337 51,3
1579537662 08:27:42.899914 28,3
1579537662 08:27:42.912203 31,3
1579537662 08:27:42.918058 33,3
1579537662 08:27:42.924976 30,3
1579537662 08:27:42.927591 36,3
1579537662 08:27:42.928357 27,3
1579537662 08:27:42.928847 38,3
1579537662 08:27:42.937568 26,3
1579537662 08:27:42.944385 32,3
1579537662 08:27:42.952236 34,3
1579537662 08:27:42.957841 37,3
1579537662 08:27:42.964538 35,3
1579537662 08:27:42.983814 29,3
1579537664 08:27:44.448140 236,3
1579537664 08:27:44.460439 240,3
1579537664 08:27:44.466020 235,3
1579537664 08:27:44.468417 238,3
1579537664 08:27:44.477053 243,3
1579537664 08:27:44.487280 234,3
1579537664 08:27:44.496390 246,3
1579537664 08:27:44.516913 239,3
1579537664 08:27:44.532825 237,3
1579537664 08:27:44.573239 245,3
1579537664 08:27:44.596790 241,3
1579537664 08:27:44.637163 242,3
1579537664 08:27:44.658180 244,3
1579537664 08:27:44.631505 226,3
1579537664 08:27:44.632175 227,3
1579537664 08:27:44.635651 228,3
1579537664 08:27:44.636425 224,3
1579537664 08:27:44.636624 222,3
1579537664 08:27:44.637782 223,3
1579537664 08:27:44.637873 231,3
1579537664 08:27:44.638525 232,3
1579537664 08:27:44.641827 225,3
1579537664 08:27:44.647916 229,3
1579537664 08:27:44.651526 221,3
1579537664 08:27:44.659204 233,3
1579537664 08:27:44.804252 230,3
1579537665 08:27:45.621931 23,3
1579537665 08:27:45.632225 24,3
1579537665 08:27:45.641794 19,3
1579537665 08:27:45.645762 21,3
1579537665 08:27:45.719927 96,3
1579537665 08:27:45.651691 20,3
1579537665 08:27:45.652212 15,3
1579537665 08:27:45.652513 16,3
1579537665 08:27:45.728384 93,3
1579537665 08:27:45.663564 14,3
1579537665 08:27:45.664353 17,3
1579537665 08:27:45.735452 91,3
1579537665 08:27:45.665758 18,3
1579537665 08:27:45.736070 95,3
1579537665 08:27:45.750502 97,3
1579537665 08:27:45.755460 100,3
1579537665 08:27:45.688515 13,3
1579537665 08:27:45.758725 98,3
1579537665 08:27:45.690850 22,3
1579537665 08:27:45.769347 103,3
1579537665 08:27:45.769817 99,3
1579537665 08:27:45.778685 102,3
1579537665 08:27:45.785528 101,3
1579537665 08:27:45.804235 94,3
1579537665 08:27:45.757479 25,3
1579537665 08:27:45.920903 85,3
1579537665 08:27:45.925037 84,3
1579537665 08:27:45.930271 80,3
1579537665 08:27:45.933270 83,3
1579537665 08:27:45.941196 88,3
1579537665 08:27:45.944113 79,3
1579537665 08:27:45.954336 87,3
1579537665 08:27:45.874996 92,3
1579537665 08:27:45.964166 82,3
1579537665 08:27:45.973193 90,3
1579537665 08:27:45.995146 86,3
1579537665 08:27:45.998359 89,3
1579537666 08:27:46.016767 78,3
1579537666 08:27:46.041922 81,3
1579537666 08:27:46.338593 66,3
1579537666 08:27:46.419260 54,3
1579537666 08:27:46.379440 70,3
1579537666 08:27:46.384702 69,3
1579537666 08:27:46.444733 52,3
1579537666 08:27:46.445231 57,3
1579537666 08:27:46.449523 55,3
1579537666 08:27:46.396160 68,3
1579537666 08:27:46.450101 58,3
1579537666 08:27:46.396449 67,3
1579537666 08:27:46.401427 72,3
1579537666 08:27:46.456191 56,3
1579537666 08:27:46.408998 71,3
1579537666 08:27:46.489587 64,3
1579537666 08:27:46.436919 74,3
1579537666 08:27:46.442096 65,3
1579537666 08:27:46.448448 76,3
1579537666 08:27:46.508429 63,3
1579537666 08:27:46.514460 53,3
1579537666 08:27:46.517534 62,3
1579537666 08:27:46.519223 61,3
1579537666 08:27:46.481497 75,3
1579537666 08:27:46.489109 73,3
1579537666 08:27:46.495739 77,3
1579537666 08:27:46.554582 59,3
1579537666 08:27:46.562201 60,3
1579537666 08:27:46.863623 12,3
1579537666 08:27:46.865923 10,3
1579537666 08:27:46.910482 11,3
1579537666 08:27:46.942086 6,3
1579537666 08:27:46.942833 8,3
1579537666 08:27:46.977694 9,3
1579537666 08:27:46.989947 1,3
1579537666 08:27:46.998972 2,3
1579537667 08:27:47.010579 0,3
1579537667 08:27:47.015674 7,3
1579537667 08:27:47.016110 5,3
1579537667 08:27:47.032647 4,3
1579537667 08:27:47.062922 3,3
1579537667 08:27:47.736272 107,3
1579537667 08:27:47.738964 104,3
1579537667 08:27:47.741425 108,3
1579537667 08:27:47.752129 109,3
1579537667 08:27:47.752921 115,3
1579537667 08:27:47.753004 106,3
1579537667 08:27:47.754279 112,3
1579537667 08:27:47.755616 116,3
1579537667 08:27:47.767111 113,3
1579537667 08:27:47.770619 114,3
1579537667 08:27:47.657395 182,3
1579537667 08:27:47.795722 111,3
1579537667 08:27:47.677395 184,3
1579537667 08:27:47.819374 110,3
1579537667 08:27:47.826546 105,3
1579537667 08:27:47.728277 185,3
1579537667 08:27:47.737738 188,3
1579537667 08:27:47.743460 186,3
1579537667 08:27:47.768232 187,3
1579537667 08:27:47.807804 189,3
1579537667 08:27:47.821475 191,3
1579537667 08:27:47.827211 190,3
1579537667 08:27:47.837793 192,3
1579537667 08:27:47.841365 193,3
1579537667 08:27:47.843333 183,3
1579537667 08:27:47.940764 194,3
1579537667 08:27:47.929216 177,3
1579537667 08:27:47.933839 178,3
1579537667 08:27:47.943478 171,3
1579537667 08:27:47.950814 169,3
1579537667 08:27:47.951680 172,3
1579537667 08:27:47.955010 174,3
1579537667 08:27:47.965904 179,3
1579537667 08:27:47.965932 175,3
1579537667 08:27:47.974077 176,3
1579537667 08:27:47.985912 181,3
1579537667 08:27:47.997513 173,3
1579537668 08:27:48.014114 170,3
1579537668 08:27:48.038714 180,3
1579537668 08:27:48.295744 135,3
1579537668 08:27:48.296468 136,3
1579537668 08:27:48.298203 138,3
1579537668 08:27:48.299412 137,3
1579537668 08:27:48.300408 139,3
1579537668 08:27:48.300782 140,3
1579537668 08:27:48.304209 133,3
1579537668 08:27:48.305106 134,3
1579537668 08:27:48.311265 131,3
1579537668 08:27:48.314727 132,3
1579537668 08:27:48.316300 142,3
1579537668 08:27:48.317405 130,3
1579537668 08:27:48.362044 141,3
1579537668 08:27:48.771413 208,3
1579537668 08:27:48.776765 210,3
1579537668 08:27:48.790516 211,3
1579537668 08:27:48.792962 216,3
1579537668 08:27:48.799118 215,3
1579537668 08:27:48.803434 212,3
1579537668 08:27:48.679433 200,3
1579537668 08:27:48.812807 209,3
1579537668 08:27:48.813555 218,3
1579537668 08:27:48.815799 219,3
1579537668 08:27:48.816758 213,3
1579537668 08:27:48.703105 198,3
1579537668 08:27:48.710037 196,3
1579537668 08:27:48.839215 214,3
1579537668 08:27:48.715718 203,3
1579537668 08:27:48.843434 220,3
1579537668 08:27:48.721501 195,3
1579537668 08:27:48.727036 197,3
1579537668 08:27:48.734616 207,3
1579537668 08:27:48.869614 217,3
1579537668 08:27:48.744107 201,3
1579537668 08:27:48.747622 205,3
1579537668 08:27:48.754586 206,3
1579537668 08:27:48.754717 199,3
1579537668 08:27:48.783388 202,3
1579537668 08:27:48.800524 204,3
1579537668 08:27:48.882302 152,3
1579537668 08:27:48.894494 147,3
1579537668 08:27:48.896406 146,3
1579537668 08:27:48.896436 149,3
1579537668 08:27:48.898235 155,3
1579537668 08:27:48.902277 151,3
1579537668 08:27:48.904091 143,3
1579537668 08:27:48.904353 153,3
1579537668 08:27:48.913088 148,3
1579537668 08:27:48.927228 144,3
1579537668 08:27:48.931533 154,3
1579537668 08:27:48.974541 150,3
1579537668 08:27:48.990057 145,3
1579537669 08:27:49.386570 120,3
1579537669 08:27:49.417910 117,3
1579537669 08:27:49.420153 124,3
1579537669 08:27:49.430947 122,3
1579537669 08:27:49.433812 129,3
1579537669 08:27:49.435650 119,3
1579537669 08:27:49.437662 121,3
1579537669 08:27:49.460958 128,3
1579537669 08:27:49.473276 125,3
1579537669 08:27:49.476542 126,3
1579537669 08:27:49.476773 123,3
1579537669 08:27:49.484829 118,3
1579537669 08:27:49.543439 127,3
1579537670 08:27:50.571678 158,3
1579537670 08:27:50.576082 161,3
1579537670 08:27:50.576276 159,3
1579537670 08:27:50.578533 162,3
1579537670 08:27:50.579270 166,3
1579537670 08:27:50.585116 156,3
1579537670 08:27:50.585971 167,3
1579537670 08:27:50.588648 157,3
1579537670 08:27:50.593716 168,3
1579537670 08:27:50.595163 165,3
1579537670 08:27:50.612621 163,3
1579537670 08:27:50.642573 164,3
1579537670 08:27:50.646154 160,3
1579537691 08:28:11.981712 32,4
1579537691 08:28:11.988264 36,4
1579537691 08:28:11.989551 30,4
1579537691 08:28:11.990375 34,4
1579537691 08:28:11.992607 33,4
1579537691 08:28:11.993652 27,4
1579537691 08:28:11.997752 37,4
1579537691 08:28:11.998677 29,4
1579537691 08:28:11.998795 31,4
1579537692 08:28:12.001623 26,4
1579537692 08:28:12.001796 35,4
1579537692 08:28:12.003108 28,4
1579537692 08:28:12.022787 38,4
1579537692 08:28:12.324975 40,4
1579537692 08:28:12.327217 42,4
1579537692 08:28:12.335345 45,4
1579537692 08:28:12.340187 43,4
1579537692 08:28:12.342213 39,4
1579537692 08:28:12.365523 46,4
1579537692 08:28:12.370133 41,4
1579537692 08:28:12.378280 47,4
1579537692 08:28:12.379336 48,4
1579537692 08:28:12.381693 49,4
1579537692 08:28:12.396460 44,4
1579537692 08:28:12.435904 50,4
1579537692 08:28:12.461852 51,4
1579537693 08:28:13.191475 245,4
1579537693 08:28:13.193377 244,4
1579537693 08:28:13.196399 243,4
1579537693 08:28:13.197341 241,4
1579537693 08:28:13.201634 238,4
1579537693 08:28:13.212290 236,4
1579537693 08:28:13.221006 242,4
1579537693 08:28:13.221327 234,4
1579537693 08:28:13.226472 246,4
1579537693 08:28:13.231735 240,4
1579537693 08:28:13.234243 235,4
1579537693 08:28:13.264197 237,4
1579537693 08:28:13.266337 239,4
1579537693 08:28:13.306014 226,4
1579537693 08:28:13.306914 233,4
1579537693 08:28:13.307308 223,4
1579537693 08:28:13.307477 230,4
1579537693 08:28:13.308905 225,4
1579537693 08:28:13.310280 229,4
1579537693 08:28:13.311756 227,4
1579537693 08:28:13.313750 231,4
1579537693 08:28:13.315408 224,4
1579537693 08:28:13.316744 232,4
1579537693 08:28:13.318109 221,4
1579537693 08:28:13.353464 222,4
1579537693 08:28:13.369423 228,4
1579537695 08:28:15.118854 59,4
1579537695 08:28:15.130718 64,4
1579537695 08:28:15.141610 57,4
1579537695 08:28:15.141923 55,4
1579537695 08:28:15.143994 62,4
1579537695 08:28:15.145930 63,4
1579537695 08:28:15.146699 56,4
1579537695 08:28:15.155083 58,4
1579537695 08:28:15.161623 54,4
1579537695 08:28:15.168034 60,4
1579537695 08:28:15.172971 52,4
1579537695 08:28:15.175476 61,4
1579537695 08:28:15.191999 53,4
1579537695 08:28:15.233512 174,4
1579537695 08:28:15.250335 176,4
1579537695 08:28:15.251653 178,4
1579537695 08:28:15.257667 180,4
1579537695 08:28:15.264944 179,4
1579537695 08:28:15.265423 173,4
1579537695 08:28:15.278909 170,4
1579537695 08:28:15.283397 171,4
1579537695 08:28:15.294103 177,4
1579537695 08:28:15.296557 169,4
1579537695 08:28:15.307881 181,4
1579537695 08:28:15.325754 172,4
1579537695 08:28:15.388667 175,4
1579537695 08:28:15.525696 23,4
1579537695 08:28:15.534808 19,4
1579537695 08:28:15.543395 13,4
1579537695 08:28:15.545214 16,4
1579537695 08:28:15.549421 14,4
1579537695 08:28:15.553040 17,4
1579537695 08:28:15.556470 20,4
1579537695 08:28:15.564978 18,4
1579537695 08:28:15.566006 22,4
1579537695 08:28:15.570618 24,4
1579537695 08:28:15.577069 15,4
1579537696 08:28:16.001825 3,4
1579537696 08:28:16.006643 6,4
1579537696 08:28:16.007652 1,4
1579537696 08:28:16.008721 2,4
1579537696 08:28:16.012455 5,4
1579537696 08:28:16.014960 10,4
1579537696 08:28:16.019329 9,4
1579537696 08:28:16.021417 0,4
1579537696 08:28:16.023540 11,4
1579537696 08:28:16.032633 12,4
1579537695 08:28:15.632049 25,4
1579537696 08:28:16.053357 7,4
1579537696 08:28:16.069904 8,4
1579537696 08:28:16.096300 4,4
1579537695 08:28:15.716264 21,4
1579537696 08:28:16.202869 185,4
1579537696 08:28:16.210280 189,4
1579537696 08:28:16.213476 182,4
1579537696 08:28:16.214908 194,4
1579537696 08:28:16.216863 188,4
1579537696 08:28:16.091531 93,4
1579537696 08:28:16.220466 186,4
1579537696 08:28:16.222125 192,4
1579537696 08:28:16.223176 187,4
1579537696 08:28:16.235802 184,4
1579537696 08:28:16.108753 97,4
1579537696 08:28:16.236923 190,4
1579537696 08:28:16.237937 183,4
1579537696 08:28:16.240366 191,4
1579537696 08:28:16.113598 94,4
1579537696 08:28:16.201689 90,4
1579537696 08:28:16.114738 92,4
1579537696 08:28:16.118709 95,4
1579537696 08:28:16.212179 75,4
1579537696 08:28:16.212811 74,4
1579537696 08:28:16.213233 71,4
1579537696 08:28:16.213661 70,4
1579537696 08:28:16.214332 77,4
1579537696 08:28:16.124794 91,4
1579537696 08:28:16.125057 96,4
1579537696 08:28:16.216277 76,4
1579537696 08:28:16.127648 100,4
1579537696 08:28:16.220570 67,4
1579537696 08:28:16.222937 72,4
1579537696 08:28:16.223865 86,4
1579537696 08:28:16.227776 89,4
1579537696 08:28:16.228170 88,4
1579537696 08:28:16.141135 103,4
1579537696 08:28:16.271827 193,4
1579537696 08:28:16.233222 81,4
1579537696 08:28:16.236705 65,4
1579537696 08:28:16.234761 82,4
1579537696 08:28:16.149199 101,4
1579537696 08:28:16.240773 68,4
1579537696 08:28:16.238535 83,4
1579537696 08:28:16.239180 84,4
1579537696 08:28:16.154109 98,4
1579537696 08:28:16.247093 69,4
1579537696 08:28:16.245262 79,4
1579537696 08:28:16.245875 80,4
1579537696 08:28:16.252759 66,4
1579537696 08:28:16.250390 78,4
1579537696 08:28:16.251828 85,4
1579537696 08:28:16.183791 102,4
1579537696 08:28:16.272577 87,4
1579537696 08:28:16.191611 99,4
1579537696 08:28:16.285050 73,4
1579537696 08:28:16.656966 211,4
1579537696 08:28:16.666018 210,4
1579537696 08:28:16.668098 214,4
1579537696 08:28:16.668999 208,4
1579537696 08:28:16.672266 220,4
1579537696 08:28:16.672332 209,4
1579537696 08:28:16.678474 213,4
1579537696 08:28:16.680959 217,4
1579537696 08:28:16.682164 218,4
1579537696 08:28:16.682541 216,4
1579537696 08:28:16.686581 219,4
1579537696 08:28:16.713138 215,4
1579537696 08:28:16.717660 212,4
1579537696 08:28:16.668900 200,4
1579537696 08:28:16.677555 196,4
1579537696 08:28:16.708905 203,4
1579537696 08:28:16.712874 198,4
1579537696 08:28:16.714217 195,4
1579537696 08:28:16.718682 197,4
1579537696 08:28:16.728504 201,4
1579537696 08:28:16.730755 207,4
1579537696 08:28:16.736460 199,4
1579537696 08:28:16.739372 205,4
1579537696 08:28:16.756274 204,4
1579537696 08:28:16.769615 206,4
1579537696 08:28:16.787157 202,4
1579537697 08:28:17.462776 144,4
1579537697 08:28:17.476906 148,4
1579537697 08:28:17.478908 152,4
1579537697 08:28:17.481060 146,4
1579537697 08:28:17.489047 149,4
1579537697 08:28:17.491596 155,4
1579537697 08:28:17.499960 153,4
1579537697 08:28:17.503279 150,4
1579537697 08:28:17.503717 147,4
1579537697 08:28:17.512421 151,4
1579537697 08:28:17.524038 145,4
1579537697 08:28:17.552652 143,4
1579537697 08:28:17.800220 165,4
1579537697 08:28:17.568002 154,4
1579537697 08:28:17.813929 166,4
1579537697 08:28:17.824713 164,4
1579537697 08:28:17.829487 163,4
1579537697 08:28:17.835881 168,4
1579537697 08:28:17.838793 167,4
1579537697 08:28:17.840442 160,4
1579537697 08:28:17.842801 161,4
1579537697 08:28:17.862616 157,4
1579537697 08:28:17.870221 158,4
1579537697 08:28:17.883547 156,4
1579537697 08:28:17.932060 159,4
1579537697 08:28:17.923353 115,4
1579537697 08:28:17.925150 109,4
1579537697 08:28:17.925256 116,4
1579537697 08:28:17.926052 105,4
1579537697 08:28:17.945490 162,4
1579537697 08:28:17.927655 112,4
1579537697 08:28:17.927881 106,4
1579537697 08:28:17.928907 111,4
1579537697 08:28:17.930113 107,4
1579537697 08:28:17.930768 108,4
1579537697 08:28:17.935986 110,4
1579537697 08:28:17.938747 114,4
1579537697 08:28:17.953110 104,4
1579537698 08:28:18.005347 113,4
1579537697 08:28:17.748383 128,4
1579537697 08:28:17.760754 129,4
1579537697 08:28:17.764822 124,4
1579537697 08:28:17.769883 126,4
1579537697 08:28:17.778085 122,4
1579537697 08:28:17.782173 127,4
1579537697 08:28:17.782656 125,4
1579537697 08:28:17.789677 120,4
1579537697 08:28:17.792699 123,4
1579537697 08:28:17.793137 119,4
1579537697 08:28:17.812369 121,4
1579537697 08:28:17.833569 118,4
1579537697 08:28:17.839002 117,4
1579537698 08:28:18.908458 141,4
1579537698 08:28:18.916955 138,4
1579537698 08:28:18.918634 139,4
1579537698 08:28:18.919397 137,4
1579537698 08:28:18.926514 134,4
1579537698 08:28:18.934331 131,4
1579537698 08:28:18.940094 136,4
1579537698 08:28:18.942813 133,4
1579537698 08:28:18.945955 135,4
1579537698 08:28:18.948885 132,4
1579537698 08:28:18.976047 140,4
1579537698 08:28:18.996033 130,4
1579537699 08:28:19.004999 142,4
1579537719 08:28:39.730379 27,5
1579537719 08:28:39.746041 29,5
1579537719 08:28:39.747512 30,5
1579537719 08:28:39.747833 31,5
1579537719 08:28:39.759868 32,5
1579537719 08:28:39.705059 44,5
1579537719 08:28:39.712547 46,5
1579537719 08:28:39.783576 28,5
1579537719 08:28:39.713204 47,5
1579537719 08:28:39.785151 34,5
1579537719 08:28:39.716725 49,5
1579537719 08:28:39.717842 51,5
1579537719 08:28:39.718802 41,5
1579537719 08:28:39.789530 33,5
1579537719 08:28:39.720473 42,5
1579537719 08:28:39.722184 39,5
1579537719 08:28:39.723528 40,5
1579537719 08:28:39.728607 48,5
1579537719 08:28:39.804005 36,5
1579537719 08:28:39.804414 38,5
1579537719 08:28:39.804656 35,5
1579537719 08:28:39.806181 37,5
1579537719 08:28:39.737593 50,5
1579537719 08:28:39.740231 45,5
1579537719 08:28:39.825559 26,5
1579537719 08:28:39.882918 243,5
1579537719 08:28:39.894482 241,5
1579537719 08:28:39.895046 240,5
1579537719 08:28:39.898646 245,5
1579537719 08:28:39.908844 237,5
1579537719 08:28:39.916717 244,5
1579537719 08:28:39.917306 236,5
1579537719 08:28:39.918556 242,5
1579537719 08:28:39.874470 43,5
1579537719 08:28:39.925653 235,5
1579537719 08:28:39.928419 238,5
1579537719 08:28:39.945324 239,5
1579537719 08:28:39.968734 246,5
1579537719 08:28:39.985581 234,5
1579537720 08:28:40.049810 223,5
1579537720 08:28:40.093654 225,5
1579537720 08:28:40.107278 224,5
1579537720 08:28:40.107953 230,5
1579537720 08:28:40.112469 229,5
1579537720 08:28:40.114752 222,5
1579537720 08:28:40.115802 233,5
1579537720 08:28:40.125948 231,5
1579537720 08:28:40.126824 226,5
1579537720 08:28:40.134888 227,5
1579537720 08:28:40.142124 221,5
1579537720 08:28:40.158077 232,5
1579537720 08:28:40.169263 228,5
1579537726 08:28:46.014551 12,5
1579537726 08:28:46.016505 11,5
1579537726 08:28:46.016605 8,5
1579537726 08:28:46.016631 10,5
1579537726 08:28:46.016943 9,5
1579537726 08:28:46.017389 5,5
1579537726 08:28:46.019747 2,5
1579537726 08:28:46.020422 1,5
1579537726 08:28:46.021180 3,5
1579537726 08:28:46.021821 0,5
1579537726 08:28:46.030404 4,5
1579537726 08:28:46.034513 7,5
1579537726 08:28:46.065272 6,5
1579537725 08:28:45.815708 24,5
1579537725 08:28:45.820197 21,5
1579537725 08:28:45.830363 23,5
1579537725 08:28:45.831089 18,5
1579537725 08:28:45.831442 20,5
1579537725 08:28:45.835547 16,5
1579537725 08:28:45.835809 17,5
1579537725 08:28:45.836698 14,5
1579537725 08:28:45.836883 19,5
1579537725 08:28:45.838985 13,5
1579537725 08:28:45.840741 15,5
1579537725 08:28:45.857241 22,5
1579537726 08:28:46.239146 25,5
1579537727 08:28:47.431446 161,5
1579537727 08:28:47.438237 157,5
1579537727 08:28:47.440910 158,5
1579537727 08:28:47.443552 160,5
1579537727 08:28:47.445394 163,5
1579537727 08:28:47.453905 156,5
1579537727 08:28:47.455502 167,5
1579537727 08:28:47.456116 162,5
1579537727 08:28:47.456976 166,5
1579537727 08:28:47.466868 159,5
1579537727 08:28:47.470533 165,5
1579537727 08:28:47.472227 164,5
1579537727 08:28:47.473241 168,5
1579537727 08:28:47.107581 174,5
1579537727 08:28:47.109879 178,5
1579537727 08:28:47.110883 180,5
1579537727 08:28:47.115236 175,5
1579537727 08:28:47.119708 176,5
1579537727 08:28:47.119847 170,5
1579537727 08:28:47.119983 177,5
1579537727 08:28:47.124643 171,5
1579537727 08:28:47.126063 179,5
1579537727 08:28:47.126516 172,5
1579537727 08:28:47.127750 173,5
1579537727 08:28:47.151937 181,5
1579537727 08:28:47.160029 169,5
1579537727 08:28:47.373693 208,5
1579537727 08:28:47.378273 209,5
1579537727 08:28:47.380871 211,5
1579537727 08:28:47.383272 212,5
1579537727 08:28:47.386143 215,5
1579537727 08:28:47.394072 216,5
1579537727 08:28:47.396321 217,5
1579537727 08:28:47.396861 210,5
1579537727 08:28:47.397589 219,5
1579537727 08:28:47.399119 213,5
1579537727 08:28:47.399927 214,5
1579537727 08:28:47.408961 218,5
1579537727 08:28:47.410523 220,5
1579537727 08:28:47.694042 113,5
1579537727 08:28:47.694631 109,5
1579537727 08:28:47.695343 107,5
1579537727 08:28:47.696017 107,6
1579537727 08:28:47.696724 107,7
1579537727 08:28:47.696861 108,5
1579537727 08:28:47.697104 107,8
1579537727 08:28:47.704652 111,5
1579537727 08:28:47.704886 112,5
1579537727 08:28:47.705371 110,5
1579537727 08:28:47.711243 116,5
1579537727 08:28:47.711278 114,5
1579537727 08:28:47.711834 115,5
1579537727 08:28:47.715621 106,5
1579537727 08:28:47.722100 104,5
1579537727 08:28:47.724350 105,5
1579537727 08:28:47.561871 69,5
1579537727 08:28:47.562558 77,5
1579537727 08:28:47.563533 67,5
1579537727 08:28:47.563565 70,5
1579537727 08:28:47.563678 72,5
1579537727 08:28:47.563783 73,5
1579537727 08:28:47.567186 66,5
1579537727 08:28:47.567485 74,5
1579537727 08:28:47.567596 68,5
1579537727 08:28:47.572391 65,5
1579537727 08:28:47.573510 75,5
1579537727 08:28:47.574696 76,5
1579537727 08:28:47.575779 71,5
1579537727 08:28:47.562882 154,5
1579537727 08:28:47.564874 150,5
1579537727 08:28:47.565239 155,5
1579537727 08:28:47.565509 152,5
1579537727 08:28:47.573392 148,5
1579537727 08:28:47.573814 149,5
1579537727 08:28:47.574559 143,5
1579537727 08:28:47.577704 144,5
1579537727 08:28:47.583583 153,5
1579537727 08:28:47.584196 151,5
1579537727 08:28:47.590169 146,5
1579537727 08:28:47.597246 147,5
1579537727 08:28:47.603234 145,5
1579537728 08:28:48.130156 61,5
1579537728 08:28:48.140473 56,5
1579537728 08:28:48.142523 57,5
1579537728 08:28:48.142854 62,5
1579537728 08:28:48.144929 63,5
1579537728 08:28:48.146767 60,5
1579537728 08:28:48.147169 52,5
1579537728 08:28:48.147300 54,5
1579537728 08:28:48.147591 55,5
1579537728 08:28:48.155669 58,5
1579537728 08:28:48.157781 59,5
1579537728 08:28:48.159584 53,5
1579537728 08:28:48.162776 64,5
1579537728 08:28:48.232494 184,5
1579537728 08:28:48.238680 185,5
1579537728 08:28:48.248178 182,5
1579537728 08:28:48.252204 186,5
1579537728 08:28:48.255261 188,5
1579537728 08:28:48.259270 187,5
1579537728 08:28:48.265057 183,5
1579537728 08:28:48.266087 191,5
1579537728 08:28:48.271298 192,5
1579537728 08:28:48.271441 190,5
1579537728 08:28:48.292002 193,5
1579537728 08:28:48.297542 189,5
1579537728 08:28:48.298467 194,5
1579537728 08:28:48.389483 142,5
1579537728 08:28:48.391400 140,5
1579537728 08:28:48.391616 141,5
1579537728 08:28:48.391723 138,5
1579537728 08:28:48.392475 136,5
1579537728 08:28:48.392686 137,5
1579537728 08:28:48.392827 139,5
1579537728 08:28:48.393638 133,5
1579537728 08:28:48.396735 131,5
1579537728 08:28:48.396949 130,5
1579537728 08:28:48.396972 134,5
1579537728 08:28:48.397409 135,5
1579537728 08:28:48.398291 132,5
1579537728 08:28:48.668615 87,6
1579537728 08:28:48.668738 87,6
1579537728 08:28:48.669991 87,7
1579537728 08:28:48.670241 87,8
1579537728 08:28:48.687338 81,5
1579537728 08:28:48.688976 90,5
1579537728 08:28:48.689215 85,5
1579537728 08:28:48.691394 88,5
1579537728 08:28:48.692686 89,5
1579537728 08:28:48.694064 86,5
1579537728 08:28:48.695835 84,5
1579537728 08:28:48.698495 83,5
1579537728 08:28:48.703553 80,5
1579537728 08:28:48.705473 79,5
1579537728 08:28:48.711776 78,5
1579537728 08:28:48.711834 82,5
1579537728 08:28:48.688032 98,5
1579537728 08:28:48.690393 95,5
1579537728 08:28:48.690514 101,5
1579537728 08:28:48.690619 99,5
1579537728 08:28:48.690934 96,5
1579537728 08:28:48.695222 91,5
1579537728 08:28:48.696610 93,5
1579537728 08:28:48.703233 103,5
1579537728 08:28:48.705116 94,5
1579537728 08:28:48.705771 100,5
1579537728 08:28:48.712567 102,5
1579537728 08:28:48.718232 92,5
1579537728 08:28:48.721908 97,5
