1579376941 11:49:01.037120 30,0
1579376941 11:49:01.037226 31,0
1579376941 11:49:01.037239 32,0
1579376941 11:49:01.037256 33,0
1579376941 11:49:01.037283 34,0
1579376941 11:49:01.037318 35,0
1579376941 11:49:01.037339 36,0
1579376941 11:49:01.037366 37,0
1579376941 11:49:01.037381 38,0
1579376941 11:49:01.037396 39,0
1579376941 11:49:01.037419 40,0
1579376941 11:49:01.037432 41,0
1579376941 11:49:01.037450 42,0
1579376941 11:49:01.037476 43,0
1579376941 11:49:01.037493 44,0
1579376941 11:49:01.325485 0,0
1579376941 11:49:01.325606 1,0
1579376941 11:49:01.325621 2,0
1579376941 11:49:01.325636 3,0
1579376941 11:49:01.325648 4,0
1579376941 11:49:01.325662 5,0
1579376941 11:49:01.325690 6,0
1579376941 11:49:01.325702 7,0
1579376941 11:49:01.325715 8,0
1579376941 11:49:01.325727 9,0
1579376941 11:49:01.325756 10,0
1579376941 11:49:01.325767 11,0
1579376941 11:49:01.325778 12,0
1579376941 11:49:01.325790 13,0
1579376941 11:49:01.325819 14,0
1579376941 11:49:01.302618 15,0
1579376941 11:49:01.302739 16,0
1579376941 11:49:01.302754 17,0
1579376941 11:49:01.302765 18,0
1579376941 11:49:01.302780 19,0
1579376941 11:49:01.302796 20,0
1579376941 11:49:01.302808 21,0
1579376941 11:49:01.302823 22,0
1579376941 11:49:01.302839 23,0
1579376941 11:49:01.302852 24,0
1579376941 11:49:01.302864 25,0
1579376941 11:49:01.302877 26,0
1579376941 11:49:01.302889 27,0
1579376941 11:49:01.302900 28,0
1579376941 11:49:01.302916 29,0
1579376941 11:49:01.781293 255,0
1579376941 11:49:01.781423 256,0
1579376941 11:49:01.781437 257,0
1579376941 11:49:01.781449 258,0
1579376941 11:49:01.781464 259,0
1579376941 11:49:01.781480 260,0
1579376941 11:49:01.781495 261,0
1579376941 11:49:01.781523 262,0
1579376941 11:49:01.781536 263,0
1579376941 11:49:01.781550 264,0
1579376941 11:49:01.781562 265,0
1579376941 11:49:01.781574 266,0
1579376941 11:49:01.781586 267,0
1579376941 11:49:01.781599 268,0
1579376941 11:49:01.781611 269,0
1579376941 11:49:01.857657 225,0
1579376941 11:49:01.857762 226,0
1579376941 11:49:01.857777 227,0
1579376941 11:49:01.857789 228,0
1579376941 11:49:01.857809 229,0
1579376941 11:49:01.857835 230,0
1579376941 11:49:01.857863 231,0
1579376941 11:49:01.857879 232,0
1579376941 11:49:01.857920 233,0
1579376941 11:49:01.857935 234,0
1579376941 11:49:01.857957 235,0
1579376941 11:49:01.857971 236,0
1579376941 11:49:01.857987 237,0
1579376941 11:49:01.858007 238,0
1579376941 11:49:01.858022 239,0
1579376941 11:49:01.854953 270,0
1579376941 11:49:01.855098 271,0
1579376941 11:49:01.855111 272,0
1579376941 11:49:01.855124 273,0
1579376941 11:49:01.855135 274,0
1579376941 11:49:01.855146 275,0
1579376941 11:49:01.855157 276,0
1579376941 11:49:01.855168 277,0
1579376941 11:49:01.855179 278,0
1579376941 11:49:01.855190 279,0
1579376941 11:49:01.855202 280,0
1579376941 11:49:01.855213 281,0
1579376941 11:49:01.855240 282,0
1579376941 11:49:01.855270 283,0
1579376941 11:49:01.855282 284,0
1579376941 11:49:01.934135 105,0
1579376941 11:49:01.934243 106,0
1579376941 11:49:01.934257 107,0
1579376941 11:49:01.934269 108,0
1579376941 11:49:01.934282 109,0
1579376941 11:49:01.934293 110,0
1579376941 11:49:01.934322 111,0
1579376941 11:49:01.934331 112,0
1579376941 11:49:01.934343 113,0
1579376941 11:49:01.934354 114,0
1579376941 11:49:01.934364 115,0
1579376941 11:49:01.934375 116,0
1579376941 11:49:01.934385 117,0
1579376941 11:49:01.934396 118,0
1579376941 11:49:01.934414 119,0
1579376941 11:49:01.879203 135,0
1579376941 11:49:01.879308 136,0
1579376941 11:49:01.879323 137,0
1579376941 11:49:01.879336 138,0
1579376941 11:49:01.879347 139,0
1579376941 11:49:01.879358 140,0
1579376941 11:49:01.879369 141,0
1579376941 11:49:01.879381 142,0
1579376941 11:49:01.879391 143,0
1579376941 11:49:01.879403 144,0
1579376941 11:49:01.879415 145,0
1579376941 11:49:01.879426 146,0
1579376941 11:49:01.879437 147,0
1579376941 11:49:01.879449 148,0
1579376941 11:49:01.879464 149,0
1579376942 11:49:02.187062 180,0
1579376942 11:49:02.187188 181,0
1579376942 11:49:02.187203 182,0
1579376942 11:49:02.187214 183,0
1579376942 11:49:02.187227 184,0
1579376942 11:49:02.187242 185,0
1579376942 11:49:02.187254 186,0
1579376942 11:49:02.187266 187,0
1579376942 11:49:02.187285 188,0
1579376942 11:49:02.187296 189,0
1579376942 11:49:02.187308 190,0
1579376942 11:49:02.187319 191,0
1579376942 11:49:02.187331 192,0
1579376942 11:49:02.187343 193,0
1579376942 11:49:02.187355 194,0
1579376942 11:49:02.001176 150,0
1579376942 11:49:02.001302 151,0
1579376942 11:49:02.001317 152,0
1579376942 11:49:02.001332 153,0
1579376942 11:49:02.001344 154,0
1579376942 11:49:02.001356 155,0
1579376942 11:49:02.001368 156,0
1579376942 11:49:02.001383 157,0
1579376942 11:49:02.001396 158,0
1579376942 11:49:02.001409 159,0
1579376942 11:49:02.001421 160,0
1579376942 11:49:02.001434 161,0
1579376942 11:49:02.001447 162,0
1579376942 11:49:02.001459 163,0
1579376942 11:49:02.001470 164,0
1579376942 11:49:02.087244 240,0
1579376942 11:49:02.087370 241,0
1579376942 11:49:02.087385 242,0
1579376942 11:49:02.087398 243,0
1579376942 11:49:02.087412 244,0
1579376942 11:49:02.087425 245,0
1579376942 11:49:02.087437 246,0
1579376942 11:49:02.087449 247,0
1579376942 11:49:02.087462 248,0
1579376942 11:49:02.087474 249,0
1579376942 11:49:02.087487 250,0
1579376942 11:49:02.087498 251,0
1579376942 11:49:02.087509 252,0
1579376942 11:49:02.087521 253,0
1579376942 11:49:02.087535 254,0
1579376941 11:49:01.992821 45,0
1579376941 11:49:01.992902 46,0
1579376941 11:49:01.992912 47,0
1579376941 11:49:01.992920 48,0
1579376941 11:49:01.992927 49,0
1579376941 11:49:01.992936 50,0
1579376941 11:49:01.992944 51,0
1579376941 11:49:01.992951 52,0
1579376941 11:49:01.992958 53,0
1579376941 11:49:01.992966 54,0
1579376941 11:49:01.992973 55,0
1579376941 11:49:01.992980 56,0
1579376941 11:49:01.993002 57,0
1579376941 11:49:01.993012 58,0
1579376941 11:49:01.993021 59,0
1579376941 11:49:01.422539 75,0
1579376941 11:49:01.422647 76,0
1579376941 11:49:01.422660 77,0
1579376941 11:49:01.422673 78,0
1579376941 11:49:01.422684 79,0
1579376941 11:49:01.422695 80,0
1579376941 11:49:01.422706 81,0
1579376941 11:49:01.422717 82,0
1579376941 11:49:01.422730 83,0
1579376941 11:49:01.422741 84,0
1579376941 11:49:01.422752 85,0
1579376941 11:49:01.422763 86,0
1579376941 11:49:01.422774 87,0
1579376941 11:49:01.422785 88,0
1579376941 11:49:01.422796 89,0
1579376942 11:49:02.060546 165,0
1579376942 11:49:02.060650 166,0
1579376942 11:49:02.060664 167,0
1579376942 11:49:02.060677 168,0
1579376942 11:49:02.060689 169,0
1579376942 11:49:02.060700 170,0
1579376942 11:49:02.060713 171,0
1579376942 11:49:02.060726 172,0
1579376942 11:49:02.060738 173,0
1579376942 11:49:02.060757 174,0
1579376942 11:49:02.060769 175,0
1579376942 11:49:02.060780 176,0
1579376942 11:49:02.060794 177,0
1579376942 11:49:02.060806 178,0
1579376942 11:49:02.060818 179,0
1579376942 11:49:02.107671 90,0
1579376942 11:49:02.107789 91,0
1579376942 11:49:02.107803 92,0
1579376942 11:49:02.107818 93,0
1579376942 11:49:02.107830 94,0
1579376942 11:49:02.107842 95,0
1579376942 11:49:02.107853 96,0
1579376942 11:49:02.107874 97,0
1579376942 11:49:02.107887 98,0
1579376942 11:49:02.107938 99,0
1579376942 11:49:02.107951 100,0
1579376942 11:49:02.107964 101,0
1579376942 11:49:02.107975 102,0
1579376942 11:49:02.107986 103,0
1579376942 11:49:02.107997 104,0
1579376942 11:49:02.526101 120,0
1579376942 11:49:02.526230 121,0
1579376942 11:49:02.526246 122,0
1579376942 11:49:02.526258 123,0
1579376942 11:49:02.526270 124,0
1579376942 11:49:02.526282 125,0
1579376942 11:49:02.526298 126,0
1579376942 11:49:02.526311 127,0
1579376942 11:49:02.526326 128,0
1579376942 11:49:02.526339 129,0
1579376942 11:49:02.526351 130,0
1579376942 11:49:02.526364 131,0
1579376942 11:49:02.526377 132,0
1579376942 11:49:02.526389 133,0
1579376942 11:49:02.526400 134,0
1579376942 11:49:02.458040 195,0
1579376942 11:49:02.458158 196,0
1579376942 11:49:02.458171 197,0
1579376942 11:49:02.458184 198,0
1579376942 11:49:02.458195 199,0
1579376942 11:49:02.458207 200,0
1579376942 11:49:02.458218 201,0
1579376942 11:49:02.458229 202,0
1579376942 11:49:02.458241 203,0
1579376942 11:49:02.458260 204,0
1579376942 11:49:02.458272 205,0
1579376942 11:49:02.458282 206,0
1579376942 11:49:02.458300 207,0
1579376942 11:49:02.458311 208,0
1579376942 11:49:02.458322 209,0
1579376942 11:49:02.178691 60,0
1579376942 11:49:02.178792 61,0
1579376942 11:49:02.178805 62,0
1579376942 11:49:02.178816 63,0
1579376942 11:49:02.178829 64,0
1579376942 11:49:02.178839 65,0
1579376942 11:49:02.178854 66,0
1579376942 11:49:02.178874 67,0
1579376942 11:49:02.178891 68,0
1579376942 11:49:02.178901 69,0
1579376942 11:49:02.178916 70,0
1579376942 11:49:02.178933 71,0
1579376942 11:49:02.178951 72,0
1579376942 11:49:02.178970 73,0
1579376942 11:49:02.178993 74,0
1579376942 11:49:02.163515 210,0
1579376942 11:49:02.163619 211,0
1579376942 11:49:02.163632 212,0
1579376942 11:49:02.163643 213,0
1579376942 11:49:02.163655 214,0
1579376942 11:49:02.163666 215,0
1579376942 11:49:02.163677 216,0
1579376942 11:49:02.163688 217,0
1579376942 11:49:02.163701 218,0
1579376942 11:49:02.163712 219,0
1579376942 11:49:02.163723 220,0
1579376942 11:49:02.163745 221,0
1579376942 11:49:02.163756 222,0
1579376942 11:49:02.163767 223,0
1579376942 11:49:02.163779 224,0
1579376973 11:49:33.573962 32,1
1579376973 11:49:33.577540 31,1
1579376973 11:49:33.578605 36,1
1579376973 11:49:33.579326 33,1
1579376973 11:49:33.581020 38,1
1579376973 11:49:33.581389 37,1
1579376973 11:49:33.585737 42,1
1579376973 11:49:33.586893 39,1
1579376973 11:49:33.588799 41,1
1579376973 11:49:33.590487 40,1
1579376973 11:49:33.592532 30,1
1579376973 11:49:33.598945 35,1
1579376973 11:49:33.603458 44,1
1579376973 11:49:33.636262 34,1
1579376973 11:49:33.637235 43,1
1579376973 11:49:33.534906 62,1
1579376973 11:49:33.610954 48,1
1579376973 11:49:33.556830 68,1
1579376973 11:49:33.557149 63,1
1579376973 11:49:33.562006 70,1
1579376973 11:49:33.621752 47,1
1579376973 11:49:33.565978 66,1
1579376973 11:49:33.566671 69,1
1579376973 11:49:33.571818 72,1
1579376973 11:49:33.575508 61,1
1579376973 11:49:33.577268 67,1
1579376973 11:49:33.637994 50,1
1579376973 11:49:33.638844 49,1
1579376973 11:49:33.584055 65,1
1579376973 11:49:33.604398 71,1
1579376973 11:49:33.674608 52,1
1579376973 11:49:33.676639 55,1
1579376973 11:49:33.620370 60,1
1579376973 11:49:33.622547 64,1
1579376973 11:49:33.624740 73,1
1579376973 11:49:33.688903 53,1
1579376973 11:49:33.690203 54,1
1579376973 11:49:33.699435 45,1
1579376973 11:49:33.707254 46,1
1579376973 11:49:33.712885 56,1
1579376973 11:49:33.683858 74,1
1579376973 11:49:33.744519 58,1
1579376973 11:49:33.769232 51,1
1579376973 11:49:33.776592 57,1
1579376973 11:49:33.809033 59,1
1579376976 11:49:36.164108 2,1
1579376976 11:49:36.177706 4,1
1579376976 11:49:36.178065 1,1
1579376976 11:49:36.190901 7,1
1579376976 11:49:36.191955 5,1
1579376976 11:49:36.209708 0,1
1579376976 11:49:36.215461 10,1
1579376976 11:49:36.215987 11,1
1579376976 11:49:36.217026 8,1
1579376976 11:49:36.218618 9,1
1579376976 11:49:36.219998 6,1
1579376976 11:49:36.221366 12,1
1579376976 11:49:36.230608 14,1
1579376976 11:49:36.271272 13,1
1579376976 11:49:36.439248 3,1
1579376976 11:49:36.463028 265,1
1579376976 11:49:36.452122 279,1
1579376976 11:49:36.483847 264,1
1579376976 11:49:36.485117 269,1
1579376976 11:49:36.469479 274,1
1579376976 11:49:36.491841 261,1
1579376976 11:49:36.492942 266,1
1579376976 11:49:36.494542 267,1
1579376976 11:49:36.477731 275,1
1579376976 11:49:36.499896 258,1
1579376976 11:49:36.484039 278,1
1579376976 11:49:36.504714 263,1
1579376976 11:49:36.494572 273,1
1579376976 11:49:36.498800 283,1
1579376976 11:49:36.501707 276,1
1579376976 11:49:36.504273 284,1
1579376976 11:49:36.550150 260,1
1579376976 11:49:36.529922 282,1
1579376976 11:49:36.531825 270,1
1579376976 11:49:36.535409 272,1
1579376976 11:49:36.564638 259,1
1579376976 11:49:36.551917 281,1
1579376976 11:49:36.578464 256,1
1579376976 11:49:36.586583 257,1
1579376976 11:49:36.589067 262,1
1579376976 11:49:36.607808 255,1
1579376976 11:49:36.590113 280,1
1579376976 11:49:36.629038 268,1
1579376976 11:49:36.611686 277,1
1579376976 11:49:36.617352 271,1
1579376976 11:49:36.743052 91,1
1579376976 11:49:36.751402 94,1
1579376976 11:49:36.757468 93,1
1579376976 11:49:36.760403 90,1
1579376976 11:49:36.768207 92,1
1579376976 11:49:36.773253 96,1
1579376976 11:49:36.780185 98,1
1579376976 11:49:36.802624 102,1
1579376976 11:49:36.805471 101,1
1579376976 11:49:36.812430 99,1
1579376976 11:49:36.813021 97,1
1579376976 11:49:36.820557 100,1
1579376976 11:49:36.838024 95,1
1579376976 11:49:36.844802 104,1
1579376976 11:49:36.885863 103,1
1579376976 11:49:36.911089 27,1
1579376976 11:49:36.941351 26,1
1579376976 11:49:36.951214 29,1
1579376976 11:49:36.957291 28,1
1579376976 11:49:36.989648 25,1
1579376977 11:49:37.100914 109,1
1579376977 11:49:37.111649 110,1
1579376977 11:49:37.112687 114,1
1579376977 11:49:37.113002 107,1
1579376977 11:49:37.027671 20,1
1579376977 11:49:37.118774 108,1
1579376977 11:49:37.119298 111,1
1579376977 11:49:37.038744 16,1
1579376977 11:49:37.039005 24,1
1579376977 11:49:37.129583 106,1
1579376977 11:49:37.040870 21,1
1579376977 11:49:37.041292 23,1
1579376977 11:49:37.133486 118,1
1579376977 11:49:37.136381 116,1
1579376977 11:49:37.048272 17,1
1579376977 11:49:37.142182 119,1
1579376977 11:49:37.067319 15,1
1579376977 11:49:37.169402 105,1
1579376977 11:49:37.085449 18,1
1579376977 11:49:37.086792 19,1
1579376977 11:49:37.106645 22,1
1579376977 11:49:37.205513 113,1
1579376976 11:49:36.621856 84,1
1579376976 11:49:36.630381 85,1
1579376976 11:49:36.632626 86,1
1579376976 11:49:36.646949 83,1
1579376976 11:49:36.649807 81,1
1579376976 11:49:36.654058 88,1
1579376976 11:49:36.665388 76,1
1579376976 11:49:36.669211 78,1
1579376976 11:49:36.677993 87,1
1579376976 11:49:36.678850 82,1
1579376977 11:49:37.268840 112,1
1579376977 11:49:37.677464 125,1
1579376977 11:49:37.680216 121,1
1579376976 11:49:36.683034 79,1
1579376976 11:49:36.687198 77,1
1579376977 11:49:37.688574 129,1
1579376977 11:49:37.701467 128,1
1579376976 11:49:36.704702 80,1
1579376977 11:49:37.706780 133,1
1579376977 11:49:37.707406 120,1
1579376976 11:49:36.711673 75,1
1579376977 11:49:37.713113 123,1
1579376977 11:49:37.715650 134,1
1579376977 11:49:37.726300 130,1
1579376977 11:49:37.727261 124,1
1579376977 11:49:37.731864 122,1
1579376977 11:49:37.326457 115,1
1579376977 11:49:37.735288 131,1
1579376977 11:49:37.745419 132,1
1579376977 11:49:37.776677 126,1
1579376977 11:49:37.784949 127,1
1579376976 11:49:36.853948 89,1
1579376977 11:49:37.462905 117,1
1579376978 11:49:38.310858 244,1
1579376978 11:49:38.313921 245,1
1579376978 11:49:38.316917 246,1
1579376978 11:49:38.319599 243,1
1579376978 11:49:38.322585 240,1
1579376978 11:49:38.324662 249,1
1579376978 11:49:38.334201 242,1
1579376978 11:49:38.345939 251,1
1579376978 11:49:38.351617 248,1
1579376978 11:49:38.355391 241,1
1579376978 11:49:38.370292 250,1
1579376978 11:49:38.376057 254,1
1579376978 11:49:38.389858 253,1
1579376978 11:49:38.390381 247,1
1579376978 11:49:38.410289 252,1
1579376978 11:49:38.448068 171,1
1579376978 11:49:38.451330 175,1
1579376978 11:49:38.456106 173,1
1579376978 11:49:38.461427 178,1
1579376978 11:49:38.461604 177,1
1579376978 11:49:38.462274 179,1
1579376978 11:49:38.463035 169,1
1579376978 11:49:38.466773 176,1
1579376978 11:49:38.468392 174,1
1579376978 11:49:38.470724 167,1
1579376978 11:49:38.481691 168,1
1579376978 11:49:38.488670 165,1
1579376978 11:49:38.501059 170,1
1579376978 11:49:38.510384 166,1
1579376978 11:49:38.518686 172,1
1579376979 11:49:39.029633 151,1
1579376979 11:49:39.040795 152,1
1579376979 11:49:39.044615 155,1
1579376979 11:49:39.045071 157,1
1579376979 11:49:39.051309 161,1
1579376979 11:49:39.052799 153,1
1579376979 11:49:39.057121 159,1
1579376979 11:49:39.066443 160,1
1579376979 11:49:39.070894 158,1
1579376979 11:49:39.075623 162,1
1579376979 11:49:39.089502 156,1
1579376979 11:49:39.108167 163,1
1579376979 11:49:39.045913 230,1
1579376979 11:49:39.049473 226,1
1579376979 11:49:39.050145 233,1
1579376979 11:49:39.137339 150,1
1579376979 11:49:39.053157 232,1
1579376979 11:49:39.054603 225,1
1579376979 11:49:39.056330 236,1
1579376979 11:49:39.056628 237,1
1579376979 11:49:39.063180 238,1
1579376979 11:49:39.151028 164,1
1579376979 11:49:39.069764 235,1
1579376979 11:49:39.071680 229,1
1579376979 11:49:39.071814 231,1
1579376979 11:49:39.074547 239,1
1579376979 11:49:39.085213 228,1
1579376979 11:49:39.184079 154,1
1579376979 11:49:39.100618 227,1
1579376979 11:49:39.105357 146,1
1579376979 11:49:39.115492 234,1
1579376979 11:49:39.116964 142,1
1579376979 11:49:39.122344 143,1
1579376979 11:49:39.123263 147,1
1579376979 11:49:39.123911 141,1
1579376979 11:49:39.124448 145,1
1579376979 11:49:39.124796 149,1
1579376979 11:49:39.141498 138,1
1579376979 11:49:39.147659 148,1
1579376979 11:49:39.160293 137,1
1579376979 11:49:39.167019 135,1
1579376979 11:49:39.194944 144,1
1579376979 11:49:39.207385 139,1
1579376979 11:49:39.211778 136,1
1579376979 11:49:39.219797 140,1
1579376979 11:49:39.591209 192,1
1579376979 11:49:39.593938 194,1
1579376979 11:49:39.595453 193,1
1579376979 11:49:39.597389 191,1
1579376979 11:49:39.597643 190,1
1579376979 11:49:39.283747 224,1
1579376979 11:49:39.602771 187,1
1579376979 11:49:39.605185 189,1
1579376979 11:49:39.608421 186,1
1579376979 11:49:39.613055 183,1
1579376979 11:49:39.651474 180,1
1579376979 11:49:39.654076 184,1
1579376979 11:49:39.655723 188,1
1579376979 11:49:39.344395 219,1
1579376979 11:49:39.350458 223,1
1579376979 11:49:39.352606 218,1
1579376979 11:49:39.672839 182,1
1579376979 11:49:39.360718 220,1
1579376979 11:49:39.361367 217,1
1579376979 11:49:39.365051 221,1
1579376979 11:49:39.683281 181,1
1579376979 11:49:39.366964 216,1
1579376979 11:49:39.369769 213,1
1579376979 11:49:39.379548 222,1
1579376979 11:49:39.697929 185,1
1579376979 11:49:39.389189 214,1
1579376979 11:49:39.398667 211,1
1579376979 11:49:39.466213 212,1
1579376979 11:49:39.473702 215,1
1579376979 11:49:39.549096 210,1
1579376980 11:49:40.083916 207,1
1579376980 11:49:40.105671 209,1
1579376980 11:49:40.116777 208,1
1579376980 11:49:40.118975 205,1
1579376980 11:49:40.125477 201,1
1579376980 11:49:40.131445 202,1
1579376980 11:49:40.131517 198,1
1579376980 11:49:40.133547 199,1
1579376980 11:49:40.135810 200,1
1579376980 11:49:40.140589 197,1
1579376980 11:49:40.154824 203,1
1579376980 11:49:40.157535 204,1
1579376980 11:49:40.171206 195,1
1579376980 11:49:40.189170 206,1
1579376980 11:49:40.192961 196,1
1579377019 11:50:19.141289 196,2
1579377019 11:50:19.142703 195,2
1579377019 11:50:19.143351 198,2
1579377019 11:50:19.145532 199,2
1579377019 11:50:19.148346 204,2
1579377019 11:50:19.149925 200,2
1579377019 11:50:19.156679 203,2
1579377019 11:50:19.158224 202,2
1579377019 11:50:19.158498 197,2
1579377019 11:50:19.163838 201,2
1579377019 11:50:19.166506 207,2
1579377019 11:50:19.166690 206,2
1579377019 11:50:19.167083 208,2
1579377019 11:50:19.173386 205,2
1579377019 11:50:19.186760 209,2
1579377020 11:50:20.129722 145,2
1579377020 11:50:20.134075 142,2
1579377020 11:50:20.128612 216,2
1579377020 11:50:20.143996 148,2
1579377020 11:50:20.145344 149,2
1579377020 11:50:20.135732 215,2
1579377020 11:50:20.137539 210,2
1579377020 11:50:20.137725 213,2
1579377020 11:50:20.144318 219,2
1579377020 11:50:20.159809 147,2
1579377020 11:50:20.163542 143,2
1579377020 11:50:20.165990 146,2
1579377020 11:50:20.154945 217,2
1579377020 11:50:20.158500 220,2
1579377020 11:50:20.177880 138,2
1579377020 11:50:20.178329 137,2
1579377020 11:50:20.179203 136,2
1579377020 11:50:20.182322 144,2
1579377020 11:50:20.185371 135,2
1579377020 11:50:20.186400 140,2
1579377020 11:50:20.173118 214,2
1579377020 11:50:20.173530 218,2
1579377020 11:50:20.189744 139,2
1579377020 11:50:20.176171 212,2
1579377020 11:50:20.182733 221,2
1579377020 11:50:20.188112 224,2
1579377020 11:50:20.189391 211,2
1579377020 11:50:20.190654 223,2
1579377020 11:50:20.192135 222,2
1579377020 11:50:20.262493 141,2
1579377020 11:50:20.419047 161,2
1579377020 11:50:20.431264 158,2
1579377020 11:50:20.431615 164,2
1579377020 11:50:20.434634 159,2
1579377020 11:50:20.450097 160,2
1579377020 11:50:20.451015 154,2
1579377020 11:50:20.451257 155,2
1579377020 11:50:20.457060 157,2
1579377020 11:50:20.463101 152,2
1579377020 11:50:20.476821 153,2
1579377020 11:50:20.477903 163,2
1579377020 11:50:20.487597 162,2
1579377020 11:50:20.508669 150,2
1579377020 11:50:20.530474 151,2
1579377020 11:50:20.534644 156,2
1579377021 11:50:21.033030 253,2
1579377021 11:50:21.044807 251,2
1579377021 11:50:21.056368 249,2
1579377021 11:50:21.056985 250,2
1579377021 11:50:21.061376 252,2
1579377021 11:50:21.067330 244,2
1579377020 11:50:20.898364 225,2
1579377020 11:50:20.906552 256,2
1579377021 11:50:21.209307 183,2
1579377020 11:50:20.906401 229,2
1579377020 11:50:20.910207 227,2
1579377020 11:50:20.917396 258,2
1579377021 11:50:21.081628 243,2
1579377021 11:50:21.216482 182,2
1579377021 11:50:21.083030 242,2
1579377020 11:50:20.920473 257,2
1579377021 11:50:21.083734 241,2
1579377020 11:50:20.913947 226,2
1579377021 11:50:21.084514 246,2
1579377020 11:50:20.924873 255,2
1579377021 11:50:21.088350 240,2
1579377020 11:50:20.920352 231,2
1579377020 11:50:20.932370 259,2
1579377021 11:50:21.230886 181,2
1579377021 11:50:21.096149 254,2
1579377021 11:50:21.231875 184,2
1579377020 11:50:20.929303 228,2
1579377021 11:50:21.234717 187,2
1579377021 11:50:21.101378 248,2
1579377020 11:50:20.931217 230,2
1579377021 11:50:21.236910 185,2
1579377021 11:50:21.239162 186,2
1579377020 11:50:20.937933 238,2
1579377020 11:50:20.938440 234,2
1579377020 11:50:20.947945 236,2
1579377020 11:50:20.948386 239,2
1579377020 11:50:20.956745 263,2
1579377020 11:50:20.960289 266,2
1579377021 11:50:21.426655 122,2
1579377021 11:50:21.125897 245,2
1579377020 11:50:20.956225 235,2
1579377021 11:50:21.260605 194,2
1579377020 11:50:20.964767 260,2
1579377021 11:50:21.265264 193,2
1579377021 11:50:21.265413 191,2
1579377021 11:50:21.265451 192,2
1579377020 11:50:20.960957 232,2
1579377021 11:50:21.439704 121,2
1579377021 11:50:21.441259 126,2
1579377021 11:50:21.442178 120,2
1579377021 11:50:21.275523 190,2
1579377020 11:50:20.984782 262,2
1579377020 11:50:20.977897 237,2
1579377021 11:50:21.453071 128,2
1579377021 11:50:21.286282 180,2
1579377021 11:50:21.454143 130,2
1579377021 11:50:21.461060 134,2
1579377021 11:50:21.160054 247,2
1579377020 11:50:20.999633 265,2
1579377021 11:50:21.002025 267,2
1579377021 11:50:21.468633 123,2
1579377020 11:50:20.998187 233,2
1579377021 11:50:21.471564 131,2
1579377021 11:50:21.473091 133,2
1579377021 11:50:21.009822 261,2
1579377021 11:50:21.476533 127,2
1579377021 11:50:21.012095 264,2
1579377021 11:50:21.481628 132,2
1579377021 11:50:21.492058 124,2
1579377021 11:50:21.497864 129,2
1579377021 11:50:21.038502 268,2
1579377021 11:50:21.346222 189,2
1579377021 11:50:21.346809 188,2
1579377021 11:50:21.051057 269,2
1579377021 11:50:21.532219 125,2
1579377020 11:50:20.591347 78,2
1579377020 11:50:20.599990 79,2
1579377020 11:50:20.601372 82,2
1579377021 11:50:21.226519 176,2
1579377020 11:50:20.610415 75,2
1579377020 11:50:20.613996 80,2
1579377020 11:50:20.615567 76,2
1579377020 11:50:20.616037 86,2
1579377020 11:50:20.616613 85,2
1579377020 11:50:20.617227 84,2
1579377021 11:50:21.241981 168,2
1579377020 11:50:20.626320 83,2
1579377020 11:50:20.626857 89,2
1579377021 11:50:21.244004 179,2
1579377020 11:50:20.629535 88,2
1579377020 11:50:20.633844 77,2
1579377020 11:50:20.634522 87,2
1579377021 11:50:21.252785 169,2
1579377021 11:50:21.254696 178,2
1579377021 11:50:21.257356 170,2
1579377021 11:50:21.260976 167,2
1579377021 11:50:21.262937 165,2
1579377020 11:50:20.667799 81,2
1579377021 11:50:21.284430 171,2
1579377021 11:50:21.288164 174,2
1579377021 11:50:21.291361 173,2
1579377021 11:50:21.292807 175,2
1579377021 11:50:21.309905 177,2
1579377021 11:50:21.339491 166,2
1579377021 11:50:21.383198 172,2
1579377021 11:50:21.845181 105,2
1579377021 11:50:21.856866 108,2
1579377021 11:50:21.862334 112,2
1579377021 11:50:21.866534 109,2
1579377021 11:50:21.866878 111,2
1579377021 11:50:21.867491 110,2
1579377021 11:50:21.867919 115,2
1579377021 11:50:21.876767 114,2
1579377021 11:50:21.878578 118,2
1579377021 11:50:21.881948 119,2
1579377021 11:50:21.886518 106,2
1579377021 11:50:21.887253 117,2
1579377021 11:50:21.888230 107,2
1579377021 11:50:21.900296 113,2
1579377021 11:50:21.904932 116,2
1579377021 11:50:21.919411 71,2
1579377021 11:50:21.920958 73,2
1579377021 11:50:21.924867 65,2
1579377021 11:50:21.925890 67,2
1579377022 11:50:22.001160 94,2
1579377021 11:50:21.941111 60,2
1579377021 11:50:21.942593 62,2
1579377022 11:50:22.008417 95,2
1579377021 11:50:21.943813 63,2
1579377021 11:50:21.944911 68,2
1579377021 11:50:21.945841 61,2
1579377021 11:50:21.946029 74,2
1579377021 11:50:21.951512 64,2
1579377022 11:50:22.025642 90,2
1579377022 11:50:22.027309 98,2
1579377021 11:50:21.964222 72,2
1579377022 11:50:22.032462 99,2
1579377022 11:50:22.035126 93,2
1579377021 11:50:21.974421 69,2
1579377022 11:50:22.040622 91,2
1579377022 11:50:22.052348 96,2
1579377022 11:50:22.057691 97,2
1579377021 11:50:21.996646 70,2
1579377021 11:50:21.999227 66,2
1579377022 11:50:22.073001 92,2
1579377022 11:50:22.075564 101,2
1579377022 11:50:22.076236 102,2
1579377022 11:50:22.076603 103,2
1579377022 11:50:22.085904 100,2
1579377022 11:50:22.259241 32,2
1579377022 11:50:22.260252 34,2
1579377022 11:50:22.260504 33,2
1579377022 11:50:22.260719 30,2
1579377022 11:50:22.260838 36,2
1579377022 11:50:22.262341 38,2
1579377022 11:50:22.263200 35,2
1579377022 11:50:22.263516 37,2
1579377022 11:50:22.264972 39,2
1579377022 11:50:22.109536 104,2
1579377022 11:50:22.301652 40,2
1579377022 11:50:22.305893 42,2
1579377022 11:50:22.317938 44,2
1579377022 11:50:22.338774 41,2
1579377022 11:50:22.339956 43,2
1579377022 11:50:22.344592 31,2
1579377022 11:50:22.193889 47,2
1579377022 11:50:22.194758 45,2
1579377022 11:50:22.194889 46,2
1579377022 11:50:22.194961 48,2
1579377022 11:50:22.196094 53,2
1579377022 11:50:22.196114 49,2
1579377022 11:50:22.196511 50,2
1579377022 11:50:22.197614 55,2
1579377022 11:50:22.197718 52,2
1579377022 11:50:22.197846 54,2
1579377022 11:50:22.207886 51,2
1579377022 11:50:22.209266 59,2
1579377022 11:50:22.209661 57,2
1579377022 11:50:22.210479 56,2
1579377022 11:50:22.145179 270,2
1579377022 11:50:22.233485 58,2
1579377022 11:50:22.157108 274,2
1579377022 11:50:22.160977 271,2
1579377022 11:50:22.180720 278,2
1579377022 11:50:22.183763 276,2
1579377022 11:50:22.189031 273,2
1579377022 11:50:22.196800 272,2
1579377022 11:50:22.197904 275,2
1579377022 11:50:22.199956 277,2
1579377022 11:50:22.237590 280,2
1579377022 11:50:22.252433 282,2
1579377022 11:50:22.264780 279,2
1579377022 11:50:22.265189 281,2
1579377022 11:50:22.299837 283,2
1579377022 11:50:22.318296 284,2
1579377022 11:50:22.588450 4,2
1579377022 11:50:22.617454 5,2
1579377022 11:50:22.620933 6,2
1579377022 11:50:22.627225 3,2
1579377022 11:50:22.627506 9,2
1579377022 11:50:22.630392 8,2
1579377022 11:50:22.630932 7,2
1579377022 11:50:22.632366 14,2
1579377022 11:50:22.632425 2,2
1579377022 11:50:22.632549 12,2
1579377022 11:50:22.642171 10,2
1579377022 11:50:22.653599 11,2
1579377022 11:50:22.656342 13,2
1579377022 11:50:22.681015 0,2
1579377022 11:50:22.788242 1,2
1579377023 11:50:23.175165 20,2
1579377023 11:50:23.182768 16,2
1579377023 11:50:23.183791 15,2
1579377023 11:50:23.192134 24,2
1579377023 11:50:23.195966 19,2
1579377023 11:50:23.202851 26,2
1579377023 11:50:23.208532 27,2
1579377023 11:50:23.210643 18,2
1579377023 11:50:23.215238 23,2
1579377023 11:50:23.215557 21,2
1579377023 11:50:23.215647 25,2
1579377023 11:50:23.217262 22,2
1579377023 11:50:23.233992 28,2
1579377023 11:50:23.234318 17,2
1579377023 11:50:23.312989 29,2
1579377058 11:50:58.464320 203,3
1579377058 11:50:58.466385 204,3
1579377058 11:50:58.469152 199,3
1579377058 11:50:58.470920 207,3
1579377058 11:50:58.472590 208,3
1579377058 11:50:58.475579 198,3
1579377058 11:50:58.476353 202,3
1579377058 11:50:58.479053 200,3
1579377058 11:50:58.479237 206,3
1579377058 11:50:58.493797 195,3
1579377058 11:50:58.497099 209,3
1579377058 11:50:58.502578 205,3
1579377058 11:50:58.506524 201,3
1579377058 11:50:58.527701 197,3
1579377058 11:50:58.536448 196,3
1579377058 11:50:58.336134 155,3
1579377058 11:50:58.338071 159,3
1579377058 11:50:58.338196 158,3
1579377058 11:50:58.338212 152,3
1579377058 11:50:58.338398 151,3
1579377058 11:50:58.338921 157,3
1579377058 11:50:58.339153 156,3
1579377058 11:50:58.339278 163,3
1579377058 11:50:58.340002 161,3
1579377058 11:50:58.340519 150,3
1579377058 11:50:58.340584 162,3
1579377058 11:50:58.343219 164,3
1579377058 11:50:58.346555 160,3
1579377058 11:50:58.346674 154,3
1579377058 11:50:58.368646 153,3
1579377058 11:50:58.632830 190,3
1579377058 11:50:58.634473 188,3
1579377058 11:50:58.634681 187,3
1579377058 11:50:58.634788 189,3
1579377058 11:50:58.634912 192,3
1579377058 11:50:58.635044 194,3
1579377058 11:50:58.635134 184,3
1579377058 11:50:58.635286 193,3
1579377058 11:50:58.635484 185,3
1579377058 11:50:58.635887 182,3
1579377058 11:50:58.636023 183,3
1579377058 11:50:58.636144 191,3
1579377058 11:50:58.636452 186,3
1579377058 11:50:58.637596 180,3
1579377058 11:50:58.648384 181,3
1579377058 11:50:58.449881 145,3
1579377058 11:50:58.537531 178,3
1579377058 11:50:58.540900 175,3
1579377058 11:50:58.541702 171,3
1579377058 11:50:58.542265 174,3
1579377058 11:50:58.542951 179,3
1579377058 11:50:58.545916 177,3
1579377058 11:50:58.547089 167,3
1579377058 11:50:58.549176 172,3
1579377058 11:50:58.549920 168,3
1579377058 11:50:58.550722 169,3
1579377058 11:50:58.550929 176,3
1579377058 11:50:58.552560 170,3
1579377058 11:50:58.555354 173,3
1579377058 11:50:58.472289 149,3
1579377058 11:50:58.557088 166,3
1579377058 11:50:58.560449 165,3
1579377058 11:50:58.484927 143,3
1579377058 11:50:58.490953 141,3
1579377058 11:50:58.497537 139,3
1579377058 11:50:58.499829 142,3
1579377058 11:50:58.502321 148,3
1579377058 11:50:58.503014 147,3
1579377058 11:50:58.504258 140,3
1579377058 11:50:58.526784 144,3
1579377058 11:50:58.532658 136,3
1579377058 11:50:58.535247 137,3
1579377058 11:50:58.541862 135,3
1579377058 11:50:58.550250 146,3
1579377058 11:50:58.615720 138,3
1579377059 11:50:59.181681 110,3
1579377059 11:50:59.188841 107,3
1579377059 11:50:59.188865 114,3
1579377059 11:50:59.189021 112,3
1579377059 11:50:59.189423 106,3
1579377059 11:50:59.189624 105,3
1579377059 11:50:59.190267 117,3
1579377059 11:50:59.190389 109,3
1579377059 11:50:59.190459 111,3
1579377059 11:50:59.190745 108,3
1579377059 11:50:59.191020 116,3
1579377059 11:50:59.192205 119,3
1579377059 11:50:59.192231 115,3
1579377059 11:50:59.192748 118,3
1579377059 11:50:59.203333 113,3
1579377059 11:50:59.626797 131,3
1579377059 11:50:59.626939 126,3
1579377059 11:50:59.628847 128,3
1579377059 11:50:59.633017 133,3
1579377059 11:50:59.633332 134,3
1579377059 11:50:59.637604 123,3
1579377059 11:50:59.152034 217,3
1579377059 11:50:59.643714 122,3
1579377059 11:50:59.646542 130,3
1579377059 11:50:59.647215 132,3
1579377059 11:50:59.648258 121,3
1579377059 11:50:59.157800 219,3
1579377059 11:50:59.158723 216,3
1579377059 11:50:59.159913 218,3
1579377059 11:50:59.651634 120,3
1579377059 11:50:59.167826 214,3
1579377059 11:50:59.168491 224,3
1579377059 11:50:59.662559 125,3
1579377059 11:50:59.173220 223,3
1579377059 11:50:59.174685 221,3
1579377059 11:50:59.668169 129,3
1579377059 11:50:59.192553 236,3
1579377059 11:50:59.177465 220,3
1579377059 11:50:59.193678 237,3
1579377059 11:50:59.181609 222,3
1579377059 11:50:59.368735 243,3
1579377059 11:50:59.197905 234,3
1579377059 11:50:59.369241 242,3
1579377059 11:50:59.676720 124,3
1579377059 11:50:59.200761 239,3
1579377059 11:50:59.202196 228,3
1579377059 11:50:59.187726 215,3
1579377059 11:50:59.204425 226,3
1579377059 11:50:59.191324 211,3
1579377059 11:50:59.206532 232,3
1579377059 11:50:59.207593 231,3
1579377059 11:50:59.208860 230,3
1579377059 11:50:59.380415 246,3
1579377059 11:50:59.211165 225,3
1579377059 11:50:59.212570 233,3
1579377059 11:50:59.212909 227,3
1579377059 11:50:59.387180 241,3
1579377059 11:50:59.201154 212,3
1579377059 11:50:59.216378 229,3
1579377059 11:50:59.216937 235,3
1579377059 11:50:59.694388 127,3
1579377059 11:50:59.388960 249,3
1579377059 11:50:59.203149 213,3
1579377059 11:50:59.395705 245,3
1579377059 11:50:59.396519 247,3
1579377059 11:50:59.397047 250,3
1579377059 11:50:59.232481 238,3
1579377059 11:50:59.404351 248,3
1579377059 11:50:59.404452 251,3
1579377059 11:50:59.408938 254,3
1579377059 11:50:59.414078 253,3
1579377059 11:50:59.429720 252,3
1579377059 11:50:59.439166 244,3
1579377059 11:50:59.261255 210,3
1579377059 11:50:59.459129 240,3
1579377059 11:50:59.541876 93,3
1579377059 11:50:59.556184 97,3
1579377059 11:50:59.565415 98,3
1579377059 11:50:59.566282 90,3
1579377059 11:50:59.567660 96,3
1579377059 11:50:59.574684 91,3
1579377059 11:50:59.575195 92,3
1579377059 11:50:59.579742 94,3
1579377059 11:50:59.589542 95,3
1579377059 11:50:59.599223 101,3
1579377059 11:50:59.600721 103,3
1579377059 11:50:59.601968 104,3
1579377059 11:50:59.603055 99,3
1579377059 11:50:59.607183 102,3
1579377059 11:50:59.630461 100,3
1579377059 11:50:59.689630 49,3
1579377059 11:50:59.692328 53,3
1579377059 11:50:59.694406 52,3
1579377059 11:50:59.694497 51,3
1579377059 11:50:59.695149 50,3
1579377059 11:50:59.697515 54,3
1579377059 11:50:59.698778 55,3
1579377059 11:50:59.702287 47,3
1579377059 11:50:59.702531 56,3
1579377059 11:50:59.702923 57,3
1579377059 11:50:59.703907 46,3
1579377059 11:50:59.705940 48,3
1579377059 11:50:59.710472 59,3
1579377059 11:50:59.730051 58,3
1579377059 11:50:59.732322 45,3
1579377059 11:50:59.699371 268,3
1579377059 11:50:59.704904 264,3
1579377059 11:50:59.713478 267,3
1579377059 11:50:59.720515 260,3
1579377059 11:50:59.721855 261,3
1579377059 11:50:59.722012 262,3
1579377059 11:50:59.725666 269,3
1579377059 11:50:59.726165 257,3
1579377059 11:50:59.726402 259,3
1579377059 11:50:59.726495 256,3
1579377059 11:50:59.726779 258,3
1579377059 11:50:59.727243 255,3
1579377059 11:50:59.734200 265,3
1579377059 11:50:59.741117 266,3
1579377059 11:50:59.978395 34,3
1579377059 11:50:59.979817 32,3
1579377059 11:50:59.989241 35,3
1579377059 11:50:59.989561 31,3
1579377059 11:50:59.990461 30,3
1579377059 11:50:59.994124 33,3
1579377059 11:50:59.997038 36,3
1579377059 11:50:59.767337 263,3
1579377059 11:50:59.999987 38,3
1579377060 11:51:00.004933 37,3
1579377060 11:51:00.008657 39,3
1579377060 11:51:00.013286 43,3
1579377060 11:51:00.013385 41,3
1579377059 11:50:59.767313 278,3
1579377060 11:51:00.019973 44,3
1579377060 11:51:00.036315 40,3
1579377059 11:50:59.787621 282,3
1579377059 11:50:59.788307 279,3
1579377059 11:50:59.789296 281,3
1579377059 11:50:59.789791 284,3
1579377059 11:50:59.790512 272,3
1579377059 11:50:59.791106 280,3
1579377059 11:50:59.791153 283,3
1579377059 11:50:59.791291 271,3
1579377059 11:50:59.792552 274,3
1579377059 11:50:59.793341 270,3
1579377059 11:50:59.797307 276,3
1579377059 11:50:59.801925 277,3
1579377059 11:50:59.803157 273,3
1579377059 11:50:59.807316 275,3
1579377059 11:50:59.306609 83,3
1579377059 11:50:59.864168 71,3
1579377059 11:50:59.865355 62,3
1579377059 11:50:59.867135 66,3
1579377059 11:50:59.867234 74,3
1579377059 11:50:59.321141 80,3
1579377059 11:50:59.869117 70,3
1579377059 11:50:59.322331 79,3
1579377059 11:50:59.322910 85,3
1579377059 11:50:59.870693 61,3
1579377059 11:50:59.870807 68,3
1579377059 11:50:59.871100 60,3
1579377059 11:50:59.872175 63,3
1579377059 11:50:59.873404 64,3
1579377059 11:50:59.873844 65,3
1579377059 11:50:59.874132 69,3
1579377059 11:50:59.880916 67,3
1579377059 11:50:59.335988 87,3
1579377059 11:50:59.338183 81,3
1579377059 11:50:59.885827 73,3
1579377059 11:50:59.338660 76,3
1579377059 11:50:59.340287 86,3
1579377060 11:51:00.118798 42,3
1579377059 11:50:59.345469 77,3
1579377059 11:50:59.900885 72,3
1579377059 11:50:59.363123 75,3
1579377059 11:50:59.916093 5,3
1579377059 11:50:59.381108 82,3
1579377059 11:50:59.924703 4,3
1579377059 11:50:59.926769 2,3
1579377059 11:50:59.390725 88,3
1579377059 11:50:59.928498 6,3
1579377059 11:50:59.398880 89,3
1579377059 11:50:59.942021 14,3
1579377059 11:50:59.943028 12,3
1579377059 11:50:59.943198 13,3
1579377059 11:50:59.944407 7,3
1579377059 11:50:59.414877 84,3
1579377059 11:50:59.958352 11,3
1579377059 11:50:59.964041 10,3
1579377059 11:50:59.966505 1,3
1579377059 11:50:59.974788 9,3
1579377059 11:50:59.447797 78,3
1579377059 11:50:59.985585 0,3
1579377060 11:51:00.004174 8,3
1579377060 11:51:00.008847 3,3
1579377060 11:51:00.005398 20,3
1579377060 11:51:00.005475 25,3
1579377060 11:51:00.007212 16,3
1579377060 11:51:00.007636 18,3
1579377060 11:51:00.007799 17,3
1579377060 11:51:00.009688 22,3
1579377060 11:51:00.009833 23,3
1579377060 11:51:00.010035 19,3
1579377060 11:51:00.010234 24,3
1579377060 11:51:00.010991 21,3
1579377060 11:51:00.012391 26,3
1579377060 11:51:00.012404 27,3
1579377060 11:51:00.013193 15,3
1579377060 11:51:00.015395 29,3
1579377060 11:51:00.024993 28,3
1579377099 11:51:39.260590 33,4
1579377099 11:51:39.269374 34,4
1579377099 11:51:39.269927 41,4
1579377099 11:51:39.270143 30,4
1579377099 11:51:39.271282 32,4
1579377099 11:51:39.271340 31,4
1579377099 11:51:39.271740 40,4
1579377099 11:51:39.272166 44,4
1579377099 11:51:39.274217 36,4
1579377099 11:51:39.278679 38,4
1579377099 11:51:39.284678 39,4
1579377099 11:51:39.289018 43,4
1579377099 11:51:39.272160 37,4
1579377099 11:51:39.272162 35,4
1579377099 11:51:39.272164 42,4
1579377099 11:51:39.594138 131,4
1579377099 11:51:39.595191 132,4
1579377099 11:51:39.191811 47,4
1579377099 11:51:39.607355 129,4
1579377099 11:51:39.607487 126,4
1579377099 11:51:39.607997 127,4
1579377099 11:51:39.608354 134,4
1579377099 11:51:39.608603 125,4
1579377099 11:51:39.608630 123,4
1579377099 11:51:39.609303 120,4
1579377099 11:51:39.199105 51,4
1579377099 11:51:39.609863 128,4
1579377099 11:51:39.610036 133,4
1579377099 11:51:39.610269 130,4
1579377099 11:51:39.200266 50,4
1579377099 11:51:39.200280 49,4
1579377099 11:51:39.611058 124,4
1579377099 11:51:39.612493 122,4
1579377099 11:51:39.202153 46,4
1579377099 11:51:39.142691 62,4
1579377099 11:51:39.142707 66,4
1579377099 11:51:39.142793 64,4
1579377099 11:51:39.142827 61,4
1579377099 11:51:39.142872 67,4
1579377099 11:51:39.142962 60,4
1579377099 11:51:39.143040 65,4
1579377099 11:51:39.143071 70,4
1579377099 11:51:39.143122 71,4
1579377099 11:51:39.143962 72,4
1579377099 11:51:39.615341 121,4
1579377099 11:51:39.205652 48,4
1579377099 11:51:39.211727 55,4
1579377099 11:51:39.212150 54,4
1579377099 11:51:39.214290 52,4
1579377099 11:51:39.223086 57,4
1579377099 11:51:39.226195 59,4
1579377099 11:51:39.146644 73,4
1579377099 11:51:39.169613 74,4
1579377099 11:51:39.234428 58,4
1579377099 11:51:39.241620 56,4
1579377099 11:51:39.169617 63,4
1579377099 11:51:39.169620 69,4
1579377099 11:51:39.169622 68,4
1579377099 11:51:39.332138 53,4
1579377099 11:51:39.251333 275,4
1579377099 11:51:39.253462 274,4
1579377099 11:51:39.253527 272,4
1579377099 11:51:39.253601 279,4
1579377099 11:51:39.253856 278,4
1579377099 11:51:39.254028 276,4
1579377099 11:51:39.254337 281,4
1579377099 11:51:39.254462 280,4
1579377099 11:51:39.254837 277,4
1579377099 11:51:39.254902 282,4
1579377099 11:51:39.255593 273,4
1579377099 11:51:39.255929 284,4
1579377099 11:51:39.256974 271,4
1579377099 11:51:39.258826 283,4
1579377099 11:51:39.259075 270,4
1579377099 11:51:39.658905 202,4
1579377099 11:51:39.663925 204,4
1579377099 11:51:39.664369 198,4
1579377099 11:51:39.664390 199,4
1579377099 11:51:39.664422 206,4
1579377099 11:51:39.664499 205,4
1579377099 11:51:39.664842 208,4
1579377099 11:51:39.665105 200,4
1579377099 11:51:39.665475 195,4
1579377099 11:51:39.665641 196,4
1579377099 11:51:39.666105 209,4
1579377099 11:51:39.666500 197,4
1579377099 11:51:39.666581 207,4
1579377099 11:51:39.669443 201,4
1579377099 11:51:39.671856 203,4
1579377099 11:51:39.543134 254,4
1579377099 11:51:39.544251 248,4
1579377099 11:51:39.548539 250,4
1579377099 11:51:39.549099 253,4
1579377099 11:51:39.549371 252,4
1579377099 11:51:39.448014 45,4
1579377099 11:51:39.363298 211,4
1579377099 11:51:39.363639 210,4
1579377099 11:51:39.550892 246,4
1579377099 11:51:39.364313 214,4
1579377099 11:51:39.551340 247,4
1579377099 11:51:39.364499 215,4
1579377099 11:51:39.551880 244,4
1579377099 11:51:39.552375 245,4
1579377099 11:51:39.554696 242,4
1579377099 11:51:39.554758 251,4
1579377099 11:51:39.555696 249,4
1579377099 11:51:39.556158 240,4
1579377099 11:51:39.558711 241,4
1579377099 11:51:39.372459 212,4
1579377099 11:51:39.373864 213,4
1579377099 11:51:39.373916 218,4
1579377099 11:51:39.375320 216,4
1579377099 11:51:39.377453 220,4
1579377099 11:51:39.383897 222,4
1579377099 11:51:39.386828 219,4
1579377099 11:51:39.386940 224,4
1579377099 11:51:39.387621 223,4
1579377099 11:51:39.388688 221,4
1579377099 11:51:39.577110 243,4
1579377099 11:51:39.398662 217,4
1579377099 11:51:39.458653 10,4
1579377099 11:51:39.460953 5,4
1579377099 11:51:39.462198 12,4
1579377099 11:51:39.463111 2,4
1579377099 11:51:39.463570 14,4
1579377099 11:51:39.464818 13,4
1579377099 11:51:39.467257 9,4
1579377099 11:51:39.469186 1,4
1579377099 11:51:39.470159 7,4
1579377099 11:51:39.471068 11,4
1579377099 11:51:39.471976 0,4
1579377099 11:51:39.474857 4,4
1579377099 11:51:39.475756 3,4
1579377099 11:51:39.476410 6,4
1579377099 11:51:39.488158 8,4
1579377099 11:51:39.823093 189,4
1579377099 11:51:39.825008 192,4
1579377099 11:51:39.825279 190,4
1579377099 11:51:39.825378 193,4
1579377099 11:51:39.825418 186,4
1579377099 11:51:39.825781 185,4
1579377099 11:51:39.826202 194,4
1579377099 11:51:39.826431 191,4
1579377099 11:51:39.826510 182,4
1579377099 11:51:39.826585 187,4
1579377099 11:51:39.826937 183,4
1579377099 11:51:39.826970 184,4
1579377099 11:51:39.827101 188,4
1579377099 11:51:39.830364 180,4
1579377099 11:51:39.834704 181,4
1579377099 11:51:39.683391 19,4
1579377099 11:51:39.684420 28,4
1579377099 11:51:39.685369 23,4
1579377099 11:51:39.685452 18,4
1579377099 11:51:39.685518 20,4
1579377099 11:51:39.685638 22,4
1579377099 11:51:39.685790 21,4
1579377099 11:51:39.686209 15,4
1579377099 11:51:39.686233 29,4
1579377099 11:51:39.686316 27,4
1579377099 11:51:39.686719 26,4
1579377099 11:51:39.688174 16,4
1579377099 11:51:39.688218 17,4
1579377099 11:51:39.688823 25,4
1579377099 11:51:39.688999 24,4
1579377099 11:51:39.737650 257,4
1579377099 11:51:39.793901 114,4
1579377099 11:51:39.744261 259,4
1579377099 11:51:39.745984 263,4
1579377099 11:51:39.747451 260,4
1579377099 11:51:39.808805 115,4
1579377099 11:51:39.755754 262,4
1579377099 11:51:39.755902 265,4
1579377099 11:51:39.756334 264,4
1579377099 11:51:39.809827 111,4
1579377099 11:51:39.809977 118,4
1579377099 11:51:39.757624 261,4
1579377099 11:51:39.212055 76,4
1579377099 11:51:39.212308 81,4
1579377099 11:51:39.762136 258,4
1579377099 11:51:39.214343 75,4
1579377099 11:51:39.816589 116,4
1579377099 11:51:39.214522 77,4
1579377099 11:51:39.214685 85,4
1579377099 11:51:39.817137 108,4
1579377099 11:51:39.215007 83,4
1579377099 11:51:39.215206 80,4
1579377099 11:51:39.216092 88,4
1579377099 11:51:39.216155 87,4
1579377099 11:51:39.216565 78,4
1579377099 11:51:39.216771 84,4
1579377099 11:51:39.216826 79,4
1579377099 11:51:39.217366 86,4
1579377099 11:51:39.217901 89,4
1579377099 11:51:39.219132 82,4
1579377099 11:51:39.768607 256,4
1579377099 11:51:39.822871 107,4
1579377099 11:51:39.825738 110,4
1579377099 11:51:39.773372 267,4
1579377099 11:51:39.827473 117,4
1579377099 11:51:39.830997 119,4
1579377099 11:51:39.861912 158,4
1579377099 11:51:39.788245 266,4
1579377099 11:51:39.871547 160,4
1579377099 11:51:39.872361 154,4
1579377099 11:51:39.873580 156,4
1579377099 11:51:39.874145 157,4
1579377099 11:51:39.848459 112,4
1579377099 11:51:39.876069 159,4
1579377099 11:51:39.850213 109,4
1579377099 11:51:39.799192 268,4
1579377099 11:51:39.857563 113,4
1579377099 11:51:39.808512 269,4
1579377099 11:51:39.896436 150,4
1579377099 11:51:39.896809 155,4
1579377099 11:51:39.875118 105,4
1579377099 11:51:39.904165 164,4
1579377099 11:51:39.907218 99,4
1579377099 11:51:39.920819 152,4
1579377099 11:51:39.914295 101,4
1579377099 11:51:39.917336 95,4
1579377099 11:51:39.929862 153,4
1579377099 11:51:39.930399 162,4
1579377099 11:51:39.932155 163,4
1579377099 11:51:39.934885 151,4
1579377099 11:51:39.937041 161,4
1579377099 11:51:39.925793 98,4
1579377099 11:51:39.927789 102,4
1579377099 11:51:39.864586 255,4
1579377099 11:51:39.934407 90,4
1579377099 11:51:39.936557 104,4
1579377099 11:51:39.938413 103,4
1579377099 11:51:39.942809 94,4
1579377099 11:51:39.943736 91,4
1579377099 11:51:39.956921 97,4
1579377099 11:51:39.947130 106,4
1579377099 11:51:39.962939 100,4
1579377099 11:51:39.975095 96,4
1579377099 11:51:39.986758 92,4
1579377099 11:51:39.999882 93,4
1579377100 11:51:40.062805 235,4
1579377100 11:51:40.066140 239,4
1579377100 11:51:40.067006 236,4
1579377100 11:51:40.067019 231,4
1579377100 11:51:40.067119 232,4
1579377100 11:51:40.067556 238,4
1579377100 11:51:40.067770 234,4
1579377100 11:51:40.068080 228,4
1579377100 11:51:40.068288 233,4
1579377100 11:51:40.068765 237,4
1579377100 11:51:40.068878 229,4
1579377100 11:51:40.069524 227,4
1579377100 11:51:40.069820 230,4
1579377100 11:51:40.071483 225,4
1579377100 11:51:40.071746 226,4
1579377100 11:51:40.105378 148,4
1579377100 11:51:40.108769 145,4
1579377100 11:51:40.110572 147,4
1579377100 11:51:40.112460 141,4
1579377100 11:51:40.114665 138,4
1579377100 11:51:40.115511 143,4
1579377100 11:51:40.116993 139,4
1579377100 11:51:40.117125 137,4
1579377100 11:51:40.117816 149,4
1579377100 11:51:40.204285 172,4
1579377100 11:51:40.121163 135,4
1579377100 11:51:40.206219 173,4
1579377100 11:51:40.207307 178,4
1579377100 11:51:40.207991 177,4
1579377100 11:51:40.124592 144,4
1579377100 11:51:40.209491 166,4
1579377100 11:51:40.209822 167,4
1579377100 11:51:40.210374 176,4
1579377100 11:51:40.127306 136,4
1579377100 11:51:40.211809 170,4
1579377100 11:51:40.212194 171,4
1579377100 11:51:40.213262 174,4
1579377100 11:51:40.213898 179,4
1579377100 11:51:40.214567 169,4
1579377100 11:51:40.214918 168,4
1579377100 11:51:40.218128 165,4
1579377100 11:51:40.219209 175,4
1579377100 11:51:40.154289 142,4
1579377100 11:51:40.154690 146,4
1579377100 11:51:40.155403 140,4
1579377139 11:52:19.325857 188,5
1579377139 11:52:19.328161 185,5
1579377139 11:52:19.328402 186,5
1579377139 11:52:19.328648 184,5
1579377139 11:52:19.329747 187,5
1579377139 11:52:19.330041 181,5
1579377139 11:52:19.330255 182,5
1579377139 11:52:19.330404 183,5
1579377139 11:52:19.332023 189,5
1579377139 11:52:19.334619 194,5
1579377139 11:52:19.334862 190,5
1579377139 11:52:19.336178 191,5
1579377139 11:52:19.337651 180,5
1579377139 11:52:19.340519 192,5
1579377139 11:52:19.342184 193,5
1579377139 11:52:19.407859 209,5
1579377139 11:52:19.409580 206,5
1579377139 11:52:19.409641 205,5
1579377139 11:52:19.409689 208,5
1579377139 11:52:19.409739 207,5
1579377139 11:52:19.410308 204,5
1579377139 11:52:19.410413 203,5
1579377139 11:52:19.410447 202,5
1579377139 11:52:19.410634 201,5
1579377139 11:52:19.410857 200,5
1579377139 11:52:19.411202 199,5
1579377139 11:52:19.411369 197,5
1579377139 11:52:19.412133 196,5
1579377139 11:52:19.412835 198,5
1579377139 11:52:19.415996 195,5
1579377139 11:52:19.450925 266,5
1579377139 11:52:19.452900 267,5
1579377139 11:52:19.452975 262,5
1579377139 11:52:19.453008 265,5
1579377139 11:52:19.453174 268,5
1579377139 11:52:19.453744 260,5
1579377139 11:52:19.453756 261,5
1579377139 11:52:19.453777 258,5
1579377139 11:52:19.453798 259,5
1579377139 11:52:19.454483 269,5
1579377139 11:52:19.454656 256,5
1579377139 11:52:19.454694 257,5
1579377139 11:52:19.455412 255,5
1579377139 11:52:19.455765 263,5
1579377139 11:52:19.456974 264,5
1579377139 11:52:19.612239 23,6
1579377139 11:52:19.612273 23,6
1579377139 11:52:19.631396 19,5
1579377139 11:52:19.632956 17,5
1579377139 11:52:19.636029 22,5
1579377139 11:52:19.636351 18,5
1579377139 11:52:19.638894 24,5
1579377139 11:52:19.639429 26,5
1579377139 11:52:19.640520 28,5
1579377139 11:52:19.641257 27,5
1579377139 11:52:19.651761 25,5
1579377139 11:52:19.657301 16,5
1579377139 11:52:19.659462 29,5
1579377139 11:52:19.661279 15,5
1579377139 11:52:19.664889 20,5
1579377139 11:52:19.670724 21,5
1579377139 11:52:19.801644 57,5
1579377139 11:52:19.802261 58,5
1579377139 11:52:19.802656 56,5
1579377139 11:52:19.808407 54,5
1579377139 11:52:19.809074 59,5
1579377139 11:52:19.809734 53,5
1579377139 11:52:19.809908 55,5
1579377139 11:52:19.810288 52,5
1579377139 11:52:19.817807 48,5
1579377139 11:52:19.820179 46,5
1579377139 11:52:19.820538 51,5
1579377139 11:52:19.821018 50,5
1579377139 11:52:19.823114 49,5
1579377139 11:52:19.827104 45,5
1579377139 11:52:19.829622 47,5
1579377139 11:52:19.752386 215,5
1579377139 11:52:19.755012 214,5
1579377139 11:52:19.755265 213,5
1579377139 11:52:19.755370 218,5
1579377139 11:52:19.755528 216,5
1579377139 11:52:19.755844 217,5
1579377139 11:52:19.756960 212,5
1579377139 11:52:19.759778 210,5
1579377139 11:52:19.760741 221,5
1579377139 11:52:19.761350 222,5
1579377139 11:52:19.762749 211,5
1579377139 11:52:19.766636 223,5
1579377139 11:52:19.767885 220,5
1579377139 11:52:19.768183 224,5
1579377139 11:52:19.865628 98,5
1579377139 11:52:19.869671 100,5
1579377139 11:52:19.871860 104,5
1579377139 11:52:19.781485 219,5
1579377139 11:52:19.876256 103,5
1579377139 11:52:19.879777 92,5
1579377139 11:52:19.881392 90,5
1579377139 11:52:19.882081 91,5
1579377139 11:52:19.882799 93,5
1579377139 11:52:19.884513 101,5
1579377139 11:52:19.885789 96,5
1579377139 11:52:19.888509 95,5
1579377139 11:52:19.894683 94,5
1579377139 11:52:19.895145 102,5
1579377139 11:52:19.903223 99,5
1579377139 11:52:19.905612 97,5
1579377139 11:52:19.838126 228,5
1579377140 11:52:20.079908 30,5
1579377140 11:52:20.080362 34,5
1579377140 11:52:20.081839 32,5
1579377140 11:52:20.081980 31,5
1579377140 11:52:20.082081 33,5
1579377139 11:52:19.925807 170,5
1579377139 11:52:19.842790 226,5
1579377139 11:52:19.842827 229,5
1579377139 11:52:19.842846 225,5
1579377140 11:52:20.082915 37,5
1579377140 11:52:20.083111 38,5
1579377139 11:52:19.843350 230,5
1579377140 11:52:20.083287 36,5
1579377139 11:52:19.843573 227,5
1579377140 11:52:20.083478 35,5
1579377140 11:52:20.083918 39,5
1579377140 11:52:20.084459 40,5
1579377139 11:52:19.928154 171,5
1579377140 11:52:20.085135 42,5
1579377139 11:52:19.928844 167,5
1579377139 11:52:19.845641 234,5
1579377139 11:52:19.929039 169,5
1579377139 11:52:19.929411 168,5
1579377139 11:52:19.929920 172,5
1579377139 11:52:19.847429 239,5
1579377139 11:52:19.930735 174,5
1579377139 11:52:19.847560 231,5
1579377139 11:52:19.847785 237,5
1579377139 11:52:19.847847 233,5
1579377139 11:52:19.932240 178,5
1579377139 11:52:19.849092 236,5
1579377139 11:52:19.849204 232,5
1579377139 11:52:19.932724 173,5
1579377139 11:52:19.849503 235,5
1579377139 11:52:19.932737 176,5
1579377139 11:52:19.933515 175,5
1579377139 11:52:19.851900 238,5
1579377139 11:52:19.935580 177,5
1579377140 11:52:20.093965 44,5
1579377140 11:52:20.095071 41,5
1579377140 11:52:20.096634 43,5
1579377139 11:52:19.948374 165,5
1579377139 11:52:19.950285 179,5
1579377139 11:52:19.951221 166,5
1579377139 11:52:19.939633 108,5
1579377139 11:52:19.940465 112,5
1579377139 11:52:19.941454 105,5
1579377139 11:52:19.941518 106,5
1579377139 11:52:19.941567 107,5
1579377139 11:52:19.941609 110,5
1579377139 11:52:19.941662 111,5
1579377139 11:52:19.942343 113,5
1579377139 11:52:19.942355 116,5
1579377139 11:52:19.942460 114,5
1579377139 11:52:19.943097 109,5
1579377139 11:52:19.943487 118,5
1579377139 11:52:19.943728 115,5
1579377139 11:52:19.944907 117,5
1579377139 11:52:19.947056 119,5
1579377139 11:52:19.991866 153,5
1579377139 11:52:19.994838 159,5
1579377139 11:52:19.995820 158,5
1579377139 11:52:19.998068 156,5
1579377139 11:52:19.998490 157,5
1579377139 11:52:19.999967 155,5
1579377140 11:52:20.000297 162,5
1579377140 11:52:20.005094 151,5
1579377140 11:52:20.007206 163,5
1579377140 11:52:20.011088 150,5
1579377140 11:52:20.011870 164,5
1579377140 11:52:20.015658 152,5
1579377140 11:52:20.016944 160,5
1579377140 11:52:20.017633 160,5
1579377140 11:52:20.020713 161,5
1579377140 11:52:20.025814 154,5
1579377139 11:52:19.923432 275,5
1579377139 11:52:19.953093 62,5
1579377139 11:52:19.953699 60,5
1579377139 11:52:19.953779 63,5
1579377139 11:52:19.930191 282,5
1579377139 11:52:19.954010 61,5
1579377139 11:52:19.930760 281,5
1579377139 11:52:19.931056 277,5
1579377139 11:52:19.933316 272,5
1579377139 11:52:19.933680 283,5
1579377139 11:52:19.934677 278,5
1579377139 11:52:19.935183 284,5
1579377139 11:52:19.936017 271,5
1579377139 11:52:19.938221 279,5
1579377139 11:52:19.954244 13,5
1579377139 11:52:19.965546 70,5
1579377139 11:52:19.965723 67,5
1579377139 11:52:19.943320 270,5
1579377139 11:52:19.943738 280,5
1579377139 11:52:19.960672 135,5
1579377139 11:52:19.967482 64,5
1579377139 11:52:19.972826 65,5
1579377139 11:52:19.972829 72,5
1579377139 11:52:19.965762 146,5
1579377139 11:52:19.966990 14,5
1579377139 11:52:19.967109 2,5
1579377139 11:52:19.967734 12,5
1579377139 11:52:19.967964 9,5
1579377139 11:52:19.972831 73,5
1579377139 11:52:19.968018 11,5
1579377139 11:52:19.968547 10,5
1579377139 11:52:19.969736 7,5
1579377139 11:52:19.970058 149,5
1579377139 11:52:19.970438 145,5
1579377139 11:52:19.970539 148,5
1579377139 11:52:19.971112 8,5
1579377139 11:52:19.971325 143,5
1579377139 11:52:19.971566 144,5
1579377139 11:52:19.958296 274,5
1579377139 11:52:19.972528 3,5
1579377139 11:52:19.958753 276,5
1579377139 11:52:19.972650 140,5
1579377139 11:52:19.972700 147,5
1579377139 11:52:19.973062 142,5
1579377139 11:52:19.972834 71,5
1579377139 11:52:19.975256 4,5
1579377139 11:52:19.977046 136,5
1579377139 11:52:19.972836 74,5
1579377139 11:52:19.964823 273,5
1579377139 11:52:19.978698 0,5
1579377139 11:52:19.978755 141,5
1579377139 11:52:19.972838 69,5
1579377139 11:52:19.980866 1,5
1579377139 11:52:19.981655 138,5
1579377139 11:52:19.981846 139,5
1579377139 11:52:19.982290 6,5
1579377139 11:52:19.982657 137,5
1579377139 11:52:19.972840 68,5
1579377139 11:52:19.984265 5,5
1579377139 11:52:19.972842 66,5
1579377140 11:52:20.471997 124,5
1579377140 11:52:20.475292 128,5
1579377140 11:52:20.475374 126,5
1579377140 11:52:20.475470 125,5
1579377140 11:52:20.475980 123,5
1579377140 11:52:20.476347 120,5
1579377140 11:52:20.476958 129,5
1579377140 11:52:20.477598 131,5
1579377140 11:52:20.477621 122,5
1579377140 11:52:20.477812 130,5
1579377140 11:52:20.477921 133,5
1579377140 11:52:20.478687 132,5
1579377140 11:52:20.479151 127,5
1579377140 11:52:20.480676 134,5
1579377140 11:52:20.487280 121,5
1579377139 11:52:19.479447 83,5
1579377139 11:52:19.487691 81,5
1579377139 11:52:19.488610 85,5
1579377139 11:52:19.493817 79,5
1579377139 11:52:19.494238 89,5
1579377139 11:52:19.495222 80,5
1579377139 11:52:19.495837 88,5
1579377139 11:52:19.499483 87,5
1579377139 11:52:19.500641 77,5
1579377139 11:52:19.502108 75,5
1579377139 11:52:19.502634 82,5
1579377139 11:52:19.505769 76,5
1579377139 11:52:19.507612 78,5
1579377139 11:52:19.510763 86,5
1579377139 11:52:19.521819 84,5
1579377139 11:52:19.521856 84,5
