1579540076 09:07:56.193750 0,0
1579540076 09:07:56.193855 1,0
1579540076 09:07:56.193872 2,0
1579540076 09:07:56.193884 3,0
1579540076 09:07:56.193895 4,0
1579540076 09:07:56.050708 5,0
1579540076 09:07:56.050885 6,0
1579540076 09:07:56.050911 7,0
1579540076 09:07:56.050938 8,0
1579540076 09:07:56.050963 9,0
1579540076 09:07:56.321706 10,0
1579540076 09:07:56.321828 11,0
1579540076 09:07:56.321843 12,0
1579540076 09:07:56.321855 13,0
1579540076 09:07:56.321866 14,0
1579540076 09:07:56.292087 65,0
1579540076 09:07:56.292199 66,0
1579540076 09:07:56.292215 67,0
1579540076 09:07:56.292226 68,0
1579540076 09:07:56.292236 69,0
1579540076 09:07:56.383644 15,0
1579540076 09:07:56.383787 16,0
1579540076 09:07:56.383805 17,0
1579540076 09:07:56.383820 18,0
1579540076 09:07:56.383832 19,0
1579540076 09:07:56.632934 70,0
1579540076 09:07:56.633036 71,0
1579540076 09:07:56.633062 72,0
1579540076 09:07:56.633075 73,0
1579540076 09:07:56.633087 74,0
1579540076 09:07:56.451970 85,0
1579540076 09:07:56.452108 86,0
1579540076 09:07:56.452123 87,0
1579540076 09:07:56.452135 88,0
1579540076 09:07:56.452146 89,0
1579540076 09:07:56.697912 20,0
1579540076 09:07:56.698015 21,0
1579540076 09:07:56.698030 22,0
1579540076 09:07:56.698042 23,0
1579540076 09:07:56.698063 24,0
1579540076 09:07:56.512674 90,0
1579540076 09:07:56.512788 91,0
1579540076 09:07:56.512804 92,0
1579540076 09:07:56.512816 93,0
1579540076 09:07:56.512827 94,0
1579540076 09:07:56.651586 30,0
1579540076 09:07:56.651705 31,0
1579540076 09:07:56.651719 32,0
1579540076 09:07:56.651730 33,0
1579540076 09:07:56.651741 34,0
1579540076 09:07:56.537167 75,0
1579540076 09:07:56.537286 76,0
1579540076 09:07:56.537301 77,0
1579540076 09:07:56.537312 78,0
1579540076 09:07:56.537325 79,0
1579540076 09:07:56.893732 60,0
1579540076 09:07:56.893844 61,0
1579540076 09:07:56.893858 62,0
1579540076 09:07:56.893868 63,0
1579540076 09:07:56.893879 64,0
1579540076 09:07:56.606871 45,0
1579540076 09:07:56.606991 46,0
1579540076 09:07:56.607006 47,0
1579540076 09:07:56.607018 48,0
1579540076 09:07:56.607029 49,0
1579540076 09:07:56.938743 40,0
1579540076 09:07:56.938843 41,0
1579540076 09:07:56.938857 42,0
1579540076 09:07:56.938869 43,0
1579540076 09:07:56.938881 44,0
1579540076 09:07:56.690906 55,0
1579540076 09:07:56.691021 56,0
1579540076 09:07:56.691035 57,0
1579540076 09:07:56.691047 58,0
1579540076 09:07:56.691058 59,0
1579540076 09:07:56.769960 25,0
1579540076 09:07:56.770096 26,0
1579540076 09:07:56.770113 27,0
1579540076 09:07:56.770125 28,0
1579540076 09:07:56.770136 29,0
1579540076 09:07:56.724977 50,0
1579540076 09:07:56.725086 51,0
1579540076 09:07:56.725101 52,0
1579540076 09:07:56.725113 53,0
1579540076 09:07:56.725124 54,0
1579540076 09:07:56.910465 80,0
1579540076 09:07:56.910588 81,0
1579540076 09:07:56.910604 82,0
1579540076 09:07:56.910616 83,0
1579540076 09:07:56.910628 84,0
1579540076 09:07:56.790445 35,0
1579540076 09:07:56.790551 36,0
1579540076 09:07:56.790565 37,0
1579540076 09:07:56.790577 38,0
1579540076 09:07:56.790589 39,0
1579540083 09:08:03.503425 2,1
1579540083 09:08:03.504309 3,1
1579540083 09:08:03.504330 1,1
1579540083 09:08:03.504961 0,1
1579540083 09:08:03.505001 4,1
1579540083 09:08:03.085069 5,1
1579540083 09:08:03.085100 9,1
1579540083 09:08:03.086457 7,1
1579540083 09:08:03.086631 6,1
1579540083 09:08:03.086666 8,1
1579540084 09:08:04.283657 19,1
1579540084 09:08:04.286458 17,1
1579540084 09:08:04.299829 16,1
1579540084 09:08:04.306211 18,1
1579540084 09:08:04.321648 15,1
1579540084 09:08:04.419730 13,1
1579540084 09:08:04.420334 12,1
1579540084 09:08:04.421487 10,1
1579540084 09:08:04.421692 14,1
1579540084 09:08:04.421853 11,1
1579540084 09:08:04.573705 25,1
1579540084 09:08:04.582389 26,1
1579540084 09:08:04.585743 29,1
1579540084 09:08:04.587252 27,1
1579540084 09:08:04.587546 28,1
1579540084 09:08:04.752981 22,1
1579540084 09:08:04.755228 23,1
1579540084 09:08:04.759155 21,1
1579540084 09:08:04.772730 24,1
1579540084 09:08:04.776710 20,1
1579540084 09:08:04.685130 89,1
1579540084 09:08:04.693324 88,1
1579540084 09:08:04.696900 85,1
1579540084 09:08:04.697294 87,1
1579540084 09:08:04.716577 86,1
1579540085 09:08:05.157830 80,1
1579540085 09:08:05.159461 81,1
1579540085 09:08:05.176277 83,1
1579540085 09:08:05.178898 82,1
1579540085 09:08:05.179315 84,1
1579540085 09:08:05.397438 78,1
1579540085 09:08:05.401750 77,1
1579540085 09:08:05.402296 75,1
1579540085 09:08:05.403106 79,1
1579540085 09:08:05.404747 76,1
1579540085 09:08:05.474938 93,1
1579540085 09:08:05.474976 91,1
1579540085 09:08:05.475019 90,1
1579540085 09:08:05.475437 94,1
1579540085 09:08:05.476785 92,1
1579540085 09:08:05.743309 32,1
1579540085 09:08:05.749087 30,1
1579540085 09:08:05.750943 34,1
1579540085 09:08:05.757796 31,1
1579540085 09:08:05.758953 33,1
1579540085 09:08:05.560857 65,1
1579540085 09:08:05.562795 68,1
1579540085 09:08:05.566219 67,1
1579540085 09:08:05.566714 69,1
1579540085 09:08:05.570758 66,1
1579540086 09:08:06.277977 43,1
1579540086 09:08:06.281221 42,1
1579540086 09:08:06.288128 41,1
1579540086 09:08:06.289062 40,1
1579540086 09:08:06.292855 44,1
1579540086 09:08:06.020355 36,1
1579540086 09:08:06.024858 35,1
1579540086 09:08:06.024992 38,1
1579540086 09:08:06.035917 39,1
1579540086 09:08:06.054849 37,1
1579540086 09:08:06.298886 74,1
1579540086 09:08:06.303743 73,1
1579540086 09:08:06.305634 72,1
1579540086 09:08:06.307157 71,1
1579540086 09:08:06.310450 70,1
1579540086 09:08:06.230649 49,1
1579540086 09:08:06.243341 47,1
1579540086 09:08:06.244172 48,1
1579540086 09:08:06.244906 46,1
1579540086 09:08:06.245442 45,1
1579540086 09:08:06.367888 57,1
1579540086 09:08:06.636939 63,1
1579540086 09:08:06.637206 61,1
1579540086 09:08:06.638007 60,1
1579540086 09:08:06.639162 64,1
1579540086 09:08:06.639261 62,1
1579540086 09:08:06.379797 58,1
1579540086 09:08:06.380622 55,1
1579540086 09:08:06.380996 56,1
1579540086 09:08:06.381467 59,2
1579540086 09:08:06.381515 59,2
1579540086 09:08:06.383022 55,2
1579540086 09:08:06.384244 57,2
1579540086 09:08:06.386231 56,2
1579540086 09:08:06.392179 58,2
1579540086 09:08:06.681418 52,1
1579540086 09:08:06.681518 54,1
1579540086 09:08:06.683759 51,1
1579540086 09:08:06.683850 50,1
1579540086 09:08:06.685988 53,1
1579540086 09:08:06.686308 53,1
1579540087 09:08:07.502999 42,2
1579540087 09:08:07.507049 44,2
1579540087 09:08:07.507190 43,2
1579540087 09:08:07.511528 41,2
1579540087 09:08:07.515002 40,2
1579540087 09:08:07.694003 77,2
1579540087 09:08:07.701841 76,2
1579540087 09:08:07.704444 78,2
1579540087 09:08:07.707081 79,2
1579540087 09:08:07.709787 75,2
1579540088 09:08:08.210911 61,2
1579540088 09:08:08.217375 60,2
1579540088 09:08:08.217813 62,2
1579540088 09:08:08.220257 63,2
1579540088 09:08:08.224010 64,2
1579540087 09:08:07.864881 68,2
1579540087 09:08:07.871548 67,2
1579540087 09:08:07.871792 65,2
1579540087 09:08:07.873495 66,2
1579540087 09:08:07.883952 69,2
1579540088 09:08:08.190326 45,2
1579540088 09:08:08.195312 46,2
1579540088 09:08:08.196487 47,2
1579540088 09:08:08.200917 48,2
1579540088 09:08:08.207953 49,2
1579540088 09:08:08.598013 36,2
1579540088 09:08:08.604245 39,2
1579540088 09:08:08.604626 38,2
1579540088 09:08:08.613147 37,2
1579540088 09:08:08.618487 35,2
1579540089 09:08:09.000863 28,2
1579540089 09:08:09.007170 27,2
1579540089 09:08:09.008240 26,2
1579540089 09:08:09.010343 29,2
1579540089 09:08:09.015231 25,2
1579540089 09:08:09.090964 20,2
1579540089 09:08:09.099027 24,2
1579540089 09:08:09.099390 22,2
1579540089 09:08:09.104472 21,2
1579540089 09:08:09.106326 23,2
1579540089 09:08:09.035922 33,2
1579540089 09:08:09.046201 34,2
1579540089 09:08:09.046253 32,2
1579540089 09:08:09.046318 31,2
1579540089 09:08:09.046395 30,2
1579540089 09:08:09.369269 54,2
1579540089 09:08:09.370137 51,2
1579540089 09:08:09.371936 50,2
1579540089 09:08:09.373536 53,2
1579540089 09:08:09.490855 74,2
1579540089 09:08:09.491179 71,2
1579540089 09:08:09.380952 52,2
1579540089 09:08:09.504574 72,2
1579540089 09:08:09.511064 70,2
1579540089 09:08:09.306074 85,2
1579540089 09:08:09.516980 73,2
1579540089 09:08:09.315682 88,2
1579540089 09:08:09.316497 89,2
1579540089 09:08:09.323952 86,2
1579540089 09:08:09.325415 87,2
1579540089 09:08:09.549307 81,2
1579540089 09:08:09.552134 80,2
1579540089 09:08:09.553298 83,2
1579540089 09:08:09.553457 84,2
1579540089 09:08:09.560956 82,2
1579540089 09:08:09.636082 90,2
1579540089 09:08:09.643866 91,2
1579540089 09:08:09.645723 93,2
1579540089 09:08:09.647462 94,2
1579540089 09:08:09.648370 92,2
1579540090 09:08:10.192367 0,2
1579540090 09:08:10.195423 1,2
1579540090 09:08:10.195734 4,2
1579540090 09:08:10.197091 2,2
1579540090 09:08:10.197917 3,2
1579540089 09:08:09.842612 7,2
1579540089 09:08:09.844129 6,2
1579540089 09:08:09.851955 9,2
1579540089 09:08:09.852155 5,2
1579540089 09:08:09.857249 8,2
1579540089 09:08:09.973642 16,2
1579540089 09:08:09.977647 15,2
1579540089 09:08:09.980900 17,2
1579540089 09:08:09.985767 19,2
1579540089 09:08:09.987259 18,2
1579540090 09:08:10.171780 12,2
1579540090 09:08:10.175485 14,2
1579540090 09:08:10.176029 10,2
1579540090 09:08:10.179777 11,2
1579540090 09:08:10.187484 13,2
1579540095 09:08:15.334543 59,3
1579540095 09:08:15.341305 56,3
1579540095 09:08:15.342197 57,3
1579540095 09:08:15.346864 58,3
1579540095 09:08:15.348662 55,3
1579540096 09:08:16.889467 40,3
1579540096 09:08:16.895841 43,3
1579540096 09:08:16.896654 41,3
1579540096 09:08:16.907327 44,3
1579540096 09:08:16.909515 42,3
1579540096 09:08:16.941176 61,3
1579540096 09:08:16.941876 64,3
1579540096 09:08:16.943737 63,3
1579540096 09:08:16.631183 36,3
1579540096 09:08:16.945847 60,3
1579540096 09:08:16.945943 62,3
1579540096 09:08:16.946167 62,3
1579540096 09:08:16.635897 38,3
1579540096 09:08:16.639217 35,3
1579540096 09:08:16.643703 39,3
1579540096 09:08:16.644920 37,3
1579540096 09:08:16.589071 65,3
1579540096 09:08:16.595247 69,3
1579540096 09:08:16.599993 67,3
1579540096 09:08:16.600046 66,3
1579540096 09:08:16.601122 68,3
1579540097 09:08:17.172114 53,3
1579540097 09:08:17.183738 52,3
1579540097 09:08:17.184566 54,3
1579540097 09:08:17.186414 51,3
1579540097 09:08:17.194064 50,3
1579540097 09:08:17.442144 73,3
1579540097 09:08:17.449908 72,3
1579540097 09:08:17.451013 70,3
1579540097 09:08:17.452026 74,3
1579540097 09:08:17.457381 71,3
1579540097 09:08:17.418042 49,3
1579540097 09:08:17.427483 47,3
1579540097 09:08:17.436919 45,3
1579540097 09:08:17.440030 48,3
1579540097 09:08:17.442786 46,3
1579540097 09:08:17.735120 76,3
1579540097 09:08:17.741431 78,3
1579540097 09:08:17.746621 75,3
1579540097 09:08:17.747480 77,3
1579540097 09:08:17.751439 79,3
1579540098 09:08:18.541448 23,3
1579540098 09:08:18.547374 21,3
1579540098 09:08:18.554611 24,3
1579540098 09:08:18.559477 22,3
1579540098 09:08:18.561411 20,3
1579540098 09:08:18.580915 28,3
1579540098 09:08:18.582044 26,3
1579540098 09:08:18.585945 25,3
1579540098 09:08:18.587544 27,3
1579540098 09:08:18.593132 29,3
1579540098 09:08:18.609237 30,3
1579540098 09:08:18.609381 32,3
1579540098 09:08:18.617270 34,3
1579540098 09:08:18.617847 31,3
1579540098 09:08:18.620405 33,3
1579540098 09:08:18.840089 11,3
1579540098 09:08:18.844013 12,3
1579540098 09:08:18.845780 10,3
1579540098 09:08:18.846370 13,3
1579540098 09:08:18.848226 14,3
1579540098 09:08:18.806931 85,3
1579540098 09:08:18.813184 86,3
1579540098 09:08:18.815719 89,3
1579540098 09:08:18.819747 87,3
1579540098 09:08:18.825310 88,3
1579540098 09:08:18.858559 19,3
1579540098 09:08:18.858920 17,3
1579540098 09:08:18.862458 15,3
1579540098 09:08:18.865915 18,3
1579540098 09:08:18.875128 16,3
1579540099 09:08:19.402399 80,3
1579540099 09:08:19.412703 83,3
1579540099 09:08:19.413966 82,3
1579540099 09:08:19.415324 81,3
1579540099 09:08:19.416573 84,3
1579540099 09:08:19.766169 3,3
1579540099 09:08:19.768610 0,3
1579540099 09:08:19.769055 2,3
1579540099 09:08:19.769136 1,3
1579540099 09:08:19.769144 4,3
1579540099 09:08:19.416545 6,3
1579540099 09:08:19.417012 9,3
1579540099 09:08:19.417277 7,3
1579540099 09:08:19.417311 5,3
1579540099 09:08:19.417389 8,3
1579540099 09:08:19.748389 92,3
1579540099 09:08:19.756592 93,3
1579540099 09:08:19.761761 90,3
1579540099 09:08:19.764109 91,3
1579540099 09:08:19.765488 94,3
1579540105 09:08:25.314898 57,4
1579540105 09:08:25.317571 55,4
1579540105 09:08:25.318056 56,4
1579540105 09:08:25.319894 59,4
1579540105 09:08:25.323934 58,4
1579540106 09:08:26.195655 43,4
1579540106 09:08:26.197775 42,4
1579540106 09:08:26.207953 62,4
1579540106 09:08:26.205173 44,4
1579540106 09:08:26.206100 40,4
1579540106 09:08:26.212105 61,4
1579540106 09:08:26.208789 41,4
1579540106 09:08:26.215266 64,4
1579540106 09:08:26.218083 60,4
1579540106 09:08:26.221009 63,4
1579540106 09:08:26.055971 48,4
1579540106 09:08:26.079241 46,4
1579540106 09:08:26.080378 45,4
1579540106 09:08:26.090157 49,4
1579540106 09:08:26.104331 47,4
1579540106 09:08:26.235411 29,4
1579540106 09:08:26.235848 26,4
1579540106 09:08:26.235934 26,5
1579540106 09:08:26.236692 25,4
1579540106 09:08:26.236904 28,4
1579540106 09:08:26.237024 27,4
1579540106 09:08:26.237296 27,5
1579540106 09:08:26.237323 25,5
1579540106 09:08:26.237360 28,5
1579540106 09:08:26.237493 29,5
1579540106 09:08:26.410621 24,4
1579540106 09:08:26.236295 36,4
1579540106 09:08:26.237971 38,4
1579540106 09:08:26.238014 35,4
1579540106 09:08:26.238120 39,4
1579540106 09:08:26.238365 37,4
1579540106 09:08:26.420871 22,5
1579540106 09:08:26.421034 21,6
1579540106 09:08:26.421065 24,5
1579540106 09:08:26.421289 23,6
1579540106 09:08:26.421428 22,5
1579540106 09:08:26.421538 21,6
1579540106 09:08:26.421601 20,5
1579540106 09:08:26.421644 21,6
1579540106 09:08:26.421997 21,8
1579540106 09:08:26.423729 20,7
1579540106 09:08:26.424308 20,7
1579540106 09:08:26.424863 20,7
1579540106 09:08:26.425687 23,6
1579540106 09:08:26.425768 23,6
1579540106 09:08:26.426126 21,8
1579540106 09:08:26.357645 11,4
1579540106 09:08:26.358369 10,4
1579540106 09:08:26.358885 12,4
1579540106 09:08:26.359184 13,4
1579540106 09:08:26.359359 14,4
1579540106 09:08:26.364856 18,4
1579540106 09:08:26.365577 16,4
1579540106 09:08:26.365650 15,4
1579540106 09:08:26.366630 17,4
1579540106 09:08:26.304070 69,4
1579540106 09:08:26.366836 19,4
1579540106 09:08:26.305569 68,4
1579540106 09:08:26.305868 67,4
1579540106 09:08:26.305929 66,4
1579540106 09:08:26.305950 65,5
1579540106 09:08:26.305953 65,5
1579540106 09:08:26.310253 69,5
1579540106 09:08:26.310903 67,5
1579540106 09:08:26.311617 68,5
1579540106 09:08:26.311656 66,5
1579540106 09:08:26.618309 72,4
1579540106 09:08:26.620286 73,4
1579540106 09:08:26.621354 70,4
1579540106 09:08:26.634031 71,4
1579540106 09:08:26.641524 74,4
1579540106 09:08:26.567151 50,4
1579540106 09:08:26.573642 53,4
1579540106 09:08:26.580822 54,4
1579540106 09:08:26.585104 51,4
1579540106 09:08:26.590213 52,4
1579540107 09:08:27.265190 93,4
1579540107 09:08:27.274897 94,4
1579540107 09:08:27.277159 90,4
1579540107 09:08:27.280923 92,4
1579540107 09:08:27.281667 91,4
1579540107 09:08:27.438439 31,4
1579540107 09:08:27.446560 34,4
1579540107 09:08:27.448034 30,4
1579540107 09:08:27.449518 33,4
1579540107 09:08:27.451167 32,4
1579540107 09:08:27.279519 8,4
1579540107 09:08:27.749471 4,4
1579540107 09:08:27.291408 5,4
1579540107 09:08:27.750970 3,4
1579540107 09:08:27.751001 1,4
1579540107 09:08:27.751017 2,4
1579540107 09:08:27.753417 0,4
1579540107 09:08:27.296294 9,4
1579540107 09:08:27.296922 6,4
1579540107 09:08:27.305370 7,4
1579540107 09:08:27.515449 84,4
1579540107 09:08:27.516834 82,4
1579540107 09:08:27.516889 81,4
1579540107 09:08:27.517030 83,4
1579540107 09:08:27.517095 80,4
1579540107 09:08:27.494794 76,4
1579540107 09:08:27.512342 79,4
1579540107 09:08:27.517168 77,4
1579540107 09:08:27.517341 75,4
1579540107 09:08:27.518971 78,4
1579540108 09:08:28.045789 88,4
1579540108 09:08:28.055405 86,4
1579540108 09:08:28.057219 85,4
1579540108 09:08:28.059382 89,4
1579540108 09:08:28.064724 87,4
1579540114 09:08:34.148891 10,5
1579540114 09:08:34.149481 14,5
1579540114 09:08:34.149599 13,5
1579540114 09:08:34.150789 11,5
1579540114 09:08:34.150851 12,5
1579540114 09:08:34.138256 15,5
1579540114 09:08:34.138897 19,5
1579540114 09:08:34.141941 18,5
1579540114 09:08:34.142893 16,5
1579540114 09:08:34.147520 17,6
1579540114 09:08:34.148038 17,6
1579540115 09:08:35.977918 78,5
1579540115 09:08:35.980777 76,5
1579540115 09:08:35.981344 75,5
1579540115 09:08:35.981465 79,5
1579540115 09:08:35.983054 77,5
1579540116 09:08:36.246844 73,5
1579540116 09:08:36.248571 72,5
1579540116 09:08:36.250846 71,5
1579540116 09:08:36.254546 74,5
1579540116 09:08:36.256925 70,5
1579540116 09:08:36.478394 63,5
1579540116 09:08:36.478833 61,5
1579540116 09:08:36.480262 62,5
1579540116 09:08:36.480525 60,5
1579540116 09:08:36.480908 64,5
1579540116 09:08:36.329020 51,5
1579540116 09:08:36.330839 50,5
1579540116 09:08:36.330904 52,5
1579540116 09:08:36.330925 53,5
1579540116 09:08:36.331055 54,5
1579540116 09:08:36.503791 58,5
1579540116 09:08:36.508493 56,5
1579540116 09:08:36.511789 57,5
1579540116 09:08:36.511845 55,6
1579540116 09:08:36.511903 55,6
1579540116 09:08:36.513071 59,5
1579540117 09:08:37.035156 9,5
1579540117 09:08:37.035446 8,5
1579540117 09:08:37.037423 6,5
1579540117 09:08:37.037710 7,5
1579540117 09:08:37.037931 5,5
1579540117 09:08:37.038110 5,7
1579540117 09:08:37.038230 5,8
1579540117 09:08:37.038275 5,8
1579540117 09:08:37.593140 4,5
1579540117 09:08:37.593239 0,5
1579540117 09:08:37.594462 3,5
1579540117 09:08:37.594492 2,5
1579540117 09:08:37.594554 1,5
1579540117 09:08:37.511755 82,5
1579540117 09:08:37.521897 84,5
1579540117 09:08:37.523721 80,5
1579540117 09:08:37.534530 83,5
1579540117 09:08:37.536321 81,5
1579540117 09:08:37.935864 94,5
1579540117 09:08:37.937613 92,5
1579540117 09:08:37.937662 93,5
1579540117 09:08:37.937770 90,5
1579540117 09:08:37.941212 91,5
1579540118 09:08:38.295243 42,5
1579540118 09:08:38.300034 41,5
1579540118 09:08:38.301894 40,5
1579540118 09:08:38.302046 43,5
1579540118 09:08:38.310141 44,5
1579540118 09:08:38.136070 38,5
1579540118 09:08:38.149047 36,5
1579540118 09:08:38.150571 37,5
1579540118 09:08:38.151847 39,5
1579540118 09:08:38.156290 35,5
1579540118 09:08:38.571957 34,5
1579540118 09:08:38.577581 32,5
1579540118 09:08:38.577601 30,6
1579540118 09:08:38.577701 30,6
1579540118 09:08:38.578995 33,5
1579540118 09:08:38.580426 31,5
