1579539313 08:55:13.610700 14,0
1579539313 08:55:13.610820 15,0
1579539313 08:55:13.610835 16,0
1579539313 08:55:13.610847 17,0
1579539313 08:55:13.610859 18,0
1579539313 08:55:13.610870 19,0
1579539313 08:55:13.610883 20,0
1579539314 08:55:14.126674 7,0
1579539314 08:55:14.126812 8,0
1579539314 08:55:14.126833 9,0
1579539314 08:55:14.126852 10,0
1579539314 08:55:14.126869 11,0
1579539314 08:55:14.126882 12,0
1579539314 08:55:14.126900 13,0
1579539314 08:55:14.790213 0,0
1579539314 08:55:14.790340 1,0
1579539314 08:55:14.790355 2,0
1579539314 08:55:14.790366 3,0
1579539314 08:55:14.790379 4,0
1579539314 08:55:14.790392 5,0
1579539314 08:55:14.790405 6,0
1579539314 08:55:14.732907 98,0
1579539314 08:55:14.733014 99,0
1579539314 08:55:14.733029 100,0
1579539314 08:55:14.733044 101,0
1579539314 08:55:14.733055 102,0
1579539314 08:55:14.733066 103,0
1579539314 08:55:14.733078 104,0
1579539314 08:55:14.526143 21,0
1579539314 08:55:14.526258 22,0
1579539314 08:55:14.526271 23,0
1579539314 08:55:14.526285 24,0
1579539314 08:55:14.526296 25,0
1579539314 08:55:14.526306 26,0
1579539314 08:55:14.526318 27,0
1579539314 08:55:14.470565 91,0
1579539314 08:55:14.470742 92,0
1579539314 08:55:14.470756 93,0
1579539314 08:55:14.470768 94,0
1579539314 08:55:14.470785 95,0
1579539314 08:55:14.470798 96,0
1579539314 08:55:14.470811 97,0
1579539314 08:55:14.575113 119,0
1579539314 08:55:14.575209 120,0
1579539314 08:55:14.575222 121,0
1579539314 08:55:14.575235 122,0
1579539314 08:55:14.575246 123,0
1579539314 08:55:14.575256 124,0
1579539314 08:55:14.575266 125,0
1579539314 08:55:14.924426 56,0
1579539314 08:55:14.924548 57,0
1579539314 08:55:14.924563 58,0
1579539314 08:55:14.924575 59,0
1579539314 08:55:14.924586 60,0
1579539314 08:55:14.924597 61,0
1579539314 08:55:14.924609 62,0
1579539314 08:55:14.737391 42,0
1579539314 08:55:14.737498 43,0
1579539314 08:55:14.737512 44,0
1579539314 08:55:14.737523 45,0
1579539314 08:55:14.737534 46,0
1579539314 08:55:14.737546 47,0
1579539314 08:55:14.737558 48,0
1579539314 08:55:14.819037 28,0
1579539314 08:55:14.819166 29,0
1579539314 08:55:14.819182 30,0
1579539314 08:55:14.819199 31,0
1579539314 08:55:14.819212 32,0
1579539314 08:55:14.819224 33,0
1579539314 08:55:14.819236 34,0
1579539314 08:55:14.717998 70,0
1579539314 08:55:14.718114 71,0
1579539314 08:55:14.718128 72,0
1579539314 08:55:14.718140 73,0
1579539314 08:55:14.718151 74,0
1579539314 08:55:14.718162 75,0
1579539314 08:55:14.718173 76,0
1579539314 08:55:14.783224 35,0
1579539314 08:55:14.783360 36,0
1579539314 08:55:14.783375 37,0
1579539314 08:55:14.783386 38,0
1579539314 08:55:14.783397 39,0
1579539314 08:55:14.783408 40,0
1579539314 08:55:14.783419 41,0
1579539314 08:55:14.679025 49,0
1579539314 08:55:14.679146 50,0
1579539314 08:55:14.679160 51,0
1579539314 08:55:14.679173 52,0
1579539314 08:55:14.679185 53,0
1579539314 08:55:14.679196 54,0
1579539314 08:55:14.679210 55,0
1579539314 08:55:14.646483 105,0
1579539314 08:55:14.646597 106,0
1579539314 08:55:14.646611 107,0
1579539314 08:55:14.646623 108,0
1579539314 08:55:14.646635 109,0
1579539314 08:55:14.646645 110,0
1579539314 08:55:14.646656 111,0
1579539314 08:55:14.737754 126,0
1579539314 08:55:14.737856 127,0
1579539314 08:55:14.737871 128,0
1579539314 08:55:14.737882 129,0
1579539314 08:55:14.737895 130,0
1579539314 08:55:14.737907 131,0
1579539314 08:55:14.737917 132,0
1579539314 08:55:14.746587 63,0
1579539314 08:55:14.746701 64,0
1579539314 08:55:14.746715 65,0
1579539314 08:55:14.746727 66,0
1579539314 08:55:14.746738 67,0
1579539314 08:55:14.746750 68,0
1579539314 08:55:14.746763 69,0
1579539314 08:55:14.801899 77,0
1579539314 08:55:14.802025 78,0
1579539314 08:55:14.802039 79,0
1579539314 08:55:14.802051 80,0
1579539314 08:55:14.802062 81,0
1579539314 08:55:14.802076 82,0
1579539314 08:55:14.802088 83,0
1579539315 08:55:15.088079 84,0
1579539315 08:55:15.088208 85,0
1579539315 08:55:15.088223 86,0
1579539315 08:55:15.088236 87,0
1579539315 08:55:15.088253 88,0
1579539315 08:55:15.088267 89,0
1579539315 08:55:15.088278 90,0
1579539315 08:55:15.043975 112,0
1579539315 08:55:15.044096 113,0
1579539315 08:55:15.044110 114,0
1579539315 08:55:15.044121 115,0
1579539315 08:55:15.044134 116,0
1579539315 08:55:15.044147 117,0
1579539315 08:55:15.044158 118,0
1579539321 08:55:21.915283 20,1
1579539321 08:55:21.918184 18,1
1579539321 08:55:21.919120 19,1
1579539321 08:55:21.920464 16,1
1579539321 08:55:21.922139 15,1
1579539321 08:55:21.926677 14,1
1579539321 08:55:21.929857 17,1
1579539321 08:55:21.897986 25,1
1579539321 08:55:21.899662 26,1
1579539321 08:55:21.899734 27,1
1579539321 08:55:21.899850 23,1
1579539321 08:55:21.899943 22,1
1579539321 08:55:21.900010 24,1
1579539321 08:55:21.900117 21,1
1579539323 08:55:23.858771 1,1
1579539323 08:55:23.606665 39,1
1579539323 08:55:23.861323 4,1
1579539323 08:55:23.609902 41,1
1579539323 08:55:23.867591 6,1
1579539323 08:55:23.615518 35,1
1579539323 08:55:23.870273 2,1
1579539323 08:55:23.617553 40,1
1579539323 08:55:23.874795 0,1
1579539323 08:55:23.621878 38,1
1579539323 08:55:23.879346 5,1
1579539323 08:55:23.631274 37,1
1579539323 08:55:23.631548 36,1
1579539323 08:55:23.886038 3,1
1579539324 08:55:24.022770 10,1
1579539324 08:55:24.026430 8,1
1579539324 08:55:24.028417 7,1
1579539324 08:55:24.028584 9,1
1579539324 08:55:24.030657 13,1
1579539324 08:55:24.033969 12,2
1579539324 08:55:24.034029 12,2
1579539324 08:55:24.037950 8,2
1579539324 08:55:24.038460 10,2
1579539324 08:55:24.038797 11,1
1579539324 08:55:24.041665 11,2
1579539324 08:55:24.041939 13,2
1579539324 08:55:24.042455 7,2
1579539324 08:55:24.065190 9,2
1579539324 08:55:24.295993 131,1
1579539324 08:55:24.306252 129,1
1579539324 08:55:24.308961 127,1
1579539324 08:55:24.310266 130,1
1579539324 08:55:24.316044 126,1
1579539324 08:55:24.316885 128,1
1579539324 08:55:24.317796 132,1
1579539324 08:55:24.395611 121,1
1579539324 08:55:24.400707 124,1
1579539324 08:55:24.403157 119,1
1579539324 08:55:24.404427 120,1
1579539324 08:55:24.432353 123,1
1579539324 08:55:24.434898 122,1
1579539324 08:55:24.459348 125,1
1579539324 08:55:24.815996 48,1
1579539324 08:55:24.819045 42,1
1579539324 08:55:24.819784 46,1
1579539324 08:55:24.821101 47,1
1579539324 08:55:24.822026 45,1
1579539324 08:55:24.822164 44,1
1579539324 08:55:24.824917 43,1
1579539325 08:55:25.011874 34,1
1579539325 08:55:25.030937 32,1
1579539325 08:55:25.035781 31,1
1579539325 08:55:25.038211 33,1
1579539325 08:55:25.047424 29,1
1579539325 08:55:25.050729 28,1
1579539325 08:55:25.068625 30,1
1579539325 08:55:25.738915 53,1
1579539325 08:55:25.747636 51,1
1579539325 08:55:25.754053 55,1
1579539325 08:55:25.754474 50,1
1579539325 08:55:25.759139 52,1
1579539325 08:55:25.759951 54,1
1579539325 08:55:25.776805 49,1
1579539325 08:55:25.959869 114,1
1579539325 08:55:25.964708 112,1
1579539325 08:55:25.970399 113,1
1579539325 08:55:25.971130 116,1
1579539326 08:55:26.154836 61,1
1579539325 08:55:25.979383 117,1
1579539325 08:55:25.989720 115,1
1579539325 08:55:25.992512 118,1
1579539326 08:55:26.177403 60,1
1579539326 08:55:26.178467 62,1
1579539326 08:55:26.179652 57,1
1579539326 08:55:26.181038 58,1
1579539326 08:55:26.183427 56,1
1579539325 08:55:25.882326 111,1
1579539326 08:55:26.211010 59,1
1579539325 08:55:25.896255 110,1
1579539325 08:55:25.898102 107,1
1579539325 08:55:25.899831 109,1
1579539325 08:55:25.914172 106,1
1579539325 08:55:25.919098 108,1
1579539326 08:55:26.316692 4,2
1579539326 08:55:26.333151 2,2
1579539326 08:55:26.335241 6,2
1579539326 08:55:26.336361 5,2
1579539326 08:55:26.336843 0,2
1579539326 08:55:26.337940 3,2
1579539325 08:55:25.946144 105,1
1579539326 08:55:26.353187 1,2
1579539326 08:55:26.263707 93,1
1579539326 08:55:26.271956 91,1
1579539326 08:55:26.272698 96,1
1579539326 08:55:26.275718 95,1
1579539326 08:55:26.280440 94,1
1579539326 08:55:26.283168 92,1
1579539326 08:55:26.285580 97,1
1579539326 08:55:26.444206 127,2
1579539326 08:55:26.450354 126,2
1579539326 08:55:26.452171 130,2
1579539326 08:55:26.454785 132,2
1579539326 08:55:26.457373 128,2
1579539326 08:55:26.459003 131,2
1579539326 08:55:26.464498 129,2
1579539326 08:55:26.555467 121,2
1579539326 08:55:26.558229 123,2
1579539326 08:55:26.558531 119,2
1579539326 08:55:26.568981 125,2
1579539326 08:55:26.569672 122,2
1579539326 08:55:26.571200 124,2
1579539326 08:55:26.576696 120,2
1579539326 08:55:26.728211 66,1
1579539326 08:55:26.730038 65,1
1579539326 08:55:26.730828 63,1
1579539326 08:55:26.730958 67,1
1579539326 08:55:26.731082 64,1
1579539326 08:55:26.731195 69,1
1579539326 08:55:26.731675 68,1
1579539326 08:55:26.855495 115,2
1579539326 08:55:26.860916 113,2
1579539326 08:55:26.864839 117,2
1579539326 08:55:26.868857 116,2
1579539326 08:55:26.872394 118,2
1579539326 08:55:26.876146 112,2
1579539326 08:55:26.895901 114,2
1579539326 08:55:26.842662 73,1
1579539326 08:55:26.850598 75,1
1579539326 08:55:26.852717 70,1
1579539326 08:55:26.854144 72,1
1579539326 08:55:26.854610 76,1
1579539326 08:55:26.856282 71,1
1579539326 08:55:26.872606 74,1
1579539327 08:55:27.549525 88,1
1579539327 08:55:27.558182 89,1
1579539327 08:55:27.559684 84,1
1579539327 08:55:27.273033 19,2
1579539327 08:55:27.562257 87,1
1579539327 08:55:27.563572 85,1
1579539327 08:55:27.275254 17,2
1579539327 08:55:27.275919 18,2
1579539327 08:55:27.276750 16,2
1579539327 08:55:27.278239 14,2
1579539327 08:55:27.279014 20,2
1579539327 08:55:27.281090 15,2
1579539327 08:55:27.569834 86,1
1579539327 08:55:27.576308 90,1
1579539327 08:55:27.356155 82,1
1579539327 08:55:27.377631 83,1
1579539327 08:55:27.377816 80,1
1579539327 08:55:27.388555 81,1
1579539327 08:55:27.284035 26,2
1579539327 08:55:27.402312 77,1
1579539327 08:55:27.403029 78,1
1579539327 08:55:27.291015 21,2
1579539327 08:55:27.292185 22,2
1579539327 08:55:27.293631 25,2
1579539327 08:55:27.412515 79,1
1579539327 08:55:27.298240 27,2
1579539327 08:55:27.300143 23,2
1579539327 08:55:27.304075 24,2
1579539327 08:55:27.585133 103,1
1579539327 08:55:27.605405 100,1
1579539327 08:55:27.606625 102,1
1579539327 08:55:27.607748 101,1
1579539327 08:55:27.607902 104,1
1579539327 08:55:27.608238 99,1
1579539327 08:55:27.621961 98,1
1579539327 08:55:27.676503 98,2
1579539327 08:55:27.679506 99,2
1579539327 08:55:27.685213 100,2
1579539327 08:55:27.687972 102,2
1579539327 08:55:27.693848 101,2
1579539327 08:55:27.705309 103,2
1579539327 08:55:27.729209 104,2
1579539327 08:55:27.755111 36,2
1579539327 08:55:27.763369 35,2
1579539327 08:55:27.768991 37,2
1579539327 08:55:27.770574 40,2
1579539327 08:55:27.772230 38,2
1579539327 08:55:27.774758 39,2
1579539327 08:55:27.777508 41,2
1579539327 08:55:27.889281 31,2
1579539327 08:55:27.907954 29,2
1579539327 08:55:27.913396 34,2
1579539327 08:55:27.914429 28,2
1579539327 08:55:27.916299 33,2
1579539327 08:55:27.924698 30,2
1579539327 08:55:27.933158 32,2
1579539328 08:55:28.813810 108,2
1579539328 08:55:28.835587 109,2
1579539328 08:55:28.836490 107,2
1579539328 08:55:28.848913 110,2
1579539328 08:55:28.857666 105,2
1579539328 08:55:28.858941 111,2
1579539328 08:55:28.860008 106,2
1579539329 08:55:29.256188 45,2
1579539329 08:55:29.258857 43,2
1579539329 08:55:29.265052 46,2
1579539329 08:55:29.267814 42,2
1579539329 08:55:29.270097 44,2
1579539329 08:55:29.277471 48,2
1579539329 08:55:29.296690 47,2
1579539329 08:55:29.290185 72,2
1579539329 08:55:29.305208 70,2
1579539329 08:55:29.305665 73,2
1579539329 08:55:29.307142 75,2
1579539329 08:55:29.311827 76,2
1579539329 08:55:29.314480 74,2
1579539329 08:55:29.343219 71,2
1579539329 08:55:29.204012 93,2
1579539329 08:55:29.217075 97,2
1579539329 08:55:29.217592 96,2
1579539329 08:55:29.222764 92,2
1579539329 08:55:29.229893 94,2
1579539329 08:55:29.250510 95,2
1579539329 08:55:29.251950 91,2
1579539329 08:55:29.880538 62,2
1579539329 08:55:29.883060 61,2
1579539329 08:55:29.884892 60,2
1579539329 08:55:29.887013 57,2
1579539329 08:55:29.889618 59,2
1579539329 08:55:29.890054 56,2
1579539329 08:55:29.897212 58,2
1579539329 08:55:29.993052 50,2
1579539329 08:55:29.995099 49,2
1579539329 08:55:29.996509 51,2
1579539329 08:55:29.997714 55,2
1579539329 08:55:29.999464 54,2
1579539329 08:55:29.999626 52,2
1579539330 08:55:30.000820 53,2
1579539330 08:55:30.062219 80,2
1579539330 08:55:30.071487 83,2
1579539330 08:55:30.071788 77,2
1579539330 08:55:30.087253 79,2
1579539330 08:55:30.090480 81,2
1579539330 08:55:30.097038 82,2
1579539330 08:55:30.099526 78,2
1579539330 08:55:30.367313 84,2
1579539330 08:55:30.373756 89,2
1579539330 08:55:30.374270 90,2
1579539330 08:55:30.376792 86,2
1579539330 08:55:30.386033 88,2
1579539330 08:55:30.391054 87,2
1579539330 08:55:30.399250 85,2
1579539330 08:55:30.819777 64,2
1579539330 08:55:30.822795 66,2
1579539330 08:55:30.827123 67,2
1579539330 08:55:30.828171 65,2
1579539330 08:55:30.830090 63,2
1579539330 08:55:30.831403 69,2
1579539330 08:55:30.849622 68,2
1579539340 08:55:40.172227 127,3
1579539340 08:55:40.172661 132,3
1579539340 08:55:40.173275 128,3
1579539340 08:55:40.174139 130,3
1579539340 08:55:40.175312 126,3
1579539340 08:55:40.176131 129,3
1579539340 08:55:40.176452 131,3
1579539340 08:55:40.288538 123,3
1579539340 08:55:40.289796 125,3
1579539340 08:55:40.290233 122,3
1579539340 08:55:40.294046 124,3
1579539340 08:55:40.302031 120,3
1579539340 08:55:40.308713 121,3
1579539340 08:55:40.317285 119,3
1579539340 08:55:40.746128 19,3
1579539340 08:55:40.747508 15,3
1579539340 08:55:40.747535 18,3
1579539340 08:55:40.747549 20,3
1579539340 08:55:40.747553 17,3
1579539340 08:55:40.747570 16,3
1579539340 08:55:40.748184 14,3
1579539340 08:55:40.769329 23,3
1579539340 08:55:40.770155 21,3
1579539340 08:55:40.776838 22,3
1579539340 08:55:40.778258 25,3
1579539340 08:55:40.779301 27,3
1579539340 08:55:40.780137 24,3
1579539340 08:55:40.781196 26,3
1579539341 08:55:41.315201 12,3
1579539341 08:55:41.316686 11,3
1579539341 08:55:41.316707 10,3
1579539341 08:55:41.316741 8,3
1579539341 08:55:41.316822 13,3
1579539341 08:55:41.316823 9,3
1579539341 08:55:41.317264 7,3
1579539341 08:55:41.859342 113,3
1579539341 08:55:41.861164 114,3
1579539341 08:55:41.866079 116,3
1579539341 08:55:41.870243 112,3
1579539341 08:55:41.874712 118,3
1579539341 08:55:41.874876 115,3
1579539341 08:55:41.878684 117,3
1579539342 08:55:42.162994 5,3
1579539342 08:55:42.163420 2,3
1579539342 08:55:42.167892 1,3
1579539342 08:55:42.169537 0,3
1579539342 08:55:42.171171 4,3
1579539342 08:55:42.184480 3,3
1579539342 08:55:42.184773 6,3
1579539342 08:55:42.062511 46,3
1579539342 08:55:42.067669 48,3
1579539342 08:55:42.068662 44,3
1579539342 08:55:42.069975 42,3
1579539342 08:55:42.071768 43,3
1579539342 08:55:42.076922 47,3
1579539342 08:55:42.080224 45,3
1579539342 08:55:42.126273 94,3
1579539342 08:55:42.127358 91,3
1579539342 08:55:42.127546 92,3
1579539342 08:55:42.130139 96,3
1579539342 08:55:42.131929 93,3
1579539342 08:55:42.136709 95,3
1579539342 08:55:42.138482 97,3
1579539342 08:55:42.688738 106,3
1579539342 08:55:42.696280 105,3
1579539342 08:55:42.699845 108,3
1579539342 08:55:42.701810 109,3
1579539342 08:55:42.713888 110,3
1579539342 08:55:42.714431 107,3
1579539342 08:55:42.721054 111,3
1579539342 08:55:42.957301 38,3
1579539342 08:55:42.962111 37,3
1579539342 08:55:42.964737 35,3
1579539342 08:55:42.967108 36,3
1579539342 08:55:42.970065 40,3
1579539342 08:55:42.977176 39,3
1579539342 08:55:42.979319 41,3
1579539343 08:55:43.175253 104,3
1579539343 08:55:43.184777 101,3
1579539343 08:55:43.190747 98,3
1579539343 08:55:43.192407 100,3
1579539343 08:55:43.193012 99,3
1579539343 08:55:43.195080 102,3
1579539343 08:55:43.195665 103,3
1579539343 08:55:43.989910 29,3
1579539343 08:55:43.998969 31,3
1579539344 08:55:44.002014 32,3
1579539344 08:55:44.007156 33,3
1579539344 08:55:44.010931 30,3
1579539344 08:55:44.018438 34,3
1579539344 08:55:44.036962 28,3
1579539344 08:55:44.272045 81,3
1579539344 08:55:44.269183 70,3
1579539344 08:55:44.277413 77,3
1579539344 08:55:44.276615 73,3
1579539344 08:55:44.286029 83,3
1579539344 08:55:44.288914 78,3
1579539344 08:55:44.289287 79,3
1579539344 08:55:44.293854 80,3
1579539344 08:55:44.293142 75,3
1579539344 08:55:44.296691 82,3
1579539344 08:55:44.293974 76,3
1579539344 08:55:44.298739 74,3
1579539344 08:55:44.299186 71,3
1579539344 08:55:44.318164 72,3
1579539344 08:55:44.321262 50,3
1579539344 08:55:44.334005 49,3
1579539344 08:55:44.339282 52,3
1579539344 08:55:44.353329 54,3
1579539344 08:55:44.367577 53,3
1579539344 08:55:44.372293 55,3
1579539344 08:55:44.392502 51,3
1579539344 08:55:44.502758 69,3
1579539344 08:55:44.505824 68,3
1579539344 08:55:44.507270 65,3
1579539344 08:55:44.513622 67,3
1579539344 08:55:44.520741 66,3
1579539344 08:55:44.521823 64,3
1579539344 08:55:44.532164 63,3
1579539344 08:55:44.855577 87,3
1579539344 08:55:44.862319 89,3
1579539344 08:55:44.866226 85,3
1579539344 08:55:44.873189 86,3
1579539344 08:55:44.874853 88,3
1579539344 08:55:44.890074 84,3
1579539344 08:55:44.897209 90,3
1579539345 08:55:45.321619 56,3
1579539345 08:55:45.331124 59,3
1579539345 08:55:45.337732 57,3
1579539345 08:55:45.338029 58,3
1579539345 08:55:45.339435 61,3
1579539345 08:55:45.340650 60,3
1579539345 08:55:45.356193 62,3
1579539352 08:55:52.581171 123,4
1579539352 08:55:52.588800 120,4
1579539352 08:55:52.589967 124,4
1579539352 08:55:52.594145 121,4
1579539352 08:55:52.632323 132,4
1579539352 08:55:52.595970 119,4
1579539352 08:55:52.603321 122,4
1579539352 08:55:52.611962 125,4
1579539352 08:55:52.661802 129,4
1579539352 08:55:52.667027 128,4
1579539352 08:55:52.673084 130,4
1579539352 08:55:52.705212 16,4
1579539352 08:55:52.707439 18,4
1579539352 08:55:52.707563 20,4
1579539352 08:55:52.707779 19,4
1579539352 08:55:52.707871 17,4
1579539352 08:55:52.707983 15,4
1579539352 08:55:52.708134 14,4
1579539352 08:55:52.683919 127,4
1579539352 08:55:52.684623 126,4
1579539352 08:55:52.687391 131,4
1579539352 08:55:52.664701 26,4
1579539352 08:55:52.678158 27,4
1579539352 08:55:52.682455 24,4
1579539352 08:55:52.685810 23,4
1579539352 08:55:52.694213 25,4
1579539352 08:55:52.741493 21,4
1579539352 08:55:52.750864 22,4
1579539354 08:55:54.478991 5,4
1579539354 08:55:54.480847 1,4
1579539354 08:55:54.495564 2,4
1579539354 08:55:54.507231 3,4
1579539354 08:55:54.526436 4,4
1579539354 08:55:54.527019 6,4
1579539354 08:55:54.175811 51,4
1579539354 08:55:54.538457 0,4
1579539354 08:55:54.179868 49,4
1579539354 08:55:54.099990 12,4
1579539354 08:55:54.100152 7,4
1579539354 08:55:54.101332 11,4
1579539354 08:55:54.101523 9,4
1579539354 08:55:54.101665 13,4
1579539354 08:55:54.102414 10,4
1579539354 08:55:54.102673 8,4
1579539354 08:55:54.185910 53,4
1579539354 08:55:54.189454 55,4
1579539354 08:55:54.192284 54,4
1579539354 08:55:54.192303 52,4
1579539354 08:55:54.196410 50,4
1579539354 08:55:54.267617 94,4
1579539354 08:55:54.268977 97,4
1579539354 08:55:54.269070 91,4
1579539354 08:55:54.269081 93,4
1579539354 08:55:54.269101 92,4
1579539354 08:55:54.272835 95,4
1579539354 08:55:54.286471 96,4
1579539354 08:55:54.723179 31,4
1579539354 08:55:54.669979 116,4
1579539354 08:55:54.671715 117,4
1579539354 08:55:54.671732 118,4
1579539354 08:55:54.671753 113,4
1579539354 08:55:54.671769 115,4
1579539354 08:55:54.671788 114,4
1579539354 08:55:54.671854 112,4
1579539354 08:55:54.744660 29,4
1579539354 08:55:54.745588 34,4
1579539354 08:55:54.748929 33,4
1579539354 08:55:54.752926 32,4
1579539354 08:55:54.756002 30,4
1579539354 08:55:54.773053 28,4
1579539354 08:55:54.964450 42,4
1579539354 08:55:54.965184 45,4
1579539354 08:55:54.965254 47,4
1579539354 08:55:54.965817 46,4
1579539354 08:55:54.966098 44,4
1579539354 08:55:54.966458 48,4
1579539354 08:55:54.966994 43,4
1579539354 08:55:54.997500 40,4
1579539355 08:55:55.002137 41,4
1579539355 08:55:55.002888 38,4
1579539355 08:55:55.008160 35,4
1579539355 08:55:55.012866 37,4
1579539355 08:55:55.017495 36,4
1579539355 08:55:55.025024 39,4
1579539355 08:55:55.098896 99,4
1579539354 08:55:54.920398 107,4
1579539355 08:55:55.111617 98,4
1579539355 08:55:55.113507 101,4
1579539355 08:55:55.113983 100,4
1579539354 08:55:54.931300 109,4
1579539355 08:55:55.117964 102,4
1579539355 08:55:55.119338 103,4
1579539354 08:55:54.937785 105,4
1579539354 08:55:54.939153 106,4
1579539354 08:55:54.939872 111,4
1579539354 08:55:54.940845 110,4
1579539355 08:55:55.129274 104,4
1579539354 08:55:54.951792 108,4
1579539355 08:55:55.580907 89,4
1579539355 08:55:55.594004 85,4
1579539355 08:55:55.595358 88,4
1579539355 08:55:55.600755 86,4
1579539355 08:55:55.602432 84,4
1579539355 08:55:55.603085 87,4
1579539355 08:55:55.616754 90,4
1579539355 08:55:55.751173 62,4
1579539355 08:55:55.757422 59,4
1579539355 08:55:55.759570 60,4
1579539355 08:55:55.762099 58,4
1579539355 08:55:55.764384 57,4
1579539355 08:55:55.765390 61,4
1579539355 08:55:55.767651 56,4
1579539355 08:55:55.580952 74,4
1579539355 08:55:55.595031 73,4
1579539355 08:55:55.595944 71,4
1579539355 08:55:55.599926 75,4
1579539355 08:55:55.600210 70,4
1579539355 08:55:55.607853 76,4
1579539355 08:55:55.613485 72,4
1579539355 08:55:55.741259 77,4
1579539355 08:55:55.754937 79,4
1579539355 08:55:55.765657 78,4
1579539355 08:55:55.769022 81,4
1579539355 08:55:55.770174 80,4
1579539355 08:55:55.774060 83,4
1579539355 08:55:55.774617 82,4
1579539356 08:55:56.308367 69,4
1579539356 08:55:56.318039 68,4
1579539356 08:55:56.322206 65,4
1579539356 08:55:56.324553 66,4
1579539356 08:55:56.335840 63,4
1579539356 08:55:56.339480 64,4
1579539356 08:55:56.343292 67,4
1579539361 08:56:01.803451 120,5
1579539361 08:56:01.805977 123,5
1579539361 08:56:01.811089 121,5
1579539361 08:56:01.811847 125,5
1579539361 08:56:01.812307 124,5
1579539361 08:56:01.816386 119,5
1579539361 08:56:01.818430 122,5
1579539361 08:56:01.870323 131,5
1579539361 08:56:01.876984 129,5
1579539361 08:56:01.878029 132,5
1579539361 08:56:01.880530 126,5
1579539361 08:56:01.881746 127,5
1579539361 08:56:01.883057 130,5
1579539361 08:56:01.885924 128,5
1579539362 08:56:02.182207 19,5
1579539362 08:56:02.183729 18,5
1579539362 08:56:02.183748 15,5
1579539362 08:56:02.183769 17,5
1579539362 08:56:02.183797 16,5
1579539362 08:56:02.183882 20,5
1579539362 08:56:02.184291 14,5
1579539362 08:56:02.172208 24,5
1579539362 08:56:02.173616 26,5
1579539362 08:56:02.173701 22,5
1579539362 08:56:02.173723 25,5
1579539362 08:56:02.173761 27,5
1579539362 08:56:02.173827 21,5
1579539362 08:56:02.173892 23,5
1579539365 08:56:05.477346 113,5
1579539365 08:56:05.478754 112,5
1579539365 08:56:05.478947 117,5
1579539365 08:56:05.480207 118,5
1579539365 08:56:05.483968 114,5
1579539365 08:56:05.498384 116,5
1579539365 08:56:05.508337 115,5
1579539366 08:56:06.054589 13,5
1579539366 08:56:06.057393 8,5
1579539366 08:56:06.060742 7,5
1579539366 08:56:06.062728 9,5
1579539366 08:56:06.063211 10,5
1579539366 08:56:06.065104 11,5
1579539366 08:56:06.066423 12,5
1579539367 08:56:07.077080 60,5
1579539367 08:56:07.077395 56,5
1579539367 08:56:07.078790 62,5
1579539367 08:56:07.078868 59,5
1579539367 08:56:07.078902 57,5
1579539367 08:56:07.078992 61,5
1579539367 08:56:07.079120 58,5
1579539366 08:56:06.901085 52,5
1579539366 08:56:06.903125 55,5
1579539366 08:56:06.903417 54,5
1579539366 08:56:06.903899 53,5
1579539366 08:56:06.906908 50,6
1579539366 08:56:06.907480 51,5
1579539366 08:56:06.909017 50,6
1579539366 08:56:06.912941 49,6
1579539366 08:56:06.913252 49,6
1579539366 08:56:06.871009 93,5
1579539366 08:56:06.872598 97,5
1579539366 08:56:06.876523 92,5
1579539366 08:56:06.880601 94,5
1579539366 08:56:06.886263 91,5
1579539366 08:56:06.889649 96,5
1579539366 08:56:06.893512 95,5
1579539367 08:56:07.512596 86,5
1579539367 08:56:07.513901 85,5
1579539367 08:56:07.513914 90,5
1579539367 08:56:07.513934 87,5
1579539367 08:56:07.513979 84,5
1579539367 08:56:07.514018 89,5
1579539367 08:56:07.514038 88,5
1579539367 08:56:07.419430 32,5
1579539367 08:56:07.428075 29,5
1579539367 08:56:07.429477 33,5
1579539367 08:56:07.432476 30,5
1579539367 08:56:07.432634 31,5
1579539367 08:56:07.433821 28,5
1579539367 08:56:07.434003 34,5
1579539367 08:56:07.348388 79,5
1579539367 08:56:07.350275 78,5
1579539367 08:56:07.350333 82,5
1579539367 08:56:07.351452 77,5
1579539367 08:56:07.458261 102,5
1579539367 08:56:07.458605 98,5
1579539367 08:56:07.460132 104,5
1579539367 08:56:07.355192 83,5
1579539367 08:56:07.460243 101,5
1579539367 08:56:07.460370 100,5
1579539367 08:56:07.460416 99,5
1579539367 08:56:07.460506 103,5
1579539367 08:56:07.356004 81,5
1579539367 08:56:07.356130 80,5
1579539367 08:56:07.314962 67,5
1579539367 08:56:07.317273 68,5
1579539367 08:56:07.317544 69,5
1579539367 08:56:07.317885 66,5
1579539367 08:56:07.319814 64,5
1579539367 08:56:07.321095 65,5
1579539367 08:56:07.321915 63,5
1579539367 08:56:07.437748 110,5
1579539367 08:56:07.439005 110,6
1579539367 08:56:07.442881 109,5
1579539367 08:56:07.443026 106,5
1579539367 08:56:07.444044 108,5
1579539367 08:56:07.444354 111,5
1579539367 08:56:07.446979 107,5
1579539367 08:56:07.451580 105,5
1579539367 08:56:07.731953 47,5
1579539367 08:56:07.732963 45,5
1579539367 08:56:07.733908 44,5
1579539367 08:56:07.734185 43,5
1579539367 08:56:07.734738 46,5
1579539367 08:56:07.735083 42,5
1579539367 08:56:07.735203 42,6
1579539367 08:56:07.735384 48,5
