1579538486 08:41:26.134660 18,0
1579538486 08:41:26.134786 19,0
1579538486 08:41:26.134801 20,0
1579538486 08:41:26.134816 21,0
1579538486 08:41:26.134829 22,0
1579538486 08:41:26.134843 23,0
1579538486 08:41:26.134855 24,0
1579538486 08:41:26.134872 25,0
1579538486 08:41:26.134884 26,0
1579538486 08:41:26.648337 9,0
1579538486 08:41:26.648461 10,0
1579538486 08:41:26.648475 11,0
1579538486 08:41:26.648490 12,0
1579538486 08:41:26.648504 13,0
1579538486 08:41:26.648515 14,0
1579538486 08:41:26.648529 15,0
1579538486 08:41:26.648541 16,0
1579538486 08:41:26.648552 17,0
1579538487 08:41:27.118735 0,0
1579538487 08:41:27.118849 1,0
1579538487 08:41:27.118862 2,0
1579538487 08:41:27.118873 3,0
1579538487 08:41:27.118883 4,0
1579538487 08:41:27.118893 5,0
1579538487 08:41:27.118905 6,0
1579538487 08:41:27.118916 7,0
1579538487 08:41:27.118927 8,0
1579538487 08:41:27.061731 27,0
1579538487 08:41:27.061859 28,0
1579538487 08:41:27.061874 29,0
1579538487 08:41:27.061886 30,0
1579538487 08:41:27.061898 31,0
1579538487 08:41:27.061909 32,0
1579538487 08:41:27.061919 33,0
1579538487 08:41:27.061930 34,0
1579538487 08:41:27.061940 35,0
1579538487 08:41:27.020382 117,0
1579538487 08:41:27.020520 118,0
1579538487 08:41:27.020535 119,0
1579538487 08:41:27.020550 120,0
1579538487 08:41:27.020563 121,0
1579538487 08:41:27.020576 122,0
1579538487 08:41:27.020589 123,0
1579538487 08:41:27.020617 124,0
1579538487 08:41:27.020630 125,0
1579538487 08:41:27.419521 72,0
1579538487 08:41:27.419625 73,0
1579538487 08:41:27.419638 74,0
1579538487 08:41:27.419650 75,0
1579538487 08:41:27.419661 76,0
1579538487 08:41:27.419672 77,0
1579538487 08:41:27.419682 78,0
1579538487 08:41:27.419693 79,0
1579538487 08:41:27.419703 80,0
1579538487 08:41:27.102027 153,0
1579538487 08:41:27.102152 154,0
1579538487 08:41:27.102166 155,0
1579538487 08:41:27.102177 156,0
1579538487 08:41:27.102191 157,0
1579538487 08:41:27.102203 158,0
1579538487 08:41:27.102215 159,0
1579538487 08:41:27.102251 160,0
1579538487 08:41:27.102264 161,0
1579538487 08:41:27.252737 54,0
1579538487 08:41:27.252847 55,0
1579538487 08:41:27.252861 56,0
1579538487 08:41:27.252871 57,0
1579538487 08:41:27.252884 58,0
1579538487 08:41:27.252895 59,0
1579538487 08:41:27.252906 60,0
1579538487 08:41:27.252920 61,0
1579538487 08:41:27.252931 62,0
1579538487 08:41:27.191555 63,0
1579538487 08:41:27.191654 64,0
1579538487 08:41:27.191668 65,0
1579538487 08:41:27.191679 66,0
1579538487 08:41:27.191689 67,0
1579538487 08:41:27.191702 68,0
1579538487 08:41:27.191713 69,0
1579538487 08:41:27.191726 70,0
1579538487 08:41:27.191758 71,0
1579538487 08:41:27.358426 36,0
1579538487 08:41:27.358542 37,0
1579538487 08:41:27.358555 38,0
1579538487 08:41:27.358566 39,0
1579538487 08:41:27.358589 40,0
1579538487 08:41:27.358602 41,0
1579538487 08:41:27.358614 42,0
1579538487 08:41:27.358625 43,0
1579538487 08:41:27.358637 44,0
1579538487 08:41:27.316485 144,0
1579538487 08:41:27.316586 145,0
1579538487 08:41:27.316600 146,0
1579538487 08:41:27.316615 147,0
1579538487 08:41:27.316628 148,0
1579538487 08:41:27.316640 149,0
1579538487 08:41:27.316652 150,0
1579538487 08:41:27.316665 151,0
1579538487 08:41:27.316676 152,0
1579538487 08:41:27.254374 90,0
1579538487 08:41:27.254483 91,0
1579538487 08:41:27.254498 92,0
1579538487 08:41:27.254510 93,0
1579538487 08:41:27.254521 94,0
1579538487 08:41:27.254534 95,0
1579538487 08:41:27.254569 96,0
1579538487 08:41:27.254582 97,0
1579538487 08:41:27.254595 98,0
1579538487 08:41:27.325809 45,0
1579538487 08:41:27.325919 46,0
1579538487 08:41:27.325933 47,0
1579538487 08:41:27.325945 48,0
1579538487 08:41:27.325962 49,0
1579538487 08:41:27.325973 50,0
1579538487 08:41:27.325985 51,0
1579538487 08:41:27.325999 52,0
1579538487 08:41:27.326014 53,0
1579538487 08:41:27.224022 162,0
1579538487 08:41:27.224129 163,0
1579538487 08:41:27.224142 164,0
1579538487 08:41:27.224153 165,0
1579538487 08:41:27.224165 166,0
1579538487 08:41:27.224176 167,0
1579538487 08:41:27.224189 168,0
1579538487 08:41:27.224211 169,0
1579538487 08:41:27.224222 170,0
1579538487 08:41:27.203898 135,0
1579538487 08:41:27.204007 136,0
1579538487 08:41:27.204021 137,0
1579538487 08:41:27.204046 138,0
1579538487 08:41:27.204058 139,0
1579538487 08:41:27.204071 140,0
1579538487 08:41:27.204116 141,0
1579538487 08:41:27.204140 142,0
1579538487 08:41:27.204155 143,0
1579538487 08:41:27.320093 99,0
1579538487 08:41:27.320222 100,0
1579538487 08:41:27.320237 101,0
1579538487 08:41:27.320248 102,0
1579538487 08:41:27.320259 103,0
1579538487 08:41:27.320270 104,0
1579538487 08:41:27.320282 105,0
1579538487 08:41:27.320296 106,0
1579538487 08:41:27.320309 107,0
1579538487 08:41:27.464618 126,0
1579538487 08:41:27.464737 127,0
1579538487 08:41:27.464750 128,0
1579538487 08:41:27.464763 129,0
1579538487 08:41:27.464774 130,0
1579538487 08:41:27.464785 131,0
1579538487 08:41:27.464795 132,0
1579538487 08:41:27.464807 133,0
1579538487 08:41:27.464818 134,0
1579538487 08:41:27.772758 108,0
1579538487 08:41:27.772896 109,0
1579538487 08:41:27.772911 110,0
1579538487 08:41:27.772926 111,0
1579538487 08:41:27.772939 112,0
1579538487 08:41:27.772951 113,0
1579538487 08:41:27.772995 114,0
1579538487 08:41:27.773009 115,0
1579538487 08:41:27.773021 116,0
1579538487 08:41:27.489075 81,0
1579538487 08:41:27.489150 82,0
1579538487 08:41:27.489162 83,0
1579538487 08:41:27.489170 84,0
1579538487 08:41:27.489193 85,0
1579538487 08:41:27.489202 86,0
1579538487 08:41:27.489210 87,0
1579538487 08:41:27.489217 88,0
1579538487 08:41:27.489225 89,0
1579538496 08:41:36.116024 26,1
1579538496 08:41:36.125204 24,1
1579538496 08:41:36.130922 25,1
1579538496 08:41:36.133569 23,1
1579538496 08:41:36.142595 21,1
1579538496 08:41:36.144460 20,1
1579538496 08:41:36.159789 19,1
1579538496 08:41:36.174663 18,1
1579538496 08:41:36.178215 22,1
1579538496 08:41:36.202328 30,1
1579538496 08:41:36.203578 27,1
1579538496 08:41:36.206290 31,1
1579538496 08:41:36.208262 35,1
1579538496 08:41:36.208879 34,1
1579538496 08:41:36.209887 33,1
1579538496 08:41:36.210054 28,1
1579538496 08:41:36.210094 32,1
1579538496 08:41:36.210680 29,1
1579538498 08:41:38.229982 162,1
1579538498 08:41:38.232924 164,1
1579538498 08:41:38.238786 169,1
1579538498 08:41:38.239190 168,1
1579538498 08:41:38.240404 167,1
1579538498 08:41:38.251641 163,1
1579538498 08:41:38.286131 166,1
1579538498 08:41:38.295158 170,1
1579538498 08:41:38.339707 165,1
1579538499 08:41:39.438086 159,1
1579538499 08:41:39.448545 156,1
1579538499 08:41:39.450700 157,1
1579538499 08:41:39.461296 155,1
1579538499 08:41:39.465451 154,1
1579538499 08:41:39.474931 160,1
1579538499 08:41:39.479299 153,1
1579538499 08:41:39.712899 38,1
1579538499 08:41:39.517096 161,1
1579538499 08:41:39.528074 158,1
1579538499 08:41:39.734861 41,1
1579538499 08:41:39.735654 37,1
1579538499 08:41:39.744345 43,1
1579538499 08:41:39.749454 42,1
1579538499 08:41:39.749626 39,1
1579538499 08:41:39.767532 36,1
1579538499 08:41:39.770445 40,1
1579538499 08:41:39.771465 44,1
1579538500 08:41:40.001265 62,1
1579538500 08:41:40.014416 58,1
1579538500 08:41:40.015917 60,1
1579538500 08:41:40.021484 59,1
1579538500 08:41:40.024370 61,1
1579538500 08:41:40.031932 56,1
1579538500 08:41:40.045435 55,1
1579538500 08:41:40.080500 57,1
1579538500 08:41:40.084594 54,1
1579538500 08:41:40.176628 45,1
1579538500 08:41:40.190915 47,1
1579538500 08:41:40.192434 52,1
1579538500 08:41:40.198121 49,1
1579538500 08:41:40.207037 53,1
1579538500 08:41:40.212817 48,1
1579538500 08:41:40.216762 50,1
1579538500 08:41:40.216908 51,1
1579538500 08:41:40.225826 46,1
1579538500 08:41:40.505003 4,1
1579538500 08:41:40.506704 8,1
1579538500 08:41:40.512273 2,1
1579538500 08:41:40.514994 5,1
1579538500 08:41:40.515099 0,1
1579538500 08:41:40.528711 1,1
1579538500 08:41:40.552919 3,1
1579538500 08:41:40.565618 7,1
1579538500 08:41:40.573402 6,1
1579538500 08:41:40.441744 17,1
1579538500 08:41:40.500896 16,1
1579538500 08:41:40.508833 13,1
1579538500 08:41:40.510040 15,1
1579538500 08:41:40.510647 12,1
1579538500 08:41:40.515773 9,1
1579538500 08:41:40.521967 14,1
1579538500 08:41:40.605293 68,1
1579538500 08:41:40.532980 11,1
1579538500 08:41:40.535686 10,1
1579538500 08:41:40.619861 64,1
1579538500 08:41:40.620988 71,1
1579538500 08:41:40.623651 63,1
1579538500 08:41:40.630049 66,1
1579538500 08:41:40.631104 69,1
1579538500 08:41:40.631434 70,1
1579538500 08:41:40.632487 65,1
1579538500 08:41:40.642304 67,1
1579538501 08:41:41.295183 138,1
1579538501 08:41:41.299926 141,1
1579538501 08:41:41.307388 136,1
1579538501 08:41:41.309846 137,1
1579538501 08:41:41.312235 140,1
1579538501 08:41:41.319323 143,1
1579538501 08:41:41.320873 139,1
1579538501 08:41:41.329659 142,1
1579538501 08:41:41.329872 135,1
1579538501 08:41:41.546310 126,1
1579538501 08:41:41.552139 127,1
1579538501 08:41:41.553593 128,1
1579538501 08:41:41.558005 134,1
1579538501 08:41:41.558520 133,1
1579538501 08:41:41.563058 130,1
1579538501 08:41:41.574253 129,1
1579538501 08:41:41.584200 131,1
1579538501 08:41:41.587108 132,1
1579538501 08:41:41.732131 80,1
1579538501 08:41:41.734057 79,1
1579538501 08:41:41.734743 76,1
1579538501 08:41:41.737155 72,1
1579538501 08:41:41.738077 78,1
1579538501 08:41:41.742960 74,1
1579538501 08:41:41.744724 73,1
1579538501 08:41:41.745762 77,1
1579538501 08:41:41.767851 75,1
1579538501 08:41:41.533570 83,1
1579538501 08:41:41.537104 86,1
1579538501 08:41:41.537345 85,1
1579538501 08:41:41.538298 82,1
1579538501 08:41:41.538779 87,1
1579538501 08:41:41.540526 81,1
1579538501 08:41:41.540617 84,1
1579538501 08:41:41.541660 89,1
1579538501 08:41:41.561958 88,1
1579538501 08:41:41.937013 147,1
1579538501 08:41:41.945023 150,1
1579538501 08:41:41.948582 151,1
1579538501 08:41:41.956958 145,1
1579538501 08:41:41.964181 146,1
1579538501 08:41:41.967248 144,1
1579538501 08:41:41.967840 149,1
1579538501 08:41:41.971211 148,1
1579538501 08:41:41.979804 152,1
1579538502 08:41:42.134056 119,1
1579538502 08:41:42.139977 121,1
1579538502 08:41:42.142950 120,1
1579538502 08:41:42.146928 117,1
1579538502 08:41:42.150069 124,1
1579538502 08:41:42.154243 123,1
1579538502 08:41:42.166295 125,1
1579538502 08:41:42.166543 122,1
1579538502 08:41:42.184677 118,1
1579538503 08:41:43.690338 109,1
1579538503 08:41:43.692162 112,1
1579538503 08:41:43.692199 108,1
1579538503 08:41:43.692226 111,1
1579538503 08:41:43.692246 113,1
1579538503 08:41:43.692248 110,1
1579538503 08:41:43.692948 114,1
1579538503 08:41:43.693044 115,1
1579538503 08:41:43.693153 116,1
1579538503 08:41:43.492144 106,1
1579538503 08:41:43.493110 102,1
1579538503 08:41:43.497454 100,1
1579538503 08:41:43.503352 107,1
1579538503 08:41:43.503781 105,1
1579538503 08:41:43.501024 94,1
1579538503 08:41:43.505926 104,1
1579538503 08:41:43.506184 101,1
1579538503 08:41:43.507002 103,1
1579538503 08:41:43.511341 92,1
1579538503 08:41:43.528183 93,1
1579538503 08:41:43.531335 91,1
1579538503 08:41:43.533797 96,1
1579538503 08:41:43.543809 99,1
1579538503 08:41:43.549224 90,1
1579538503 08:41:43.552653 98,1
1579538503 08:41:43.557709 97,1
1579538503 08:41:43.591555 95,1
1579538512 08:41:52.007599 18,2
1579538512 08:41:52.007708 25,2
1579538512 08:41:52.009173 19,2
1579538512 08:41:52.009393 20,2
1579538512 08:41:52.009483 21,2
1579538512 08:41:52.009689 23,2
1579538512 08:41:52.010420 24,2
1579538512 08:41:52.011057 26,2
1579538512 08:41:52.011671 22,2
1579538512 08:41:52.086590 30,2
1579538512 08:41:52.105048 28,2
1579538512 08:41:52.105262 34,2
1579538512 08:41:52.105310 33,2
1579538512 08:41:52.106387 32,2
1579538512 08:41:52.121983 27,2
1579538512 08:41:52.135226 35,2
1579538512 08:41:52.138087 31,2
1579538512 08:41:52.152532 29,2
1579538514 08:41:54.096917 3,2
1579538514 08:41:54.114507 5,2
1579538514 08:41:54.119546 6,2
1579538514 08:41:54.124015 2,2
1579538514 08:41:54.126387 1,2
1579538514 08:41:54.134983 4,2
1579538514 08:41:54.141970 7,2
1579538514 08:41:54.144987 0,2
1579538514 08:41:54.150037 8,2
1579538513 08:41:53.857525 10,2
1579538513 08:41:53.865055 11,2
1579538513 08:41:53.866738 14,2
1579538513 08:41:53.868139 9,2
1579538513 08:41:53.869350 13,2
1579538513 08:41:53.888695 12,2
1579538513 08:41:53.898830 16,2
1579538513 08:41:53.912951 15,2
1579538513 08:41:53.920904 17,2
1579538514 08:41:54.724567 49,2
1579538514 08:41:54.750818 48,2
1579538514 08:41:54.754941 50,2
1579538514 08:41:54.759835 46,2
1579538514 08:41:54.766879 51,2
1579538514 08:41:54.775639 52,2
1579538514 08:41:54.780088 53,2
1579538514 08:41:54.780773 47,2
1579538514 08:41:54.805391 45,2
1579538515 08:41:55.080354 56,2
1579538515 08:41:55.087999 58,2
1579538515 08:41:55.089140 54,2
1579538515 08:41:55.095423 57,2
1579538515 08:41:55.098694 59,2
1579538515 08:41:55.100085 62,2
1579538515 08:41:55.100968 60,2
1579538515 08:41:55.103051 55,2
1579538515 08:41:55.115532 61,2
1579538515 08:41:55.420115 65,2
1579538515 08:41:55.435330 63,2
1579538515 08:41:55.436083 67,2
1579538515 08:41:55.442819 69,2
1579538515 08:41:55.445512 66,2
1579538515 08:41:55.455515 70,2
1579538515 08:41:55.477037 71,2
1579538515 08:41:55.478188 68,2
1579538515 08:41:55.478705 64,2
1579538515 08:41:55.701054 39,2
1579538515 08:41:55.705516 38,2
1579538515 08:41:55.713681 44,2
1579538515 08:41:55.716430 42,2
1579538515 08:41:55.719538 40,2
1579538515 08:41:55.732090 37,2
1579538515 08:41:55.732411 36,2
1579538515 08:41:55.736029 41,2
1579538515 08:41:55.765827 43,2
1579538515 08:41:55.899784 76,2
1579538515 08:41:55.916629 75,2
1579538515 08:41:55.917094 80,2
1579538515 08:41:55.629647 170,2
1579538515 08:41:55.920117 79,2
1579538515 08:41:55.920300 73,2
1579538515 08:41:55.925022 77,2
1579538515 08:41:55.925280 78,2
1579538515 08:41:55.926956 72,2
1579538515 08:41:55.934519 74,2
1579538515 08:41:55.650238 166,2
1579538515 08:41:55.655418 165,2
1579538515 08:41:55.656284 164,2
1579538515 08:41:55.661796 162,2
1579538515 08:41:55.665605 163,2
1579538515 08:41:55.685887 168,2
1579538515 08:41:55.689761 169,2
1579538515 08:41:55.706474 167,2
1579538515 08:41:55.706638 159,2
1579538515 08:41:55.717250 157,2
1579538515 08:41:55.722996 155,2
1579538515 08:41:55.765164 83,2
1579538515 08:41:55.767330 87,2
1579538515 08:41:55.729612 160,2
1579538515 08:41:55.768910 84,2
1579538515 08:41:55.771160 82,2
1579538515 08:41:55.772344 89,2
1579538515 08:41:55.773163 88,2
1579538515 08:41:55.773947 86,2
1579538515 08:41:55.740456 158,2
1579538515 08:41:55.778255 81,2
1579538515 08:41:55.742039 154,2
1579538515 08:41:55.743642 153,2
1579538515 08:41:55.791587 85,2
1579538515 08:41:55.759100 156,2
1579538515 08:41:55.789701 161,2
1579538516 08:41:56.514493 148,2
1579538516 08:41:56.522584 145,2
1579538516 08:41:56.530418 144,2
1579538516 08:41:56.534342 151,2
1579538516 08:41:56.534649 150,2
1579538516 08:41:56.534890 152,2
1579538516 08:41:56.535634 146,2
1579538516 08:41:56.536631 149,2
1579538516 08:41:56.553578 147,2
1579538516 08:41:56.687777 92,2
1579538516 08:41:56.692452 91,2
1579538516 08:41:56.697367 96,2
1579538516 08:41:56.700207 95,2
1579538516 08:41:56.702787 93,2
1579538516 08:41:56.709017 90,2
1579538516 08:41:56.711208 97,2
1579538516 08:41:56.726896 98,2
1579538516 08:41:56.768220 94,2
1579538516 08:41:56.982323 140,2
1579538516 08:41:56.998639 142,2
1579538516 08:41:56.999287 137,2
1579538517 08:41:57.012872 139,2
1579538517 08:41:57.033093 135,2
1579538517 08:41:57.049514 138,2
1579538517 08:41:57.051817 136,2
1579538517 08:41:57.089482 141,2
1579538517 08:41:57.091347 143,2
1579538517 08:41:57.166329 100,2
1579538517 08:41:57.180005 105,2
1579538517 08:41:57.187159 106,2
1579538517 08:41:57.192387 104,2
1579538517 08:41:57.193529 102,2
1579538517 08:41:57.194793 101,2
1579538517 08:41:57.204152 107,2
1579538517 08:41:57.205823 99,2
1579538517 08:41:57.215439 103,2
1579538517 08:41:57.378023 125,2
1579538517 08:41:57.379542 123,2
1579538517 08:41:57.380066 120,2
1579538517 08:41:57.380257 119,2
1579538517 08:41:57.380367 122,2
1579538517 08:41:57.380709 117,2
1579538517 08:41:57.639657 129,2
1579538517 08:41:57.384269 118,2
1579538517 08:41:57.642771 132,2
1579538517 08:41:57.643521 128,2
1579538517 08:41:57.644458 126,2
1579538517 08:41:57.652804 131,2
1579538517 08:41:57.653368 134,2
1579538517 08:41:57.654871 133,2
1579538517 08:41:57.398178 124,2
1579538517 08:41:57.402877 121,2
1579538517 08:41:57.674400 130,2
1579538517 08:41:57.682683 127,2
1579538517 08:41:57.915734 113,2
1579538517 08:41:57.916884 115,2
1579538517 08:41:57.919712 116,2
1579538517 08:41:57.925171 114,2
1579538517 08:41:57.928579 111,2
1579538517 08:41:57.928800 110,2
1579538517 08:41:57.934038 112,2
1579538517 08:41:57.937033 109,2
1579538517 08:41:57.959508 108,2
1579538528 08:42:08.335895 33,3
1579538528 08:42:08.337507 35,3
1579538528 08:42:08.337574 35,4
1579538528 08:42:08.337934 29,3
1579538528 08:42:08.338044 34,3
1579538528 08:42:08.338098 32,3
1579538528 08:42:08.338243 31,3
1579538528 08:42:08.338261 30,3
1579538528 08:42:08.338662 28,3
1579538528 08:42:08.339871 27,3
1579538528 08:42:08.341569 32,4
1579538528 08:42:08.344930 34,4
1579538528 08:42:08.347012 31,4
1579538528 08:42:08.349039 28,4
1579538528 08:42:08.350513 33,4
1579538528 08:42:08.350799 29,4
1579538528 08:42:08.359546 30,4
1579538528 08:42:08.381472 27,4
1579538528 08:42:08.462346 25,3
1579538528 08:42:08.465157 26,3
1579538528 08:42:08.472468 21,3
1579538528 08:42:08.473504 19,3
1579538528 08:42:08.477804 22,3
1579538528 08:42:08.480195 20,3
1579538528 08:42:08.485377 23,3
1579538528 08:42:08.494550 24,3
1579538528 08:42:08.509484 18,3
1579538528 08:42:08.648030 19,4
1579538528 08:42:08.650354 22,4
1579538528 08:42:08.651714 21,4
1579538528 08:42:08.657751 23,4
1579538528 08:42:08.674470 24,4
1579538528 08:42:08.679820 26,4
1579538528 08:42:08.686254 25,4
1579538528 08:42:08.687970 20,4
1579538528 08:42:08.719749 18,4
1579538530 08:42:10.160096 87,3
1579538530 08:42:10.162155 86,3
1579538530 08:42:10.162321 88,3
1579538530 08:42:10.162515 83,3
1579538530 08:42:10.162690 85,3
1579538530 08:42:10.162802 84,3
1579538530 08:42:10.165792 81,3
1579538530 08:42:10.166442 82,3
1579538530 08:42:10.168703 89,3
1579538530 08:42:10.547418 79,3
1579538530 08:42:10.551119 78,3
1579538530 08:42:10.552798 80,3
1579538530 08:42:10.557344 73,3
1579538530 08:42:10.559198 77,3
1579538530 08:42:10.559553 74,3
1579538530 08:42:10.562549 72,3
1579538530 08:42:10.577936 76,3
1579538530 08:42:10.590535 75,3
1579538530 08:42:10.399462 162,3
1579538530 08:42:10.403247 163,3
1579538530 08:42:10.403276 165,3
1579538530 08:42:10.403546 166,3
1579538530 08:42:10.413426 168,3
1579538530 08:42:10.416430 170,3
1579538530 08:42:10.418767 164,3
1579538530 08:42:10.420877 167,3
1579538530 08:42:10.427523 169,3
1579538530 08:42:10.806401 51,3
1579538530 08:42:10.807848 46,3
1579538530 08:42:10.809806 49,3
1579538530 08:42:10.810402 45,3
1579538530 08:42:10.810775 52,3
1579538530 08:42:10.811823 48,3
1579538530 08:42:10.811938 47,3
1579538530 08:42:10.827801 53,3
1579538530 08:42:10.829836 50,3
1579538531 08:42:11.104230 36,3
1579538531 08:42:11.147956 41,3
1579538531 08:42:11.168375 43,3
1579538530 08:42:10.943603 9,3
1579538530 08:42:10.951322 10,3
1579538531 08:42:11.187258 40,3
1579538530 08:42:10.956883 11,3
1579538531 08:42:11.190613 37,3
1579538530 08:42:10.958635 17,3
1579538530 08:42:10.962270 14,3
1579538530 08:42:10.964734 12,3
1579538530 08:42:10.967874 13,3
1579538531 08:42:11.210522 44,3
1579538531 08:42:11.211799 42,3
1579538530 08:42:10.983449 16,3
1579538531 08:42:11.218319 38,3
1579538531 08:42:11.230125 39,3
1579538531 08:42:11.012335 15,3
1579538531 08:42:11.252497 55,3
1579538531 08:42:11.516534 7,3
1579538531 08:42:11.516935 7,4
1579538531 08:42:11.260189 58,3
1579538531 08:42:11.260919 56,3
1579538531 08:42:11.520904 3,3
1579538531 08:42:11.523766 8,3
1579538531 08:42:11.265111 54,3
1579538531 08:42:11.100898 11,4
1579538531 08:42:11.525684 6,3
1579538531 08:42:11.267685 61,3
1579538531 08:42:11.526838 6,4
1579538531 08:42:11.268532 62,3
1579538531 08:42:11.528290 3,4
1579538531 08:42:11.529501 8,4
1579538531 08:42:11.107422 10,4
1579538531 08:42:11.109798 9,4
1579538531 08:42:11.111441 13,4
1579538531 08:42:11.278095 57,3
1579538531 08:42:11.117354 14,4
1579538531 08:42:11.121002 15,4
1579538531 08:42:11.546381 0,3
1579538531 08:42:11.546920 0,4
1579538531 08:42:11.288462 59,3
1579538531 08:42:11.548302 4,3
1579538531 08:42:11.129076 12,4
1579538531 08:42:11.553304 2,3
1579538531 08:42:11.295301 60,3
1579538531 08:42:11.554509 2,4
1579538531 08:42:11.554872 5,3
1579538531 08:42:11.131003 17,4
1579538531 08:42:11.560201 5,4
1579538531 08:42:11.138721 16,4
1579538531 08:42:11.583884 1,3
1579538531 08:42:11.589731 1,4
1579538531 08:42:11.591869 4,4
1579538531 08:42:11.480529 39,4
1579538531 08:42:11.482696 40,4
1579538531 08:42:11.494320 44,4
1579538531 08:42:11.496394 42,4
1579538531 08:42:11.503501 37,4
1579538531 08:42:11.503752 38,4
1579538531 08:42:11.514940 41,4
1579538531 08:42:11.519484 43,4
1579538531 08:42:11.553897 36,4
1579538531 08:42:11.514809 163,4
1579538531 08:42:11.525857 165,4
1579538531 08:42:11.535675 167,4
1579538531 08:42:11.541200 164,4
1579538531 08:42:11.545893 162,4
1579538531 08:42:11.556593 168,4
1579538531 08:42:11.567551 169,4
1579538531 08:42:11.568743 170,4
1579538531 08:42:11.642507 166,4
1579538531 08:42:11.992123 146,3
1579538532 08:42:12.002751 149,3
1579538532 08:42:12.003788 145,3
1579538532 08:42:12.007691 147,3
1579538532 08:42:12.011041 152,3
1579538532 08:42:12.011735 144,3
1579538532 08:42:12.012348 148,3
1579538532 08:42:12.017500 150,3
1579538532 08:42:12.020989 151,3
1579538531 08:42:11.899175 156,3
1579538532 08:42:12.043925 53,4
1579538532 08:42:12.048402 49,4
1579538532 08:42:12.049145 51,4
1579538532 08:42:12.052570 50,4
1579538532 08:42:12.054613 48,4
1579538532 08:42:12.071903 45,4
1579538532 08:42:12.072377 47,4
1579538532 08:42:12.080071 52,4
1579538532 08:42:12.086522 46,4
1579538531 08:42:11.956922 155,3
1579538531 08:42:11.964194 160,3
1579538531 08:42:11.966719 157,3
1579538531 08:42:11.970538 158,3
1579538531 08:42:11.978209 154,3
1579538532 08:42:12.026631 63,3
1579538532 08:42:12.046502 66,3
1579538532 08:42:12.005713 159,3
1579538532 08:42:12.049928 64,3
1579538532 08:42:12.346084 110,3
1579538532 08:42:12.053104 67,3
1579538532 08:42:12.010528 153,3
1579538532 08:42:12.053930 68,3
1579538532 08:42:12.057378 69,3
1579538532 08:42:12.359574 114,3
1579538532 08:42:12.360339 109,3
1579538532 08:42:12.360685 111,3
1579538532 08:42:12.068321 71,3
1579538532 08:42:12.070679 65,3
1579538532 08:42:12.368067 116,3
1579538532 08:42:12.371722 108,3
1579538532 08:42:12.049793 140,3
1579538532 08:42:12.381659 115,3
1579538532 08:42:12.046169 161,3
1579538532 08:42:12.393670 113,3
1579538532 08:42:12.073800 138,3
1579538532 08:42:12.108480 70,3
1579538532 08:42:12.078499 139,3
1579538532 08:42:12.080293 136,3
1579538532 08:42:12.081503 141,3
1579538532 08:42:12.411832 112,3
1579538532 08:42:12.092955 137,3
1579538532 08:42:12.099962 143,3
1579538532 08:42:12.132334 135,3
1579538532 08:42:12.261449 57,4
1579538532 08:42:12.264032 58,4
1579538532 08:42:12.149151 142,3
1579538532 08:42:12.275032 60,4
1579538532 08:42:12.276247 59,4
1579538532 08:42:12.291246 55,4
1579538532 08:42:12.292055 61,4
1579538532 08:42:12.317103 62,4
1579538532 08:42:12.324277 54,4
1579538532 08:42:12.352252 56,4
1579538532 08:42:12.454638 98,3
1579538532 08:42:12.463120 94,3
1579538532 08:42:12.464468 90,3
1579538532 08:42:12.472154 93,3
1579538532 08:42:12.481898 95,3
1579538532 08:42:12.483525 97,3
1579538532 08:42:12.489562 96,3
1579538532 08:42:12.489598 91,3
1579538532 08:42:12.529146 92,3
1579538532 08:42:12.434377 123,3
1579538532 08:42:12.438482 120,3
1579538532 08:42:12.452126 124,3
1579538532 08:42:12.457444 118,3
1579538532 08:42:12.462975 119,3
1579538532 08:42:12.463058 117,3
1579538532 08:42:12.463474 121,3
1579538532 08:42:12.483331 122,3
1579538532 08:42:12.496903 125,3
1579538532 08:42:12.527887 117,4
1579538532 08:42:12.790709 126,3
1579538532 08:42:12.792489 130,3
1579538532 08:42:12.793692 128,3
1579538532 08:42:12.795472 129,3
1579538532 08:42:12.795977 131,3
1579538532 08:42:12.539456 120,4
1579538532 08:42:12.540856 119,4
1579538532 08:42:12.799339 134,3
1579538532 08:42:12.541365 124,4
1579538532 08:42:12.545829 122,4
1579538532 08:42:12.548055 118,4
1579538532 08:42:12.551540 123,4
1579538532 08:42:12.559109 125,4
1579538532 08:42:12.818205 132,3
1579538532 08:42:12.825630 133,3
1579538532 08:42:12.661545 143,4
1579538532 08:42:12.833370 127,3
1579538532 08:42:12.578996 121,4
1579538532 08:42:12.685071 137,4
1579538532 08:42:12.686740 140,4
1579538532 08:42:12.687048 141,4
1579538532 08:42:12.702266 138,4
1579538532 08:42:12.702790 136,4
1579538532 08:42:12.704326 142,4
1579538532 08:42:12.713425 139,4
1579538532 08:42:12.757734 135,4
1579538533 08:42:13.063154 150,4
1579538533 08:42:13.065819 149,4
1579538533 08:42:13.066061 151,4
1579538533 08:42:13.068772 148,4
1579538533 08:42:13.076855 144,4
1579538533 08:42:13.081929 145,4
1579538533 08:42:13.085911 147,4
1579538533 08:42:13.088371 152,4
1579538533 08:42:13.100861 146,4
1579538533 08:42:13.318230 76,4
1579538533 08:42:13.328126 75,4
1579538533 08:42:13.329545 80,4
1579538533 08:42:13.330547 78,4
1579538533 08:42:13.333967 73,4
1579538533 08:42:13.334647 72,4
1579538533 08:42:13.347520 74,4
1579538533 08:42:13.348947 79,4
1579538533 08:42:13.357018 77,4
1579538533 08:42:13.174850 83,4
1579538533 08:42:13.181643 85,4
1579538533 08:42:13.332412 130,4
1579538533 08:42:13.190733 82,4
1579538533 08:42:13.192702 81,4
1579538533 08:42:13.195319 87,4
1579538533 08:42:13.243535 106,3
1579538533 08:42:13.252399 107,3
1579538533 08:42:13.206393 86,4
1579538533 08:42:13.256039 105,3
1579538533 08:42:13.210177 84,4
1579538533 08:42:13.356723 133,4
1579538533 08:42:13.260108 102,3
1579538533 08:42:13.212451 88,4
1579538533 08:42:13.357728 129,4
1579538533 08:42:13.214835 89,4
1579538533 08:42:13.264768 100,3
1579538533 08:42:13.265149 101,3
1579538533 08:42:13.363544 132,4
1579538533 08:42:13.365429 128,4
1579538533 08:42:13.269811 104,3
1579538533 08:42:13.369448 134,4
1579538533 08:42:13.370173 127,4
1579538533 08:42:13.273915 99,3
1579538533 08:42:13.373157 131,4
1579538533 08:42:13.281146 103,3
1579538533 08:42:13.381644 126,4
1579538533 08:42:13.251887 63,4
1579538533 08:42:13.259824 65,4
1579538533 08:42:13.262808 66,4
1579538533 08:42:13.263315 69,4
1579538533 08:42:13.263924 67,4
1579538533 08:42:13.267192 68,4
1579538533 08:42:13.269501 71,4
1579538533 08:42:13.275093 64,4
1579538533 08:42:13.275714 70,4
1579538533 08:42:13.389635 159,4
1579538533 08:42:13.392815 157,4
1579538533 08:42:13.394394 160,4
1579538533 08:42:13.395223 161,4
1579538533 08:42:13.401079 158,4
1579538533 08:42:13.402550 153,4
1579538533 08:42:13.405744 154,4
1579538533 08:42:13.412764 156,4
1579538533 08:42:13.434221 155,4
1579538533 08:42:13.899315 112,4
1579538533 08:42:13.899818 111,4
1579538533 08:42:13.902132 114,4
1579538533 08:42:13.902607 113,4
1579538533 08:42:13.906339 109,4
1579538533 08:42:13.909830 110,4
1579538533 08:42:13.921019 116,4
1579538533 08:42:13.933795 108,4
1579538533 08:42:13.939553 115,4
1579538534 08:42:14.090975 96,4
1579538534 08:42:14.102322 93,4
1579538534 08:42:14.108989 95,4
1579538534 08:42:14.110273 94,4
1579538534 08:42:14.111133 91,4
1579538534 08:42:14.118763 90,4
1579538534 08:42:14.119659 92,4
1579538534 08:42:14.134816 97,4
1579538534 08:42:14.144504 98,4
1579538534 08:42:14.198896 99,4
1579538534 08:42:14.203825 100,4
1579538534 08:42:14.206689 102,4
1579538534 08:42:14.216109 103,4
1579538534 08:42:14.217679 104,4
1579538534 08:42:14.222961 106,4
1579538534 08:42:14.229214 101,4
1579538534 08:42:14.234334 107,4
1579538534 08:42:14.245077 105,4
1579538552 08:42:32.089738 27,5
1579538552 08:42:32.091595 31,5
1579538552 08:42:32.091711 29,5
1579538552 08:42:32.091908 28,5
1579538552 08:42:32.092078 30,5
1579538552 08:42:32.092428 34,5
1579538552 08:42:32.092512 32,5
1579538552 08:42:32.092603 33,5
1579538552 08:42:32.092712 35,5
1579538552 08:42:32.482702 21,5
1579538552 08:42:32.494945 18,5
1579538552 08:42:32.497002 19,5
1579538552 08:42:32.502577 23,5
1579538552 08:42:32.510361 22,5
1579538552 08:42:32.513592 25,5
1579538552 08:42:32.518703 24,5
1579538552 08:42:32.518926 26,5
1579538552 08:42:32.524494 20,5
1579538555 08:42:35.794968 83,5
1579538555 08:42:35.799443 87,6
1579538555 08:42:35.799537 88,5
1579538555 08:42:35.799772 86,5
1579538555 08:42:35.800034 81,5
1579538555 08:42:35.800312 85,5
1579538555 08:42:35.800494 87,7
1579538555 08:42:35.800767 82,5
1579538555 08:42:35.801009 89,5
1579538555 08:42:35.802053 87,7
1579538556 08:42:36.090767 74,5
1579538556 08:42:36.091872 73,5
1579538556 08:42:36.092758 80,5
1579538556 08:42:36.092885 78,5
1579538556 08:42:36.092965 77,5
1579538555 08:42:35.808541 84,5
1579538556 08:42:36.093926 79,5
1579538556 08:42:36.096868 72,5
1579538556 08:42:36.100615 76,5
1579538556 08:42:36.105495 75,5
1579538557 08:42:37.895189 13,5
1579538557 08:42:37.898409 15,5
1579538557 08:42:37.899167 12,5
1579538557 08:42:37.899391 16,5
1579538557 08:42:37.901033 14,5
1579538557 08:42:37.901152 9,5
1579538557 08:42:37.904048 11,5
1579538557 08:42:37.904616 10,5
1579538557 08:42:37.911560 17,5
1579538559 08:42:39.018224 125,5
1579538559 08:42:39.018651 120,5
1579538559 08:42:39.020342 121,5
1579538559 08:42:39.020715 118,5
1579538559 08:42:39.021189 117,5
1579538559 08:42:39.021444 119,5
1579538559 08:42:39.021820 122,5
1579538559 08:42:39.029816 124,5
1579538559 08:42:39.031498 123,5
1579538559 08:42:39.413685 170,5
1579538559 08:42:39.415841 167,5
1579538559 08:42:39.415979 168,5
1579538559 08:42:39.416809 164,5
1579538559 08:42:39.416898 165,5
1579538559 08:42:39.417055 166,5
1579538559 08:42:39.417933 169,5
1579538559 08:42:39.418410 162,5
1579538559 08:42:39.442996 163,5
1579538559 08:42:39.644883 142,5
1579538559 08:42:39.647296 141,5
1579538559 08:42:39.647601 143,5
1579538559 08:42:39.650041 140,5
1579538559 08:42:39.650630 137,5
1579538559 08:42:39.655428 136,5
1579538559 08:42:39.658864 139,5
1579538559 08:42:39.661022 135,5
1579538559 08:42:39.661316 138,5
1579538560 08:42:40.167573 41,5
1579538560 08:42:40.169745 37,5
1579538560 08:42:40.170156 42,5
1579538560 08:42:40.170654 38,5
1579538560 08:42:40.171450 39,5
1579538560 08:42:40.172674 36,5
1579538560 08:42:40.174491 40,5
1579538560 08:42:40.182595 44,5
1579538560 08:42:40.186986 43,5
1579538560 08:42:40.288791 127,5
1579538560 08:42:40.290253 129,5
1579538560 08:42:40.290381 126,5
1579538560 08:42:40.290517 130,5
1579538560 08:42:40.290619 128,5
1579538560 08:42:40.290824 132,5
1579538560 08:42:40.290951 131,5
1579538560 08:42:40.291041 134,5
1579538560 08:42:40.291089 133,5
1579538560 08:42:40.548752 158,5
1579538560 08:42:40.554013 156,5
1579538560 08:42:40.554689 160,5
1579538560 08:42:40.557003 153,5
1579538560 08:42:40.559095 161,5
1579538560 08:42:40.560995 155,5
1579538560 08:42:40.562621 157,5
1579538560 08:42:40.567321 159,5
1579538560 08:42:40.570491 154,5
1579538561 08:42:41.005094 0,5
1579538560 08:42:40.747766 60,5
1579538560 08:42:40.749562 58,5
1579538560 08:42:40.749728 61,5
1579538560 08:42:40.749820 59,5
1579538560 08:42:40.750000 62,5
1579538560 08:42:40.750139 56,5
1579538560 08:42:40.750751 55,5
1579538561 08:42:41.011497 4,5
1579538560 08:42:40.756931 54,5
1579538560 08:42:40.757235 57,5
1579538561 08:42:41.023013 3,5
1579538561 08:42:41.027550 5,5
1579538561 08:42:41.028610 1,5
1579538561 08:42:41.029269 2,5
1579538561 08:42:41.030004 6,5
1579538561 08:42:41.035862 8,5
1579538561 08:42:41.042024 7,5
1579538560 08:42:40.753873 63,5
1579538560 08:42:40.853819 52,5
1579538560 08:42:40.855815 50,5
1579538560 08:42:40.857779 53,5
1579538560 08:42:40.858726 46,5
1579538560 08:42:40.860803 51,5
1579538560 08:42:40.864020 47,5
1579538560 08:42:40.864735 49,5
1579538560 08:42:40.765973 67,5
1579538560 08:42:40.768095 70,5
1579538560 08:42:40.868289 48,5
1579538560 08:42:40.869158 45,5
1579538560 08:42:40.771901 66,5
1579538560 08:42:40.779475 68,5
1579538560 08:42:40.780264 71,5
1579538560 08:42:40.780436 69,5
1579538560 08:42:40.789878 64,5
1579538560 08:42:40.789938 65,5
1579538560 08:42:40.903520 151,5
1579538560 08:42:40.908500 150,5
1579538560 08:42:40.911826 149,5
1579538560 08:42:40.912743 145,5
1579538560 08:42:40.917830 152,5
1579538560 08:42:40.918517 146,5
1579538560 08:42:40.920811 148,5
1579538560 08:42:40.924723 144,5
1579538560 08:42:40.927767 147,5
1579538562 08:42:42.657602 113,5
1579538562 08:42:42.408362 107,5
1579538562 08:42:42.660721 114,5
1579538562 08:42:42.410036 106,5
1579538562 08:42:42.410049 104,5
1579538562 08:42:42.410292 103,5
1579538562 08:42:42.410313 105,5
1579538562 08:42:42.410810 100,5
1579538562 08:42:42.411016 99,5
1579538562 08:42:42.411052 102,5
1579538562 08:42:42.411078 101,5
1579538562 08:42:42.662054 116,5
1579538562 08:42:42.669255 111,5
1579538562 08:42:42.672715 108,5
1579538562 08:42:42.674671 109,5
1579538562 08:42:42.681089 115,5
1579538562 08:42:42.684919 110,5
1579538562 08:42:42.688252 112,5
